This is pdfTeX, Version 3.141592653-2.6-1.40.25 (MiKTeX 23.4) (preloaded format=pdflatex 2023.9.3)  4 OCT 2023 12:21
entering extended mode
 restricted \write18 enabled.
 %&-line parsing enabled.
**./Reporte1PT2.tex
(Reporte1PT2.tex
LaTeX2e <2022-06-01> patch level 5
L3 programming layer <2022-07-04>
(C:\Users\unknown\AppData\Local\Programs\MiKTeX\tex/latex/base\article.cls
Document Class: article 2021/10/04 v1.4n Standard LaTeX document class
(C:\Users\unknown\AppData\Local\Programs\MiKTeX\tex/latex/base\size12.clo
File: size12.clo 2021/10/04 v1.4n Standard LaTeX file (size option)
)
\c@part=\count185
\c@section=\count186
\c@subsection=\count187
\c@subsubsection=\count188
\c@paragraph=\count189
\c@subparagraph=\count190
\c@figure=\count191
\c@table=\count192
\abovecaptionskip=\skip47
\belowcaptionskip=\skip48
\bibindent=\dimen138
)
(C:\Users\unknown\AppData\Local\Programs\MiKTeX\tex/generic/babel\babel.sty
Package: babel 2022/06/26 3.77 The Babel package
\babel@savecnt=\count193
\U@D=\dimen139
\l@unhyphenated=\language79

(C:\Users\unknown\AppData\Local\Programs\MiKTeX\tex/generic/babel\txtbabel.def)
\bbl@readstream=\read2
\bbl@dirlevel=\count194
*************************************
* Local config file bblopts.cfg used
*
(C:\Users\unknown\AppData\Local\Programs\MiKTeX\tex/latex/arabi\bblopts.cfg
File: bblopts.cfg 2005/09/08 v0.1 add Arabic and Farsi to "declared" options of
 babel
)
(C:\Users\unknown\AppData\Local\Programs\MiKTeX\tex/latex/babel-spanish\spanish
.ldf
Language: spanish.ldf 2021/05/27 v5.0q Spanish support from the babel system
\es@quottoks=\toks16
\es@quotdepth=\count195
Package babel Info: Making " an active character on input line 570.
Package babel Info: Making . an active character on input line 675.
Package babel Info: Making < an active character on input line 722.
Package babel Info: Making > an active character on input line 722.
))
(C:\Users\unknown\AppData\Local\Programs\MiKTeX\tex/generic/babel/locale/es\bab
el-spanish.tex
Package babel Info: Importing font and identification data for spanish
(babel)             from babel-es.ini. Reported on input line 11.
)
(C:\Users\unknown\AppData\Local\Programs\MiKTeX\tex/latex/amsmath\amsmath.sty
Package: amsmath 2022/04/08 v2.17n AMS math features
\@mathmargin=\skip49

For additional information on amsmath, use the `?' option.
(C:\Users\unknown\AppData\Local\Programs\MiKTeX\tex/latex/amsmath\amstext.sty
Package: amstext 2021/08/26 v2.01 AMS text

(C:\Users\unknown\AppData\Local\Programs\MiKTeX\tex/latex/amsmath\amsgen.sty
File: amsgen.sty 1999/11/30 v2.0 generic functions
\@emptytoks=\toks17
\ex@=\dimen140
))
(C:\Users\unknown\AppData\Local\Programs\MiKTeX\tex/latex/amsmath\amsbsy.sty
Package: amsbsy 1999/11/29 v1.2d Bold Symbols
\pmbraise@=\dimen141
)
(C:\Users\unknown\AppData\Local\Programs\MiKTeX\tex/latex/amsmath\amsopn.sty
Package: amsopn 2022/04/08 v2.04 operator names
)
\inf@bad=\count196
LaTeX Info: Redefining \frac on input line 234.
\uproot@=\count197
\leftroot@=\count198
LaTeX Info: Redefining \overline on input line 399.
LaTeX Info: Redefining \colon on input line 410.
\classnum@=\count199
\DOTSCASE@=\count266
LaTeX Info: Redefining \ldots on input line 496.
LaTeX Info: Redefining \dots on input line 499.
LaTeX Info: Redefining \cdots on input line 620.
\Mathstrutbox@=\box51
\strutbox@=\box52
LaTeX Info: Redefining \big on input line 722.
LaTeX Info: Redefining \Big on input line 723.
LaTeX Info: Redefining \bigg on input line 724.
LaTeX Info: Redefining \Bigg on input line 725.
\big@size=\dimen142
LaTeX Font Info:    Redeclaring font encoding OML on input line 743.
LaTeX Font Info:    Redeclaring font encoding OMS on input line 744.
\macc@depth=\count267
LaTeX Info: Redefining \bmod on input line 905.
LaTeX Info: Redefining \pmod on input line 910.
LaTeX Info: Redefining \smash on input line 940.
LaTeX Info: Redefining \relbar on input line 970.
LaTeX Info: Redefining \Relbar on input line 971.
\c@MaxMatrixCols=\count268
\dotsspace@=\muskip16
\c@parentequation=\count269
\dspbrk@lvl=\count270
\tag@help=\toks18
\row@=\count271
\column@=\count272
\maxfields@=\count273
\andhelp@=\toks19
\eqnshift@=\dimen143
\alignsep@=\dimen144
\tagshift@=\dimen145
\tagwidth@=\dimen146
\totwidth@=\dimen147
\lineht@=\dimen148
\@envbody=\toks20
\multlinegap=\skip50
\multlinetaggap=\skip51
\mathdisplay@stack=\toks21
LaTeX Info: Redefining \[ on input line 2953.
LaTeX Info: Redefining \] on input line 2954.
)
(C:\Users\unknown\AppData\Local\Programs\MiKTeX\tex/latex/base\inputenc.sty
Package: inputenc 2021/02/14 v1.3d Input encoding file
\inpenc@prehook=\toks22
\inpenc@posthook=\toks23

(C:\Users\unknown\AppData\Local\Programs\MiKTeX\tex/latex/base\latin1.def
File: latin1.def 2021/02/14 v1.3d Input encoding file
))
(C:\Users\unknown\AppData\Local\Programs\MiKTeX\tex/latex/graphics\graphicx.sty
Package: graphicx 2021/09/16 v1.2d Enhanced LaTeX Graphics (DPC,SPQR)
(C:\Users\unknown\AppData\Local\Programs\MiKTeX\tex/latex/graphics\keyval.sty
Package: keyval 2022/05/29 v1.15 key=value parser (DPC)
\KV@toks@=\toks24
)
(C:\Users\unknown\AppData\Local\Programs\MiKTeX\tex/latex/graphics\graphics.sty
Package: graphics 2022/03/10 v1.4e Standard LaTeX Graphics (DPC,SPQR)
(C:\Users\unknown\AppData\Local\Programs\MiKTeX\tex/latex/graphics\trig.sty
Package: trig 2021/08/11 v1.11 sin cos tan (DPC)
)
(C:\Users\unknown\AppData\Local\Programs\MiKTeX\tex/latex/graphics-cfg\graphics
.cfg
File: graphics.cfg 2016/06/04 v1.11 sample graphics configuration
)
Package graphics Info: Driver file: pdftex.def on input line 107.

(C:\Users\unknown\AppData\Local\Programs\MiKTeX\tex/latex/graphics-def\pdftex.d
ef
File: pdftex.def 2020/10/05 v1.2a Graphics/color driver for pdftex
))
\Gin@req@height=\dimen149
\Gin@req@width=\dimen150
)
(C:\Users\unknown\AppData\Local\Programs\MiKTeX\tex/latex/amsfonts\amssymb.sty
Package: amssymb 2013/01/14 v3.01 AMS font symbols

(C:\Users\unknown\AppData\Local\Programs\MiKTeX\tex/latex/amsfonts\amsfonts.sty
Package: amsfonts 2013/01/14 v3.01 Basic AMSFonts support
\symAMSa=\mathgroup4
\symAMSb=\mathgroup5
LaTeX Font Info:    Redeclaring math symbol \hbar on input line 98.
LaTeX Font Info:    Overwriting math alphabet `\mathfrak' in version `bold'
(Font)                  U/euf/m/n --> U/euf/b/n on input line 106.
))
(C:\Users\unknown\AppData\Local\Programs\MiKTeX\tex/latex/anysize\anysize.sty
Package: anysize 1994/08/13 setting margin sizes

document style option `anysize' loaded
Michael Salzenberg, Thomas Esser, Dirk Hillbrecht
Version 1.0, Aug 13, 1994
\@Leftmargin=\dimen151
\@Rightmargin=\dimen152
\@Topmargin=\dimen153
\@Bottommargin=\dimen154
) (C:\Users\unknown\AppData\Local\Programs\MiKTeX\tex/latex/tools\array.sty
Package: array 2021/10/04 v2.5f Tabular extension package (FMi)
\col@sep=\dimen155
\ar@mcellbox=\box53
\extrarowheight=\dimen156
\NC@list=\toks25
\extratabsurround=\skip52
\backup@length=\skip53
\ar@cellbox=\box54
)
(C:\Users\unknown\AppData\Local\Programs\MiKTeX\tex/latex/tools\multicol.sty
Package: multicol 2021/10/28 v1.9b multicolumn formatting (FMi)
\c@tracingmulticols=\count274
\mult@box=\box55
\multicol@leftmargin=\dimen157
\c@unbalance=\count275
\c@collectmore=\count276
\doublecol@number=\count277
\multicoltolerance=\count278
\multicolpretolerance=\count279
\full@width=\dimen158
\page@free=\dimen159
\premulticols=\dimen160
\postmulticols=\dimen161
\multicolsep=\skip54
\multicolbaselineskip=\skip55
\partial@page=\box56
\last@line=\box57
\maxbalancingoverflow=\dimen162
\mult@rightbox=\box58
\mult@grightbox=\box59
\mult@firstbox=\box60
\mult@gfirstbox=\box61
\@tempa=\box62
\@tempa=\box63
\@tempa=\box64
\@tempa=\box65
\@tempa=\box66
\@tempa=\box67
\@tempa=\box68
\@tempa=\box69
\@tempa=\box70
\@tempa=\box71
\@tempa=\box72
\@tempa=\box73
\@tempa=\box74
\@tempa=\box75
\@tempa=\box76
\@tempa=\box77
\@tempa=\box78
\@tempa=\box79
\@tempa=\box80
\@tempa=\box81
\@tempa=\box82
\@tempa=\box83
\@tempa=\box84
\@tempa=\box85
\@tempa=\box86
\@tempa=\box87
\@tempa=\box88
\@tempa=\box89
\@tempa=\box90
\@tempa=\box91
\@tempa=\box92
\@tempa=\box93
\@tempa=\box94
\@tempa=\box95
\@tempa=\box96
\@tempa=\box97
\c@minrows=\count280
\c@columnbadness=\count281
\c@finalcolumnbadness=\count282
\last@try=\dimen163
\multicolovershoot=\dimen164
\multicolundershoot=\dimen165
\mult@nat@firstbox=\box98
\colbreak@box=\box99
\mc@col@check@num=\count283
)
(C:\Users\unknown\AppData\Local\Programs\MiKTeX\tex/latex/lm\lmodern.sty
Package: lmodern 2015/05/01 v1.6.1 Latin Modern Fonts
LaTeX Font Info:    Overwriting symbol font `operators' in version `normal'
(Font)                  OT1/cmr/m/n --> OT1/lmr/m/n on input line 22.
LaTeX Font Info:    Overwriting symbol font `letters' in version `normal'
(Font)                  OML/cmm/m/it --> OML/lmm/m/it on input line 23.
LaTeX Font Info:    Overwriting symbol font `symbols' in version `normal'
(Font)                  OMS/cmsy/m/n --> OMS/lmsy/m/n on input line 24.
LaTeX Font Info:    Overwriting symbol font `largesymbols' in version `normal'
(Font)                  OMX/cmex/m/n --> OMX/lmex/m/n on input line 25.
LaTeX Font Info:    Overwriting symbol font `operators' in version `bold'
(Font)                  OT1/cmr/bx/n --> OT1/lmr/bx/n on input line 26.
LaTeX Font Info:    Overwriting symbol font `letters' in version `bold'
(Font)                  OML/cmm/b/it --> OML/lmm/b/it on input line 27.
LaTeX Font Info:    Overwriting symbol font `symbols' in version `bold'
(Font)                  OMS/cmsy/b/n --> OMS/lmsy/b/n on input line 28.
LaTeX Font Info:    Overwriting symbol font `largesymbols' in version `bold'
(Font)                  OMX/cmex/m/n --> OMX/lmex/m/n on input line 29.
LaTeX Font Info:    Overwriting math alphabet `\mathbf' in version `normal'
(Font)                  OT1/cmr/bx/n --> OT1/lmr/bx/n on input line 31.
LaTeX Font Info:    Overwriting math alphabet `\mathsf' in version `normal'
(Font)                  OT1/cmss/m/n --> OT1/lmss/m/n on input line 32.
LaTeX Font Info:    Overwriting math alphabet `\mathit' in version `normal'
(Font)                  OT1/cmr/m/it --> OT1/lmr/m/it on input line 33.
LaTeX Font Info:    Overwriting math alphabet `\mathtt' in version `normal'
(Font)                  OT1/cmtt/m/n --> OT1/lmtt/m/n on input line 34.
LaTeX Font Info:    Overwriting math alphabet `\mathbf' in version `bold'
(Font)                  OT1/cmr/bx/n --> OT1/lmr/bx/n on input line 35.
LaTeX Font Info:    Overwriting math alphabet `\mathsf' in version `bold'
(Font)                  OT1/cmss/bx/n --> OT1/lmss/bx/n on input line 36.
LaTeX Font Info:    Overwriting math alphabet `\mathit' in version `bold'
(Font)                  OT1/cmr/bx/it --> OT1/lmr/bx/it on input line 37.
LaTeX Font Info:    Overwriting math alphabet `\mathtt' in version `bold'
(Font)                  OT1/cmtt/m/n --> OT1/lmtt/m/n on input line 38.
)
(C:\Users\unknown\AppData\Local\Programs\MiKTeX\tex/latex/adjustbox\adjustbox.s
ty
Package: adjustbox 2022/10/17 v1.3a Adjusting TeX boxes (trim, clip, ...)

(C:\Users\unknown\AppData\Local\Programs\MiKTeX\tex/latex/xkeyval\xkeyval.sty
Package: xkeyval 2022/06/16 v2.9 package option processing (HA)

(C:\Users\unknown\AppData\Local\Programs\MiKTeX\tex/generic/xkeyval\xkeyval.tex

(C:\Users\unknown\AppData\Local\Programs\MiKTeX\tex/generic/xkeyval\xkvutils.te
x
\XKV@toks=\toks26
\XKV@tempa@toks=\toks27
)
\XKV@depth=\count284
File: xkeyval.tex 2014/12/03 v2.7a key=value parser (HA)
))
(C:\Users\unknown\AppData\Local\Programs\MiKTeX\tex/latex/adjustbox\adjcalc.sty
Package: adjcalc 2012/05/16 v1.1 Provides advanced setlength with multiple back
-ends (calc, etex, pgfmath)
)
(C:\Users\unknown\AppData\Local\Programs\MiKTeX\tex/latex/adjustbox\trimclip.st
y
Package: trimclip 2020/08/19 v1.2 Trim and clip general TeX material

(C:\Users\unknown\AppData\Local\Programs\MiKTeX\tex/latex/collectbox\collectbox
.sty
Package: collectbox 2022/10/17 v0.4c Collect macro arguments as boxes
\collectedbox=\box100
)
\tc@llx=\dimen166
\tc@lly=\dimen167
\tc@urx=\dimen168
\tc@ury=\dimen169
Package trimclip Info: Using driver 'tc-pdftex.def'.

(C:\Users\unknown\AppData\Local\Programs\MiKTeX\tex/latex/adjustbox\tc-pdftex.d
ef
File: tc-pdftex.def 2019/01/04 v2.2 Clipping driver for pdftex
))
\adjbox@Width=\dimen170
\adjbox@Height=\dimen171
\adjbox@Depth=\dimen172
\adjbox@Totalheight=\dimen173
\adjbox@pwidth=\dimen174
\adjbox@pheight=\dimen175
\adjbox@pdepth=\dimen176
\adjbox@ptotalheight=\dimen177

(C:\Users\unknown\AppData\Local\Programs\MiKTeX\tex/latex/ifoddpage\ifoddpage.s
ty
Package: ifoddpage 2022/10/18 v1.2 Conditionals for odd/even page detection
\c@checkoddpage=\count285
)
(C:\Users\unknown\AppData\Local\Programs\MiKTeX\tex/latex/varwidth\varwidth.sty
Package: varwidth 2009/03/30 ver 0.92;  Variable-width minipages
\@vwid@box=\box101
\sift@deathcycles=\count286
\@vwid@loff=\dimen178
\@vwid@roff=\dimen179
))
(C:\Users\unknown\AppData\Local\Programs\MiKTeX\tex/latex/enumitem\enumitem.sty
Package: enumitem 2019/06/20 v3.9 Customized lists
\labelindent=\skip56
\enit@outerparindent=\dimen180
\enit@toks=\toks28
\enit@inbox=\box102
\enit@count@id=\count287
\enitdp@description=\count288
) (C:\Users\unknown\AppData\Local\Programs\MiKTeX\tex/latex/float\float.sty
Package: float 2001/11/08 v1.3d Float enhancements (AL)
\c@float@type=\count289
\float@exts=\toks29
\float@box=\box103
\@float@everytoks=\toks30
\@floatcapt=\box104
)
(C:\Users\unknown\AppData\Local\Programs\MiKTeX\tex/latex/fancyhdr\fancyhdr.sty
Package: fancyhdr 2022/05/18 v4.0.3 Extensive control of page headers and foote
rs
\f@nch@headwidth=\skip57
\f@nch@O@elh=\skip58
\f@nch@O@erh=\skip59
\f@nch@O@olh=\skip60
\f@nch@O@orh=\skip61
\f@nch@O@elf=\skip62
\f@nch@O@erf=\skip63
\f@nch@O@olf=\skip64
\f@nch@O@orf=\skip65
) (C:\Users\unknown\AppData\Local\Programs\MiKTeX\tex/latex/capt-of\capt-of.sty
Package: capt-of 2009/12/29 v0.2 standard captions outside of floats
)
(C:\Users\unknown\AppData\Local\Programs\MiKTeX\tex/latex/hyperref\hyperref.sty
Package: hyperref 2022-06-20 v7.00s Hypertext links for LaTeX

(C:\Users\unknown\AppData\Local\Programs\MiKTeX\tex/generic/ltxcmds\ltxcmds.sty
Package: ltxcmds 2020-05-10 v1.25 LaTeX kernel commands for general use (HO)
) (C:\Users\unknown\AppData\Local\Programs\MiKTeX\tex/generic/iftex\iftex.sty
Package: iftex 2022/02/03 v1.0f TeX engine tests
)
(C:\Users\unknown\AppData\Local\Programs\MiKTeX\tex/generic/pdftexcmds\pdftexcm
ds.sty
Package: pdftexcmds 2020-06-27 v0.33 Utility functions of pdfTeX for LuaTeX (HO
)

(C:\Users\unknown\AppData\Local\Programs\MiKTeX\tex/generic/infwarerr\infwarerr
.sty
Package: infwarerr 2019/12/03 v1.5 Providing info/warning/error messages (HO)
)
Package pdftexcmds Info: \pdf@primitive is available.
Package pdftexcmds Info: \pdf@ifprimitive is available.
Package pdftexcmds Info: \pdfdraftmode found.
)
(C:\Users\unknown\AppData\Local\Programs\MiKTeX\tex/generic/kvsetkeys\kvsetkeys
.sty
Package: kvsetkeys 2019/12/15 v1.18 Key value parser (HO)
)
(C:\Users\unknown\AppData\Local\Programs\MiKTeX\tex/generic/kvdefinekeys\kvdefi
nekeys.sty
Package: kvdefinekeys 2019-12-19 v1.6 Define keys (HO)
)
(C:\Users\unknown\AppData\Local\Programs\MiKTeX\tex/generic/pdfescape\pdfescape
.sty
Package: pdfescape 2019/12/09 v1.15 Implements pdfTeX's escape features (HO)
)
(C:\Users\unknown\AppData\Local\Programs\MiKTeX\tex/latex/hycolor\hycolor.sty
Package: hycolor 2020-01-27 v1.10 Color options for hyperref/bookmark (HO)
)
(C:\Users\unknown\AppData\Local\Programs\MiKTeX\tex/latex/letltxmacro\letltxmac
ro.sty
Package: letltxmacro 2019/12/03 v1.6 Let assignment for LaTeX macros (HO)
)
(C:\Users\unknown\AppData\Local\Programs\MiKTeX\tex/latex/auxhook\auxhook.sty
Package: auxhook 2019-12-17 v1.6 Hooks for auxiliary files (HO)
)
(C:\Users\unknown\AppData\Local\Programs\MiKTeX\tex/latex/hyperref\nameref.sty
Package: nameref 2022-05-17 v2.50 Cross-referencing by name of section

(C:\Users\unknown\AppData\Local\Programs\MiKTeX\tex/latex/refcount\refcount.sty
Package: refcount 2019/12/15 v3.6 Data extraction from label references (HO)
)
(C:\Users\unknown\AppData\Local\Programs\MiKTeX\tex/generic/gettitlestring\gett
itlestring.sty
Package: gettitlestring 2019/12/15 v1.6 Cleanup title references (HO)

(C:\Users\unknown\AppData\Local\Programs\MiKTeX\tex/latex/kvoptions\kvoptions.s
ty
Package: kvoptions 2022-06-15 v3.15 Key value format for package options (HO)
))
\c@section@level=\count290
)
\@linkdim=\dimen181
\Hy@linkcounter=\count291
\Hy@pagecounter=\count292

(C:\Users\unknown\AppData\Local\Programs\MiKTeX\tex/latex/hyperref\pd1enc.def
File: pd1enc.def 2022-06-20 v7.00s Hyperref: PDFDocEncoding definition (HO)
Now handling font encoding PD1 ...
... no UTF-8 mapping file for font encoding PD1
)
(C:\Users\unknown\AppData\Local\Programs\MiKTeX\tex/generic/intcalc\intcalc.sty
Package: intcalc 2019/12/15 v1.3 Expandable calculations with integers (HO)
)
(C:\Users\unknown\AppData\Local\Programs\MiKTeX\tex/generic/etexcmds\etexcmds.s
ty
Package: etexcmds 2019/12/15 v1.7 Avoid name clashes with e-TeX commands (HO)
)
\Hy@SavedSpaceFactor=\count293

(C:\Users\unknown\AppData\Local\Programs\MiKTeX\tex/latex/hyperref\puenc.def
File: puenc.def 2022-06-20 v7.00s Hyperref: PDF Unicode definition (HO)
Now handling font encoding PU ...
... no UTF-8 mapping file for font encoding PU
)

Package hyperref Warning: Unexpected value for option `pdftex'
(hyperref)                is ignored on input line 4045.

Package hyperref Info: Option `colorlinks' set `true' on input line 4045.
Package hyperref Info: Option `plainpages' set `true' on input line 4045.
Package hyperref Info: Hyper figures OFF on input line 4162.
Package hyperref Info: Link nesting OFF on input line 4167.
Package hyperref Info: Hyper index ON on input line 4170.
Package hyperref Info: Plain pages ON on input line 4175.
Package hyperref Info: Backreferencing OFF on input line 4182.
Package hyperref Info: Implicit mode ON; LaTeX internals redefined.
Package hyperref Info: Bookmarks ON on input line 4408.
\c@Hy@tempcnt=\count294
(C:\Users\unknown\AppData\Local\Programs\MiKTeX\tex/latex/url\url.sty
\Urlmuskip=\muskip17
Package: url 2013/09/16  ver 3.4  Verb mode for urls, etc.
)
LaTeX Info: Redefining \url on input line 4746.
\XeTeXLinkMargin=\dimen182

(C:\Users\unknown\AppData\Local\Programs\MiKTeX\tex/generic/bitset\bitset.sty
Package: bitset 2019/12/09 v1.3 Handle bit-vector datatype (HO)

(C:\Users\unknown\AppData\Local\Programs\MiKTeX\tex/generic/bigintcalc\bigintca
lc.sty
Package: bigintcalc 2019/12/15 v1.5 Expandable calculations on big integers (HO
)
))
\Fld@menulength=\count295
\Field@Width=\dimen183
\Fld@charsize=\dimen184
Package hyperref Info: Hyper figures OFF on input line 6024.
Package hyperref Info: Link nesting OFF on input line 6029.
Package hyperref Info: Hyper index ON on input line 6032.
Package hyperref Info: backreferencing OFF on input line 6039.
Package hyperref Info: Link coloring ON on input line 6042.
Package hyperref Info: Link coloring with OCG OFF on input line 6049.
Package hyperref Info: PDF/A mode OFF on input line 6054.

(C:\Users\unknown\AppData\Local\Programs\MiKTeX\tex/latex/base\atbegshi-ltx.sty
Package: atbegshi-ltx 2021/01/10 v1.0c Emulation of the original atbegshi
package with kernel methods
)
\Hy@abspage=\count296
\c@Item=\count297
\c@Hfootnote=\count298
)
Package hyperref Info: Driver: hpdftex.

(C:\Users\unknown\AppData\Local\Programs\MiKTeX\tex/latex/hyperref\hpdftex.def
File: hpdftex.def 2022-06-20 v7.00s Hyperref driver for pdfTeX

(C:\Users\unknown\AppData\Local\Programs\MiKTeX\tex/latex/base\atveryend-ltx.st
y
Package: atveryend-ltx 2020/08/19 v1.0a Emulation of the original atveryend pac
kage
with kernel methods
)
\Fld@listcount=\count299
\c@bookmark@seq@number=\count300

(C:\Users\unknown\AppData\Local\Programs\MiKTeX\tex/latex/rerunfilecheck\rerunf
ilecheck.sty
Package: rerunfilecheck 2022-07-10 v1.10 Rerun checks for auxiliary files (HO)

(C:\Users\unknown\AppData\Local\Programs\MiKTeX\tex/generic/uniquecounter\uniqu
ecounter.sty
Package: uniquecounter 2019/12/15 v1.4 Provide unlimited unique counter (HO)
)
Package uniquecounter Info: New unique counter `rerunfilecheck' on input line 2
85.
)
\Hy@SectionHShift=\skip66
)
(C:\Users\unknown\AppData\Local\Programs\MiKTeX\tex/latex/graphics\color.sty
Package: color 2022/01/06 v1.3d Standard LaTeX Color (DPC)

(C:\Users\unknown\AppData\Local\Programs\MiKTeX\tex/latex/graphics-cfg\color.cf
g
File: color.cfg 2016/01/02 v1.6 sample color configuration
)
Package color Info: Driver file: pdftex.def on input line 149.
 (C:\Program Files\MiKTeX\tex/latex/graphics\mathcolor.ltx))
(C:\Users\unknown\AppData\Local\Programs\MiKTeX\tex/latex/pdfpages\pdfpages.sty
Package: pdfpages 2022/05/22 v0.5v Insert pages of external PDF documents (AM)
(C:\Users\unknown\AppData\Local\Programs\MiKTeX\tex/latex/base\ifthen.sty
Package: ifthen 2022/04/13 v1.1d Standard LaTeX ifthen package (DPC)
)
(C:\Users\unknown\AppData\Local\Programs\MiKTeX\tex/latex/tools\calc.sty
Package: calc 2017/05/25 v4.3 Infix arithmetic (KKT,FJ)
\calc@Acount=\count301
\calc@Bcount=\count302
\calc@Adimen=\dimen185
\calc@Bdimen=\dimen186
\calc@Askip=\skip67
\calc@Bskip=\skip68
LaTeX Info: Redefining \setlength on input line 80.
LaTeX Info: Redefining \addtolength on input line 81.
\calc@Ccount=\count303
\calc@Cskip=\skip69
)
(C:\Users\unknown\AppData\Local\Programs\MiKTeX\tex/latex/eso-pic\eso-pic.sty
Package: eso-pic 2020/10/14 v3.0a eso-pic (RN)
\ESO@tempdima=\dimen187
\ESO@tempdimb=\dimen188
)
\AM@pagewidth=\dimen189
\AM@pageheight=\dimen190
\AM@fboxrule=\dimen191

(C:\Users\unknown\AppData\Local\Programs\MiKTeX\tex/latex/pdfpages\pppdftex.def
File: pppdftex.def 2022/05/22 v0.5v Pdfpages driver for pdfTeX (AM)
)
\pdfpages@includegraphics@status=\count304
\AM@pagebox=\box105
\AM@global@opts=\toks31
\AM@pagecnt=\count305
\AM@toc@title=\toks32
\c@AM@survey=\count306
\AM@templatesizebox=\box106
)
(C:\Users\unknown\AppData\Local\Programs\MiKTeX\tex/latex/shapepar\shapepar.sty
\cutoutsep=\skip70
Package: shapepar 2013/03/26 v 2.2x, Shaped paragraphs
\SH@scale=\dimen192
\SH@boxb=\box107
\SH@ntries=\count307
\spec@bot=\dimen193
\sqrtcount=\count308
)
LaTeX Font Info:    Trying to load font information for OT1+lmr on input line 3
3.
 (C:\Users\unknown\AppData\Local\Programs\MiKTeX\tex/latex/lm\ot1lmr.fd
File: ot1lmr.fd 2015/05/01 v1.6.1 Font defs for Latin Modern
)
(C:\Users\unknown\AppData\Local\Programs\MiKTeX\tex/latex/l3backend\l3backend-p
dftex.def
File: l3backend-pdftex.def 2022-07-01 L3 backend support: PDF output (pdfTeX)
\l__color_backend_stack_int=\count309
\l__pdf_internal_box=\box108
) (Reporte1PT2.aux
LaTeX Info: Redefining \. on input line 23.
LaTeX Info: Redefining \% on input line 23.


LaTeX Warning: Label `fig:MongoA' multiply defined.


LaTeX Warning: Label `fig:MongoA' multiply defined.


LaTeX Warning: Label `fig:MongoA' multiply defined.


LaTeX Warning: Label `fig:MongoA' multiply defined.


LaTeX Warning: Label `fig:MongoA' multiply defined.


LaTeX Warning: Label `fig:MongoA' multiply defined.


LaTeX Warning: Label `fig:MongoA' multiply defined.


LaTeX Warning: Label `fig:MongoA' multiply defined.


LaTeX Warning: Label `fig:MongoA' multiply defined.


LaTeX Warning: Label `fig:cognito' multiply defined.


LaTeX Warning: Label `fig:cognito' multiply defined.


LaTeX Warning: Label `fig:MongoA' multiply defined.


LaTeX Warning: Label `fig:MongoA' multiply defined.


LaTeX Warning: Label `fig:cognito' multiply defined.


LaTeX Warning: Label `fig:cognito' multiply defined.


LaTeX Warning: Label `fig:cognito' multiply defined.


LaTeX Warning: Label `fig:cognito' multiply defined.


LaTeX Warning: Label `fig:cognito' multiply defined.


LaTeX Warning: Label `fig:cognito' multiply defined.


LaTeX Warning: Label `fig:cognito' multiply defined.

)
\openout1 = `Reporte1PT2.aux'.

LaTeX Font Info:    Checking defaults for OML/cmm/m/it on input line 33.
LaTeX Font Info:    ... okay on input line 33.
LaTeX Font Info:    Checking defaults for OMS/cmsy/m/n on input line 33.
LaTeX Font Info:    ... okay on input line 33.
LaTeX Font Info:    Checking defaults for OT1/cmr/m/n on input line 33.
LaTeX Font Info:    ... okay on input line 33.
LaTeX Font Info:    Checking defaults for T1/cmr/m/n on input line 33.
LaTeX Font Info:    ... okay on input line 33.
LaTeX Font Info:    Checking defaults for TS1/cmr/m/n on input line 33.
LaTeX Font Info:    ... okay on input line 33.
LaTeX Font Info:    Checking defaults for OMX/cmex/m/n on input line 33.
LaTeX Font Info:    ... okay on input line 33.
LaTeX Font Info:    Checking defaults for U/cmr/m/n on input line 33.
LaTeX Font Info:    ... okay on input line 33.
LaTeX Font Info:    Checking defaults for PD1/pdf/m/n on input line 33.
LaTeX Font Info:    ... okay on input line 33.
LaTeX Font Info:    Checking defaults for PU/pdf/m/n on input line 33.
LaTeX Font Info:    ... okay on input line 33.
LaTeX Info: Redefining \. on input line 33.
LaTeX Info: Redefining \% on input line 33.

(C:\Users\unknown\AppData\Local\Programs\MiKTeX\tex/context/base/mkii\supp-pdf.
mkii
[Loading MPS to PDF converter (version 2006.09.02).]
\scratchcounter=\count310
\scratchdimen=\dimen194
\scratchbox=\box109
\nofMPsegments=\count311
\nofMParguments=\count312
\everyMPshowfont=\toks33
\MPscratchCnt=\count313
\MPscratchDim=\dimen195
\MPnumerator=\count314
\makeMPintoPDFobject=\count315
\everyMPtoPDFconversion=\toks34
)
(C:\Users\unknown\AppData\Local\Programs\MiKTeX\tex/latex/epstopdf-pkg\epstopdf
-base.sty
Package: epstopdf-base 2020-01-24 v2.11 Base part for package epstopdf
Package epstopdf-base Info: Redefining graphics rule for `.eps' on input line 4
85.

(C:\Users\unknown\AppData\Local\Programs\MiKTeX\tex/latex/00miktex\epstopdf-sys
.cfg
File: epstopdf-sys.cfg 2021/03/18 v2.0 Configuration of epstopdf for MiKTeX
))
Package hyperref Info: Link coloring ON on input line 33.
 (Reporte1PT2.out) (Reporte1PT2.out)
\@outlinefile=\write3
\openout3 = `Reporte1PT2.out'.


(C:\Users\unknown\AppData\Local\Programs\MiKTeX\tex/latex/pdflscape\pdflscape.s
ty
Package: pdflscape 2019/12/05 v0.12 Display of landscape pages in PDF (HO)

(C:\Users\unknown\AppData\Local\Programs\MiKTeX\tex/latex/graphics\lscape.sty
Package: lscape 2020/05/28 v3.02 Landscape Pages (DPC)
)
Package pdflscape Info: Auto-detected driver: pdftex on input line 81.
)
<imagenes/ipn.jpg, id=107, 180.675pt x 232.87pt>
File: imagenes/ipn.jpg Graphic file (type jpg)
<use imagenes/ipn.jpg>
Package pdftex.def Info: imagenes/ipn.jpg  used on input line 41.
(pdftex.def)             Requested size: 81.303pt x 104.79051pt.
<imagenes/upiita.png, id=108, 722.7pt x 568.1225pt>
File: imagenes/upiita.png Graphic file (type png)
<use imagenes/upiita.png>
Package pdftex.def Info: imagenes/upiita.png  used on input line 43.
(pdftex.def)             Requested size: 108.40031pt x 85.21469pt.

Underfull \hbox (badness 10000) in paragraph at lines 41--45

 []

LaTeX Font Info:    Trying to load font information for OML+lmm on input line 8
3.
(C:\Users\unknown\AppData\Local\Programs\MiKTeX\tex/latex/lm\omllmm.fd
File: omllmm.fd 2015/05/01 v1.6.1 Font defs for Latin Modern
)
LaTeX Font Info:    Trying to load font information for OMS+lmsy on input line 
83.

(C:\Users\unknown\AppData\Local\Programs\MiKTeX\tex/latex/lm\omslmsy.fd
File: omslmsy.fd 2015/05/01 v1.6.1 Font defs for Latin Modern
)
LaTeX Font Info:    Trying to load font information for OMX+lmex on input line 
83.

(C:\Users\unknown\AppData\Local\Programs\MiKTeX\tex/latex/lm\omxlmex.fd
File: omxlmex.fd 2015/05/01 v1.6.1 Font defs for Latin Modern
)
LaTeX Font Info:    External font `lmex10' loaded for size
(Font)              <12> on input line 83.
LaTeX Font Info:    External font `lmex10' loaded for size
(Font)              <8> on input line 83.
LaTeX Font Info:    External font `lmex10' loaded for size
(Font)              <6> on input line 83.
LaTeX Font Info:    Trying to load font information for U+msa on input line 83.


(C:\Users\unknown\AppData\Local\Programs\MiKTeX\tex/latex/amsfonts\umsa.fd
File: umsa.fd 2013/01/14 v3.01 AMS symbols A
)
LaTeX Font Info:    Trying to load font information for U+msb on input line 83.


(C:\Users\unknown\AppData\Local\Programs\MiKTeX\tex/latex/amsfonts\umsb.fd
File: umsb.fd 2013/01/14 v3.01 AMS symbols B
)
[1

{C:/Users/unknown/AppData/Local/MiKTeX/fonts/map/pdftex/pdftex.map}{C:/Users/un
known/AppData/Local/Programs/MiKTeX/fonts/enc/dvips/lm/lm-rmsc.enc}{C:/Users/un
known/AppData/Local/Programs/MiKTeX/fonts/enc/dvips/lm/lm-rm.enc} <./imagenes/i
pn.jpg> <./imagenes/upiita.png>] (Reporte1PT2.toc
LaTeX Info: Redefining \. on input line 1.
LaTeX Info: Redefining \% on input line 1.

! Missing $ inserted.
<inserted text> 
                $
l.2 ...A{^3}n de rutas del frontend}{4}{section.1}
                                                  %
I've inserted a begin-math/end-math symbol since I think
you left one out. Proceed, with fingers crossed.

! Extra }, or forgotten $.
<argument> ...ame }{\numberline {1}Definici\~A{^3}
                                                  n de rutas del frontend}\h...
l.2 ...A{^3}n de rutas del frontend}{4}{section.1}
                                                  %
I've deleted a group-closing symbol because it seems to be
spurious, as in `$x}$'. But perhaps the } is legitimate and
you forgot something else, as in `\hbox{$x}'. In such cases
the way to recover is to insert both the forgotten and the
deleted material, e.g., by typing `I$}'.

! Extra }, or forgotten $.
<argument> ...inici\~A{^3}n de rutas del frontend}
                                                  \hyper@linkend 
l.2 ...A{^3}n de rutas del frontend}{4}{section.1}
                                                  %
I've deleted a group-closing symbol because it seems to be
spurious, as in `$x}$'. But perhaps the } is legitimate and
you forgot something else, as in `\hbox{$x}'. In such cases
the way to recover is to insert both the forgotten and the
deleted material, e.g., by typing `I$}'.

! Missing $ inserted.
<inserted text> 
                $
l.2 ...A{^3}n de rutas del frontend}{4}{section.1}
                                                  %
I've inserted something that you may have forgotten.
(See the <inserted text> above.)
With luck, this will get me unwedged. But if you
really didn't forget anything, try typing `2' now; then
my insertion and my current dilemma will both disappear.

! Missing } inserted.
<inserted text> 
                }
l.2 ...A{^3}n de rutas del frontend}{4}{section.1}
                                                  %
I've inserted something that you may have forgotten.
(See the <inserted text> above.)
With luck, this will get me unwedged. But if you
really didn't forget anything, try typing `2' now; then
my insertion and my current dilemma will both disappear.

! Missing } inserted.
<inserted text> 
                }
l.2 ...A{^3}n de rutas del frontend}{4}{section.1}
                                                  %
I've inserted something that you may have forgotten.
(See the <inserted text> above.)
With luck, this will get me unwedged. But if you
really didn't forget anything, try typing `2' now; then
my insertion and my current dilemma will both disappear.

! Missing $ inserted.
<inserted text> 
                $
l.4 ... {1.2}Descripci\~A{^3}n}{4}{subsection.1.2}
                                                  %
I've inserted a begin-math/end-math symbol since I think
you left one out. Proceed, with fingers crossed.

! Extra }, or forgotten $.
<argument> ... }{\numberline {1.2}Descripci\~A{^3}
                                                  n}\hyper@linkend 
l.4 ... {1.2}Descripci\~A{^3}n}{4}{subsection.1.2}
                                                  %
I've deleted a group-closing symbol because it seems to be
spurious, as in `$x}$'. But perhaps the } is legitimate and
you forgot something else, as in `\hbox{$x}'. In such cases
the way to recover is to insert both the forgotten and the
deleted material, e.g., by typing `I$}'.

! Extra }, or forgotten $.
<argument> ...{\numberline {1.2}Descripci\~A{^3}n}
                                                  \hyper@linkend 
l.4 ... {1.2}Descripci\~A{^3}n}{4}{subsection.1.2}
                                                  %
I've deleted a group-closing symbol because it seems to be
spurious, as in `$x}$'. But perhaps the } is legitimate and
you forgot something else, as in `\hbox{$x}'. In such cases
the way to recover is to insert both the forgotten and the
deleted material, e.g., by typing `I$}'.

! Missing $ inserted.
<inserted text> 
                $
l.4 ... {1.2}Descripci\~A{^3}n}{4}{subsection.1.2}
                                                  %
I've inserted something that you may have forgotten.
(See the <inserted text> above.)
With luck, this will get me unwedged. But if you
really didn't forget anything, try typing `2' now; then
my insertion and my current dilemma will both disappear.

! Missing } inserted.
<inserted text> 
                }
l.4 ... {1.2}Descripci\~A{^3}n}{4}{subsection.1.2}
                                                  %
I've inserted something that you may have forgotten.
(See the <inserted text> above.)
With luck, this will get me unwedged. But if you
really didn't forget anything, try typing `2' now; then
my insertion and my current dilemma will both disappear.

! Missing } inserted.
<inserted text> 
                }
l.4 ... {1.2}Descripci\~A{^3}n}{4}{subsection.1.2}
                                                  %
I've inserted something that you may have forgotten.
(See the <inserted text> above.)
With luck, this will get me unwedged. But if you
really didn't forget anything, try typing `2' now; then
my insertion and my current dilemma will both disappear.

LaTeX Font Info:    Trying to load font information for TS1+lmr on input line 8
.
(C:\Users\unknown\AppData\Local\Programs\MiKTeX\tex/latex/lm\ts1lmr.fd
File: ts1lmr.fd 2015/05/01 v1.6.1 Font defs for Latin Modern
)
! Missing $ inserted.
<inserted text> 
                $
l.10 ...ase de datos No Relacional}{13}{section.3}
                                                  %
I've inserted a begin-math/end-math symbol since I think
you left one out. Proceed, with fingers crossed.

! Extra }, or forgotten $.
<argument> ...tname }{\numberline {3}Creaci\~A{^3}
                                                  n de la base de datos No R...
l.10 ...ase de datos No Relacional}{13}{section.3}
                                                  %
I've deleted a group-closing symbol because it seems to be
spurious, as in `$x}$'. But perhaps the } is legitimate and
you forgot something else, as in `\hbox{$x}'. In such cases
the way to recover is to insert both the forgotten and the
deleted material, e.g., by typing `I$}'.

! Extra }, or forgotten $.
<argument> ...n de la base de datos No Relacional}
                                                  \hyper@linkend 
l.10 ...ase de datos No Relacional}{13}{section.3}
                                                  %
I've deleted a group-closing symbol because it seems to be
spurious, as in `$x}$'. But perhaps the } is legitimate and
you forgot something else, as in `\hbox{$x}'. In such cases
the way to recover is to insert both the forgotten and the
deleted material, e.g., by typing `I$}'.

! Missing $ inserted.
<inserted text> 
                $
l.10 ...ase de datos No Relacional}{13}{section.3}
                                                  %
I've inserted something that you may have forgotten.
(See the <inserted text> above.)
With luck, this will get me unwedged. But if you
really didn't forget anything, try typing `2' now; then
my insertion and my current dilemma will both disappear.

! Missing } inserted.
<inserted text> 
                }
l.10 ...ase de datos No Relacional}{13}{section.3}
                                                  %
I've inserted something that you may have forgotten.
(See the <inserted text> above.)
With luck, this will get me unwedged. But if you
really didn't forget anything, try typing `2' now; then
my insertion and my current dilemma will both disappear.

! Missing } inserted.
<inserted text> 
                }
l.10 ...ase de datos No Relacional}{13}{section.3}
                                                  %
I've inserted something that you may have forgotten.
(See the <inserted text> above.)
With luck, this will get me unwedged. But if you
really didn't forget anything, try typing `2' now; then
my insertion and my current dilemma will both disappear.

! Missing $ inserted.
<inserted text> 
                $
l.16 ...4.2}Descripci\~A{^3}n}{15}{subsection.4.2}
                                                  %
I've inserted a begin-math/end-math symbol since I think
you left one out. Proceed, with fingers crossed.

! Extra }, or forgotten $.
<argument> ... }{\numberline {4.2}Descripci\~A{^3}
                                                  n}\hyper@linkend 
l.16 ...4.2}Descripci\~A{^3}n}{15}{subsection.4.2}
                                                  %
I've deleted a group-closing symbol because it seems to be
spurious, as in `$x}$'. But perhaps the } is legitimate and
you forgot something else, as in `\hbox{$x}'. In such cases
the way to recover is to insert both the forgotten and the
deleted material, e.g., by typing `I$}'.

! Extra }, or forgotten $.
<argument> ...{\numberline {4.2}Descripci\~A{^3}n}
                                                  \hyper@linkend 
l.16 ...4.2}Descripci\~A{^3}n}{15}{subsection.4.2}
                                                  %
I've deleted a group-closing symbol because it seems to be
spurious, as in `$x}$'. But perhaps the } is legitimate and
you forgot something else, as in `\hbox{$x}'. In such cases
the way to recover is to insert both the forgotten and the
deleted material, e.g., by typing `I$}'.

! Missing $ inserted.
<inserted text> 
                $
l.16 ...4.2}Descripci\~A{^3}n}{15}{subsection.4.2}
                                                  %
I've inserted something that you may have forgotten.
(See the <inserted text> above.)
With luck, this will get me unwedged. But if you
really didn't forget anything, try typing `2' now; then
my insertion and my current dilemma will both disappear.

! Missing } inserted.
<inserted text> 
                }
l.16 ...4.2}Descripci\~A{^3}n}{15}{subsection.4.2}
                                                  %
I've inserted something that you may have forgotten.
(See the <inserted text> above.)
With luck, this will get me unwedged. But if you
really didn't forget anything, try typing `2' now; then
my insertion and my current dilemma will both disappear.

! Missing } inserted.
<inserted text> 
                }
l.16 ...4.2}Descripci\~A{^3}n}{15}{subsection.4.2}
                                                  %
I've inserted something that you may have forgotten.
(See the <inserted text> above.)
With luck, this will get me unwedged. But if you
really didn't forget anything, try typing `2' now; then
my insertion and my current dilemma will both disappear.

! Missing $ inserted.
<inserted text> 
                $
l.20 ...5.2}Descripci\~A{^3}n}{17}{subsection.5.2}
                                                  %
I've inserted a begin-math/end-math symbol since I think
you left one out. Proceed, with fingers crossed.

! Extra }, or forgotten $.
<argument> ... }{\numberline {5.2}Descripci\~A{^3}
                                                  n}\hyper@linkend 
l.20 ...5.2}Descripci\~A{^3}n}{17}{subsection.5.2}
                                                  %
I've deleted a group-closing symbol because it seems to be
spurious, as in `$x}$'. But perhaps the } is legitimate and
you forgot something else, as in `\hbox{$x}'. In such cases
the way to recover is to insert both the forgotten and the
deleted material, e.g., by typing `I$}'.

! Extra }, or forgotten $.
<argument> ...{\numberline {5.2}Descripci\~A{^3}n}
                                                  \hyper@linkend 
l.20 ...5.2}Descripci\~A{^3}n}{17}{subsection.5.2}
                                                  %
I've deleted a group-closing symbol because it seems to be
spurious, as in `$x}$'. But perhaps the } is legitimate and
you forgot something else, as in `\hbox{$x}'. In such cases
the way to recover is to insert both the forgotten and the
deleted material, e.g., by typing `I$}'.

! Missing $ inserted.
<inserted text> 
                $
l.20 ...5.2}Descripci\~A{^3}n}{17}{subsection.5.2}
                                                  %
I've inserted something that you may have forgotten.
(See the <inserted text> above.)
With luck, this will get me unwedged. But if you
really didn't forget anything, try typing `2' now; then
my insertion and my current dilemma will both disappear.

! Missing } inserted.
<inserted text> 
                }
l.20 ...5.2}Descripci\~A{^3}n}{17}{subsection.5.2}
                                                  %
I've inserted something that you may have forgotten.
(See the <inserted text> above.)
With luck, this will get me unwedged. But if you
really didn't forget anything, try typing `2' now; then
my insertion and my current dilemma will both disappear.

! Missing } inserted.
<inserted text> 
                }
l.20 ...5.2}Descripci\~A{^3}n}{17}{subsection.5.2}
                                                  %
I've inserted something that you may have forgotten.
(See the <inserted text> above.)
With luck, this will get me unwedged. But if you
really didn't forget anything, try typing `2' now; then
my insertion and my current dilemma will both disappear.

! Missing $ inserted.
<inserted text> 
                $
l.22 ...r ojos cerrados y abiertos}{21}{section.6}
                                                  %
I've inserted a begin-math/end-math symbol since I think
you left one out. Proceed, with fingers crossed.

! Extra }, or forgotten $.
<argument> ...e detectar ojos cerrados y abiertos}
                                                  \hyper@linkend 
l.22 ...r ojos cerrados y abiertos}{21}{section.6}
                                                  %
I've deleted a group-closing symbol because it seems to be
spurious, as in `$x}$'. But perhaps the } is legitimate and
you forgot something else, as in `\hbox{$x}'. In such cases
the way to recover is to insert both the forgotten and the
deleted material, e.g., by typing `I$}'.

! Missing $ inserted.
<inserted text> 
                $
l.22 ...r ojos cerrados y abiertos}{21}{section.6}
                                                  %
I've inserted something that you may have forgotten.
(See the <inserted text> above.)
With luck, this will get me unwedged. But if you
really didn't forget anything, try typing `2' now; then
my insertion and my current dilemma will both disappear.

! Missing } inserted.
<inserted text> 
                }
l.22 ...r ojos cerrados y abiertos}{21}{section.6}
                                                  %
I've inserted something that you may have forgotten.
(See the <inserted text> above.)
With luck, this will get me unwedged. But if you
really didn't forget anything, try typing `2' now; then
my insertion and my current dilemma will both disappear.

! Missing $ inserted.
<inserted text> 
                $
l.24 ...6.2}Descripci\~A{^3}n}{21}{subsection.6.2}
                                                  %
I've inserted a begin-math/end-math symbol since I think
you left one out. Proceed, with fingers crossed.

! Extra }, or forgotten $.
<argument> ... }{\numberline {6.2}Descripci\~A{^3}
                                                  n}\hyper@linkend 
l.24 ...6.2}Descripci\~A{^3}n}{21}{subsection.6.2}
                                                  %
I've deleted a group-closing symbol because it seems to be
spurious, as in `$x}$'. But perhaps the } is legitimate and
you forgot something else, as in `\hbox{$x}'. In such cases
the way to recover is to insert both the forgotten and the
deleted material, e.g., by typing `I$}'.

! Extra }, or forgotten $.
<argument> ...{\numberline {6.2}Descripci\~A{^3}n}
                                                  \hyper@linkend 
l.24 ...6.2}Descripci\~A{^3}n}{21}{subsection.6.2}
                                                  %
I've deleted a group-closing symbol because it seems to be
spurious, as in `$x}$'. But perhaps the } is legitimate and
you forgot something else, as in `\hbox{$x}'. In such cases
the way to recover is to insert both the forgotten and the
deleted material, e.g., by typing `I$}'.

! Missing $ inserted.
<inserted text> 
                $
l.24 ...6.2}Descripci\~A{^3}n}{21}{subsection.6.2}
                                                  %
I've inserted something that you may have forgotten.
(See the <inserted text> above.)
With luck, this will get me unwedged. But if you
really didn't forget anything, try typing `2' now; then
my insertion and my current dilemma will both disappear.

! Missing } inserted.
<inserted text> 
                }
l.24 ...6.2}Descripci\~A{^3}n}{21}{subsection.6.2}
                                                  %
I've inserted something that you may have forgotten.
(See the <inserted text> above.)
With luck, this will get me unwedged. But if you
really didn't forget anything, try typing `2' now; then
my insertion and my current dilemma will both disappear.

! Missing } inserted.
<inserted text> 
                }
l.24 ...6.2}Descripci\~A{^3}n}{21}{subsection.6.2}
                                                  %
I've inserted something that you may have forgotten.
(See the <inserted text> above.)
With luck, this will get me unwedged. But if you
really didn't forget anything, try typing `2' now; then
my insertion and my current dilemma will both disappear.

)
\tf@toc=\write4
\openout4 = `Reporte1PT2.toc'.


pdfTeX warning (ext4): destination with the same identifier (name{page.1}) has 
been already used, duplicate ignored
<to be read again> 
                   \relax 
l.103 \newpage
               [1{C:/Users/unknown/AppData/Local/Programs/MiKTeX/fonts/enc/dvip
s/lm/lm-mathit.enc}{C:/Users/unknown/AppData/Local/Programs/MiKTeX/fonts/enc/dv
ips/lm/lm-ts1.enc}{C:/Users/unknown/AppData/Local/Programs/MiKTeX/fonts/enc/dvi
ps/lm/lm-mathsy.enc}]
<imagenes/create.png, id=157, 676.5275pt x 70.2625pt>
File: imagenes/create.png Graphic file (type png)
<use imagenes/create.png>
Package pdftex.def Info: imagenes/create.png  used on input line 126.
(pdftex.def)             Requested size: 338.26291pt x 35.13115pt.
<imagenes/router.png, id=158, 623.32875pt x 356.33125pt>
File: imagenes/router.png Graphic file (type png)
<use imagenes/router.png>
Package pdftex.def Info: imagenes/router.png  used on input line 135.
(pdftex.def)             Requested size: 311.6636pt x 178.16518pt.
<imagenes/auth.png, id=159, 955.57pt x 289.08pt>
File: imagenes/auth.png Graphic file (type png)
<use imagenes/auth.png>
Package pdftex.def Info: imagenes/auth.png  used on input line 143.
(pdftex.def)             Requested size: 477.78383pt x 144.53964pt.
 [2 <./imagenes/create.png> <./imagenes/router.png>]
<imagenes/loginjs.png, id=169, 800.9925pt x 437.635pt>
File: imagenes/loginjs.png Graphic file (type png)
<use imagenes/loginjs.png>
Package pdftex.def Info: imagenes/loginjs.png  used on input line 151.
(pdftex.def)             Requested size: 480.5992pt x 262.58302pt.
<imagenes/homejs.png, id=170, 870.25125pt x 497.86pt>
File: imagenes/homejs.png Graphic file (type png)
<use imagenes/homejs.png>
Package pdftex.def Info: imagenes/homejs.png  used on input line 161.
(pdftex.def)             Requested size: 435.12456pt x 248.92938pt.

[3 <./imagenes/auth.png> <./imagenes/loginjs.png>]
<imagenes/routesjs.png, id=179, 485.815pt x 496.85625pt>
File: imagenes/routesjs.png Graphic file (type png)
<use imagenes/routesjs.png>
Package pdftex.def Info: imagenes/routesjs.png  used on input line 172.
(pdftex.def)             Requested size: 242.9069pt x 248.4275pt.
 [4 <./imagenes/homejs.png> <./imagenes/routesjs.png>]
<imagenes/loginpage.png, id=188, 1353.055pt x 589.20125pt>
File: imagenes/loginpage.png Graphic file (type png)
<use imagenes/loginpage.png>
Package pdftex.def Info: imagenes/loginpage.png  used on input line 184.
(pdftex.def)             Requested size: 541.21242pt x 235.67632pt.

Overfull \hbox (40.72842pt too wide) in paragraph at lines 184--185
 [] 
 []

[5 <./imagenes/loginpage.png>]
<imagenes/cli.png, id=195, 813.0375pt x 74.2775pt>
File: imagenes/cli.png Graphic file (type png)
<use imagenes/cli.png>
Package pdftex.def Info: imagenes/cli.png  used on input line 218.
(pdftex.def)             Requested size: 487.82626pt x 44.56683pt.
<imagenes/region.png, id=196, 682.55pt x 211.79124pt>
File: imagenes/region.png Graphic file (type png)
<use imagenes/region.png>
Package pdftex.def Info: imagenes/region.png  used on input line 226.
(pdftex.def)             Requested size: 409.53316pt x 127.07571pt.
<imagenes/sdk.png, id=197, 891.33pt x 157.58875pt>
File: imagenes/sdk.png Graphic file (type png)
<use imagenes/sdk.png>
Package pdftex.def Info: imagenes/sdk.png  used on input line 235.
(pdftex.def)             Requested size: 490.23302pt x 86.67407pt.
<imagenes/expressjs.png, id=198, 622.325pt x 115.43124pt>
File: imagenes/expressjs.png Graphic file (type png)
<use imagenes/expressjs.png>
Package pdftex.def Info: imagenes/expressjs.png  used on input line 243.
(pdftex.def)             Requested size: 342.2798pt x 63.48737pt.
 [6 <./imagenes/cli.png> <./imagenes/region.png> <./imagenes/sdk.png>]
<imagenes/addapi.png, id=210, 571.13374pt x 106.3975pt>
File: imagenes/addapi.png Graphic file (type png)
<use imagenes/addapi.png>
Package pdftex.def Info: imagenes/addapi.png  used on input line 254.
(pdftex.def)             Requested size: 314.12453pt x 58.5188pt.
<imagenes/graphql.png, id=211, 1044.90375pt x 327.2225pt>
File: imagenes/graphql.png Graphic file (type png)
<use imagenes/graphql.png>
Package pdftex.def Info: imagenes/graphql.png  used on input line 262.
(pdftex.def)             Requested size: 417.9541pt x 130.88667pt.
<imagenes/schema.png, id=212, 661.47125pt x 613.29124pt>
File: imagenes/schema.png Graphic file (type png)
<use imagenes/schema.png>
Package pdftex.def Info: imagenes/schema.png  used on input line 270.
(pdftex.def)             Requested size: 363.8103pt x 337.31122pt.
 [7 <./imagenes/expressjs.png> <./imagenes/addapi.png> <./imagenes/graphql.png>
]
<imagenes/endpoints.jpg, id=223, 874.26625pt x 581.17125pt>
File: imagenes/endpoints.jpg Graphic file (type jpg)
<use imagenes/endpoints.jpg>
Package pdftex.def Info: imagenes/endpoints.jpg  used on input line 285.
(pdftex.def)             Requested size: 480.84793pt x 319.64517pt.
 [8 <./imagenes/schema.png>] [9 <./imagenes/endpoints.jpg>]
<imagenes/dynamo.jpg, id=235, 803.0pt x 487.8225pt>
File: imagenes/dynamo.jpg Graphic file (type jpg)
<use imagenes/dynamo.jpg>
Package pdftex.def Info: imagenes/dynamo.jpg  used on input line 313.
(pdftex.def)             Requested size: 401.49902pt x 243.91064pt.
 [10 <./imagenes/dynamo.jpg>]
<imagenes/aws.png, id=244, 755.82375pt x 465.74pt>
File: imagenes/aws.png Graphic file (type png)
<use imagenes/aws.png>
Package pdftex.def Info: imagenes/aws.png  used on input line 334.
(pdftex.def)             Requested size: 377.91095pt x 232.86943pt.
<imagenes/tables.png, id=245, 1062.97125pt x 351.3125pt>
File: imagenes/tables.png Graphic file (type png)
<use imagenes/tables.png>
Package pdftex.def Info: imagenes/tables.png  used on input line 344.
(pdftex.def)             Requested size: 531.48433pt x 175.6558pt.

Overfull \hbox (31.00034pt too wide) in paragraph at lines 344--345
 [] 
 []

[11 <./imagenes/aws.png> <./imagenes/tables.png>]
<imagenes/appsync.png, id=255, 1184.425pt x 471.7625pt>
File: imagenes/appsync.png Graphic file (type png)
<use imagenes/appsync.png>
Package pdftex.def Info: imagenes/appsync.png  used on input line 363.
(pdftex.def)             Requested size: 473.76161pt x 188.70164pt.
<imagenes/appsyncendpoint.png, id=257, 584.1825pt x 358.33875pt>
File: imagenes/appsyncendpoint.png Graphic file (type png)
<use imagenes/appsyncendpoint.png>
Package pdftex.def Info: imagenes/appsyncendpoint.png  used on input line 375.
(pdftex.def)             Requested size: 321.30136pt x 197.08691pt.
 [12 <./imagenes/appsync.png>] [13 <./imagenes/appsyncendpoint.png>]
<imagenes/cognito.png, id=271, 573.14125pt x 520.94624pt>
File: imagenes/cognito.png Graphic file (type png)
<use imagenes/cognito.png>
Package pdftex.def Info: imagenes/cognito.png  used on input line 410.
(pdftex.def)             Requested size: 286.56992pt x 260.47249pt.
 [14 <./imagenes/cognito.png>]
<imagenes/add.png, id=279, 719.68875pt x 69.25874pt>
File: imagenes/add.png Graphic file (type png)
<use imagenes/add.png>
Package pdftex.def Info: imagenes/add.png  used on input line 432.
(pdftex.def)             Requested size: 503.77869pt x 48.48077pt.

Overfull \hbox (3.2947pt too wide) in paragraph at lines 432--433
 [] 
 []

<imagenes/menu.png, id=280, 1029.8475pt x 271.0125pt>
File: imagenes/menu.png Graphic file (type png)
<use imagenes/menu.png>
Package pdftex.def Info: imagenes/menu.png  used on input line 440.
(pdftex.def)             Requested size: 514.9225pt x 135.5059pt.

Overfull \hbox (14.4385pt too wide) in paragraph at lines 440--441
 [] 
 []

<imagenes/console.png, id=281, 860.21375pt x 557.08125pt>
File: imagenes/console.png Graphic file (type png)
<use imagenes/console.png>
Package pdftex.def Info: imagenes/console.png  used on input line 456.
(pdftex.def)             Requested size: 430.10582pt x 278.53995pt.
[15 <./imagenes/add.png> <./imagenes/menu.png>]
<imagenes/pools.png, id=290, 1034.86626pt x 442.65375pt>
File: imagenes/pools.png Graphic file (type png)
<use imagenes/pools.png>
Package pdftex.def Info: imagenes/pools.png  used on input line 464.
(pdftex.def)             Requested size: 517.43185pt x 221.32632pt.

Overfull \hbox (16.94786pt too wide) in paragraph at lines 464--465
 [] 
 []

<imagenes/admin.png, id=291, 1111.15125pt x 529.98pt>
File: imagenes/admin.png Graphic file (type png)
<use imagenes/admin.png>
Package pdftex.def Info: imagenes/admin.png  used on input line 470.
(pdftex.def)             Requested size: 444.45262pt x 211.98824pt.
[16 <./imagenes/console.png> <./imagenes/pools.png>]
<imagenes/users.png, id=300, 1028.84375pt x 466.74374pt>
File: imagenes/users.png Graphic file (type png)
<use imagenes/users.png>
Package pdftex.def Info: imagenes/users.png  used on input line 476.
(pdftex.def)             Requested size: 411.53021pt x 186.69418pt.
 [17 <./imagenes/admin.png> <./imagenes/users.png>]
<imagenes/ggco.JPG, id=309, 923.70094pt x 478.03593pt>
File: imagenes/ggco.JPG Graphic file (type jpg)
<use imagenes/ggco.JPG>
Package pdftex.def Info: imagenes/ggco.JPG  used on input line 495.
(pdftex.def)             Requested size: 277.11243pt x 143.41188pt.
<imagenes/dv.jpg, id=311, 247.67531pt x 230.36063pt>
File: imagenes/dv.jpg Graphic file (type jpg)
<use imagenes/dv.jpg>
Package pdftex.def Info: imagenes/dv.jpg  used on input line 508.
(pdftex.def)             Requested size: 173.37152pt x 161.25133pt.
 [18

 <./imagenes/ggco.JPG> <./imagenes/dv.jpg>]
<imagenes/librerias.JPG, id=320, 980.16188pt x 386.94562pt>
File: imagenes/librerias.JPG Graphic file (type jpg)
<use imagenes/librerias.JPG>
Package pdftex.def Info: imagenes/librerias.JPG  used on input line 520.
(pdftex.def)             Requested size: 392.05782pt x 154.7755pt.
<imagenes/pdata.jpg, id=321, 872.50969pt x 686.565pt>
File: imagenes/pdata.jpg Graphic file (type jpg)
<use imagenes/pdata.jpg>
Package pdftex.def Info: imagenes/pdata.jpg  used on input line 529.
(pdftex.def)             Requested size: 348.9977pt x 274.62112pt.
<imagenes/effnet.JPG, id=322, 630.85687pt x 715.17188pt>
File: imagenes/effnet.JPG Graphic file (type jpg)
<use imagenes/effnet.JPG>
Package pdftex.def Info: imagenes/effnet.JPG  used on input line 538.
(pdftex.def)             Requested size: 252.33827pt x 286.06367pt.

[19 <./imagenes/librerias.JPG> <./imagenes/pdata.jpg>]
<imagenes/effinettl.JPG, id=329, 647.41875pt x 700.86844pt>
File: imagenes/effinettl.JPG Graphic file (type jpg)
<use imagenes/effinettl.JPG>
Package pdftex.def Info: imagenes/effinettl.JPG  used on input line 546.
(pdftex.def)             Requested size: 258.9629pt x 280.3424pt.
 [20 <./imagenes/effnet.JPG> <./imagenes/effinettl.JPG>]
<imagenes/entrenamientoen.JPG, id=336, 861.2175pt x 258.21469pt>
File: imagenes/entrenamientoen.JPG Graphic file (type jpg)
<use imagenes/entrenamientoen.JPG>
Package pdftex.def Info: imagenes/entrenamientoen.JPG  used on input line 554.
(pdftex.def)             Requested size: 344.4809pt x 103.28404pt.
<imagenes/entrenamientomn.JPG, id=337, 820.56563pt x 225.84375pt>
File: imagenes/entrenamientomn.JPG Graphic file (type jpg)
<use imagenes/entrenamientomn.JPG>
Package pdftex.def Info: imagenes/entrenamientomn.JPG  used on input line 564.
(pdftex.def)             Requested size: 328.22043pt x 90.33589pt.
<imagenes/ENgrafico.JPG, id=338, 372.64218pt x 249.18094pt>
File: imagenes/ENgrafico.JPG Graphic file (type jpg)
<use imagenes/ENgrafico.JPG>
Package pdftex.def Info: imagenes/ENgrafico.JPG  used on input line 574.
(pdftex.def)             Requested size: 149.05423pt x 99.6706pt.
<imagenes/MNgrafico.JPG, id=339, 338.01282pt x 228.10219pt>
File: imagenes/MNgrafico.JPG Graphic file (type jpg)
<use imagenes/MNgrafico.JPG>
Package pdftex.def Info: imagenes/MNgrafico.JPG  used on input line 582.
(pdftex.def)             Requested size: 135.20271pt x 91.23924pt.
 [21 <./imagenes/entrenamientoen.JPG> <./imagenes/entrenamientomn.JPG> <./image
nes/ENgrafico.JPG> <./imagenes/MNgrafico.JPG>]
<imagenes/ojo_cerradoEN.JPG, id=348, 862.72313pt x 481.8pt>
File: imagenes/ojo_cerradoEN.JPG Graphic file (type jpg)
<use imagenes/ojo_cerradoEN.JPG>
Package pdftex.def Info: imagenes/ojo_cerradoEN.JPG  used on input line 597.
(pdftex.def)             Requested size: 345.08313pt x 192.71658pt.
<imagenes/ojo_abiertoEN.JPG, id=349, 862.72313pt x 481.8pt>
File: imagenes/ojo_abiertoEN.JPG Graphic file (type jpg)
<use imagenes/ojo_abiertoEN.JPG>
Package pdftex.def Info: imagenes/ojo_abiertoEN.JPG  used on input line 603.
(pdftex.def)             Requested size: 345.08313pt x 192.71658pt.
<imagenes/ojo_cerradoMN.JPG, id=350, 819.06pt x 489.32813pt>
File: imagenes/ojo_cerradoMN.JPG Graphic file (type jpg)
<use imagenes/ojo_cerradoMN.JPG>
Package pdftex.def Info: imagenes/ojo_cerradoMN.JPG  used on input line 612.
(pdftex.def)             Requested size: 327.6182pt x 195.72777pt.

[22 <./imagenes/ojo_cerradoEN.JPG> <./imagenes/ojo_abiertoEN.JPG>]
<imagenes/ojo_abiertoMN.JPG, id=357, 879.285pt x 508.14844pt>
File: imagenes/ojo_abiertoMN.JPG Graphic file (type jpg)
<use imagenes/ojo_abiertoMN.JPG>
Package pdftex.def Info: imagenes/ojo_abiertoMN.JPG  used on input line 618.
(pdftex.def)             Requested size: 351.70778pt x 203.25577pt.
 [23 <./imagenes/ojo_cerradoMN.JPG> <./imagenes/ojo_abiertoMN.JPG>]
LaTeX Font Info:    Trying to load font information for OT1+lmtt on input line 
641.

(C:\Users\unknown\AppData\Local\Programs\MiKTeX\tex/latex/lm\ot1lmtt.fd
File: ot1lmtt.fd 2015/05/01 v1.6.1 Font defs for Latin Modern
)
Underfull \hbox (badness 2884) in paragraph at lines 641--642
[]\OT1/lmr/m/n/12 Waveshare Elec-tro-nics, \OT1/lmr/m/it/12 SIM7600G-H 4G for J
etson Nano - Wa-vesha-re Wi-ki\OT1/lmr/m/n/12 , Wa-
 []


Underfull \hbox (badness 4739) in paragraph at lines 649--650
\OT1/lmr/m/n/12 ni-ble: https://developer.nvidia.com/embedded/learn/get-started
-jetson-nano-devkit#write.
 []

[24{C:/Users/unknown/AppData/Local/Programs/MiKTeX/fonts/enc/dvips/lm/lm-rmtt.e
nc}] (Reporte1PT2.aux
LaTeX Info: Redefining \. on input line 23.
LaTeX Info: Redefining \% on input line 23.
)

LaTeX Warning: There were multiply-defined labels.


Package rerunfilecheck Warning: File `Reporte1PT2.out' has changed.
(rerunfilecheck)                Rerun to get outlines right
(rerunfilecheck)                or use package `bookmark'.

Package rerunfilecheck Info: Checksums for `Reporte1PT2.out':
(rerunfilecheck)             Before: 03538E30AAECD5CD3F18AEF5DEC1A27F;3858
(rerunfilecheck)             After:  A8E31EB19ACB428D832FC090FF05FECE;3648.
 ) 
Here is how much of TeX's memory you used:
 14637 strings out of 478339
 242308 string characters out of 2835756
 545465 words of memory out of 3000000
 32651 multiletter control sequences out of 15000+600000
 524637 words of font info for 61 fonts, out of 8000000 for 9000
 1141 hyphenation exceptions out of 8191
 72i,13n,77p,546b,600s stack positions out of 10000i,1000n,20000p,200000b,80000s

pdfTeX warning (dest): name{cite.dataset} has been referenced but does not exis
t, replaced by a fixed one


pdfTeX warning (dest): name{cite.cognito} has been referenced but does not exis
t, replaced by a fixed one


pdfTeX warning (dest): name{cite.dynamo} has been referenced but does not exist
, replaced by a fixed one


pdfTeX warning (dest): name{cite.dom} has been referenced but does not exist, r
eplaced by a fixed one


pdfTeX warning (dest): name{section.8} has been referenced but does not exist, 
replaced by a fixed one

<C:/Users/unknown/AppData/Local/Programs/MiKTeX/fonts/type1/public/lm/lmbx12.pf
b><C:/Users/unknown/AppData/Local/Programs/MiKTeX/fonts/type1/public/lm/lmbxi10
.pfb><C:/Users/unknown/AppData/Local/Programs/MiKTeX/fonts/type1/public/lm/lmcs
c10.pfb><C:/Users/unknown/AppData/Local/Programs/MiKTeX/fonts/type1/public/lm/l
mmi12.pfb><C:/Users/unknown/AppData/Local/Programs/MiKTeX/fonts/type1/public/lm
/lmr10.pfb><C:/Users/unknown/AppData/Local/Programs/MiKTeX/fonts/type1/public/l
m/lmr12.pfb><C:/Users/unknown/AppData/Local/Programs/MiKTeX/fonts/type1/public/
lm/lmr8.pfb><C:/Users/unknown/AppData/Local/Programs/MiKTeX/fonts/type1/public/
lm/lmri12.pfb><C:/Users/unknown/AppData/Local/Programs/MiKTeX/fonts/type1/publi
c/lm/lmsy10.pfb><C:/Users/unknown/AppData/Local/Programs/MiKTeX/fonts/type1/pub
lic/lm/lmtt12.pfb>
Output written on Reporte1PT2.pdf (25 pages, 3009040 bytes).
PDF statistics:
 455 PDF objects out of 1000 (max. 8388607)
 104 named destinations out of 1000 (max. 500000)
 424 words of extra memory for PDF output out of 10000 (max. 10000000)

