This is pdfTeX, Version 3.141592653-2.6-1.40.22 (TeX Live 2022/dev/Debian) (preloaded format=pdflatex 2023.3.5)  7 MAR 2023 12:36
entering extended mode
 restricted \write18 enabled.
 %&-line parsing enabled.
**Reporte3.tex
(./Reporte3.tex
LaTeX2e <2021-11-15> patch level 1
L3 programming layer <2022-01-21>
(/usr/share/texlive/texmf-dist/tex/latex/base/article.cls
Document Class: article 2021/10/04 v1.4n Standard LaTeX document class
(/usr/share/texlive/texmf-dist/tex/latex/base/size12.clo
File: size12.clo 2021/10/04 v1.4n Standard LaTeX file (size option)
)
\c@part=\count185
\c@section=\count186
\c@subsection=\count187
\c@subsubsection=\count188
\c@paragraph=\count189
\c@subparagraph=\count190
\c@figure=\count191
\c@table=\count192
\abovecaptionskip=\skip47
\belowcaptionskip=\skip48
\bibindent=\dimen138
)
(/usr/share/texlive/texmf-dist/tex/generic/babel/babel.sty
Package: babel 2022/01/26 3.70 The Babel package
\babel@savecnt=\count193
\U@D=\dimen139
\l@unhyphenated=\language7

(/usr/share/texlive/texmf-dist/tex/generic/babel/txtbabel.def)
\bbl@readstream=\read2
\bbl@dirlevel=\count194

(/usr/share/texlive/texmf-dist/tex/generic/babel-spanish/spanish.ldf
Language: spanish.ldf 2021/05/27 v5.0q Spanish support from the babel system
\es@quottoks=\toks16
\es@quotdepth=\count195
Package babel Info: Making " an active character on input line 570.
Package babel Info: Making . an active character on input line 675.
Package babel Info: Making < an active character on input line 722.
Package babel Info: Making > an active character on input line 722.
))
(/usr/share/texlive/texmf-dist/tex/latex/amsmath/amsmath.sty
Package: amsmath 2021/10/15 v2.17l AMS math features
\@mathmargin=\skip49

For additional information on amsmath, use the `?' option.
(/usr/share/texlive/texmf-dist/tex/latex/amsmath/amstext.sty
Package: amstext 2021/08/26 v2.01 AMS text

(/usr/share/texlive/texmf-dist/tex/latex/amsmath/amsgen.sty
File: amsgen.sty 1999/11/30 v2.0 generic functions
\@emptytoks=\toks17
\ex@=\dimen140
))
(/usr/share/texlive/texmf-dist/tex/latex/amsmath/amsbsy.sty
Package: amsbsy 1999/11/29 v1.2d Bold Symbols
\pmbraise@=\dimen141
)
(/usr/share/texlive/texmf-dist/tex/latex/amsmath/amsopn.sty
Package: amsopn 2021/08/26 v2.02 operator names
)
\inf@bad=\count196
LaTeX Info: Redefining \frac on input line 234.
\uproot@=\count197
\leftroot@=\count198
LaTeX Info: Redefining \overline on input line 399.
\classnum@=\count199
\DOTSCASE@=\count266
LaTeX Info: Redefining \ldots on input line 496.
LaTeX Info: Redefining \dots on input line 499.
LaTeX Info: Redefining \cdots on input line 620.
\Mathstrutbox@=\box50
\strutbox@=\box51
\big@size=\dimen142
LaTeX Font Info:    Redeclaring font encoding OML on input line 743.
LaTeX Font Info:    Redeclaring font encoding OMS on input line 744.
\macc@depth=\count267
\c@MaxMatrixCols=\count268
\dotsspace@=\muskip16
\c@parentequation=\count269
\dspbrk@lvl=\count270
\tag@help=\toks18
\row@=\count271
\column@=\count272
\maxfields@=\count273
\andhelp@=\toks19
\eqnshift@=\dimen143
\alignsep@=\dimen144
\tagshift@=\dimen145
\tagwidth@=\dimen146
\totwidth@=\dimen147
\lineht@=\dimen148
\@envbody=\toks20
\multlinegap=\skip50
\multlinetaggap=\skip51
\mathdisplay@stack=\toks21
LaTeX Info: Redefining \[ on input line 2938.
LaTeX Info: Redefining \] on input line 2939.
)
(/usr/share/texlive/texmf-dist/tex/latex/base/inputenc.sty
Package: inputenc 2021/02/14 v1.3d Input encoding file
\inpenc@prehook=\toks22
\inpenc@posthook=\toks23

(/usr/share/texlive/texmf-dist/tex/latex/base/latin1.def
File: latin1.def 2021/02/14 v1.3d Input encoding file
))
(/usr/share/texlive/texmf-dist/tex/latex/graphics/graphicx.sty
Package: graphicx 2021/09/16 v1.2d Enhanced LaTeX Graphics (DPC,SPQR)

(/usr/share/texlive/texmf-dist/tex/latex/graphics/keyval.sty
Package: keyval 2014/10/28 v1.15 key=value parser (DPC)
\KV@toks@=\toks24
)
(/usr/share/texlive/texmf-dist/tex/latex/graphics/graphics.sty
Package: graphics 2021/03/04 v1.4d Standard LaTeX Graphics (DPC,SPQR)

(/usr/share/texlive/texmf-dist/tex/latex/graphics/trig.sty
Package: trig 2021/08/11 v1.11 sin cos tan (DPC)
)
(/usr/share/texlive/texmf-dist/tex/latex/graphics-cfg/graphics.cfg
File: graphics.cfg 2016/06/04 v1.11 sample graphics configuration
)
Package graphics Info: Driver file: pdftex.def on input line 107.

(/usr/share/texlive/texmf-dist/tex/latex/graphics-def/pdftex.def
File: pdftex.def 2020/10/05 v1.2a Graphics/color driver for pdftex
))
\Gin@req@height=\dimen149
\Gin@req@width=\dimen150
)
(/usr/share/texlive/texmf-dist/tex/latex/amsfonts/amssymb.sty
Package: amssymb 2013/01/14 v3.01 AMS font symbols

(/usr/share/texlive/texmf-dist/tex/latex/amsfonts/amsfonts.sty
Package: amsfonts 2013/01/14 v3.01 Basic AMSFonts support
\symAMSa=\mathgroup4
\symAMSb=\mathgroup5
LaTeX Font Info:    Redeclaring math symbol \hbar on input line 98.
LaTeX Font Info:    Overwriting math alphabet `\mathfrak' in version `bold'
(Font)                  U/euf/m/n --> U/euf/b/n on input line 106.
))
(/usr/share/texlive/texmf-dist/tex/latex/anysize/anysize.sty
Package: anysize 1994/08/13 setting margin sizes

document style option `anysize' loaded
Michael Salzenberg, Thomas Esser, Dirk Hillbrecht
Version 1.0, Aug 13, 1994
\@Leftmargin=\dimen151
\@Rightmargin=\dimen152
\@Topmargin=\dimen153
\@Bottommargin=\dimen154
) (/usr/share/texlive/texmf-dist/tex/latex/tools/array.sty
Package: array 2021/10/04 v2.5f Tabular extension package (FMi)
\col@sep=\dimen155
\ar@mcellbox=\box52
\extrarowheight=\dimen156
\NC@list=\toks25
\extratabsurround=\skip52
\backup@length=\skip53
\ar@cellbox=\box53
)
(/usr/share/texlive/texmf-dist/tex/latex/tools/multicol.sty
Package: multicol 2021/10/28 v1.9b multicolumn formatting (FMi)
\c@tracingmulticols=\count274
\mult@box=\box54
\multicol@leftmargin=\dimen157
\c@unbalance=\count275
\c@collectmore=\count276
\doublecol@number=\count277
\multicoltolerance=\count278
\multicolpretolerance=\count279
\full@width=\dimen158
\page@free=\dimen159
\premulticols=\dimen160
\postmulticols=\dimen161
\multicolsep=\skip54
\multicolbaselineskip=\skip55
\partial@page=\box55
\last@line=\box56
\maxbalancingoverflow=\dimen162
\mult@rightbox=\box57
\mult@grightbox=\box58
\mult@firstbox=\box59
\mult@gfirstbox=\box60
\@tempa=\box61
\@tempa=\box62
\@tempa=\box63
\@tempa=\box64
\@tempa=\box65
\@tempa=\box66
\@tempa=\box67
\@tempa=\box68
\@tempa=\box69
\@tempa=\box70
\@tempa=\box71
\@tempa=\box72
\@tempa=\box73
\@tempa=\box74
\@tempa=\box75
\@tempa=\box76
\@tempa=\box77
\@tempa=\box78
\@tempa=\box79
\@tempa=\box80
\@tempa=\box81
\@tempa=\box82
\@tempa=\box83
\@tempa=\box84
\@tempa=\box85
\@tempa=\box86
\@tempa=\box87
\@tempa=\box88
\@tempa=\box89
\@tempa=\box90
\@tempa=\box91
\@tempa=\box92
\@tempa=\box93
\@tempa=\box94
\@tempa=\box95
\@tempa=\box96
\c@minrows=\count280
\c@columnbadness=\count281
\c@finalcolumnbadness=\count282
\last@try=\dimen163
\multicolovershoot=\dimen164
\multicolundershoot=\dimen165
\mult@nat@firstbox=\box97
\colbreak@box=\box98
\mc@col@check@num=\count283
)
(/usr/share/texmf/tex/latex/lm/lmodern.sty
Package: lmodern 2009/10/30 v1.6 Latin Modern Fonts
LaTeX Font Info:    Overwriting symbol font `operators' in version `normal'
(Font)                  OT1/cmr/m/n --> OT1/lmr/m/n on input line 22.
LaTeX Font Info:    Overwriting symbol font `letters' in version `normal'
(Font)                  OML/cmm/m/it --> OML/lmm/m/it on input line 23.
LaTeX Font Info:    Overwriting symbol font `symbols' in version `normal'
(Font)                  OMS/cmsy/m/n --> OMS/lmsy/m/n on input line 24.
LaTeX Font Info:    Overwriting symbol font `largesymbols' in version `normal'
(Font)                  OMX/cmex/m/n --> OMX/lmex/m/n on input line 25.
LaTeX Font Info:    Overwriting symbol font `operators' in version `bold'
(Font)                  OT1/cmr/bx/n --> OT1/lmr/bx/n on input line 26.
LaTeX Font Info:    Overwriting symbol font `letters' in version `bold'
(Font)                  OML/cmm/b/it --> OML/lmm/b/it on input line 27.
LaTeX Font Info:    Overwriting symbol font `symbols' in version `bold'
(Font)                  OMS/cmsy/b/n --> OMS/lmsy/b/n on input line 28.
LaTeX Font Info:    Overwriting symbol font `largesymbols' in version `bold'
(Font)                  OMX/cmex/m/n --> OMX/lmex/m/n on input line 29.
LaTeX Font Info:    Overwriting math alphabet `\mathbf' in version `normal'
(Font)                  OT1/cmr/bx/n --> OT1/lmr/bx/n on input line 31.
LaTeX Font Info:    Overwriting math alphabet `\mathsf' in version `normal'
(Font)                  OT1/cmss/m/n --> OT1/lmss/m/n on input line 32.
LaTeX Font Info:    Overwriting math alphabet `\mathit' in version `normal'
(Font)                  OT1/cmr/m/it --> OT1/lmr/m/it on input line 33.
LaTeX Font Info:    Overwriting math alphabet `\mathtt' in version `normal'
(Font)                  OT1/cmtt/m/n --> OT1/lmtt/m/n on input line 34.
LaTeX Font Info:    Overwriting math alphabet `\mathbf' in version `bold'
(Font)                  OT1/cmr/bx/n --> OT1/lmr/bx/n on input line 35.
LaTeX Font Info:    Overwriting math alphabet `\mathsf' in version `bold'
(Font)                  OT1/cmss/bx/n --> OT1/lmss/bx/n on input line 36.
LaTeX Font Info:    Overwriting math alphabet `\mathit' in version `bold'
(Font)                  OT1/cmr/bx/it --> OT1/lmr/bx/it on input line 37.
LaTeX Font Info:    Overwriting math alphabet `\mathtt' in version `bold'
(Font)                  OT1/cmtt/m/n --> OT1/lmtt/m/n on input line 38.
)
(/usr/share/texlive/texmf-dist/tex/latex/adjustbox/adjustbox.sty
Package: adjustbox 2020/08/19 v1.3 Adjusting TeX boxes (trim, clip, ...)

(/usr/share/texlive/texmf-dist/tex/latex/xkeyval/xkeyval.sty
Package: xkeyval 2020/11/20 v2.8 package option processing (HA)

(/usr/share/texlive/texmf-dist/tex/generic/xkeyval/xkeyval.tex
(/usr/share/texlive/texmf-dist/tex/generic/xkeyval/xkvutils.tex
\XKV@toks=\toks26
\XKV@tempa@toks=\toks27
)
\XKV@depth=\count284
File: xkeyval.tex 2014/12/03 v2.7a key=value parser (HA)
))
(/usr/share/texlive/texmf-dist/tex/latex/adjustbox/adjcalc.sty
Package: adjcalc 2012/05/16 v1.1 Provides advanced setlength with multiple back
-ends (calc, etex, pgfmath)
)
(/usr/share/texlive/texmf-dist/tex/latex/adjustbox/trimclip.sty
Package: trimclip 2020/08/19 v1.2 Trim and clip general TeX material

(/usr/share/texlive/texmf-dist/tex/latex/collectbox/collectbox.sty
Package: collectbox 2012/05/17 v0.4b Collect macro arguments as boxes
\collectedbox=\box99
)
\tc@llx=\dimen166
\tc@lly=\dimen167
\tc@urx=\dimen168
\tc@ury=\dimen169
Package trimclip Info: Using driver 'tc-pdftex.def'.

(/usr/share/texlive/texmf-dist/tex/latex/adjustbox/tc-pdftex.def
File: tc-pdftex.def 2019/01/04 v2.2 Clipping driver for pdftex
))
\adjbox@Width=\dimen170
\adjbox@Height=\dimen171
\adjbox@Depth=\dimen172
\adjbox@Totalheight=\dimen173
\adjbox@pwidth=\dimen174
\adjbox@pheight=\dimen175
\adjbox@pdepth=\dimen176
\adjbox@ptotalheight=\dimen177

(/usr/share/texlive/texmf-dist/tex/latex/ifoddpage/ifoddpage.sty
Package: ifoddpage 2016/04/23 v1.1 Conditionals for odd/even page detection
\c@checkoddpage=\count285
)
(/usr/share/texlive/texmf-dist/tex/latex/varwidth/varwidth.sty
Package: varwidth 2009/03/30 ver 0.92;  Variable-width minipages
\@vwid@box=\box100
\sift@deathcycles=\count286
\@vwid@loff=\dimen178
\@vwid@roff=\dimen179
))
(/usr/share/texlive/texmf-dist/tex/latex/enumitem/enumitem.sty
Package: enumitem 2019/06/20 v3.9 Customized lists
\labelindent=\skip56
\enit@outerparindent=\dimen180
\enit@toks=\toks28
\enit@inbox=\box101
\enit@count@id=\count287
\enitdp@description=\count288
)
(/usr/share/texlive/texmf-dist/tex/latex/float/float.sty
Package: float 2001/11/08 v1.3d Float enhancements (AL)
\c@float@type=\count289
\float@exts=\toks29
\float@box=\box102
\@float@everytoks=\toks30
\@floatcapt=\box103
)
(/usr/share/texlive/texmf-dist/tex/latex/fancyhdr/fancyhdr.sty
Package: fancyhdr 2021/01/28 v4.0.1 Extensive control of page headers and foote
rs
\f@nch@headwidth=\skip57
\f@nch@O@elh=\skip58
\f@nch@O@erh=\skip59
\f@nch@O@olh=\skip60
\f@nch@O@orh=\skip61
\f@nch@O@elf=\skip62
\f@nch@O@erf=\skip63
\f@nch@O@olf=\skip64
\f@nch@O@orf=\skip65
)
(/usr/share/texlive/texmf-dist/tex/latex/capt-of/capt-of.sty
Package: capt-of 2009/12/29 v0.2 standard captions outside of floats
)
(/usr/share/texlive/texmf-dist/tex/latex/hyperref/hyperref.sty
Package: hyperref 2021-06-07 v7.00m Hypertext links for LaTeX

(/usr/share/texlive/texmf-dist/tex/generic/ltxcmds/ltxcmds.sty
Package: ltxcmds 2020-05-10 v1.25 LaTeX kernel commands for general use (HO)
)
(/usr/share/texlive/texmf-dist/tex/generic/iftex/iftex.sty
Package: iftex 2020/03/06 v1.0d TeX engine tests
)
(/usr/share/texlive/texmf-dist/tex/generic/pdftexcmds/pdftexcmds.sty
Package: pdftexcmds 2020-06-27 v0.33 Utility functions of pdfTeX for LuaTeX (HO
)

(/usr/share/texlive/texmf-dist/tex/generic/infwarerr/infwarerr.sty
Package: infwarerr 2019/12/03 v1.5 Providing info/warning/error messages (HO)
)
Package pdftexcmds Info: \pdf@primitive is available.
Package pdftexcmds Info: \pdf@ifprimitive is available.
Package pdftexcmds Info: \pdfdraftmode found.
)
(/usr/share/texlive/texmf-dist/tex/generic/kvsetkeys/kvsetkeys.sty
Package: kvsetkeys 2019/12/15 v1.18 Key value parser (HO)
)
(/usr/share/texlive/texmf-dist/tex/generic/kvdefinekeys/kvdefinekeys.sty
Package: kvdefinekeys 2019-12-19 v1.6 Define keys (HO)
)
(/usr/share/texlive/texmf-dist/tex/generic/pdfescape/pdfescape.sty
Package: pdfescape 2019/12/09 v1.15 Implements pdfTeX's escape features (HO)
)
(/usr/share/texlive/texmf-dist/tex/latex/hycolor/hycolor.sty
Package: hycolor 2020-01-27 v1.10 Color options for hyperref/bookmark (HO)
)
(/usr/share/texlive/texmf-dist/tex/latex/letltxmacro/letltxmacro.sty
Package: letltxmacro 2019/12/03 v1.6 Let assignment for LaTeX macros (HO)
)
(/usr/share/texlive/texmf-dist/tex/latex/auxhook/auxhook.sty
Package: auxhook 2019-12-17 v1.6 Hooks for auxiliary files (HO)
)
(/usr/share/texlive/texmf-dist/tex/latex/kvoptions/kvoptions.sty
Package: kvoptions 2020-10-07 v3.14 Key value format for package options (HO)
)
\@linkdim=\dimen181
\Hy@linkcounter=\count290
\Hy@pagecounter=\count291

(/usr/share/texlive/texmf-dist/tex/latex/hyperref/pd1enc.def
File: pd1enc.def 2021-06-07 v7.00m Hyperref: PDFDocEncoding definition (HO)
Now handling font encoding PD1 ...
... no UTF-8 mapping file for font encoding PD1
)
(/usr/share/texlive/texmf-dist/tex/latex/hyperref/hyperref-langpatches.def
File: hyperref-langpatches.def 2021-06-07 v7.00m Hyperref: patches for babel la
nguages
)
(/usr/share/texlive/texmf-dist/tex/generic/intcalc/intcalc.sty
Package: intcalc 2019/12/15 v1.3 Expandable calculations with integers (HO)
)
(/usr/share/texlive/texmf-dist/tex/generic/etexcmds/etexcmds.sty
Package: etexcmds 2019/12/15 v1.7 Avoid name clashes with e-TeX commands (HO)
)
\Hy@SavedSpaceFactor=\count292

(/usr/share/texlive/texmf-dist/tex/latex/hyperref/puenc.def
File: puenc.def 2021-06-07 v7.00m Hyperref: PDF Unicode definition (HO)
Now handling font encoding PU ...
... no UTF-8 mapping file for font encoding PU
)

Package hyperref Warning: Unexpected value for option `pdftex'
(hyperref)                is ignored on input line 4073.

Package hyperref Info: Option `colorlinks' set `true' on input line 4073.
Package hyperref Info: Option `plainpages' set `true' on input line 4073.
Package hyperref Info: Hyper figures OFF on input line 4192.
Package hyperref Info: Link nesting OFF on input line 4197.
Package hyperref Info: Hyper index ON on input line 4200.
Package hyperref Info: Plain pages ON on input line 4205.
Package hyperref Info: Backreferencing OFF on input line 4212.
Package hyperref Info: Implicit mode ON; LaTeX internals redefined.
Package hyperref Info: Bookmarks ON on input line 4445.
\c@Hy@tempcnt=\count293
(/usr/share/texlive/texmf-dist/tex/latex/url/url.sty
\Urlmuskip=\muskip17
Package: url 2013/09/16  ver 3.4  Verb mode for urls, etc.
)
LaTeX Info: Redefining \url on input line 4804.
\XeTeXLinkMargin=\dimen182

(/usr/share/texlive/texmf-dist/tex/generic/bitset/bitset.sty
Package: bitset 2019/12/09 v1.3 Handle bit-vector datatype (HO)

(/usr/share/texlive/texmf-dist/tex/generic/bigintcalc/bigintcalc.sty
Package: bigintcalc 2019/12/15 v1.5 Expandable calculations on big integers (HO
)
))
\Fld@menulength=\count294
\Field@Width=\dimen183
\Fld@charsize=\dimen184
Package hyperref Info: Hyper figures OFF on input line 6076.
Package hyperref Info: Link nesting OFF on input line 6081.
Package hyperref Info: Hyper index ON on input line 6084.
Package hyperref Info: backreferencing OFF on input line 6091.
Package hyperref Info: Link coloring ON on input line 6094.
Package hyperref Info: Link coloring with OCG OFF on input line 6101.
Package hyperref Info: PDF/A mode OFF on input line 6106.
LaTeX Info: Redefining \ref on input line 6146.
LaTeX Info: Redefining \pageref on input line 6150.

(/usr/share/texlive/texmf-dist/tex/latex/base/atbegshi-ltx.sty
Package: atbegshi-ltx 2021/01/10 v1.0c Emulation of the original atbegshi
package with kernel methods
)
\Hy@abspage=\count295
\c@Item=\count296
\c@Hfootnote=\count297
)
Package hyperref Info: Driver: hpdftex.

(/usr/share/texlive/texmf-dist/tex/latex/hyperref/hpdftex.def
File: hpdftex.def 2021-06-07 v7.00m Hyperref driver for pdfTeX

(/usr/share/texlive/texmf-dist/tex/latex/base/atveryend-ltx.sty
Package: atveryend-ltx 2020/08/19 v1.0a Emulation of the original atveryend pac
kage
with kernel methods
)
\Fld@listcount=\count298
\c@bookmark@seq@number=\count299

(/usr/share/texlive/texmf-dist/tex/latex/rerunfilecheck/rerunfilecheck.sty
Package: rerunfilecheck 2019/12/05 v1.9 Rerun checks for auxiliary files (HO)

(/usr/share/texlive/texmf-dist/tex/generic/uniquecounter/uniquecounter.sty
Package: uniquecounter 2019/12/15 v1.4 Provide unlimited unique counter (HO)
)
Package uniquecounter Info: New unique counter `rerunfilecheck' on input line 2
86.
)
\Hy@SectionHShift=\skip66
)
(/usr/share/texlive/texmf-dist/tex/latex/graphics/color.sty
Package: color 2021/12/07 v1.3c Standard LaTeX Color (DPC)

(/usr/share/texlive/texmf-dist/tex/latex/graphics-cfg/color.cfg
File: color.cfg 2016/01/02 v1.6 sample color configuration
)
Package color Info: Driver file: pdftex.def on input line 149.
)
(/usr/share/texlive/texmf-dist/tex/latex/pdfpages/pdfpages.sty
Package: pdfpages 2022/01/29 v0.5u Insert pages of external PDF documents (AM)

(/usr/share/texlive/texmf-dist/tex/latex/base/ifthen.sty
Package: ifthen 2020/11/24 v1.1c Standard LaTeX ifthen package (DPC)
)
(/usr/share/texlive/texmf-dist/tex/latex/tools/calc.sty
Package: calc 2017/05/25 v4.3 Infix arithmetic (KKT,FJ)
\calc@Acount=\count300
\calc@Bcount=\count301
\calc@Adimen=\dimen185
\calc@Bdimen=\dimen186
\calc@Askip=\skip67
\calc@Bskip=\skip68
LaTeX Info: Redefining \setlength on input line 80.
LaTeX Info: Redefining \addtolength on input line 81.
\calc@Ccount=\count302
\calc@Cskip=\skip69
)
(/usr/share/texlive/texmf-dist/tex/latex/eso-pic/eso-pic.sty
Package: eso-pic 2020/10/14 v3.0a eso-pic (RN)
\ESO@tempdima=\dimen187
\ESO@tempdimb=\dimen188
)
\AM@pagewidth=\dimen189
\AM@pageheight=\dimen190
\AM@fboxrule=\dimen191

(/usr/share/texlive/texmf-dist/tex/latex/pdfpages/pppdftex.def
File: pppdftex.def 2022/01/29 v0.5u Pdfpages driver for pdfTeX (AM)
)
\pdfpages@includegraphics@status=\count303
\AM@pagebox=\box104
\AM@global@opts=\toks31
\AM@pagecnt=\count304
\AM@toc@title=\toks32
\c@AM@survey=\count305
\AM@templatesizebox=\box105
)
(/usr/share/texlive/texmf-dist/tex/generic/shapepar/shapepar.sty
\cutoutsep=\skip70
Package: shapepar 2013/03/26 v 2.2x, Shaped paragraphs
\SH@scale=\dimen192
\SH@boxb=\box106
\SH@ntries=\count306
\spec@bot=\dimen193
\sqrtcount=\count307
)
LaTeX Font Info:    Trying to load font information for OT1+lmr on input line 3
3.

(/usr/share/texmf/tex/latex/lm/ot1lmr.fd
File: ot1lmr.fd 2009/10/30 v1.6 Font defs for Latin Modern
)
(/usr/share/texlive/texmf-dist/tex/latex/l3backend/l3backend-pdftex.def
File: l3backend-pdftex.def 2022-01-12 L3 backend support: PDF output (pdfTeX)
\l__color_backend_stack_int=\count308
\l__pdf_internal_box=\box107
)
(./Reporte3.aux
LaTeX Info: Redefining \. on input line 26.
LaTeX Info: Redefining \% on input line 26.


LaTeX Warning: Label `fig:MongoA' multiply defined.


LaTeX Warning: Label `fig:MongoA' multiply defined.


LaTeX Warning: Label `fig:MongoA' multiply defined.


LaTeX Warning: Label `fig:MongoA' multiply defined.


LaTeX Warning: Label `fig:MongoA' multiply defined.


LaTeX Warning: Label `fig:MongoA' multiply defined.


LaTeX Warning: Label `fig:MongoA' multiply defined.


LaTeX Warning: Label `fig:MongoA' multiply defined.


LaTeX Warning: Label `fig:cognito' multiply defined.


LaTeX Warning: Label `fig:cognito' multiply defined.


LaTeX Warning: Label `fig:cognito' multiply defined.


LaTeX Warning: Label `fig:cognito' multiply defined.


LaTeX Warning: Label `fig:cognito' multiply defined.


LaTeX Warning: Label `fig:cognito' multiply defined.

)
\openout1 = `Reporte3.aux'.

LaTeX Font Info:    Checking defaults for OML/cmm/m/it on input line 33.
LaTeX Font Info:    ... okay on input line 33.
LaTeX Font Info:    Checking defaults for OMS/cmsy/m/n on input line 33.
LaTeX Font Info:    ... okay on input line 33.
LaTeX Font Info:    Checking defaults for OT1/cmr/m/n on input line 33.
LaTeX Font Info:    ... okay on input line 33.
LaTeX Font Info:    Checking defaults for T1/cmr/m/n on input line 33.
LaTeX Font Info:    ... okay on input line 33.
LaTeX Font Info:    Checking defaults for TS1/cmr/m/n on input line 33.
LaTeX Font Info:    ... okay on input line 33.
LaTeX Font Info:    Checking defaults for OMX/cmex/m/n on input line 33.
LaTeX Font Info:    ... okay on input line 33.
LaTeX Font Info:    Checking defaults for U/cmr/m/n on input line 33.
LaTeX Font Info:    ... okay on input line 33.
LaTeX Font Info:    Checking defaults for PD1/pdf/m/n on input line 33.
LaTeX Font Info:    ... okay on input line 33.
LaTeX Font Info:    Checking defaults for PU/pdf/m/n on input line 33.
LaTeX Font Info:    ... okay on input line 33.
LaTeX Info: Redefining \. on input line 33.
LaTeX Info: Redefining \% on input line 33.
 (/usr/share/texlive/texmf-dist/tex/context/base/mkii/supp-pdf.mkii
[Loading MPS to PDF converter (version 2006.09.02).]
\scratchcounter=\count309
\scratchdimen=\dimen194
\scratchbox=\box108
\nofMPsegments=\count310
\nofMParguments=\count311
\everyMPshowfont=\toks33
\MPscratchCnt=\count312
\MPscratchDim=\dimen195
\MPnumerator=\count313
\makeMPintoPDFobject=\count314
\everyMPtoPDFconversion=\toks34
) (/usr/share/texlive/texmf-dist/tex/latex/epstopdf-pkg/epstopdf-base.sty
Package: epstopdf-base 2020-01-24 v2.11 Base part for package epstopdf
Package epstopdf-base Info: Redefining graphics rule for `.eps' on input line 4
85.

(/usr/share/texlive/texmf-dist/tex/latex/latexconfig/epstopdf-sys.cfg
File: epstopdf-sys.cfg 2010/07/13 v1.3 Configuration of (r)epstopdf for TeX Liv
e
))
Package hyperref Info: Link coloring ON on input line 33.

(/usr/share/texlive/texmf-dist/tex/latex/hyperref/nameref.sty
Package: nameref 2021-04-02 v2.47 Cross-referencing by name of section

(/usr/share/texlive/texmf-dist/tex/latex/refcount/refcount.sty
Package: refcount 2019/12/15 v3.6 Data extraction from label references (HO)
)
(/usr/share/texlive/texmf-dist/tex/generic/gettitlestring/gettitlestring.sty
Package: gettitlestring 2019/12/15 v1.6 Cleanup title references (HO)
)
\c@section@level=\count315
)
LaTeX Info: Redefining \ref on input line 33.
LaTeX Info: Redefining \pageref on input line 33.
LaTeX Info: Redefining \nameref on input line 33.

(./Reporte3.out) (./Reporte3.out)
\@outlinefile=\write3
\openout3 = `Reporte3.out'.


(/usr/share/texlive/texmf-dist/tex/latex/pdflscape/pdflscape.sty
Package: pdflscape 2019/12/05 v0.12 Display of landscape pages in PDF (HO)

(/usr/share/texlive/texmf-dist/tex/latex/graphics/lscape.sty
Package: lscape 2020/05/28 v3.02 Landscape Pages (DPC)
)
Package pdflscape Info: Auto-detected driver: pdftex on input line 81.
)
<imagenes/ipn.jpg, id=124, 180.675pt x 232.87pt>
File: imagenes/ipn.jpg Graphic file (type jpg)
<use imagenes/ipn.jpg>
Package pdftex.def Info: imagenes/ipn.jpg  used on input line 41.
(pdftex.def)             Requested size: 81.303pt x 104.79051pt.
<imagenes/upiita.png, id=125, 722.7pt x 568.1225pt>
File: imagenes/upiita.png Graphic file (type png)
<use imagenes/upiita.png>
Package pdftex.def Info: imagenes/upiita.png  used on input line 43.
(pdftex.def)             Requested size: 108.40031pt x 85.21469pt.

Underfull \hbox (badness 10000) in paragraph at lines 41--45

 []

LaTeX Font Info:    Trying to load font information for OML+lmm on input line 8
6.
(/usr/share/texmf/tex/latex/lm/omllmm.fd
File: omllmm.fd 2009/10/30 v1.6 Font defs for Latin Modern
)
LaTeX Font Info:    Trying to load font information for OMS+lmsy on input line 
86.

(/usr/share/texmf/tex/latex/lm/omslmsy.fd
File: omslmsy.fd 2009/10/30 v1.6 Font defs for Latin Modern
)
LaTeX Font Info:    Trying to load font information for OMX+lmex on input line 
86.

(/usr/share/texmf/tex/latex/lm/omxlmex.fd
File: omxlmex.fd 2009/10/30 v1.6 Font defs for Latin Modern
)
LaTeX Font Info:    External font `lmex10' loaded for size
(Font)              <12> on input line 86.
LaTeX Font Info:    External font `lmex10' loaded for size
(Font)              <8> on input line 86.
LaTeX Font Info:    External font `lmex10' loaded for size
(Font)              <6> on input line 86.
LaTeX Font Info:    Trying to load font information for U+msa on input line 86.


(/usr/share/texlive/texmf-dist/tex/latex/amsfonts/umsa.fd
File: umsa.fd 2013/01/14 v3.01 AMS symbols A
)
LaTeX Font Info:    Trying to load font information for U+msb on input line 86.


(/usr/share/texlive/texmf-dist/tex/latex/amsfonts/umsb.fd
File: umsb.fd 2013/01/14 v3.01 AMS symbols B
) [1

{/var/lib/texmf/fonts/map/pdftex/updmap/pdftex.map} <./imagenes/ipn.jpg> <./ima
genes/upiita.png>] (./Reporte3.toc
LaTeX Info: Redefining \. on input line 1.
LaTeX Info: Redefining \% on input line 1.
)
\tf@toc=\write4
\openout4 = `Reporte3.toc'.

pdfTeX warning (ext4): destination with the same identifier (name{page.1}) has 
been already used, duplicate ignored
<to be read again> 
                   \relax 
l.106 \newpage
               [1] (./Reporte3.lof
LaTeX Info: Redefining \. on input line 1.
LaTeX Info: Redefining \% on input line 1.
)
\tf@lof=\write5
\openout5 = `Reporte3.lof'.

 [2] (./Reporte3.lot
LaTeX Info: Redefining \. on input line 1.
LaTeX Info: Redefining \% on input line 1.
)
\tf@lot=\write6
\openout6 = `Reporte3.lot'.

 [3]
<imagenes/create.png, id=230, 676.5275pt x 70.2625pt>
File: imagenes/create.png Graphic file (type png)
<use imagenes/create.png>
Package pdftex.def Info: imagenes/create.png  used on input line 126.
(pdftex.def)             Requested size: 338.26291pt x 35.13115pt.
<imagenes/router.png, id=231, 623.32875pt x 356.33125pt>
File: imagenes/router.png Graphic file (type png)
<use imagenes/router.png>
Package pdftex.def Info: imagenes/router.png  used on input line 135.
(pdftex.def)             Requested size: 311.6636pt x 178.16518pt.
<imagenes/import.png, id=232, 768.8725pt x 30.1125pt>
File: imagenes/import.png Graphic file (type png)
<use imagenes/import.png>
Package pdftex.def Info: imagenes/import.png  used on input line 143.
(pdftex.def)             Requested size: 461.32706pt x 18.06763pt.
<imagenes/routes.png, id=233, 477.785pt x 510.90875pt>
File: imagenes/routes.png Graphic file (type png)
<use imagenes/routes.png>
Package pdftex.def Info: imagenes/routes.png  used on input line 153.
(pdftex.def)             Requested size: 286.6732pt x 306.5476pt.
 [4 <./imagenes/create.png> <./imagenes/router.png> <./imagenes/import.png>] [5
 <./imagenes/routes.png>]
<imagenes/cli.png, id=246, 813.0375pt x 74.2775pt>
File: imagenes/cli.png Graphic file (type png)
<use imagenes/cli.png>
Package pdftex.def Info: imagenes/cli.png  used on input line 189.
(pdftex.def)             Requested size: 487.82626pt x 44.56683pt.
<imagenes/region.png, id=247, 682.55pt x 211.79124pt>
File: imagenes/region.png Graphic file (type png)
<use imagenes/region.png>
Package pdftex.def Info: imagenes/region.png  used on input line 197.
(pdftex.def)             Requested size: 409.53316pt x 127.07571pt.
<imagenes/sdk.png, id=248, 891.33pt x 157.58875pt>
File: imagenes/sdk.png Graphic file (type png)
<use imagenes/sdk.png>
Package pdftex.def Info: imagenes/sdk.png  used on input line 206.
(pdftex.def)             Requested size: 490.23302pt x 86.67407pt.
<imagenes/expressjs.png, id=249, 622.325pt x 115.43124pt>
File: imagenes/expressjs.png Graphic file (type png)
<use imagenes/expressjs.png>
Package pdftex.def Info: imagenes/expressjs.png  used on input line 214.
(pdftex.def)             Requested size: 342.2798pt x 63.48737pt.
 [6 <./imagenes/cli.png> <./imagenes/region.png> <./imagenes/sdk.png>]
[7 <./imagenes/expressjs.png>]
LaTeX Font Info:    Trying to load font information for OT1+lmtt on input line 
236.
 (/usr/share/texmf/tex/latex/lm/ot1lmtt.fd
File: ot1lmtt.fd 2009/10/30 v1.6 Font defs for Latin Modern
)
<imagenes/mongod.jpg, id=264, 1014.79124pt x 442.65375pt>
File: imagenes/mongod.jpg Graphic file (type jpg)
<use imagenes/mongod.jpg>
Package pdftex.def Info: imagenes/mongod.jpg  used on input line 239.
(pdftex.def)             Requested size: 405.9093pt x 177.05835pt.
<imagenes/mongohome.jpg, id=265, 842.39719pt x 347.04657pt>
File: imagenes/mongohome.jpg Graphic file (type jpg)
<use imagenes/mongohome.jpg>
Package pdftex.def Info: imagenes/mongohome.jpg  used on input line 247.
(pdftex.def)             Requested size: 421.19756pt x 173.52286pt.
<imagenes/shared.jpg, id=266, 606.76688pt x 356.0803pt>
File: imagenes/shared.jpg Graphic file (type jpg)
<use imagenes/shared.jpg>
Package pdftex.def Info: imagenes/shared.jpg  used on input line 255.
(pdftex.def)             Requested size: 303.38269pt x 178.03972pt.

[8 <./imagenes/mongod.jpg> <./imagenes/mongohome.jpg>]
<imagenes/storage.jpg, id=272, 605.26125pt x 243.91125pt>
File: imagenes/storage.jpg Graphic file (type jpg)
<use imagenes/storage.jpg>
Package pdftex.def Info: imagenes/storage.jpg  used on input line 262.
(pdftex.def)             Requested size: 302.62987pt x 121.95532pt.
<imagenes/directory.jpg, id=273, 261.22594pt x 264.23718pt>
File: imagenes/directory.jpg Graphic file (type jpg)
<use imagenes/directory.jpg>
Package pdftex.def Info: imagenes/directory.jpg  used on input line 270.
(pdftex.def)             Requested size: 130.61264pt x 132.11826pt.
<imagenes/confi_server.jpg, id=274, 685.8122pt x 266.49562pt>
File: imagenes/confi_server.jpg Graphic file (type jpg)
<use imagenes/confi_server.jpg>
Package pdftex.def Info: imagenes/confi_server.jpg  used on input line 277.
(pdftex.def)             Requested size: 342.90526pt x 133.24748pt.
 [9 <./imagenes/shared.jpg> <./imagenes/storage.jpg> <./imagenes/directory.jpg>
]
<imagenes/mongo_connect.jpg, id=279, 691.83469pt x 218.31563pt>
File: imagenes/mongo_connect.jpg Graphic file (type jpg)
<use imagenes/mongo_connect.jpg>
Package pdftex.def Info: imagenes/mongo_connect.jpg  used on input line 283.
(pdftex.def)             Requested size: 345.91649pt x 109.15753pt.
<imagenes/conexion.jpg, id=280, 621.07031pt x 338.01282pt>
File: imagenes/conexion.jpg Graphic file (type jpg)
<use imagenes/conexion.jpg>
Package pdftex.def Info: imagenes/conexion.jpg  used on input line 293.
(pdftex.def)             Requested size: 310.5344pt x 169.00598pt.
 [10 <./imagenes/confi_server.jpg> <./imagenes/mongo_connect.jpg> <./imagenes/c
onexion.jpg>]
<imagenes/cognito.png, id=285, 573.14125pt x 520.94624pt>
File: imagenes/cognito.png Graphic file (type png)
<use imagenes/cognito.png>
Package pdftex.def Info: imagenes/cognito.png  used on input line 330.
(pdftex.def)             Requested size: 286.56992pt x 260.47249pt.
 [11 <./imagenes/cognito.png>]
<imagenes/add.png, id=291, 719.68875pt x 69.25874pt>
File: imagenes/add.png Graphic file (type png)
<use imagenes/add.png>
Package pdftex.def Info: imagenes/add.png  used on input line 352.
(pdftex.def)             Requested size: 503.77869pt x 48.48077pt.

Overfull \hbox (3.2947pt too wide) in paragraph at lines 352--353
 [] 
 []

<imagenes/menu.png, id=292, 1029.8475pt x 271.0125pt>
File: imagenes/menu.png Graphic file (type png)
<use imagenes/menu.png>
Package pdftex.def Info: imagenes/menu.png  used on input line 360.
(pdftex.def)             Requested size: 514.9225pt x 135.5059pt.

Overfull \hbox (14.4385pt too wide) in paragraph at lines 360--361
 [] 
 []

<imagenes/console.png, id=293, 860.21375pt x 557.08125pt>
File: imagenes/console.png Graphic file (type png)
<use imagenes/console.png>
Package pdftex.def Info: imagenes/console.png  used on input line 376.
(pdftex.def)             Requested size: 430.10582pt x 278.53995pt.
[12 <./imagenes/add.png> <./imagenes/menu.png>]
<imagenes/pools.png, id=301, 1034.86626pt x 442.65375pt>
File: imagenes/pools.png Graphic file (type png)
<use imagenes/pools.png>
Package pdftex.def Info: imagenes/pools.png  used on input line 384.
(pdftex.def)             Requested size: 517.43185pt x 221.32632pt.

Overfull \hbox (16.94786pt too wide) in paragraph at lines 384--385
 [] 
 []

<imagenes/admin.png, id=302, 1111.15125pt x 529.98pt>
File: imagenes/admin.png Graphic file (type png)
<use imagenes/admin.png>
Package pdftex.def Info: imagenes/admin.png  used on input line 390.
(pdftex.def)             Requested size: 444.45262pt x 211.98824pt.
[13 <./imagenes/console.png> <./imagenes/pools.png>]
<imagenes/users.png, id=309, 1028.84375pt x 466.74374pt>
File: imagenes/users.png Graphic file (type png)
<use imagenes/users.png>
Package pdftex.def Info: imagenes/users.png  used on input line 396.
(pdftex.def)             Requested size: 411.53021pt x 186.69418pt.
 [14 <./imagenes/admin.png> <./imagenes/users.png>] [15] [16] [17] [18]

LaTeX Warning: Empty `thebibliography' environment on input line 457.

[19] (./Reporte3.aux
LaTeX Info: Redefining \. on input line 26.
LaTeX Info: Redefining \% on input line 26.
)

LaTeX Warning: There were multiply-defined labels.

Package rerunfilecheck Info: File `Reporte3.out' has not changed.
(rerunfilecheck)             Checksum: 3166F5583E93FA6E559B7432E7D3BEC6;4385.
 ) 
Here is how much of TeX's memory you used:
 14288 strings out of 480171
 229968 string characters out of 5893654
 529033 words of memory out of 5000000
 31887 multiletter control sequences out of 15000+600000
 519660 words of font info for 58 fonts, out of 8000000 for 9000
 42 hyphenation exceptions out of 8191
 60i,12n,63p,951b,505s stack positions out of 5000i,500n,10000p,200000b,80000s
{/usr/share/texmf/fonts/enc/dvips/lm/lm-rmtt.enc}{/usr/share/texmf/fonts/enc/
dvips/lm/lm-rm.enc}{/usr/share/texmf/fonts/enc/dvips/lm/lm-rmsc.enc}</usr/share
/texmf/fonts/type1/public/lm/lmbx12.pfb></usr/share/texmf/fonts/type1/public/lm
/lmcsc10.pfb></usr/share/texmf/fonts/type1/public/lm/lmr10.pfb></usr/share/texm
f/fonts/type1/public/lm/lmr12.pfb></usr/share/texmf/fonts/type1/public/lm/lmri1
2.pfb></usr/share/texmf/fonts/type1/public/lm/lmtt12.pfb>
Output written on Reporte3.pdf (20 pages, 1182050 bytes).
PDF statistics:
 389 PDF objects out of 1000 (max. 8388607)
 310 compressed objects within 4 object streams
 77 named destinations out of 1000 (max. 500000)
 366 words of extra memory for PDF output out of 10000 (max. 10000000)

