\BOOKMARK [1][-]{section.1}{\376\377\000D\000e\000f\000i\000n\000i\000r\000\040\000r\000u\000t\000a\000s\000\040\000d\000e\000l\000\040\000f\000r\000o\000n\000t\000e\000n\000d}{}% 1
\BOOKMARK [2][-]{subsection.1.1}{\376\377\000O\000b\000j\000e\000t\000i\000v\000o}{section.1}% 2
\BOOKMARK [2][-]{subsection.1.2}{\376\377\000D\000e\000s\000c\000r\000i\000p\000c\000i\000\363\000n}{section.1}% 3
\BOOKMARK [2][-]{subsection.1.3}{\376\377\000R\000e\000s\000u\000l\000t\000a\000d\000o\000s}{section.1}% 4
\BOOKMARK [1][-]{section.2}{\376\377\000D\000e\000f\000i\000n\000i\000r\000\040\000r\000u\000t\000a\000s\000\040\000d\000e\000l\000\040\000b\000a\000c\000k\000e\000n\000d}{}% 5
\BOOKMARK [2][-]{subsection.2.1}{\376\377\000O\000b\000j\000e\000t\000i\000v\000o}{section.2}% 6
\BOOKMARK [2][-]{subsection.2.2}{\376\377\000D\000e\000s\000c\000r\000i\000p\000c\000i\000\363\000n}{section.2}% 7
\BOOKMARK [2][-]{subsection.2.3}{\376\377\000R\000e\000s\000u\000l\000t\000a\000d\000o\000s}{section.2}% 8
\BOOKMARK [1][-]{section.3}{\376\377\000C\000o\000n\000e\000x\000i\000\363\000n\000\040\000B\000a\000c\000k\000e\000n\000d\000\040\000c\000o\000n\000\040\000M\000o\000n\000g\000o\000\040\000D\000B}{}% 9
\BOOKMARK [2][-]{subsection.3.1}{\376\377\000O\000b\000j\000e\000t\000i\000v\000o}{section.3}% 10
\BOOKMARK [2][-]{subsection.3.2}{\376\377\000D\000e\000s\000c\000r\000i\000p\000c\000i\000\363\000n}{section.3}% 11
\BOOKMARK [2][-]{subsection.3.3}{\376\377\000R\000e\000s\000u\000l\000t\000a\000d\000o\000s}{section.3}% 12
\BOOKMARK [1][-]{section.4}{\376\377\000S\000i\000s\000t\000e\000m\000a\000\040\000d\000e\000\040\000a\000c\000c\000e\000s\000o\000\040\000c\000o\000n\000\040\000c\000r\000e\000d\000e\000n\000c\000i\000a\000l\000e\000s}{}% 13
\BOOKMARK [2][-]{subsection.4.1}{\376\377\000O\000b\000j\000e\000t\000i\000v\000o}{section.4}% 14
\BOOKMARK [2][-]{subsection.4.2}{\376\377\000D\000e\000s\000c\000r\000i\000p\000c\000i\000\363\000n}{section.4}% 15
\BOOKMARK [2][-]{subsection.4.3}{\376\377\000R\000e\000s\000u\000l\000t\000a\000d\000o\000s}{section.4}% 16
\BOOKMARK [1][-]{section.5}{\376\377\000C\000r\000e\000a\000c\000i\000\363\000n\000\040\000d\000e\000\040\000l\000a\000\040\000b\000a\000s\000e\000\040\000d\000e\000\040\000d\000a\000t\000o\000s\000\040\000N\000o\000\040\000R\000e\000l\000a\000c\000i\000o\000n\000a\000l}{}% 17
\BOOKMARK [2][-]{subsection.5.1}{\376\377\000O\000b\000j\000e\000t\000i\000v\000o}{section.5}% 18
\BOOKMARK [2][-]{subsection.5.2}{\376\377\000D\000e\000s\000c\000r\000i\000p\000c\000i\000\363\000n}{section.5}% 19
\BOOKMARK [2][-]{subsection.5.3}{\376\377\000R\000e\000s\000u\000l\000t\000a\000d\000o\000s}{section.5}% 20
\BOOKMARK [1][-]{section.6}{\376\377\000I\000n\000v\000e\000s\000t\000i\000g\000a\000c\000i\000\363\000n\000\040\000d\000e\000\040\000m\000o\000d\000e\000l\000o\000s\000\040\000d\000e\000\040\000R\000e\000d\000e\000s\000\040\000N\000e\000u\000r\000o\000n\000a\000l\000e\000s\000\040\000C\000o\000n\000v\000o\000l\000u\000c\000i\000o\000n\000a\000l\000e\000s}{}% 21
\BOOKMARK [2][-]{subsection.6.1}{\376\377\000O\000b\000j\000e\000t\000i\000v\000o}{section.6}% 22
\BOOKMARK [2][-]{subsection.6.2}{\376\377\000D\000e\000s\000c\000r\000i\000p\000c\000i\000\363\000n}{section.6}% 23
\BOOKMARK [2][-]{subsection.6.3}{\376\377\000R\000e\000s\000u\000l\000t\000a\000d\000o\000s}{section.6}% 24
\BOOKMARK [1][-]{section.7}{\376\377\000D\000i\000s\000e\000\361\000o\000\040\000d\000e\000\040\000u\000n\000a\000\040\000r\000e\000d\000\040\000n\000e\000u\000r\000o\000n\000a\000l\000\040\000c\000o\000n\000v\000o\000l\000u\000c\000i\000o\000n\000a\000l\000\040\000c\000a\000p\000a\000z\000\040\000d\000e\000\040\000d\000e\000t\000e\000c\000t\000a\000r\000\040\000o\000j\000o\000s\000\040\000c\000e\000r\000r\000a\000d\000o\000s\000\040\000y\000\040\000a\000b\000i\000e\000r\000t\000o\000s}{}% 25
\BOOKMARK [2][-]{subsection.7.1}{\376\377\000O\000b\000j\000e\000t\000i\000v\000o}{section.7}% 26
\BOOKMARK [2][-]{subsection.7.2}{\376\377\000D\000e\000s\000c\000r\000i\000p\000c\000i\000\363\000n}{section.7}% 27
\BOOKMARK [2][-]{subsection.7.3}{\376\377\000R\000e\000s\000u\000l\000t\000a\000d\000o\000s}{section.7}% 28
\BOOKMARK [1][-]{section.8}{\376\377\000C\000o\000n\000c\000l\000u\000s\000i\000o\000n\000e\000s}{}% 29
\BOOKMARK [1][-]{section.9}{\376\377\000B\000i\000b\000l\000i\000o\000g\000r\000a\000f\000i\000a}{}% 30
