This is pdfTeX, Version 3.141592653-2.6-1.40.24 (MiKTeX 22.7) (preloaded format=pdflatex 2022.10.6)  19 MAY 2023 05:34
entering extended mode
 restricted \write18 enabled.
 %&-line parsing enabled.
**./tercer_reporte.tex
(tercer_reporte.tex
LaTeX2e <2022-06-01> patch level 5
L3 programming layer <2022-07-04>
(C:\Users\unknown\AppData\Local\Programs\MiKTeX\tex/latex/base\article.cls
Document Class: article 2021/10/04 v1.4n Standard LaTeX document class
(C:\Users\unknown\AppData\Local\Programs\MiKTeX\tex/latex/base\size12.clo
File: size12.clo 2021/10/04 v1.4n Standard LaTeX file (size option)
)
\c@part=\count185
\c@section=\count186
\c@subsection=\count187
\c@subsubsection=\count188
\c@paragraph=\count189
\c@subparagraph=\count190
\c@figure=\count191
\c@table=\count192
\abovecaptionskip=\skip47
\belowcaptionskip=\skip48
\bibindent=\dimen138
)
(C:\Users\unknown\AppData\Local\Programs\MiKTeX\tex/generic/babel\babel.sty
Package: babel 2022/06/26 3.77 The Babel package
\babel@savecnt=\count193
\U@D=\dimen139
\l@unhyphenated=\language79

(C:\Users\unknown\AppData\Local\Programs\MiKTeX\tex/generic/babel\txtbabel.def)
\bbl@readstream=\read2
\bbl@dirlevel=\count194
*************************************
* Local config file bblopts.cfg used
*
(C:\Users\unknown\AppData\Local\Programs\MiKTeX\tex/latex/arabi\bblopts.cfg
File: bblopts.cfg 2005/09/08 v0.1 add Arabic and Farsi to "declared" options of
 babel
)
(C:\Users\unknown\AppData\Local\Programs\MiKTeX\tex/latex/babel-spanish\spanish
.ldf
Language: spanish.ldf 2021/05/27 v5.0q Spanish support from the babel system
\es@quottoks=\toks16
\es@quotdepth=\count195
Package babel Info: Making " an active character on input line 570.
Package babel Info: Making . an active character on input line 675.
Package babel Info: Making < an active character on input line 722.
Package babel Info: Making > an active character on input line 722.
))
(C:\Users\unknown\AppData\Local\Programs\MiKTeX\tex/generic/babel/locale/es\bab
el-spanish.tex
Package babel Info: Importing font and identification data for spanish
(babel)             from babel-es.ini. Reported on input line 11.
)
(C:\Users\unknown\AppData\Local\Programs\MiKTeX\tex/latex/amsmath\amsmath.sty
Package: amsmath 2022/04/08 v2.17n AMS math features
\@mathmargin=\skip49

For additional information on amsmath, use the `?' option.
(C:\Users\unknown\AppData\Local\Programs\MiKTeX\tex/latex/amsmath\amstext.sty
Package: amstext 2021/08/26 v2.01 AMS text

(C:\Users\unknown\AppData\Local\Programs\MiKTeX\tex/latex/amsmath\amsgen.sty
File: amsgen.sty 1999/11/30 v2.0 generic functions
\@emptytoks=\toks17
\ex@=\dimen140
))
(C:\Users\unknown\AppData\Local\Programs\MiKTeX\tex/latex/amsmath\amsbsy.sty
Package: amsbsy 1999/11/29 v1.2d Bold Symbols
\pmbraise@=\dimen141
)
(C:\Users\unknown\AppData\Local\Programs\MiKTeX\tex/latex/amsmath\amsopn.sty
Package: amsopn 2022/04/08 v2.04 operator names
)
\inf@bad=\count196
LaTeX Info: Redefining \frac on input line 234.
\uproot@=\count197
\leftroot@=\count198
LaTeX Info: Redefining \overline on input line 399.
LaTeX Info: Redefining \colon on input line 410.
\classnum@=\count199
\DOTSCASE@=\count266
LaTeX Info: Redefining \ldots on input line 496.
LaTeX Info: Redefining \dots on input line 499.
LaTeX Info: Redefining \cdots on input line 620.
\Mathstrutbox@=\box51
\strutbox@=\box52
LaTeX Info: Redefining \big on input line 722.
LaTeX Info: Redefining \Big on input line 723.
LaTeX Info: Redefining \bigg on input line 724.
LaTeX Info: Redefining \Bigg on input line 725.
\big@size=\dimen142
LaTeX Font Info:    Redeclaring font encoding OML on input line 743.
LaTeX Font Info:    Redeclaring font encoding OMS on input line 744.
\macc@depth=\count267
LaTeX Info: Redefining \bmod on input line 905.
LaTeX Info: Redefining \pmod on input line 910.
LaTeX Info: Redefining \smash on input line 940.
LaTeX Info: Redefining \relbar on input line 970.
LaTeX Info: Redefining \Relbar on input line 971.
\c@MaxMatrixCols=\count268
\dotsspace@=\muskip16
\c@parentequation=\count269
\dspbrk@lvl=\count270
\tag@help=\toks18
\row@=\count271
\column@=\count272
\maxfields@=\count273
\andhelp@=\toks19
\eqnshift@=\dimen143
\alignsep@=\dimen144
\tagshift@=\dimen145
\tagwidth@=\dimen146
\totwidth@=\dimen147
\lineht@=\dimen148
\@envbody=\toks20
\multlinegap=\skip50
\multlinetaggap=\skip51
\mathdisplay@stack=\toks21
LaTeX Info: Redefining \[ on input line 2953.
LaTeX Info: Redefining \] on input line 2954.
)
(C:\Users\unknown\AppData\Local\Programs\MiKTeX\tex/latex/base\inputenc.sty
Package: inputenc 2021/02/14 v1.3d Input encoding file
\inpenc@prehook=\toks22
\inpenc@posthook=\toks23

(C:\Users\unknown\AppData\Local\Programs\MiKTeX\tex/latex/base\latin1.def
File: latin1.def 2021/02/14 v1.3d Input encoding file
))
(C:\Users\unknown\AppData\Local\Programs\MiKTeX\tex/latex/graphics\graphicx.sty
Package: graphicx 2021/09/16 v1.2d Enhanced LaTeX Graphics (DPC,SPQR)
(C:\Users\unknown\AppData\Local\Programs\MiKTeX\tex/latex/graphics\keyval.sty
Package: keyval 2022/05/29 v1.15 key=value parser (DPC)
\KV@toks@=\toks24
)
(C:\Users\unknown\AppData\Local\Programs\MiKTeX\tex/latex/graphics\graphics.sty
Package: graphics 2022/03/10 v1.4e Standard LaTeX Graphics (DPC,SPQR)
(C:\Users\unknown\AppData\Local\Programs\MiKTeX\tex/latex/graphics\trig.sty
Package: trig 2021/08/11 v1.11 sin cos tan (DPC)
)
(C:\Users\unknown\AppData\Local\Programs\MiKTeX\tex/latex/graphics-cfg\graphics
.cfg
File: graphics.cfg 2016/06/04 v1.11 sample graphics configuration
)
Package graphics Info: Driver file: pdftex.def on input line 107.

(C:\Users\unknown\AppData\Local\Programs\MiKTeX\tex/latex/graphics-def\pdftex.d
ef
File: pdftex.def 2020/10/05 v1.2a Graphics/color driver for pdftex
))
\Gin@req@height=\dimen149
\Gin@req@width=\dimen150
)
(C:\Users\unknown\AppData\Local\Programs\MiKTeX\tex/latex/amsfonts\amssymb.sty
Package: amssymb 2013/01/14 v3.01 AMS font symbols

(C:\Users\unknown\AppData\Local\Programs\MiKTeX\tex/latex/amsfonts\amsfonts.sty
Package: amsfonts 2013/01/14 v3.01 Basic AMSFonts support
\symAMSa=\mathgroup4
\symAMSb=\mathgroup5
LaTeX Font Info:    Redeclaring math symbol \hbar on input line 98.
LaTeX Font Info:    Overwriting math alphabet `\mathfrak' in version `bold'
(Font)                  U/euf/m/n --> U/euf/b/n on input line 106.
))
(C:\Users\unknown\AppData\Local\Programs\MiKTeX\tex/latex/anysize\anysize.sty
Package: anysize 1994/08/13 setting margin sizes

document style option `anysize' loaded
Michael Salzenberg, Thomas Esser, Dirk Hillbrecht
Version 1.0, Aug 13, 1994
\@Leftmargin=\dimen151
\@Rightmargin=\dimen152
\@Topmargin=\dimen153
\@Bottommargin=\dimen154
) (C:\Users\unknown\AppData\Local\Programs\MiKTeX\tex/latex/tools\array.sty
Package: array 2021/10/04 v2.5f Tabular extension package (FMi)
\col@sep=\dimen155
\ar@mcellbox=\box53
\extrarowheight=\dimen156
\NC@list=\toks25
\extratabsurround=\skip52
\backup@length=\skip53
\ar@cellbox=\box54
)
(C:\Users\unknown\AppData\Local\Programs\MiKTeX\tex/latex/tools\multicol.sty
Package: multicol 2021/10/28 v1.9b multicolumn formatting (FMi)
\c@tracingmulticols=\count274
\mult@box=\box55
\multicol@leftmargin=\dimen157
\c@unbalance=\count275
\c@collectmore=\count276
\doublecol@number=\count277
\multicoltolerance=\count278
\multicolpretolerance=\count279
\full@width=\dimen158
\page@free=\dimen159
\premulticols=\dimen160
\postmulticols=\dimen161
\multicolsep=\skip54
\multicolbaselineskip=\skip55
\partial@page=\box56
\last@line=\box57
\maxbalancingoverflow=\dimen162
\mult@rightbox=\box58
\mult@grightbox=\box59
\mult@firstbox=\box60
\mult@gfirstbox=\box61
\@tempa=\box62
\@tempa=\box63
\@tempa=\box64
\@tempa=\box65
\@tempa=\box66
\@tempa=\box67
\@tempa=\box68
\@tempa=\box69
\@tempa=\box70
\@tempa=\box71
\@tempa=\box72
\@tempa=\box73
\@tempa=\box74
\@tempa=\box75
\@tempa=\box76
\@tempa=\box77
\@tempa=\box78
\@tempa=\box79
\@tempa=\box80
\@tempa=\box81
\@tempa=\box82
\@tempa=\box83
\@tempa=\box84
\@tempa=\box85
\@tempa=\box86
\@tempa=\box87
\@tempa=\box88
\@tempa=\box89
\@tempa=\box90
\@tempa=\box91
\@tempa=\box92
\@tempa=\box93
\@tempa=\box94
\@tempa=\box95
\@tempa=\box96
\@tempa=\box97
\c@minrows=\count280
\c@columnbadness=\count281
\c@finalcolumnbadness=\count282
\last@try=\dimen163
\multicolovershoot=\dimen164
\multicolundershoot=\dimen165
\mult@nat@firstbox=\box98
\colbreak@box=\box99
\mc@col@check@num=\count283
)
(C:\Users\unknown\AppData\Local\Programs\MiKTeX\tex/latex/lm\lmodern.sty
Package: lmodern 2015/05/01 v1.6.1 Latin Modern Fonts
LaTeX Font Info:    Overwriting symbol font `operators' in version `normal'
(Font)                  OT1/cmr/m/n --> OT1/lmr/m/n on input line 22.
LaTeX Font Info:    Overwriting symbol font `letters' in version `normal'
(Font)                  OML/cmm/m/it --> OML/lmm/m/it on input line 23.
LaTeX Font Info:    Overwriting symbol font `symbols' in version `normal'
(Font)                  OMS/cmsy/m/n --> OMS/lmsy/m/n on input line 24.
LaTeX Font Info:    Overwriting symbol font `largesymbols' in version `normal'
(Font)                  OMX/cmex/m/n --> OMX/lmex/m/n on input line 25.
LaTeX Font Info:    Overwriting symbol font `operators' in version `bold'
(Font)                  OT1/cmr/bx/n --> OT1/lmr/bx/n on input line 26.
LaTeX Font Info:    Overwriting symbol font `letters' in version `bold'
(Font)                  OML/cmm/b/it --> OML/lmm/b/it on input line 27.
LaTeX Font Info:    Overwriting symbol font `symbols' in version `bold'
(Font)                  OMS/cmsy/b/n --> OMS/lmsy/b/n on input line 28.
LaTeX Font Info:    Overwriting symbol font `largesymbols' in version `bold'
(Font)                  OMX/cmex/m/n --> OMX/lmex/m/n on input line 29.
LaTeX Font Info:    Overwriting math alphabet `\mathbf' in version `normal'
(Font)                  OT1/cmr/bx/n --> OT1/lmr/bx/n on input line 31.
LaTeX Font Info:    Overwriting math alphabet `\mathsf' in version `normal'
(Font)                  OT1/cmss/m/n --> OT1/lmss/m/n on input line 32.
LaTeX Font Info:    Overwriting math alphabet `\mathit' in version `normal'
(Font)                  OT1/cmr/m/it --> OT1/lmr/m/it on input line 33.
LaTeX Font Info:    Overwriting math alphabet `\mathtt' in version `normal'
(Font)                  OT1/cmtt/m/n --> OT1/lmtt/m/n on input line 34.
LaTeX Font Info:    Overwriting math alphabet `\mathbf' in version `bold'
(Font)                  OT1/cmr/bx/n --> OT1/lmr/bx/n on input line 35.
LaTeX Font Info:    Overwriting math alphabet `\mathsf' in version `bold'
(Font)                  OT1/cmss/bx/n --> OT1/lmss/bx/n on input line 36.
LaTeX Font Info:    Overwriting math alphabet `\mathit' in version `bold'
(Font)                  OT1/cmr/bx/it --> OT1/lmr/bx/it on input line 37.
LaTeX Font Info:    Overwriting math alphabet `\mathtt' in version `bold'
(Font)                  OT1/cmtt/m/n --> OT1/lmtt/m/n on input line 38.
)
(C:\Users\unknown\AppData\Local\Programs\MiKTeX\tex/latex/adjustbox\adjustbox.s
ty
Package: adjustbox 2022/10/17 v1.3a Adjusting TeX boxes (trim, clip, ...)

(C:\Users\unknown\AppData\Local\Programs\MiKTeX\tex/latex/xkeyval\xkeyval.sty
Package: xkeyval 2022/06/16 v2.9 package option processing (HA)

(C:\Users\unknown\AppData\Local\Programs\MiKTeX\tex/generic/xkeyval\xkeyval.tex

(C:\Users\unknown\AppData\Local\Programs\MiKTeX\tex/generic/xkeyval\xkvutils.te
x
\XKV@toks=\toks26
\XKV@tempa@toks=\toks27
)
\XKV@depth=\count284
File: xkeyval.tex 2014/12/03 v2.7a key=value parser (HA)
))
(C:\Users\unknown\AppData\Local\Programs\MiKTeX\tex/latex/adjustbox\adjcalc.sty
Package: adjcalc 2012/05/16 v1.1 Provides advanced setlength with multiple back
-ends (calc, etex, pgfmath)
)
(C:\Users\unknown\AppData\Local\Programs\MiKTeX\tex/latex/adjustbox\trimclip.st
y
Package: trimclip 2020/08/19 v1.2 Trim and clip general TeX material

(C:\Users\unknown\AppData\Local\Programs\MiKTeX\tex/latex/collectbox\collectbox
.sty
Package: collectbox 2022/10/17 v0.4c Collect macro arguments as boxes
\collectedbox=\box100
)
\tc@llx=\dimen166
\tc@lly=\dimen167
\tc@urx=\dimen168
\tc@ury=\dimen169
Package trimclip Info: Using driver 'tc-pdftex.def'.

(C:\Users\unknown\AppData\Local\Programs\MiKTeX\tex/latex/adjustbox\tc-pdftex.d
ef
File: tc-pdftex.def 2019/01/04 v2.2 Clipping driver for pdftex
))
\adjbox@Width=\dimen170
\adjbox@Height=\dimen171
\adjbox@Depth=\dimen172
\adjbox@Totalheight=\dimen173
\adjbox@pwidth=\dimen174
\adjbox@pheight=\dimen175
\adjbox@pdepth=\dimen176
\adjbox@ptotalheight=\dimen177

(C:\Users\unknown\AppData\Local\Programs\MiKTeX\tex/latex/ifoddpage\ifoddpage.s
ty
Package: ifoddpage 2022/10/18 v1.2 Conditionals for odd/even page detection
\c@checkoddpage=\count285
)
(C:\Users\unknown\AppData\Local\Programs\MiKTeX\tex/latex/varwidth\varwidth.sty
Package: varwidth 2009/03/30 ver 0.92;  Variable-width minipages
\@vwid@box=\box101
\sift@deathcycles=\count286
\@vwid@loff=\dimen178
\@vwid@roff=\dimen179
))
(C:\Users\unknown\AppData\Local\Programs\MiKTeX\tex/latex/enumitem\enumitem.sty
Package: enumitem 2019/06/20 v3.9 Customized lists
\labelindent=\skip56
\enit@outerparindent=\dimen180
\enit@toks=\toks28
\enit@inbox=\box102
\enit@count@id=\count287
\enitdp@description=\count288
) (C:\Users\unknown\AppData\Local\Programs\MiKTeX\tex/latex/float\float.sty
Package: float 2001/11/08 v1.3d Float enhancements (AL)
\c@float@type=\count289
\float@exts=\toks29
\float@box=\box103
\@float@everytoks=\toks30
\@floatcapt=\box104
)
(C:\Users\unknown\AppData\Local\Programs\MiKTeX\tex/latex/fancyhdr\fancyhdr.sty
Package: fancyhdr 2022/05/18 v4.0.3 Extensive control of page headers and foote
rs
\f@nch@headwidth=\skip57
\f@nch@O@elh=\skip58
\f@nch@O@erh=\skip59
\f@nch@O@olh=\skip60
\f@nch@O@orh=\skip61
\f@nch@O@elf=\skip62
\f@nch@O@erf=\skip63
\f@nch@O@olf=\skip64
\f@nch@O@orf=\skip65
)
(C:\Users\unknown\AppData\Local\Programs\MiKTeX\tex/latex/listings\listings.sty
\lst@mode=\count290
\lst@gtempboxa=\box105
\lst@token=\toks31
\lst@length=\count291
\lst@currlwidth=\dimen181
\lst@column=\count292
\lst@pos=\count293
\lst@lostspace=\dimen182
\lst@width=\dimen183
\lst@newlines=\count294
\lst@lineno=\count295
\lst@maxwidth=\dimen184
(C:\Users\unknown\AppData\Local\Programs\MiKTeX\tex/latex/listings\lstmisc.sty
File: lstmisc.sty 2020/03/24 1.8d (Carsten Heinz)
\c@lstnumber=\count296
\lst@skipnumbers=\count297
\lst@framebox=\box106
)
(C:\Users\unknown\AppData\Local\Programs\MiKTeX\tex/latex/listings\listings.cfg
File: listings.cfg 2020/03/24 1.8d listings configuration
))
Package: listings 2020/03/24 1.8d (Carsten Heinz)

(C:\Users\unknown\AppData\Local\Programs\MiKTeX\tex/latex/capt-of\capt-of.sty
Package: capt-of 2009/12/29 v0.2 standard captions outside of floats
)
(C:\Users\unknown\AppData\Local\Programs\MiKTeX\tex/latex/hyperref\hyperref.sty
Package: hyperref 2022-06-20 v7.00s Hypertext links for LaTeX

(C:\Users\unknown\AppData\Local\Programs\MiKTeX\tex/generic/ltxcmds\ltxcmds.sty
Package: ltxcmds 2020-05-10 v1.25 LaTeX kernel commands for general use (HO)
) (C:\Users\unknown\AppData\Local\Programs\MiKTeX\tex/generic/iftex\iftex.sty
Package: iftex 2022/02/03 v1.0f TeX engine tests
)
(C:\Users\unknown\AppData\Local\Programs\MiKTeX\tex/generic/pdftexcmds\pdftexcm
ds.sty
Package: pdftexcmds 2020-06-27 v0.33 Utility functions of pdfTeX for LuaTeX (HO
)

(C:\Users\unknown\AppData\Local\Programs\MiKTeX\tex/generic/infwarerr\infwarerr
.sty
Package: infwarerr 2019/12/03 v1.5 Providing info/warning/error messages (HO)
)
Package pdftexcmds Info: \pdf@primitive is available.
Package pdftexcmds Info: \pdf@ifprimitive is available.
Package pdftexcmds Info: \pdfdraftmode found.
)
(C:\Users\unknown\AppData\Local\Programs\MiKTeX\tex/generic/kvsetkeys\kvsetkeys
.sty
Package: kvsetkeys 2019/12/15 v1.18 Key value parser (HO)
)
(C:\Users\unknown\AppData\Local\Programs\MiKTeX\tex/generic/kvdefinekeys\kvdefi
nekeys.sty
Package: kvdefinekeys 2019-12-19 v1.6 Define keys (HO)
)
(C:\Users\unknown\AppData\Local\Programs\MiKTeX\tex/generic/pdfescape\pdfescape
.sty
Package: pdfescape 2019/12/09 v1.15 Implements pdfTeX's escape features (HO)
)
(C:\Users\unknown\AppData\Local\Programs\MiKTeX\tex/latex/hycolor\hycolor.sty
Package: hycolor 2020-01-27 v1.10 Color options for hyperref/bookmark (HO)
)
(C:\Users\unknown\AppData\Local\Programs\MiKTeX\tex/latex/letltxmacro\letltxmac
ro.sty
Package: letltxmacro 2019/12/03 v1.6 Let assignment for LaTeX macros (HO)
)
(C:\Users\unknown\AppData\Local\Programs\MiKTeX\tex/latex/auxhook\auxhook.sty
Package: auxhook 2019-12-17 v1.6 Hooks for auxiliary files (HO)
)
(C:\Users\unknown\AppData\Local\Programs\MiKTeX\tex/latex/hyperref\nameref.sty
Package: nameref 2022-05-17 v2.50 Cross-referencing by name of section

(C:\Users\unknown\AppData\Local\Programs\MiKTeX\tex/latex/refcount\refcount.sty
Package: refcount 2019/12/15 v3.6 Data extraction from label references (HO)
)
(C:\Users\unknown\AppData\Local\Programs\MiKTeX\tex/generic/gettitlestring\gett
itlestring.sty
Package: gettitlestring 2019/12/15 v1.6 Cleanup title references (HO)

(C:\Users\unknown\AppData\Local\Programs\MiKTeX\tex/latex/kvoptions\kvoptions.s
ty
Package: kvoptions 2022-06-15 v3.15 Key value format for package options (HO)
))
\c@section@level=\count298
)
\@linkdim=\dimen185
\Hy@linkcounter=\count299
\Hy@pagecounter=\count300

(C:\Users\unknown\AppData\Local\Programs\MiKTeX\tex/latex/hyperref\pd1enc.def
File: pd1enc.def 2022-06-20 v7.00s Hyperref: PDFDocEncoding definition (HO)
Now handling font encoding PD1 ...
... no UTF-8 mapping file for font encoding PD1
)
(C:\Users\unknown\AppData\Local\Programs\MiKTeX\tex/generic/intcalc\intcalc.sty
Package: intcalc 2019/12/15 v1.3 Expandable calculations with integers (HO)
)
(C:\Users\unknown\AppData\Local\Programs\MiKTeX\tex/generic/etexcmds\etexcmds.s
ty
Package: etexcmds 2019/12/15 v1.7 Avoid name clashes with e-TeX commands (HO)
)
\Hy@SavedSpaceFactor=\count301

(C:\Users\unknown\AppData\Local\Programs\MiKTeX\tex/latex/hyperref\puenc.def
File: puenc.def 2022-06-20 v7.00s Hyperref: PDF Unicode definition (HO)
Now handling font encoding PU ...
... no UTF-8 mapping file for font encoding PU
)

Package hyperref Warning: Unexpected value for option `pdftex'
(hyperref)                is ignored on input line 4045.

Package hyperref Info: Option `colorlinks' set `true' on input line 4045.
Package hyperref Info: Option `plainpages' set `true' on input line 4045.
Package hyperref Info: Hyper figures OFF on input line 4162.
Package hyperref Info: Link nesting OFF on input line 4167.
Package hyperref Info: Hyper index ON on input line 4170.
Package hyperref Info: Plain pages ON on input line 4175.
Package hyperref Info: Backreferencing OFF on input line 4182.
Package hyperref Info: Implicit mode ON; LaTeX internals redefined.
Package hyperref Info: Bookmarks ON on input line 4408.
\c@Hy@tempcnt=\count302
(C:\Users\unknown\AppData\Local\Programs\MiKTeX\tex/latex/url\url.sty
\Urlmuskip=\muskip17
Package: url 2013/09/16  ver 3.4  Verb mode for urls, etc.
)
LaTeX Info: Redefining \url on input line 4746.
\XeTeXLinkMargin=\dimen186

(C:\Users\unknown\AppData\Local\Programs\MiKTeX\tex/generic/bitset\bitset.sty
Package: bitset 2019/12/09 v1.3 Handle bit-vector datatype (HO)

(C:\Users\unknown\AppData\Local\Programs\MiKTeX\tex/generic/bigintcalc\bigintca
lc.sty
Package: bigintcalc 2019/12/15 v1.5 Expandable calculations on big integers (HO
)
))
\Fld@menulength=\count303
\Field@Width=\dimen187
\Fld@charsize=\dimen188
Package hyperref Info: Hyper figures OFF on input line 6024.
Package hyperref Info: Link nesting OFF on input line 6029.
Package hyperref Info: Hyper index ON on input line 6032.
Package hyperref Info: backreferencing OFF on input line 6039.
Package hyperref Info: Link coloring ON on input line 6042.
Package hyperref Info: Link coloring with OCG OFF on input line 6049.
Package hyperref Info: PDF/A mode OFF on input line 6054.

(C:\Users\unknown\AppData\Local\Programs\MiKTeX\tex/latex/base\atbegshi-ltx.sty
Package: atbegshi-ltx 2021/01/10 v1.0c Emulation of the original atbegshi
package with kernel methods
)
\Hy@abspage=\count304
\c@Item=\count305
\c@Hfootnote=\count306
)
Package hyperref Info: Driver: hpdftex.

(C:\Users\unknown\AppData\Local\Programs\MiKTeX\tex/latex/hyperref\hpdftex.def
File: hpdftex.def 2022-06-20 v7.00s Hyperref driver for pdfTeX

(C:\Users\unknown\AppData\Local\Programs\MiKTeX\tex/latex/base\atveryend-ltx.st
y
Package: atveryend-ltx 2020/08/19 v1.0a Emulation of the original atveryend pac
kage
with kernel methods
)
\Fld@listcount=\count307
\c@bookmark@seq@number=\count308

(C:\Users\unknown\AppData\Local\Programs\MiKTeX\tex/latex/rerunfilecheck\rerunf
ilecheck.sty
Package: rerunfilecheck 2022-07-10 v1.10 Rerun checks for auxiliary files (HO)

(C:\Users\unknown\AppData\Local\Programs\MiKTeX\tex/generic/uniquecounter\uniqu
ecounter.sty
Package: uniquecounter 2019/12/15 v1.4 Provide unlimited unique counter (HO)
)
Package uniquecounter Info: New unique counter `rerunfilecheck' on input line 2
85.
)
\Hy@SectionHShift=\skip66
)
(C:\Users\unknown\AppData\Local\Programs\MiKTeX\tex/latex/graphics\color.sty
Package: color 2022/01/06 v1.3d Standard LaTeX Color (DPC)

(C:\Users\unknown\AppData\Local\Programs\MiKTeX\tex/latex/graphics-cfg\color.cf
g
File: color.cfg 2016/01/02 v1.6 sample color configuration
)
Package color Info: Driver file: pdftex.def on input line 149.

(C:\Users\unknown\AppData\Local\Programs\MiKTeX\tex/latex-dev/graphics\mathcolo
r.ltx))
(C:\Users\unknown\AppData\Local\Programs\MiKTeX\tex/latex/pdfpages\pdfpages.sty
Package: pdfpages 2022/05/22 v0.5v Insert pages of external PDF documents (AM)
(C:\Users\unknown\AppData\Local\Programs\MiKTeX\tex/latex/base\ifthen.sty
Package: ifthen 2022/04/13 v1.1d Standard LaTeX ifthen package (DPC)
)
(C:\Users\unknown\AppData\Local\Programs\MiKTeX\tex/latex/tools\calc.sty
Package: calc 2017/05/25 v4.3 Infix arithmetic (KKT,FJ)
\calc@Acount=\count309
\calc@Bcount=\count310
\calc@Adimen=\dimen189
\calc@Bdimen=\dimen190
\calc@Askip=\skip67
\calc@Bskip=\skip68
LaTeX Info: Redefining \setlength on input line 80.
LaTeX Info: Redefining \addtolength on input line 81.
\calc@Ccount=\count311
\calc@Cskip=\skip69
)
(C:\Users\unknown\AppData\Local\Programs\MiKTeX\tex/latex/eso-pic\eso-pic.sty
Package: eso-pic 2020/10/14 v3.0a eso-pic (RN)
\ESO@tempdima=\dimen191
\ESO@tempdimb=\dimen192
)
\AM@pagewidth=\dimen193
\AM@pageheight=\dimen194
\AM@fboxrule=\dimen195

(C:\Users\unknown\AppData\Local\Programs\MiKTeX\tex/latex/pdfpages\pppdftex.def
File: pppdftex.def 2022/05/22 v0.5v Pdfpages driver for pdfTeX (AM)
)
\pdfpages@includegraphics@status=\count312
\AM@pagebox=\box107
\AM@global@opts=\toks32
\AM@pagecnt=\count313
\AM@toc@title=\toks33
\c@AM@survey=\count314
\AM@templatesizebox=\box108
)
(C:\Users\unknown\AppData\Local\Programs\MiKTeX\tex/latex/shapepar\shapepar.sty
\cutoutsep=\skip70
Package: shapepar 2013/03/26 v 2.2x, Shaped paragraphs
\SH@scale=\dimen196
\SH@boxb=\box109
\SH@ntries=\count315
\spec@bot=\dimen197
\sqrtcount=\count316
)
LaTeX Font Info:    Trying to load font information for OT1+lmr on input line 3
3.
 (C:\Users\unknown\AppData\Local\Programs\MiKTeX\tex/latex/lm\ot1lmr.fd
File: ot1lmr.fd 2015/05/01 v1.6.1 Font defs for Latin Modern
)
(C:\Users\unknown\AppData\Local\Programs\MiKTeX\tex/latex/l3backend\l3backend-p
dftex.def
File: l3backend-pdftex.def 2022-07-01 L3 backend support: PDF output (pdfTeX)
\l__color_backend_stack_int=\count317
\l__pdf_internal_box=\box110
) (tercer_reporte.aux
LaTeX Info: Redefining \. on input line 23.
LaTeX Info: Redefining \% on input line 23.


LaTeX Warning: Label `fig:Mymapadet' multiply defined.


LaTeX Warning: Label `fig:libraries' multiply defined.


LaTeX Warning: Label `fig:Somnolencia1' multiply defined.


LaTeX Warning: Label `fig:Somnolencia1' multiply defined.


LaTeX Warning: Label `fig:Somnolencia1' multiply defined.


LaTeX Warning: Label `fig:Somnolencia1' multiply defined.


LaTeX Warning: Label `fig:crearConductor' multiply defined.


LaTeX Warning: Label `fig:crearConductor' multiply defined.


LaTeX Warning: Label `fig:crearConductor' multiply defined.


LaTeX Warning: Label `fig:crearConductor' multiply defined.


LaTeX Warning: Label `fig:crearConductor' multiply defined.

)
\openout1 = `tercer_reporte.aux'.

LaTeX Font Info:    Checking defaults for OML/cmm/m/it on input line 33.
LaTeX Font Info:    ... okay on input line 33.
LaTeX Font Info:    Checking defaults for OMS/cmsy/m/n on input line 33.
LaTeX Font Info:    ... okay on input line 33.
LaTeX Font Info:    Checking defaults for OT1/cmr/m/n on input line 33.
LaTeX Font Info:    ... okay on input line 33.
LaTeX Font Info:    Checking defaults for T1/cmr/m/n on input line 33.
LaTeX Font Info:    ... okay on input line 33.
LaTeX Font Info:    Checking defaults for TS1/cmr/m/n on input line 33.
LaTeX Font Info:    ... okay on input line 33.
LaTeX Font Info:    Checking defaults for OMX/cmex/m/n on input line 33.
LaTeX Font Info:    ... okay on input line 33.
LaTeX Font Info:    Checking defaults for U/cmr/m/n on input line 33.
LaTeX Font Info:    ... okay on input line 33.
LaTeX Font Info:    Checking defaults for PD1/pdf/m/n on input line 33.
LaTeX Font Info:    ... okay on input line 33.
LaTeX Font Info:    Checking defaults for PU/pdf/m/n on input line 33.
LaTeX Font Info:    ... okay on input line 33.
LaTeX Info: Redefining \. on input line 33.
LaTeX Info: Redefining \% on input line 33.

(C:\Users\unknown\AppData\Local\Programs\MiKTeX\tex/context/base/mkii\supp-pdf.
mkii
[Loading MPS to PDF converter (version 2006.09.02).]
\scratchcounter=\count318
\scratchdimen=\dimen198
\scratchbox=\box111
\nofMPsegments=\count319
\nofMParguments=\count320
\everyMPshowfont=\toks34
\MPscratchCnt=\count321
\MPscratchDim=\dimen199
\MPnumerator=\count322
\makeMPintoPDFobject=\count323
\everyMPtoPDFconversion=\toks35
)
(C:\Users\unknown\AppData\Local\Programs\MiKTeX\tex/latex/epstopdf-pkg\epstopdf
-base.sty
Package: epstopdf-base 2020-01-24 v2.11 Base part for package epstopdf
Package epstopdf-base Info: Redefining graphics rule for `.eps' on input line 4
85.

(C:\Users\unknown\AppData\Local\Programs\MiKTeX\tex/latex/00miktex\epstopdf-sys
.cfg
File: epstopdf-sys.cfg 2021/03/18 v2.0 Configuration of epstopdf for MiKTeX
))
\c@lstlisting=\count324
Package hyperref Info: Link coloring ON on input line 33.
 (tercer_reporte.out) (tercer_reporte.out)
\@outlinefile=\write3
\openout3 = `tercer_reporte.out'.


(C:\Users\unknown\AppData\Local\Programs\MiKTeX\tex/latex/pdflscape\pdflscape.s
ty
Package: pdflscape 2019/12/05 v0.12 Display of landscape pages in PDF (HO)

(C:\Users\unknown\AppData\Local\Programs\MiKTeX\tex/latex/graphics\lscape.sty
Package: lscape 2020/05/28 v3.02 Landscape Pages (DPC)
)
Package pdflscape Info: Auto-detected driver: pdftex on input line 81.
)
<imagenes/ipn.jpg, id=91, 180.675pt x 232.87pt>
File: imagenes/ipn.jpg Graphic file (type jpg)
<use imagenes/ipn.jpg>
Package pdftex.def Info: imagenes/ipn.jpg  used on input line 41.
(pdftex.def)             Requested size: 81.303pt x 104.79051pt.
<imagenes/upiita.png, id=92, 722.7pt x 568.1225pt>
File: imagenes/upiita.png Graphic file (type png)
<use imagenes/upiita.png>
Package pdftex.def Info: imagenes/upiita.png  used on input line 43.
(pdftex.def)             Requested size: 108.40031pt x 85.21469pt.

Underfull \hbox (badness 10000) in paragraph at lines 41--45

 []

LaTeX Font Info:    Trying to load font information for OML+lmm on input line 8
5.
(C:\Users\unknown\AppData\Local\Programs\MiKTeX\tex/latex/lm\omllmm.fd
File: omllmm.fd 2015/05/01 v1.6.1 Font defs for Latin Modern
)
LaTeX Font Info:    Trying to load font information for OMS+lmsy on input line 
85.

(C:\Users\unknown\AppData\Local\Programs\MiKTeX\tex/latex/lm\omslmsy.fd
File: omslmsy.fd 2015/05/01 v1.6.1 Font defs for Latin Modern
)
LaTeX Font Info:    Trying to load font information for OMX+lmex on input line 
85.

(C:\Users\unknown\AppData\Local\Programs\MiKTeX\tex/latex/lm\omxlmex.fd
File: omxlmex.fd 2015/05/01 v1.6.1 Font defs for Latin Modern
)
LaTeX Font Info:    External font `lmex10' loaded for size
(Font)              <12> on input line 85.
LaTeX Font Info:    External font `lmex10' loaded for size
(Font)              <8> on input line 85.
LaTeX Font Info:    External font `lmex10' loaded for size
(Font)              <6> on input line 85.
LaTeX Font Info:    Trying to load font information for U+msa on input line 85.


(C:\Users\unknown\AppData\Local\Programs\MiKTeX\tex/latex/amsfonts\umsa.fd
File: umsa.fd 2013/01/14 v3.01 AMS symbols A
)
LaTeX Font Info:    Trying to load font information for U+msb on input line 85.


(C:\Users\unknown\AppData\Local\Programs\MiKTeX\tex/latex/amsfonts\umsb.fd
File: umsb.fd 2013/01/14 v3.01 AMS symbols B
)
[1

{C:/Users/unknown/AppData/Local/MiKTeX/fonts/map/pdftex/pdftex.map} <./imagenes
/ipn.jpg> <./imagenes/upiita.png>] (tercer_reporte.toc
LaTeX Info: Redefining \. on input line 1.
LaTeX Info: Redefining \% on input line 1.
)
\tf@toc=\write4
\openout4 = `tercer_reporte.toc'.


pdfTeX warning (ext4): destination with the same identifier (name{page.1}) has 
been already used, duplicate ignored
<to be read again> 
                   \relax 
l.105 \newpage
               [1] (tercer_reporte.lof
LaTeX Info: Redefining \. on input line 1.
LaTeX Info: Redefining \% on input line 1.
)
\tf@lof=\write5
\openout5 = `tercer_reporte.lof'.

 [2] (tercer_reporte.lot
LaTeX Info: Redefining \. on input line 1.
LaTeX Info: Redefining \% on input line 1.
)
\tf@lot=\write6
\openout6 = `tercer_reporte.lot'.

 [3]
<imagenes/SIM7600G-1.JPG, id=218, 439.6425pt x 221.32687pt>
File: imagenes/SIM7600G-1.JPG Graphic file (type jpg)
<use imagenes/SIM7600G-1.JPG>
Package pdftex.def Info: imagenes/SIM7600G-1.JPG  used on input line 128.
(pdftex.def)             Requested size: 395.67459pt x 199.19232pt.
<imagenes/SIM7600G-2.JPG, id=219, 442.65375pt x 88.07906pt>
File: imagenes/SIM7600G-2.JPG Graphic file (type jpg)
<use imagenes/SIM7600G-2.JPG>
Package pdftex.def Info: imagenes/SIM7600G-2.JPG  used on input line 134.
(pdftex.def)             Requested size: 398.38467pt x 79.2704pt.
<imagenes/SIM7600G-3.JPG, id=220, 444.15938pt x 40.65187pt>
File: imagenes/SIM7600G-3.JPG Graphic file (type jpg)
<use imagenes/SIM7600G-3.JPG>
Package pdftex.def Info: imagenes/SIM7600G-3.JPG  used on input line 143.
(pdftex.def)             Requested size: 399.73973pt x 36.58633pt.
<imagenes/SIM7600G-4.JPG, id=221, 449.42906pt x 55.70813pt>
File: imagenes/SIM7600G-4.JPG Graphic file (type jpg)
<use imagenes/SIM7600G-4.JPG>
Package pdftex.def Info: imagenes/SIM7600G-4.JPG  used on input line 151.
(pdftex.def)             Requested size: 404.4824pt x 50.13683pt.
 [4 <./imagenes/SIM7600G-1.JPG> <./imagenes/SIM7600G-2.JPG> <./imagenes/SIM7600
G-3.JPG>]
<imagenes/GPSpy1.JPG, id=227, 678.28406pt x 478.78876pt>
File: imagenes/GPSpy1.JPG Graphic file (type jpg)
<use imagenes/GPSpy1.JPG>
Package pdftex.def Info: imagenes/GPSpy1.JPG  used on input line 162.
(pdftex.def)             Requested size: 420.53177pt x 296.84596pt.
<imagenes/GPSpy2.JPG, id=228, 611.28375pt x 476.53032pt>
File: imagenes/GPSpy2.JPG Graphic file (type jpg)
<use imagenes/GPSpy2.JPG>
Package pdftex.def Info: imagenes/GPSpy2.JPG  used on input line 168.
(pdftex.def)             Requested size: 378.992pt x 295.44574pt.

[5 <./imagenes/SIM7600G-4.JPG> <./imagenes/GPSpy1.JPG>]
<imagenes/GPSpy3.JPG, id=233, 557.08125pt x 467.49657pt>
File: imagenes/GPSpy3.JPG Graphic file (type jpg)
<use imagenes/GPSpy3.JPG>
Package pdftex.def Info: imagenes/GPSpy3.JPG  used on input line 174.
(pdftex.def)             Requested size: 345.38681pt x 289.84488pt.
<imagenes/GPSpy4.JPG, id=234, 435.12563pt x 234.1247pt>
File: imagenes/GPSpy4.JPG Graphic file (type jpg)
<use imagenes/GPSpy4.JPG>
Package pdftex.def Info: imagenes/GPSpy4.JPG  used on input line 180.
(pdftex.def)             Requested size: 304.58586pt x 163.88615pt.
 [6 <./imagenes/GPSpy2.JPG> <./imagenes/GPSpy3.JPG>]
Underfull \hbox (badness 10000) in paragraph at lines 185--186

 []


Underfull \hbox (badness 10000) in paragraph at lines 187--188

 []


Underfull \hbox (badness 10000) in paragraph at lines 189--190

 []


Underfull \hbox (badness 10000) in paragraph at lines 191--192

 []


Underfull \hbox (badness 10000) in paragraph at lines 193--194

 []


Underfull \hbox (badness 10000) in paragraph at lines 195--196

 []

<imagenes/Mymapaws.png, id=240, 938.75719pt x 461.47406pt>
File: imagenes/Mymapaws.png Graphic file (type png)
<use imagenes/Mymapaws.png>
Package pdftex.def Info: imagenes/Mymapaws.png  used on input line 201.
(pdftex.def)             Requested size: 516.31805pt x 253.81151pt.

Overfull \hbox (15.83406pt too wide) in paragraph at lines 201--202
 [] 
 []

[7 <./imagenes/GPSpy4.JPG>]
Underfull \hbox (badness 10000) in paragraph at lines 207--208

 []

<imagenes/RealTimeMap.jpeg, id=246, 1389.19pt x 893.3375pt>
File: imagenes/RealTimeMap.jpeg Graphic file (type jpg)
<use imagenes/RealTimeMap.jpeg>
Package pdftex.def Info: imagenes/RealTimeMap.jpeg  used on input line 212.
(pdftex.def)             Requested size: 486.22379pt x 312.6728pt.
[8 <./imagenes/Mymapaws.png>]
<imagenes/Mymapaws2.png, id=252, 912.40875pt x 367.3725pt>
File: imagenes/Mymapaws2.png Graphic file (type png)
<use imagenes/Mymapaws2.png>
Package pdftex.def Info: imagenes/Mymapaws2.png  used on input line 224.
(pdftex.def)             Requested size: 483.57434pt x 194.70648pt.
File: imagenes/Mymapaws2.png Graphic file (type png)
<use imagenes/Mymapaws2.png>
Package pdftex.def Info: imagenes/Mymapaws2.png  used on input line 233.
(pdftex.def)             Requested size: 483.57434pt x 194.70648pt.
 [9 <./imagenes/RealTimeMap.jpeg> <./imagenes/Mymapaws2.png>]
<imagenes/RealTimeMap2.jpeg, id=258, 350.05782pt x 94.85437pt>
File: imagenes/RealTimeMap2.jpeg Graphic file (type jpg)
<use imagenes/RealTimeMap2.jpeg>
Package pdftex.def Info: imagenes/RealTimeMap2.jpeg  used on input line 242.
(pdftex.def)             Requested size: 350.05695pt x 94.85413pt.
 [10 <./imagenes/RealTimeMap2.jpeg>]
<imagenes/hosting.png, id=264, 917.4275pt x 596.2275pt>
File: imagenes/hosting.png Graphic file (type png)
<use imagenes/hosting.png>
Package pdftex.def Info: imagenes/hosting.png  used on input line 260.
(pdftex.def)             Requested size: 458.71263pt x 298.11302pt.
<imagenes/repo.png, id=265, 945.5325pt x 543.02875pt>
File: imagenes/repo.png Graphic file (type png)
<use imagenes/repo.png>
Package pdftex.def Info: imagenes/repo.png  used on input line 271.
(pdftex.def)             Requested size: 472.76509pt x 271.5137pt.
 [11 <./imagenes/hosting.png>]
<imagenes/paginaweb.JPG, id=272, 1028.34187pt x 548.80031pt>
File: imagenes/paginaweb.JPG Graphic file (type jpg)
<use imagenes/paginaweb.JPG>
Package pdftex.def Info: imagenes/paginaweb.JPG  used on input line 282.
(pdftex.def)             Requested size: 462.74957pt x 246.95784pt.

[12 <./imagenes/repo.png> <./imagenes/paginaweb.JPG>]
Underfull \hbox (badness 10000) in paragraph at lines 297--298

 []

<imagenes/4glte1.JPG, id=280, 445.665pt x 68.50594pt>
File: imagenes/4glte1.JPG Graphic file (type jpg)
<use imagenes/4glte1.JPG>
Package pdftex.def Info: imagenes/4glte1.JPG  used on input line 302.
(pdftex.def)             Requested size: 401.09479pt x 61.65477pt.
<imagenes/4glte2.JPG, id=281, 441.14813pt x 101.62968pt>
File: imagenes/4glte2.JPG Graphic file (type jpg)
<use imagenes/4glte2.JPG>
Package pdftex.def Info: imagenes/4glte2.JPG  used on input line 311.
(pdftex.def)             Requested size: 397.02965pt x 91.46585pt.
<imagenes/4glte3.JPG, id=282, 444.91219pt x 118.19156pt>
File: imagenes/4glte3.JPG Graphic file (type jpg)
<use imagenes/4glte3.JPG>
Package pdftex.def Info: imagenes/4glte3.JPG  used on input line 319.
(pdftex.def)             Requested size: 400.41725pt x 106.37141pt.
<imagenes/4glte4.JPG, id=283, 443.40656pt x 69.25874pt>
File: imagenes/4glte4.JPG Graphic file (type jpg)
<use imagenes/4glte4.JPG>
Package pdftex.def Info: imagenes/4glte4.JPG  used on input line 327.
(pdftex.def)             Requested size: 399.06221pt x 62.33228pt.
[13 <./imagenes/4glte1.JPG> <./imagenes/4glte2.JPG> <./imagenes/4glte3.JPG>]
<imagenes/4glte5.JPG, id=288, 452.4403pt x 39.89906pt>
File: imagenes/4glte5.JPG Graphic file (type jpg)
<use imagenes/4glte5.JPG>
Package pdftex.def Info: imagenes/4glte5.JPG  used on input line 335.
(pdftex.def)             Requested size: 407.19252pt x 35.9088pt.
<imagenes/4glte6.JPG, id=289, 447.92343pt x 44.41594pt>
File: imagenes/4glte6.JPG Graphic file (type jpg)
<use imagenes/4glte6.JPG>
Package pdftex.def Info: imagenes/4glte6.JPG  used on input line 343.
(pdftex.def)             Requested size: 403.12737pt x 39.97395pt.
<imagenes/4glte7.JPG, id=290, 444.15938pt x 55.70813pt>
File: imagenes/4glte7.JPG Graphic file (type jpg)
<use imagenes/4glte7.JPG>
Package pdftex.def Info: imagenes/4glte7.JPG  used on input line 351.
(pdftex.def)             Requested size: 399.73973pt x 50.13683pt.
<imagenes/4glte8.JPG, id=291, 447.92343pt x 60.97781pt>
File: imagenes/4glte8.JPG Graphic file (type jpg)
<use imagenes/4glte8.JPG>
Package pdftex.def Info: imagenes/4glte8.JPG  used on input line 359.
(pdftex.def)             Requested size: 403.12737pt x 54.8795pt.

Underfull \hbox (badness 10000) in paragraph at lines 365--366

 []


Underfull \hbox (badness 10000) in paragraph at lines 367--368

 []


Underfull \hbox (badness 10000) in paragraph at lines 369--370

 []

[14 <./imagenes/4glte4.JPG> <./imagenes/4glte5.JPG> <./imagenes/4glte6.JPG> <./
imagenes/4glte7.JPG> <./imagenes/4glte8.JPG>]
<imagenes/4glte.jpeg, id=298, 730.73pt x 461.725pt>
File: imagenes/4glte.jpeg Graphic file (type jpg)
<use imagenes/4glte.jpeg>
Package pdftex.def Info: imagenes/4glte.jpeg  used on input line 378.
(pdftex.def)             Requested size: 438.44138pt x 277.03714pt.
<imagenes/ConexionPw.JPG, id=299, 556.32843pt x 258.9675pt>
File: imagenes/ConexionPw.JPG Graphic file (type jpg)
<use imagenes/ConexionPw.JPG>
Package pdftex.def Info: imagenes/ConexionPw.JPG  used on input line 386.
(pdftex.def)             Requested size: 484.00183pt x 225.29988pt.
 [15 <./imagenes/4glte.jpeg>]
[16 <./imagenes/ConexionPw.JPG>]
<imagenes/CodigoSomnolencia1.JPG, id=309, 666.23906pt x 350.81062pt>
File: imagenes/CodigoSomnolencia1.JPG Graphic file (type jpg)
<use imagenes/CodigoSomnolencia1.JPG>
Package pdftex.def Info: imagenes/CodigoSomnolencia1.JPG  used on input line 40
5.
(pdftex.def)             Requested size: 466.36415pt x 245.56575pt.
<imagenes/CodigoSomnolencia2.JPG, id=310, 685.05937pt x 461.47406pt>
File: imagenes/CodigoSomnolencia2.JPG Graphic file (type jpg)
<use imagenes/CodigoSomnolencia2.JPG>
Package pdftex.def Info: imagenes/CodigoSomnolencia2.JPG  used on input line 41
1.
(pdftex.def)             Requested size: 411.03879pt x 276.88655pt.
 [17 <./imagenes/CodigoSomnolencia1.JPG>]
<imagenes/CodigoSomnolencia3.JPG, id=316, 639.13782pt x 424.58624pt>
File: imagenes/CodigoSomnolencia3.JPG Graphic file (type jpg)
<use imagenes/CodigoSomnolencia3.JPG>
Package pdftex.def Info: imagenes/CodigoSomnolencia3.JPG  used on input line 41
7.
(pdftex.def)             Requested size: 383.48566pt x 254.75371pt.
<imagenes/CodigoSomnolencia4.JPG, id=317, 655.69969pt x 474.27188pt>
File: imagenes/CodigoSomnolencia4.JPG Graphic file (type jpg)
<use imagenes/CodigoSomnolencia4.JPG>
Package pdftex.def Info: imagenes/CodigoSomnolencia4.JPG  used on input line 42
3.
(pdftex.def)             Requested size: 393.42285pt x 284.56532pt.

[18 <./imagenes/CodigoSomnolencia2.JPG> <./imagenes/CodigoSomnolencia3.JPG>]
<imagenes/MORcodigo1.JPG, id=324, 565.36218pt x 457.71pt>
File: imagenes/MORcodigo1.JPG Graphic file (type jpg)
<use imagenes/MORcodigo1.JPG>
Package pdftex.def Info: imagenes/MORcodigo1.JPG  used on input line 431.
(pdftex.def)             Requested size: 339.21992pt x 274.62813pt.
<imagenes/OE.jpeg, id=325, 939.51pt x 558.085pt>
File: imagenes/OE.jpeg Graphic file (type jpg)
<use imagenes/OE.jpeg>
Package pdftex.def Info: imagenes/OE.jpeg  used on input line 440.
(pdftex.def)             Requested size: 375.79733pt x 223.23004pt.

[19 <./imagenes/CodigoSomnolencia4.JPG> <./imagenes/MORcodigo1.JPG>]
<imagenes/CE.jpeg, id=331, 928.46875pt x 574.145pt>
File: imagenes/CE.jpeg Graphic file (type jpg)
<use imagenes/CE.jpeg>
Package pdftex.def Info: imagenes/CE.jpeg  used on input line 446.
(pdftex.def)             Requested size: 371.38092pt x 229.65393pt.
<imagenes/MOR2.jpeg, id=332, 635.37375pt x 505.89pt>
File: imagenes/MOR2.jpeg Graphic file (type jpg)
<use imagenes/MOR2.jpeg>
Package pdftex.def Info: imagenes/MOR2.jpeg  used on input line 453.
(pdftex.def)             Requested size: 254.14499pt x 202.3524pt.
 [20 <./imagenes/OE.jpeg> <./imagenes/CE.jpeg>]
<imagenes/MOR1.jpeg, id=337, 641.39626pt x 500.87125pt>
File: imagenes/MOR1.jpeg Graphic file (type jpg)
<use imagenes/MOR1.jpeg>
Package pdftex.def Info: imagenes/MOR1.jpeg  used on input line 460.
(pdftex.def)             Requested size: 256.55396pt x 200.34494pt.
 [21 <./imagenes/MOR2.jpeg> <./imagenes/MOR1.jpeg>]
Underfull \hbox (badness 10000) in paragraph at lines 476--477

 []


Underfull \hbox (badness 10000) in paragraph at lines 478--479

 []

<imagenes/Perifericos1.jpeg, id=342, 1606.0pt x 1204.5pt>
File: imagenes/Perifericos1.jpeg Graphic file (type jpg)
<use imagenes/Perifericos1.jpeg>
Package pdftex.def Info: imagenes/Perifericos1.jpeg  used on input line 484.
(pdftex.def)             Requested size: 401.49902pt x 301.12427pt.
[22 <./imagenes/Perifericos1.jpeg>]
<imagenes/Perifericos2.jpeg, id=347, 1606.0pt x 1204.5pt>
File: imagenes/Perifericos2.jpeg Graphic file (type jpg)
<use imagenes/Perifericos2.jpeg>
Package pdftex.def Info: imagenes/Perifericos2.jpeg  used on input line 496.
(pdftex.def)             Requested size: 481.80373pt x 361.35278pt.
 [23 <./imagenes/Perifericos2.jpeg>]
Underfull \hbox (badness 10000) in paragraph at lines 505--506

 []

[24]
Underfull \hbox (badness 10000) in paragraph at lines 519--520
[]\OT1/lmr/m/n/12 Amazon Web Ser-vi-ces. "Set-ting Up AWS Am-plify with GitHub"
. Re-cu-pe-ra-do
 []


Underfull \hbox (badness 10000) in paragraph at lines 519--520
\OT1/lmr/m/n/12 de: https://docs.aws.amazon.com/es[]es/amplify/latest/userguide
/setting-up-GitHub-
 []


Overfull \hbox (157.56947pt too wide) in paragraph at lines 521--522
\OT1/lmr/m/n/12 https://docs.aws.amazon.com/es[]es/AmazonRDS/latest/UserGuide/U
singWithRDS.IAMDBAuth.Connecting.Python.html 
 []


Overfull \hbox (132.32468pt too wide) in paragraph at lines 523--524
[]\OT1/lmr/m/n/12 OpenCV. .[]penCV Haar cas-ca-des". Re-cu-pe-ra-do de: https:/
/github.com/opencv/opencv/tree/master/data/haarcascades 
 []

[25] (tercer_reporte.aux
LaTeX Info: Redefining \. on input line 23.
LaTeX Info: Redefining \% on input line 23.
)

LaTeX Warning: There were multiply-defined labels.

Package rerunfilecheck Info: File `tercer_reporte.out' has not changed.
(rerunfilecheck)             Checksum: 23A317865BCB3D368DA65CB72594B5BA;3819.
 ) 
Here is how much of TeX's memory you used:
 15769 strings out of 478338
 257988 string characters out of 2835756
 574104 words of memory out of 3000000
 33792 multiletter control sequences out of 15000+600000
 519350 words of font info for 57 fonts, out of 8000000 for 9000
 1141 hyphenation exceptions out of 8191
 72i,12n,77p,1749b,600s stack positions out of 10000i,1000n,20000p,200000b,80000s
{C:/Users/unknown/AppData/Local/Programs/MiKTeX/fonts/enc/dvips/lm/lm-rm.enc}
{C:/Users/unknown/AppData/Local/Programs/MiKTeX/fonts/enc/dvips/lm/lm-rmsc.enc}
<C:/Users/unknown/AppData/Local/Programs/MiKTeX/fonts/type1/public/lm/lmbx12.pf
b><C:/Users/unknown/AppData/Local/Programs/MiKTeX/fonts/type1/public/lm/lmcsc10
.pfb><C:/Users/unknown/AppData/Local/Programs/MiKTeX/fonts/type1/public/lm/lmr1
0.pfb><C:/Users/unknown/AppData/Local/Programs/MiKTeX/fonts/type1/public/lm/lmr
12.pfb><C:/Users/unknown/AppData/Local/Programs/MiKTeX/fonts/type1/public/lm/lm
r6.pfb><C:/Users/unknown/AppData/Local/Programs/MiKTeX/fonts/type1/public/lm/lm
r8.pfb><C:/Users/unknown/AppData/Local/Programs/MiKTeX/fonts/type1/public/lm/lm
ri12.pfb>
Output written on tercer_reporte.pdf (26 pages, 2317208 bytes).
PDF statistics:
 417 PDF objects out of 1000 (max. 8388607)
 94 named destinations out of 1000 (max. 500000)
 367 words of extra memory for PDF output out of 10000 (max. 10000000)

