This is pdfTeX, Version 3.141592653-2.6-1.40.25 (MiKTeX 23.5) (preloaded format=pdflatex 2023.5.24)  29 MAY 2023 17:39
entering extended mode
 restricted \write18 enabled.
 %&-line parsing enabled.
**./TT2.tex
(TT2.tex
LaTeX2e <2022-11-01> patch level 1
L3 programming layer <2023-05-15>
(C:\Users\alang\AppData\Local\Programs\MiKTeX\tex/latex/base\article.cls
Document Class: article 2022/07/02 v1.4n Standard LaTeX document class
(C:\Users\alang\AppData\Local\Programs\MiKTeX\tex/latex/base\size12.clo
File: size12.clo 2022/07/02 v1.4n Standard LaTeX file (size option)
)
\c@part=\count185
\c@section=\count186
\c@subsection=\count187
\c@subsubsection=\count188
\c@paragraph=\count189
\c@subparagraph=\count190
\c@figure=\count191
\c@table=\count192
\abovecaptionskip=\skip48
\belowcaptionskip=\skip49
\bibindent=\dimen140
)
(C:\Users\alang\AppData\Local\Programs\MiKTeX\tex/generic/babel\babel.sty
Package: babel 2023/05/11 v3.89 The Babel package
\babel@savecnt=\count193
\U@D=\dimen141
\l@unhyphenated=\language79

(C:\Users\alang\AppData\Local\Programs\MiKTeX\tex/generic/babel\txtbabel.def)
\bbl@readstream=\read2
\bbl@dirlevel=\count194

*************************************
* Local config file bblopts.cfg used
*
(C:\Users\alang\AppData\Local\Programs\MiKTeX\tex/latex/arabi\bblopts.cfg
File: bblopts.cfg 2005/09/08 v0.1 add Arabic and Farsi to "declared" options of
 babel
)
(C:\Users\alang\AppData\Local\Programs\MiKTeX\tex/latex/babel-spanish\spanish.l
df
Language: spanish.ldf 2021/05/27 v5.0q Spanish support from the babel system
\es@quottoks=\toks16
\es@quotdepth=\count195
Package babel Info: Making " an active character on input line 570.
Package babel Info: Making . an active character on input line 675.
Package babel Info: Making < an active character on input line 722.
Package babel Info: Making > an active character on input line 722.
))
(C:\Users\alang\AppData\Local\Programs\MiKTeX\tex/generic/babel/locale/es\babel
-spanish.tex
Package babel Info: Importing font and identification data for spanish
(babel)             from babel-es.ini. Reported on input line 11.
)
(C:\Users\alang\AppData\Local\Programs\MiKTeX\tex/latex/amsmath\amsmath.sty
Package: amsmath 2022/04/08 v2.17n AMS math features
\@mathmargin=\skip50

For additional information on amsmath, use the `?' option.
(C:\Users\alang\AppData\Local\Programs\MiKTeX\tex/latex/amsmath\amstext.sty
Package: amstext 2021/08/26 v2.01 AMS text

(C:\Users\alang\AppData\Local\Programs\MiKTeX\tex/latex/amsmath\amsgen.sty
File: amsgen.sty 1999/11/30 v2.0 generic functions
\@emptytoks=\toks17
\ex@=\dimen142
))
(C:\Users\alang\AppData\Local\Programs\MiKTeX\tex/latex/amsmath\amsbsy.sty
Package: amsbsy 1999/11/29 v1.2d Bold Symbols
\pmbraise@=\dimen143
)
(C:\Users\alang\AppData\Local\Programs\MiKTeX\tex/latex/amsmath\amsopn.sty
Package: amsopn 2022/04/08 v2.04 operator names
)
\inf@bad=\count196
LaTeX Info: Redefining \frac on input line 234.
\uproot@=\count197
\leftroot@=\count198
LaTeX Info: Redefining \overline on input line 399.
LaTeX Info: Redefining \colon on input line 410.
\classnum@=\count199
\DOTSCASE@=\count266
LaTeX Info: Redefining \ldots on input line 496.
LaTeX Info: Redefining \dots on input line 499.
LaTeX Info: Redefining \cdots on input line 620.
\Mathstrutbox@=\box51
\strutbox@=\box52
LaTeX Info: Redefining \big on input line 722.
LaTeX Info: Redefining \Big on input line 723.
LaTeX Info: Redefining \bigg on input line 724.
LaTeX Info: Redefining \Bigg on input line 725.
\big@size=\dimen144
LaTeX Font Info:    Redeclaring font encoding OML on input line 743.
LaTeX Font Info:    Redeclaring font encoding OMS on input line 744.
\macc@depth=\count267
LaTeX Info: Redefining \bmod on input line 905.
LaTeX Info: Redefining \pmod on input line 910.
LaTeX Info: Redefining \smash on input line 940.
LaTeX Info: Redefining \relbar on input line 970.
LaTeX Info: Redefining \Relbar on input line 971.
\c@MaxMatrixCols=\count268
\dotsspace@=\muskip16
\c@parentequation=\count269
\dspbrk@lvl=\count270
\tag@help=\toks18
\row@=\count271
\column@=\count272
\maxfields@=\count273
\andhelp@=\toks19
\eqnshift@=\dimen145
\alignsep@=\dimen146
\tagshift@=\dimen147
\tagwidth@=\dimen148
\totwidth@=\dimen149
\lineht@=\dimen150
\@envbody=\toks20
\multlinegap=\skip51
\multlinetaggap=\skip52
\mathdisplay@stack=\toks21
LaTeX Info: Redefining \[ on input line 2953.
LaTeX Info: Redefining \] on input line 2954.
)
(C:\Users\alang\AppData\Local\Programs\MiKTeX\tex/latex/base\inputenc.sty
Package: inputenc 2021/02/14 v1.3d Input encoding file
\inpenc@prehook=\toks22
\inpenc@posthook=\toks23

(C:\Users\alang\AppData\Local\Programs\MiKTeX\tex/latex/base\latin1.def
File: latin1.def 2021/02/14 v1.3d Input encoding file
))
(C:\Users\alang\AppData\Local\Programs\MiKTeX\tex/latex/graphics\graphicx.sty
Package: graphicx 2021/09/16 v1.2d Enhanced LaTeX Graphics (DPC,SPQR)

(C:\Users\alang\AppData\Local\Programs\MiKTeX\tex/latex/graphics\keyval.sty
Package: keyval 2022/05/29 v1.15 key=value parser (DPC)
\KV@toks@=\toks24
)
(C:\Users\alang\AppData\Local\Programs\MiKTeX\tex/latex/graphics\graphics.sty
Package: graphics 2022/03/10 v1.4e Standard LaTeX Graphics (DPC,SPQR)

(C:\Users\alang\AppData\Local\Programs\MiKTeX\tex/latex/graphics\trig.sty
Package: trig 2021/08/11 v1.11 sin cos tan (DPC)
)
(C:\Users\alang\AppData\Local\Programs\MiKTeX\tex/latex/graphics-cfg\graphics.c
fg
File: graphics.cfg 2016/06/04 v1.11 sample graphics configuration
)
Package graphics Info: Driver file: pdftex.def on input line 107.

(C:\Users\alang\AppData\Local\Programs\MiKTeX\tex/latex/graphics-def\pdftex.def
File: pdftex.def 2022/09/22 v1.2b Graphics/color driver for pdftex
))
\Gin@req@height=\dimen151
\Gin@req@width=\dimen152
)
(C:\Users\alang\AppData\Local\Programs\MiKTeX\tex/latex/amsfonts\amssymb.sty
Package: amssymb 2013/01/14 v3.01 AMS font symbols

(C:\Users\alang\AppData\Local\Programs\MiKTeX\tex/latex/amsfonts\amsfonts.sty
Package: amsfonts 2013/01/14 v3.01 Basic AMSFonts support
\symAMSa=\mathgroup4
\symAMSb=\mathgroup5
LaTeX Font Info:    Redeclaring math symbol \hbar on input line 98.
LaTeX Font Info:    Overwriting math alphabet `\mathfrak' in version `bold'
(Font)                  U/euf/m/n --> U/euf/b/n on input line 106.
)) (C:\Users\alang\AppData\Local\Programs\MiKTeX\tex/latex/anysize\anysize.sty
Package: anysize 1994/08/13 setting margin sizes

document style option `anysize' loaded
Michael Salzenberg, Thomas Esser, Dirk Hillbrecht
Version 1.0, Aug 13, 1994
\@Leftmargin=\dimen153
\@Rightmargin=\dimen154
\@Topmargin=\dimen155
\@Bottommargin=\dimen156
) (C:\Users\alang\AppData\Local\Programs\MiKTeX\tex/latex/tools\array.sty
Package: array 2022/09/04 v2.5g Tabular extension package (FMi)
\col@sep=\dimen157
\ar@mcellbox=\box53
\extrarowheight=\dimen158
\NC@list=\toks25
\extratabsurround=\skip53
\backup@length=\skip54
\ar@cellbox=\box54
)
(C:\Users\alang\AppData\Local\Programs\MiKTeX\tex/latex/lm\lmodern.sty
Package: lmodern 2015/05/01 v1.6.1 Latin Modern Fonts
LaTeX Font Info:    Overwriting symbol font `operators' in version `normal'
(Font)                  OT1/cmr/m/n --> OT1/lmr/m/n on input line 22.
LaTeX Font Info:    Overwriting symbol font `letters' in version `normal'
(Font)                  OML/cmm/m/it --> OML/lmm/m/it on input line 23.
LaTeX Font Info:    Overwriting symbol font `symbols' in version `normal'
(Font)                  OMS/cmsy/m/n --> OMS/lmsy/m/n on input line 24.
LaTeX Font Info:    Overwriting symbol font `largesymbols' in version `normal'
(Font)                  OMX/cmex/m/n --> OMX/lmex/m/n on input line 25.
LaTeX Font Info:    Overwriting symbol font `operators' in version `bold'
(Font)                  OT1/cmr/bx/n --> OT1/lmr/bx/n on input line 26.
LaTeX Font Info:    Overwriting symbol font `letters' in version `bold'
(Font)                  OML/cmm/b/it --> OML/lmm/b/it on input line 27.
LaTeX Font Info:    Overwriting symbol font `symbols' in version `bold'
(Font)                  OMS/cmsy/b/n --> OMS/lmsy/b/n on input line 28.
LaTeX Font Info:    Overwriting symbol font `largesymbols' in version `bold'
(Font)                  OMX/cmex/m/n --> OMX/lmex/m/n on input line 29.
LaTeX Font Info:    Overwriting math alphabet `\mathbf' in version `normal'
(Font)                  OT1/cmr/bx/n --> OT1/lmr/bx/n on input line 31.
LaTeX Font Info:    Overwriting math alphabet `\mathsf' in version `normal'
(Font)                  OT1/cmss/m/n --> OT1/lmss/m/n on input line 32.
LaTeX Font Info:    Overwriting math alphabet `\mathit' in version `normal'
(Font)                  OT1/cmr/m/it --> OT1/lmr/m/it on input line 33.
LaTeX Font Info:    Overwriting math alphabet `\mathtt' in version `normal'
(Font)                  OT1/cmtt/m/n --> OT1/lmtt/m/n on input line 34.
LaTeX Font Info:    Overwriting math alphabet `\mathbf' in version `bold'
(Font)                  OT1/cmr/bx/n --> OT1/lmr/bx/n on input line 35.
LaTeX Font Info:    Overwriting math alphabet `\mathsf' in version `bold'
(Font)                  OT1/cmss/bx/n --> OT1/lmss/bx/n on input line 36.
LaTeX Font Info:    Overwriting math alphabet `\mathit' in version `bold'
(Font)                  OT1/cmr/bx/it --> OT1/lmr/bx/it on input line 37.
LaTeX Font Info:    Overwriting math alphabet `\mathtt' in version `bold'
(Font)                  OT1/cmtt/m/n --> OT1/lmtt/m/n on input line 38.
)
(C:\Users\alang\AppData\Local\Programs\MiKTeX\tex/latex/adjustbox\adjustbox.sty
Package: adjustbox 2022/10/17 v1.3a Adjusting TeX boxes (trim, clip, ...)
(C:\Users\alang\AppData\Local\Programs\MiKTeX\tex/latex/xkeyval\xkeyval.sty
Package: xkeyval 2022/06/16 v2.9 package option processing (HA)

(C:\Users\alang\AppData\Local\Programs\MiKTeX\tex/generic/xkeyval\xkeyval.tex
(C:\Users\alang\AppData\Local\Programs\MiKTeX\tex/generic/xkeyval\xkvutils.tex
\XKV@toks=\toks26
\XKV@tempa@toks=\toks27
)
\XKV@depth=\count274
File: xkeyval.tex 2014/12/03 v2.7a key=value parser (HA)
))
(C:\Users\alang\AppData\Local\Programs\MiKTeX\tex/latex/adjustbox\adjcalc.sty
Package: adjcalc 2012/05/16 v1.1 Provides advanced setlength with multiple back
-ends (calc, etex, pgfmath)
)
(C:\Users\alang\AppData\Local\Programs\MiKTeX\tex/latex/adjustbox\trimclip.sty
Package: trimclip 2020/08/19 v1.2 Trim and clip general TeX material

(C:\Users\alang\AppData\Local\Programs\MiKTeX\tex/latex/collectbox\collectbox.s
ty
Package: collectbox 2022/10/17 v0.4c Collect macro arguments as boxes
\collectedbox=\box55
)
\tc@llx=\dimen159
\tc@lly=\dimen160
\tc@urx=\dimen161
\tc@ury=\dimen162
Package trimclip Info: Using driver 'tc-pdftex.def'.

(C:\Users\alang\AppData\Local\Programs\MiKTeX\tex/latex/adjustbox\tc-pdftex.def
File: tc-pdftex.def 2019/01/04 v2.2 Clipping driver for pdftex
))
\adjbox@Width=\dimen163
\adjbox@Height=\dimen164
\adjbox@Depth=\dimen165
\adjbox@Totalheight=\dimen166
\adjbox@pwidth=\dimen167
\adjbox@pheight=\dimen168
\adjbox@pdepth=\dimen169
\adjbox@ptotalheight=\dimen170

(C:\Users\alang\AppData\Local\Programs\MiKTeX\tex/latex/ifoddpage\ifoddpage.sty
Package: ifoddpage 2022/10/18 v1.2 Conditionals for odd/even page detection
\c@checkoddpage=\count275
) (C:\Users\alang\AppData\Local\Programs\MiKTeX\tex/latex/varwidth\varwidth.sty
Package: varwidth 2009/03/30 ver 0.92;  Variable-width minipages
\@vwid@box=\box56
\sift@deathcycles=\count276
\@vwid@loff=\dimen171
\@vwid@roff=\dimen172
))
(C:\Users\alang\AppData\Local\Programs\MiKTeX\tex/latex/titlesec\titlesec.sty
Package: titlesec 2021/07/05 v2.14 Sectioning titles
\ttl@box=\box57
\beforetitleunit=\skip55
\aftertitleunit=\skip56
\ttl@plus=\dimen173
\ttl@minus=\dimen174
\ttl@toksa=\toks28
\titlewidth=\dimen175
\titlewidthlast=\dimen176
\titlewidthfirst=\dimen177
)
(C:\Users\alang\AppData\Local\Programs\MiKTeX\tex/latex/float\float.sty
Package: float 2001/11/08 v1.3d Float enhancements (AL)
\c@float@type=\count277
\float@exts=\toks29
\float@box=\box58
\@float@everytoks=\toks30
\@floatcapt=\box59
)
(C:\Users\alang\AppData\Local\Programs\MiKTeX\tex/latex/tools\tabularx.sty
Package: tabularx 2020/01/15 v2.11c `tabularx' package (DPC)
\TX@col@width=\dimen178
\TX@old@table=\dimen179
\TX@old@col=\dimen180
\TX@target=\dimen181
\TX@delta=\dimen182
\TX@cols=\count278
\TX@ftn=\toks31
)
(C:\Users\alang\AppData\Local\Programs\MiKTeX\tex/latex/tools\multicol.sty
Package: multicol 2021/11/30 v1.9d multicolumn formatting (FMi)
\c@tracingmulticols=\count279
\mult@box=\box60
\multicol@leftmargin=\dimen183
\c@unbalance=\count280
\c@collectmore=\count281
\doublecol@number=\count282
\multicoltolerance=\count283
\multicolpretolerance=\count284
\full@width=\dimen184
\page@free=\dimen185
\premulticols=\dimen186
\postmulticols=\dimen187
\multicolsep=\skip57
\multicolbaselineskip=\skip58
\partial@page=\box61
\last@line=\box62
\maxbalancingoverflow=\dimen188
\mult@rightbox=\box63
\mult@grightbox=\box64
\mult@firstbox=\box65
\mult@gfirstbox=\box66
\@tempa=\box67
\@tempa=\box68
\@tempa=\box69
\@tempa=\box70
\@tempa=\box71
\@tempa=\box72
\@tempa=\box73
\@tempa=\box74
\@tempa=\box75
\@tempa=\box76
\@tempa=\box77
\@tempa=\box78
\@tempa=\box79
\@tempa=\box80
\@tempa=\box81
\@tempa=\box82
\@tempa=\box83
\@tempa=\box84
\@tempa=\box85
\@tempa=\box86
\@tempa=\box87
\@tempa=\box88
\@tempa=\box89
\@tempa=\box90
\@tempa=\box91
\@tempa=\box92
\@tempa=\box93
\@tempa=\box94
\@tempa=\box95
\@tempa=\box96
\@tempa=\box97
\@tempa=\box98
\@tempa=\box99
\@tempa=\box100
\@tempa=\box101
\@tempa=\box102
\c@minrows=\count285
\c@columnbadness=\count286
\c@finalcolumnbadness=\count287
\last@try=\dimen189
\multicolovershoot=\dimen190
\multicolundershoot=\dimen191
\mult@nat@firstbox=\box103
\colbreak@box=\box104
\mc@col@check@num=\count288
)
(C:\Users\alang\AppData\Local\Programs\MiKTeX\tex/latex/fancyhdr\fancyhdr.sty
Package: fancyhdr 2022/11/09 v4.1 Extensive control of page headers and footers

\f@nch@headwidth=\skip59
\f@nch@O@elh=\skip60
\f@nch@O@erh=\skip61
\f@nch@O@olh=\skip62
\f@nch@O@orh=\skip63
\f@nch@O@elf=\skip64
\f@nch@O@erf=\skip65
\f@nch@O@olf=\skip66
\f@nch@O@orf=\skip67
)
(C:\Users\alang\AppData\Local\Programs\MiKTeX\tex/latex/capt-of\capt-of.sty
Package: capt-of 2009/12/29 v0.2 standard captions outside of floats
)
(C:\Users\alang\AppData\Local\Programs\MiKTeX\tex/latex/hyperref\hyperref.sty
Package: hyperref 2023-04-22 v7.00x Hypertext links for LaTeX

(C:\Users\alang\AppData\Local\Programs\MiKTeX\tex/generic/ltxcmds\ltxcmds.sty
Package: ltxcmds 2020-05-10 v1.25 LaTeX kernel commands for general use (HO)
)
(C:\Users\alang\AppData\Local\Programs\MiKTeX\tex/generic/iftex\iftex.sty
Package: iftex 2022/02/03 v1.0f TeX engine tests
)
(C:\Users\alang\AppData\Local\Programs\MiKTeX\tex/generic/pdftexcmds\pdftexcmds
.sty
Package: pdftexcmds 2020-06-27 v0.33 Utility functions of pdfTeX for LuaTeX (HO
)

(C:\Users\alang\AppData\Local\Programs\MiKTeX\tex/generic/infwarerr\infwarerr.s
ty
Package: infwarerr 2019/12/03 v1.5 Providing info/warning/error messages (HO)
)
Package pdftexcmds Info: \pdf@primitive is available.
Package pdftexcmds Info: \pdf@ifprimitive is available.
Package pdftexcmds Info: \pdfdraftmode found.
)
(C:\Users\alang\AppData\Local\Programs\MiKTeX\tex/latex/kvsetkeys\kvsetkeys.sty
Package: kvsetkeys 2022-10-05 v1.19 Key value parser (HO)
)
(C:\Users\alang\AppData\Local\Programs\MiKTeX\tex/generic/kvdefinekeys\kvdefine
keys.sty
Package: kvdefinekeys 2019-12-19 v1.6 Define keys (HO)
)
(C:\Users\alang\AppData\Local\Programs\MiKTeX\tex/generic/pdfescape\pdfescape.s
ty
Package: pdfescape 2019/12/09 v1.15 Implements pdfTeX's escape features (HO)
) (C:\Users\alang\AppData\Local\Programs\MiKTeX\tex/latex/hycolor\hycolor.sty
Package: hycolor 2020-01-27 v1.10 Color options for hyperref/bookmark (HO)
)
(C:\Users\alang\AppData\Local\Programs\MiKTeX\tex/latex/letltxmacro\letltxmacro
.sty
Package: letltxmacro 2019/12/03 v1.6 Let assignment for LaTeX macros (HO)
)
(C:\Users\alang\AppData\Local\Programs\MiKTeX\tex/latex/auxhook\auxhook.sty
Package: auxhook 2019-12-17 v1.6 Hooks for auxiliary files (HO)
)
(C:\Users\alang\AppData\Local\Programs\MiKTeX\tex/latex/hyperref\nameref.sty
Package: nameref 2022-05-17 v2.50 Cross-referencing by name of section

(C:\Users\alang\AppData\Local\Programs\MiKTeX\tex/latex/refcount\refcount.sty
Package: refcount 2019/12/15 v3.6 Data extraction from label references (HO)
)
(C:\Users\alang\AppData\Local\Programs\MiKTeX\tex/generic/gettitlestring\gettit
lestring.sty
Package: gettitlestring 2019/12/15 v1.6 Cleanup title references (HO)

(C:\Users\alang\AppData\Local\Programs\MiKTeX\tex/latex/kvoptions\kvoptions.sty
Package: kvoptions 2022-06-15 v3.15 Key value format for package options (HO)
))
\c@section@level=\count289
)
(C:\Users\alang\AppData\Local\Programs\MiKTeX\tex/latex/etoolbox\etoolbox.sty
Package: etoolbox 2020/10/05 v2.5k e-TeX tools for LaTeX (JAW)
\etb@tempcnta=\count290
)
\@linkdim=\dimen192
\Hy@linkcounter=\count291
\Hy@pagecounter=\count292

(C:\Users\alang\AppData\Local\Programs\MiKTeX\tex/latex/hyperref\pd1enc.def
File: pd1enc.def 2023-04-22 v7.00x Hyperref: PDFDocEncoding definition (HO)
Now handling font encoding PD1 ...
... no UTF-8 mapping file for font encoding PD1
)
(C:\Users\alang\AppData\Local\Programs\MiKTeX\tex/generic/intcalc\intcalc.sty
Package: intcalc 2019/12/15 v1.3 Expandable calculations with integers (HO)
)
\Hy@SavedSpaceFactor=\count293

(C:\Users\alang\AppData\Local\Programs\MiKTeX\tex/latex/hyperref\puenc.def
File: puenc.def 2023-04-22 v7.00x Hyperref: PDF Unicode definition (HO)
Now handling font encoding PU ...
... no UTF-8 mapping file for font encoding PU
)

Package hyperref Warning: Unexpected value for option `pdftex'
(hyperref)                is ignored on input line 4065.

Package hyperref Info: Option `colorlinks' set `true' on input line 4065.
Package hyperref Info: Option `plainpages' set `true' on input line 4065.
Package hyperref Info: Hyper figures OFF on input line 4182.
Package hyperref Info: Link nesting OFF on input line 4187.
Package hyperref Info: Hyper index ON on input line 4190.
Package hyperref Info: Plain pages ON on input line 4195.
Package hyperref Info: Backreferencing OFF on input line 4202.
Package hyperref Info: Implicit mode ON; LaTeX internals redefined.
Package hyperref Info: Bookmarks ON on input line 4449.
\c@Hy@tempcnt=\count294
(C:\Users\alang\AppData\Local\Programs\MiKTeX\tex/latex/url\url.sty
\Urlmuskip=\muskip17
Package: url 2013/09/16  ver 3.4  Verb mode for urls, etc.
)
LaTeX Info: Redefining \url on input line 4787.
\XeTeXLinkMargin=\dimen193

(C:\Users\alang\AppData\Local\Programs\MiKTeX\tex/generic/bitset\bitset.sty
Package: bitset 2019/12/09 v1.3 Handle bit-vector datatype (HO)

(C:\Users\alang\AppData\Local\Programs\MiKTeX\tex/generic/bigintcalc\bigintcalc
.sty
Package: bigintcalc 2019/12/15 v1.5 Expandable calculations on big integers (HO
)
))
\Fld@menulength=\count295
\Field@Width=\dimen194
\Fld@charsize=\dimen195
Package hyperref Info: Hyper figures OFF on input line 6066.
Package hyperref Info: Link nesting OFF on input line 6071.
Package hyperref Info: Hyper index ON on input line 6074.
Package hyperref Info: backreferencing OFF on input line 6081.
Package hyperref Info: Link coloring ON on input line 6084.
Package hyperref Info: Link coloring with OCG OFF on input line 6091.
Package hyperref Info: PDF/A mode OFF on input line 6096.

(C:\Users\alang\AppData\Local\Programs\MiKTeX\tex/latex/base\atbegshi-ltx.sty
Package: atbegshi-ltx 2021/01/10 v1.0c Emulation of the original atbegshi
package with kernel methods
)
\Hy@abspage=\count296
\c@Item=\count297
\c@Hfootnote=\count298
)
Package hyperref Info: Driver: hpdftex.
(C:\Users\alang\AppData\Local\Programs\MiKTeX\tex/latex/hyperref\hpdftex.def
File: hpdftex.def 2023-04-22 v7.00x Hyperref driver for pdfTeX

(C:\Users\alang\AppData\Local\Programs\MiKTeX\tex/latex/base\atveryend-ltx.sty
Package: atveryend-ltx 2020/08/19 v1.0a Emulation of the original atveryend pac
kage
with kernel methods
)
\Fld@listcount=\count299
\c@bookmark@seq@number=\count300

(C:\Users\alang\AppData\Local\Programs\MiKTeX\tex/latex/rerunfilecheck\rerunfil
echeck.sty
Package: rerunfilecheck 2022-07-10 v1.10 Rerun checks for auxiliary files (HO)

(C:\Users\alang\AppData\Local\Programs\MiKTeX\tex/generic/uniquecounter\uniquec
ounter.sty
Package: uniquecounter 2019/12/15 v1.4 Provide unlimited unique counter (HO)
)
Package uniquecounter Info: New unique counter `rerunfilecheck' on input line 2
85.
)
\Hy@SectionHShift=\skip68
)
(C:\Users\alang\AppData\Local\Programs\MiKTeX\tex/latex/graphics\color.sty
Package: color 2022/01/06 v1.3d Standard LaTeX Color (DPC)

(C:\Users\alang\AppData\Local\Programs\MiKTeX\tex/latex/graphics-cfg\color.cfg
File: color.cfg 2016/01/02 v1.6 sample color configuration
)
Package color Info: Driver file: pdftex.def on input line 149.
(C:\Users\alang\AppData\Local\Programs\MiKTeX\tex/latex/graphics\mathcolor.ltx)
) (C:\Users\alang\AppData\Local\Programs\MiKTeX\tex/latex/pdfpages\pdfpages.sty
Package: pdfpages 2022/12/19 v0.5x Insert pages of external PDF documents (AM)
(C:\Users\alang\AppData\Local\Programs\MiKTeX\tex/latex/base\ifthen.sty
Package: ifthen 2022/04/13 v1.1d Standard LaTeX ifthen package (DPC)
)
(C:\Users\alang\AppData\Local\Programs\MiKTeX\tex/latex/tools\calc.sty
Package: calc 2017/05/25 v4.3 Infix arithmetic (KKT,FJ)
\calc@Acount=\count301
\calc@Bcount=\count302
\calc@Adimen=\dimen196
\calc@Bdimen=\dimen197
\calc@Askip=\skip69
\calc@Bskip=\skip70
LaTeX Info: Redefining \setlength on input line 80.
LaTeX Info: Redefining \addtolength on input line 81.
\calc@Ccount=\count303
\calc@Cskip=\skip71
)
(C:\Users\alang\AppData\Local\Programs\MiKTeX\tex/latex/eso-pic\eso-pic.sty
Package: eso-pic 2023/05/03 v3.0c eso-pic (RN)
\ESO@tempdima=\dimen198
\ESO@tempdimb=\dimen199
)
\AM@pagewidth=\dimen256
\AM@pageheight=\dimen257
\AM@fboxrule=\dimen258

(C:\Users\alang\AppData\Local\Programs\MiKTeX\tex/latex/pdfpages\pppdftex.def
File: pppdftex.def 2022/12/19 v0.5x Pdfpages driver for pdfTeX (AM)
)
\pdfpages@includegraphics@status=\count304
\AM@pagebox=\box105
\AM@global@opts=\toks32
\AM@pagecnt=\count305
\AM@toc@title=\toks33
\AM@lof@heading=\toks34
\c@AM@survey=\count306
\AM@templatesizebox=\box106
) (C:\Users\alang\AppData\Local\Programs\MiKTeX\tex/latex/shapepar\shapepar.sty
\cutoutsep=\skip72
Package: shapepar 2013/03/26 v 2.2x, Shaped paragraphs
\SH@scale=\dimen259
\SH@boxb=\box107
\SH@ntries=\count307
\spec@bot=\dimen260
\sqrtcount=\count308
)
LaTeX Font Info:    Trying to load font information for OT1+lmr on input line 3
5.
(C:\Users\alang\AppData\Local\Programs\MiKTeX\tex/latex/lm\ot1lmr.fd
File: ot1lmr.fd 2015/05/01 v1.6.1 Font defs for Latin Modern
)
(C:\Users\alang\AppData\Local\Programs\MiKTeX\tex/latex/l3backend\l3backend-pdf
tex.def
File: l3backend-pdftex.def 2023-04-19 L3 backend support: PDF output (pdfTeX)
\l__color_backend_stack_int=\count309
\l__pdf_internal_box=\box108
) (TT2.aux
LaTeX Info: Redefining \. on input line 23.
LaTeX Info: Redefining \% on input line 23.


LaTeX Warning: Label `fig:neurona' multiply defined.


LaTeX Warning: Label `fig:boost' multiply defined.


LaTeX Warning: Label `fig:boost' multiply defined.


LaTeX Warning: Label `fig:boost' multiply defined.


LaTeX Warning: Label `fig:boost' multiply defined.


LaTeX Warning: Label `fig:boost' multiply defined.


LaTeX Warning: Label `fig:boost' multiply defined.


LaTeX Warning: Label `fig:boost' multiply defined.


LaTeX Warning: Label `fig:boost' multiply defined.


LaTeX Warning: Label `fig:boost' multiply defined.


LaTeX Warning: Label `fig:boost' multiply defined.


LaTeX Warning: Label `fig:boost' multiply defined.


LaTeX Warning: Label `fig:DiagramadeactividadMEB' multiply defined.


LaTeX Warning: Label `fig:scaraindust' multiply defined.


LaTeX Warning: Label `fig:scaraindust' multiply defined.


LaTeX Warning: Label `fig:scaraindust' multiply defined.


LaTeX Warning: Label `fig:scaraindust' multiply defined.


LaTeX Warning: Label `fig:scaraindust' multiply defined.


LaTeX Warning: Label `fig:scaraindust' multiply defined.


LaTeX Warning: Label `fig:scaraindust' multiply defined.


LaTeX Warning: Label `fig:scaraindust' multiply defined.


LaTeX Warning: Label `fig:scaraindust' multiply defined.


LaTeX Warning: Label `fig:scaraindust' multiply defined.


LaTeX Warning: Label `fig:scaraindust' multiply defined.


LaTeX Warning: Label `fig:actividades' multiply defined.


LaTeX Warning: Label `fig:landmark' multiply defined.


LaTeX Warning: Label `fig:landmark' multiply defined.


LaTeX Warning: Label `fig:scaraindust' multiply defined.


LaTeX Warning: Label `fig:scaraindust' multiply defined.


LaTeX Warning: Label `fig:scaraindust' multiply defined.


LaTeX Warning: Label `fig:scaraindust' multiply defined.


LaTeX Warning: Label `fig:scaraindust' multiply defined.


LaTeX Warning: Label `fig:scaraindust' multiply defined.


LaTeX Warning: Label `fig:scaraindust' multiply defined.


LaTeX Warning: Label `fig:scaraindust' multiply defined.


LaTeX Warning: Label `fig:scaraindust' multiply defined.


LaTeX Warning: Label `fig:DocumentoIncidencias' multiply defined.


LaTeX Warning: Label `fig:Mymapadet' multiply defined.


LaTeX Warning: Label `fig:DocumentoIncidencias' multiply defined.


LaTeX Warning: Label `fig:cognito' multiply defined.


LaTeX Warning: Label `fig:cognito' multiply defined.


LaTeX Warning: Label `fig:cognito' multiply defined.


LaTeX Warning: Label `fig:cognito' multiply defined.


LaTeX Warning: Label `fig:cognito' multiply defined.


LaTeX Warning: Label `fig:libraries' multiply defined.

)
\openout1 = `TT2.aux'.

LaTeX Font Info:    Checking defaults for OML/cmm/m/it on input line 35.
LaTeX Font Info:    ... okay on input line 35.
LaTeX Font Info:    Checking defaults for OMS/cmsy/m/n on input line 35.
LaTeX Font Info:    ... okay on input line 35.
LaTeX Font Info:    Checking defaults for OT1/cmr/m/n on input line 35.
LaTeX Font Info:    ... okay on input line 35.
LaTeX Font Info:    Checking defaults for T1/cmr/m/n on input line 35.
LaTeX Font Info:    ... okay on input line 35.
LaTeX Font Info:    Checking defaults for TS1/cmr/m/n on input line 35.
LaTeX Font Info:    ... okay on input line 35.
LaTeX Font Info:    Checking defaults for OMX/cmex/m/n on input line 35.
LaTeX Font Info:    ... okay on input line 35.
LaTeX Font Info:    Checking defaults for U/cmr/m/n on input line 35.
LaTeX Font Info:    ... okay on input line 35.
LaTeX Font Info:    Checking defaults for PD1/pdf/m/n on input line 35.
LaTeX Font Info:    ... okay on input line 35.
LaTeX Font Info:    Checking defaults for PU/pdf/m/n on input line 35.
LaTeX Font Info:    ... okay on input line 35.
LaTeX Info: Redefining \. on input line 35.
LaTeX Info: Redefining \% on input line 35.

(C:\Users\alang\AppData\Local\Programs\MiKTeX\tex/context/base/mkii\supp-pdf.mk
ii
[Loading MPS to PDF converter (version 2006.09.02).]
\scratchcounter=\count310
\scratchdimen=\dimen261
\scratchbox=\box109
\nofMPsegments=\count311
\nofMParguments=\count312
\everyMPshowfont=\toks35
\MPscratchCnt=\count313
\MPscratchDim=\dimen262
\MPnumerator=\count314
\makeMPintoPDFobject=\count315
\everyMPtoPDFconversion=\toks36
)
(C:\Users\alang\AppData\Local\Programs\MiKTeX\tex/latex/epstopdf-pkg\epstopdf-b
ase.sty
Package: epstopdf-base 2020-01-24 v2.11 Base part for package epstopdf
Package epstopdf-base Info: Redefining graphics rule for `.eps' on input line 4
85.

(C:\Users\alang\AppData\Local\Programs\MiKTeX\tex/latex/00miktex\epstopdf-sys.c
fg
File: epstopdf-sys.cfg 2021/03/18 v2.0 Configuration of epstopdf for MiKTeX
))
Package hyperref Info: Link coloring ON on input line 35.
 (TT2.out) (TT2.out)
\@outlinefile=\write3
\openout3 = `TT2.out'.


(C:\Users\alang\AppData\Local\Programs\MiKTeX\tex/latex/pdflscape\pdflscape.sty
Package: pdflscape 2022-10-27 v0.13 Display of landscape pages in PDF

(C:\Users\alang\AppData\Local\Programs\MiKTeX\tex/latex/pdflscape\pdflscape-nom
etadata.sty
Package: pdflscape-nometadata 2022-10-28 v0.13 Display of landscape pages in PD
F (HO)

(C:\Users\alang\AppData\Local\Programs\MiKTeX\tex/latex/graphics\lscape.sty
Package: lscape 2020/05/28 v3.02 Landscape Pages (DPC)
)
Package pdflscape Info: Auto-detected driver: pdftex on input line 81.
))
(TT2.toc
LaTeX Info: Redefining \. on input line 1.
LaTeX Info: Redefining \% on input line 1.
LaTeX Font Info:    Trying to load font information for OML+lmm on input line 6
.
 (C:\Users\alang\AppData\Local\Programs\MiKTeX\tex/latex/lm\omllmm.fd
File: omllmm.fd 2015/05/01 v1.6.1 Font defs for Latin Modern
)
LaTeX Font Info:    Trying to load font information for OMS+lmsy on input line 
6.

(C:\Users\alang\AppData\Local\Programs\MiKTeX\tex/latex/lm\omslmsy.fd
File: omslmsy.fd 2015/05/01 v1.6.1 Font defs for Latin Modern
)
LaTeX Font Info:    Trying to load font information for OMX+lmex on input line 
6.

(C:\Users\alang\AppData\Local\Programs\MiKTeX\tex/latex/lm\omxlmex.fd
File: omxlmex.fd 2015/05/01 v1.6.1 Font defs for Latin Modern
)
LaTeX Font Info:    External font `lmex10' loaded for size
(Font)              <12> on input line 6.
LaTeX Font Info:    External font `lmex10' loaded for size
(Font)              <8> on input line 6.
LaTeX Font Info:    External font `lmex10' loaded for size
(Font)              <6> on input line 6.
LaTeX Font Info:    Trying to load font information for U+msa on input line 6.

(C:\Users\alang\AppData\Local\Programs\MiKTeX\tex/latex/amsfonts\umsa.fd
File: umsa.fd 2013/01/14 v3.01 AMS symbols A
)
LaTeX Font Info:    Trying to load font information for U+msb on input line 6.

(C:\Users\alang\AppData\Local\Programs\MiKTeX\tex/latex/amsfonts\umsb.fd
File: umsb.fd 2013/01/14 v3.01 AMS symbols B
)
[1{C:/Users/alang/AppData/Local/MiKTeX/fonts/map/pdftex/pdftex.map}{C:/Users/al
ang/AppData/Local/Programs/MiKTeX/fonts/enc/dvips/lm/lm-rm.enc}

]
Overfull \hbox (5.12357pt too wide) in paragraph at lines 47--47
 [][] [][][]\OT1/lmr/m/n/12 Propuesta de un sis-te-ma de geo-lo-ca-li-za-ci^^So
n y mo-ni-to-reo v^^S^^Pa GPS/GSM/GPRS 
 []

[2])
\tf@toc=\write4
\openout4 = `TT2.toc'.

 [3] (TT2.lof
LaTeX Info: Redefining \. on input line 1.
LaTeX Info: Redefining \% on input line 1.
 [4] [5])
\tf@lof=\write5
\openout5 = `TT2.lof'.

 [6] (TT2.lot
LaTeX Info: Redefining \. on input line 1.
LaTeX Info: Redefining \% on input line 1.
 [7])
\tf@lot=\write6
\openout6 = `TT2.lot'.

 [8] [9]
Underfull \hbox (badness 10000) in paragraph at lines 65--66

 []


Underfull \hbox (badness 10000) in paragraph at lines 70--71

 []

[10]
Underfull \hbox (badness 10000) in paragraph at lines 79--81

 []


Underfull \hbox (badness 10000) in paragraph at lines 82--83

 []


Underfull \hbox (badness 10000) in paragraph at lines 84--85

 []


Underfull \hbox (badness 10000) in paragraph at lines 86--87

 []


Underfull \hbox (badness 10000) in paragraph at lines 88--89

 []

[11]
Underfull \hbox (badness 10000) in paragraph at lines 96--97

 []


Underfull \hbox (badness 10000) in paragraph at lines 103--104

 []


Underfull \hbox (badness 10000) in paragraph at lines 105--107

 []

[12]
Underfull \hbox (badness 10000) in paragraph at lines 117--118

 []


Underfull \hbox (badness 10000) in paragraph at lines 119--120

 []

<imagenes/diagramageneral2.jpg, id=919, 460.72125pt x 286.06876pt>
File: imagenes/diagramageneral2.jpg Graphic file (type jpg)
<use imagenes/diagramageneral2.jpg>
Package pdftex.def Info: imagenes/diagramageneral2.jpg  used on input line 135.

(pdftex.def)             Requested size: 414.6453pt x 257.45949pt.
[13]
Underfull \hbox (badness 10000) in paragraph at lines 160--161

 []

[14 <./imagenes/diagramageneral2.jpg>]
Underfull \hbox (badness 10000) in paragraph at lines 164--165

 []


Underfull \hbox (badness 10000) in paragraph at lines 179--180

 []


Underfull \hbox (badness 10000) in paragraph at lines 181--182

 []


Underfull \hbox (badness 10000) in paragraph at lines 185--186

 []


Underfull \hbox (badness 10000) in paragraph at lines 191--192

 []


Underfull \hbox (badness 10000) in paragraph at lines 193--194

 []

[15]
Underfull \hbox (badness 10000) in paragraph at lines 195--196

 []

<imagenes/Top-down.jpg, id=935, 812.03375pt x 261.97874pt>
File: imagenes/Top-down.jpg Graphic file (type jpg)
<use imagenes/Top-down.jpg>
Package pdftex.def Info: imagenes/Top-down.jpg  used on input line 212.
(pdftex.def)             Requested size: 454.7358pt x 146.70709pt.
[16 <./imagenes/Top-down.jpg>] [17]
<imagenes/JetsonNano.jpg, id=949, 632.3625pt x 355.3275pt>
File: imagenes/JetsonNano.jpg Graphic file (type jpg)
<use imagenes/JetsonNano.jpg>
Package pdftex.def Info: imagenes/JetsonNano.jpg  used on input line 274.
(pdftex.def)             Requested size: 252.94052pt x 142.12846pt.
 [18 <./imagenes/JetsonNano.jpg>]
<imagenes/neurona.png, id=957, 490.83376pt x 212.29312pt>
File: imagenes/neurona.png Graphic file (type png)
<use imagenes/neurona.png>
Package pdftex.def Info: imagenes/neurona.png  used on input line 290.
(pdftex.def)             Requested size: 245.41628pt x 106.1463pt.
 [19{C:/Users/alang/AppData/Local/Programs/MiKTeX/fonts/enc/dvips/lm/lm-mathit.
enc}{C:/Users/alang/AppData/Local/Programs/MiKTeX/fonts/enc/dvips/lm/lm-mathex.
enc}{C:/Users/alang/AppData/Local/Programs/MiKTeX/fonts/enc/dvips/lm/lm-mathsy.
enc} <./imagenes/neurona.png>]
<imagenes/cnn2.jpg, id=973, 1003.75pt x 341.275pt>
File: imagenes/cnn2.jpg Graphic file (type jpg)
<use imagenes/cnn2.jpg>
Package pdftex.def Info: imagenes/cnn2.jpg  used on input line 338.
(pdftex.def)             Requested size: 451.68333pt x 153.57233pt.
 [20 <./imagenes/cnn2.jpg>]
<imagenes/maxpool.png, id=985, 164.25pt x 68.547pt>
File: imagenes/maxpool.png Graphic file (type png)
<use imagenes/maxpool.png>
Package pdftex.def Info: imagenes/maxpool.png  used on input line 357.
(pdftex.def)             Requested size: 164.24959pt x 68.54681pt.

Underfull \hbox (badness 10000) in paragraph at lines 381--382

 []


Package amsfonts Warning: Obsolete command \bold; \mathbf should be used instea
d on input line 388.

[21 <./imagenes/maxpool.png>]
<imagenes/clasificadores.png, id=991, 994.46532pt x 234.1247pt>
File: imagenes/clasificadores.png Graphic file (type png)
<use imagenes/clasificadores.png>
Package pdftex.def Info: imagenes/clasificadores.png  used on input line 397.
(pdftex.def)             Requested size: 497.23145pt x 117.06206pt.
<imagenes/cdn-diagram.png, id=993, 722.7pt x 406.51875pt>
File: imagenes/cdn-diagram.png Graphic file (type png)
<use imagenes/cdn-diagram.png>
Package pdftex.def Info: imagenes/cdn-diagram.png  used on input line 410.
(pdftex.def)             Requested size: 361.3491pt x 203.25887pt.
 [22 <./imagenes/clasificadores.png> <./imagenes/cdn-diagram.png>]
Underfull \hbox (badness 10000) in paragraph at lines 433--434

 []


Underfull \hbox (badness 10000) in paragraph at lines 435--438

 []

LaTeX Font Info:    Trying to load font information for TS1+lmr on input line 4
41.
(C:\Users\alang\AppData\Local\Programs\MiKTeX\tex/latex/lm\ts1lmr.fd
File: ts1lmr.fd 2015/05/01 v1.6.1 Font defs for Latin Modern
) [23{C:/Users/alang/AppData/Local/Programs/MiKTeX/fonts/enc/dvips/lm/lm-ts1.en
c}]
Underfull \hbox (badness 10000) in paragraph at lines 459--460

 []

[24] [25

] [26] [27] [28]
Overfull \hbox (4.54134pt too wide) in paragraph at lines 616--616
|[]\OT1/lmr/bx/n/12 Propuesta de un sis-te-ma de geo-lo-ca-li-za-ci^^Son y mo-n
i-to-reo v^^S^^Pa GPS/GSM/GPRS
 []

[29] [30]
<imagenes/topdowngeneral.png, id=1082, 924.45375pt x 290.08376pt>
File: imagenes/topdowngeneral.png Graphic file (type png)
<use imagenes/topdowngeneral.png>
Package pdftex.def Info: imagenes/topdowngeneral.png  used on input line 636.
(pdftex.def)             Requested size: 508.45114pt x 159.54655pt.

Overfull \hbox (7.96715pt too wide) in paragraph at lines 636--637
 [] 
 []


Underfull \hbox (badness 10000) in paragraph at lines 641--642

 []


Underfull \hbox (badness 10000) in paragraph at lines 643--644

 []


Underfull \hbox (badness 10000) in paragraph at lines 645--646

 []


Underfull \hbox (badness 10000) in paragraph at lines 647--648

 []

[31 <./imagenes/topdowngeneral.png>]
Underfull \hbox (badness 10000) in paragraph at lines 663--664

 []


Underfull \hbox (badness 10000) in paragraph at lines 665--666

 []


Underfull \hbox (badness 10000) in paragraph at lines 668--669

 []

<imagenes/MapaCoberturaMexico.jpg, id=1090, 907.13907pt x 568.37344pt>
File: imagenes/MapaCoberturaMexico.jpg Graphic file (type jpg)
<use imagenes/MapaCoberturaMexico.jpg>
Package pdftex.def Info: imagenes/MapaCoberturaMexico.jpg  used on input line 6
78.
(pdftex.def)             Requested size: 453.56842pt x 284.18602pt.
[32]
<imagenes/CoberturaCDMX.jpg, id=1097, 392.96812pt x 347.04657pt>
File: imagenes/CoberturaCDMX.jpg Graphic file (type jpg)
<use imagenes/CoberturaCDMX.jpg>
Package pdftex.def Info: imagenes/CoberturaCDMX.jpg  used on input line 686.
(pdftex.def)             Requested size: 275.07579pt x 242.93094pt.
 [33 <./imagenes/MapaCoberturaMexico.jpg> <./imagenes/CoberturaCDMX.jpg>]
[34

] [35] [36]
Overfull \hbox (3.00526pt too wide) in paragraph at lines 852--852
[]|\OT1/lmr/bx/n/12 Alimentaci^^Son| 
 []


Underfull \hbox (badness 10000) in paragraph at lines 853--853
[]|\OT1/lmr/m/n/12 Google
 []


Underfull \hbox (badness 6001) in paragraph at lines 853--853
\OT1/lmr/m/n/12 Co-ral Dev
 []


Underfull \hbox (badness 10000) in paragraph at lines 854--854
[]|\OT1/lmr/m/n/12 Rasperry
 []


Underfull \hbox (badness 5260) in paragraph at lines 854--854
[]|\OT1/lmr/m/n/12 1.5 GHZ 64 bit
 []


Underfull \hbox (badness 10000) in paragraph at lines 854--854
\OT1/lmr/m/n/12 Quad-Co-re Cor-tex
 []


Underfull \hbox (badness 10000) in paragraph at lines 854--854
[]|\OT1/lmr/m/n/12 1GB, 2GB,
 []


Underfull \hbox (badness 10000) in paragraph at lines 854--854
\OT1/lmr/m/n/12 4GB, 8GB
 []


Underfull \hbox (badness 10000) in paragraph at lines 855--855
[]|\OT1/lmr/m/n/12 Asus Tin-
 []


Underfull \hbox (badness 10000) in paragraph at lines 855--855
\OT1/lmr/m/n/12 ker-Board
 []


Underfull \hbox (badness 10000) in paragraph at lines 855--855
[]|\OT1/lmr/m/n/12 2GB/4GB
 []


Underfull \hbox (badness 3168) in paragraph at lines 855--855
\OT1/lmr/m/n/12 dual- chan-nel
 []


Underfull \hbox (badness 10000) in paragraph at lines 855--855
[]|\OT1/lmr/m/n/12 Integrated
 []


Underfull \hbox (badness 10000) in paragraph at lines 855--855
\OT1/lmr/m/n/12 GC7000 Li-te
 []


Underfull \hbox (badness 10000) in paragraph at lines 856--856
[]|\OT1/lmr/m/n/12 NVIDIA
 []


Underfull \hbox (badness 10000) in paragraph at lines 856--856
\OT1/lmr/m/n/12 Jetson
 []


Underfull \hbox (badness 10000) in paragraph at lines 856--856
[]|\OT1/lmr/m/n/12 4 GB de
 []


Underfull \hbox (badness 10000) in paragraph at lines 856--856
\OT1/lmr/m/n/12 LPDDR4 de
 []


Underfull \hbox (badness 10000) in paragraph at lines 856--856
\OT1/lmr/m/n/12 well de 128
 []

[37

]
Underfull \hbox (badness 10000) in paragraph at lines 877--878

 []

[38]
Overfull \hbox (10.44028pt too wide) in paragraph at lines 910--910
[]|\OT1/lmr/m/n/12 Almacenamiento| 
 []


Underfull \hbox (badness 10000) in paragraph at lines 910--910
[]|\OT1/lmr/m/n/12 Speed
 []


Underfull \hbox (badness 10000) in paragraph at lines 910--910
[]|\OT1/lmr/m/n/12 Video
 []


Underfull \hbox (badness 10000) in paragraph at lines 911--911
[]|\OT1/lmr/m/n/12 SanDisk
 []


Underfull \hbox (badness 10000) in paragraph at lines 911--911
\OT1/lmr/m/n/12 Ex-tre-me
 []


Underfull \hbox (badness 1571) in paragraph at lines 911--911
[]|\OT1/lmr/m/n/12 32-256 (MAX
 []


Underfull \hbox (badness 10000) in paragraph at lines 911--911
[]|\OT1/lmr/m/n/12 Clase
 []


Underfull \hbox (badness 10000) in paragraph at lines 912--912
[]|\OT1/lmr/m/n/12 Kingston
 []


Underfull \hbox (badness 10000) in paragraph at lines 912--912
\OT1/lmr/m/n/12 EN-DU-
 []


Underfull \hbox (badness 1571) in paragraph at lines 912--912
[]|\OT1/lmr/m/n/12 32-256 (MAX
 []


Underfull \hbox (badness 10000) in paragraph at lines 912--912
[]|\OT1/lmr/m/n/12 Clase
 []


Underfull \hbox (badness 10000) in paragraph at lines 913--913
[]|\OT1/lmr/m/n/12 Samsung
 []


Underfull \hbox (badness 10000) in paragraph at lines 913--913
[]|\OT1/lmr/m/n/12 Clase
 []


Underfull \hbox (badness 10000) in paragraph at lines 913--913
[]|\OT1/lmr/m/n/12 160
 []


Underfull \hbox (badness 10000) in paragraph at lines 913--913
\OT1/lmr/m/n/12 MB/s
 []


Underfull \hbox (badness 10000) in paragraph at lines 913--913
\TS1/lmr/m/n/12 $\OT1/lmr/m/n/12 883
 []


Underfull \hbox (badness 10000) in paragraph at lines 914--914
[]|\OT1/lmr/m/n/12 Kingston
 []


Underfull \hbox (badness 10000) in paragraph at lines 914--914
\OT1/lmr/m/n/12 Can-vas
 []


Underfull \hbox (badness 10000) in paragraph at lines 914--914
[]|\OT1/lmr/m/n/12 Clase
 []


Overfull \hbox (2.12619pt too wide) in paragraph at lines 908--917
[][] 
 []

[39

]
Underfull \hbox (badness 10000) in paragraph at lines 924--926

 []

<imagenes/programaclasico.png, id=1135, 770.88pt x 578.16pt>
File: imagenes/programaclasico.png Graphic file (type png)
<use imagenes/programaclasico.png>
Package pdftex.def Info: imagenes/programaclasico.png  used on input line 927.
(pdftex.def)             Requested size: 231.26578pt x 173.44933pt.

Underfull \hbox (badness 10000) in paragraph at lines 933--934

 []


Underfull \hbox (badness 10000) in paragraph at lines 935--936

 []


Underfull \hbox (badness 10000) in paragraph at lines 937--938

 []

[40

 <./imagenes/programaclasico.png>] [41]
Underfull \hbox (badness 10000) in paragraph at lines 982--983

 []


LaTeX Warning: `h' float specifier changed to `ht'.


LaTeX Warning: `h' float specifier changed to `ht'.


LaTeX Warning: `h' float specifier changed to `ht'.

[42

] [43]
<imagenes/casosuso_vision.jpeg, id=1156, 711.65875pt x 727.71875pt>
File: imagenes/casosuso_vision.jpeg Graphic file (type jpg)
<use imagenes/casosuso_vision.jpeg>
Package pdftex.def Info: imagenes/casosuso_vision.jpeg  used on input line 1131
.
(pdftex.def)             Requested size: 355.8285pt x 363.85847pt.


LaTeX Warning: `h' float specifier changed to `ht'.


LaTeX Warning: `h' float specifier changed to `ht'.


LaTeX Warning: `h' float specifier changed to `ht'.


LaTeX Warning: `h' float specifier changed to `ht'.


LaTeX Warning: `h' float specifier changed to `ht'.


Overfull \hbox (6.39964pt too wide) in paragraph at lines 1252--1270
 [][] 
 []


LaTeX Warning: `h' float specifier changed to `ht'.


LaTeX Warning: `h' float specifier changed to `ht'.

[44

 <./imagenes/casosuso_vision.jpeg>] [45] [46] [47]
<imagenes/imx.jpg, id=1173, 431.36156pt x 359.84438pt>
File: imagenes/imx.jpg Graphic file (type jpg)
<use imagenes/imx.jpg>
Package pdftex.def Info: imagenes/imx.jpg  used on input line 1323.
(pdftex.def)             Requested size: 215.68025pt x 179.92174pt.
 [48

 <./imagenes/imx.jpg>]
Underfull \hbox (badness 10000) in paragraph at lines 1354--1354
[]|\OT1/lmr/m/it/12 Neural
 []


Underfull \hbox (badness 10000) in paragraph at lines 1354--1354
\OT1/lmr/m/it/12 Net-works
 []


Underfull \hbox (badness 5431) in paragraph at lines 1354--1354
\OT1/lmr/m/n/12 pre-ci-sos, es-pe-cial-men-te
 []


Underfull \hbox (badness 1173) in paragraph at lines 1354--1354
\OT1/lmr/m/n/12 pa-ra los ca-sos de uso
 []


Underfull \hbox (badness 7814) in paragraph at lines 1354--1354
\OT1/lmr/m/n/12 de re-co-no-ci-mien-to de
 []


Underfull \hbox (badness 10000) in paragraph at lines 1354--1354
\OT1/lmr/m/n/12 im^^Sage-nes/objetos, en
 []


Underfull \hbox (badness 1430) in paragraph at lines 1354--1354
\OT1/lmr/m/n/12 com-pa-ra-ci^^Son con otros
 []


Underfull \hbox (badness 10000) in paragraph at lines 1355--1355
[]|\OT1/lmr/m/it/12 Long
 []


Underfull \hbox (badness 10000) in paragraph at lines 1355--1355
\OT1/lmr/m/it/12 Short-
 []


Underfull \hbox (badness 10000) in paragraph at lines 1355--1355
\OT1/lmr/m/it/12 Term
 []


Underfull \hbox (badness 10000) in paragraph at lines 1355--1355
\OT1/lmr/m/it/12 Me-mory
 []


Underfull \hbox (badness 3724) in paragraph at lines 1355--1355
[]|\OT1/lmr/m/n/12 Ideal pa-ra ta-reas co-
 []


Underfull \hbox (badness 3396) in paragraph at lines 1355--1355
[]|\OT1/lmr/m/n/12 Se re-quie-re una gran
 []


Underfull \hbox (badness 10000) in paragraph at lines 1355--1355
\OT1/lmr/m/n/12 can-ti-dad de compu-
 []


Underfull \hbox (badness 10000) in paragraph at lines 1356--1356
[]|\OT1/lmr/m/it/12 General
 []


Underfull \hbox (badness 10000) in paragraph at lines 1356--1356
\OT1/lmr/m/it/12 Ad-ver-
 []


Underfull \hbox (badness 10000) in paragraph at lines 1356--1356
\OT1/lmr/m/it/12 sa-rial
 []


Underfull \hbox (badness 10000) in paragraph at lines 1356--1356
\OT1/lmr/m/it/12 Net-works
 []


Underfull \hbox (badness 1924) in paragraph at lines 1358--1358
[][]\OT1/lmr/m/n/12 Util en la edi-ci^^Son de
 []


Underfull \hbox (badness 10000) in paragraph at lines 1358--1358
\OT1/lmr/m/n/12 im^^Sage-nes (Deep-fa-ke),
 []


Underfull \hbox (badness 10000) in paragraph at lines 1358--1358
\OT1/lmr/m/n/12 ge-ne-ra-ci^^Son de per-
 []


Underfull \hbox (badness 10000) in paragraph at lines 1358--1358
\OT1/lmr/m/n/12 so-na-jes de di-bu-jos
 []


Underfull \hbox (badness 3039) in paragraph at lines 1358--1358
\OT1/lmr/m/n/12 ani-ma-dos, ilus-tra-cio-nes
 []


Underfull \hbox (badness 1817) in paragraph at lines 1358--1358
[]|\OT1/lmr/m/n/12 Capaz de apren-der la
 []


Underfull \hbox (badness 10000) in paragraph at lines 1358--1358
\OT1/lmr/m/n/12 re-pre-sen-ta-ci^^Son in-ter-na
 []


Underfull \hbox (badness 1584) in paragraph at lines 1358--1359
[]|\OT1/lmr/m/n/12 Cuando ge-ne-ra nue-vos
 []


Underfull \hbox (badness 1490) in paragraph at lines 1358--1359
\OT1/lmr/m/n/12 ca de eva-lua-ci^^Son pa-ra
 []


Underfull \hbox (badness 10000) in paragraph at lines 1360--1360
[]\OT1/lmr/m/n/12 Se re-quie-re mu-cho
 []


Underfull \hbox (badness 10000) in paragraph at lines 1360--1360
\OT1/lmr/m/n/12 el en-tre-na-mien-to del
 []


Underfull \hbox (badness 10000) in paragraph at lines 1361--1361
[]|\OT1/lmr/m/it/12 Recurrent
 []


Underfull \hbox (badness 10000) in paragraph at lines 1361--1361
\OT1/lmr/m/it/12 Neu-ral
 []


Underfull \hbox (badness 10000) in paragraph at lines 1361--1361
\OT1/lmr/m/it/12 Net-works
 []


Underfull \hbox (badness 1286) in paragraph at lines 1361--1361
\OT1/lmr/m/n/12 ce-sa-mien-to del len-gua-
 []


Underfull \hbox (badness 1178) in paragraph at lines 1361--1361
[]|\OT1/lmr/m/n/12 Capacidad de re-cor-dar
 []


Underfull \hbox (badness 4144) in paragraph at lines 1361--1361
\OT1/lmr/m/n/12 in-for-ma-ci^^Son a lo lar-
 []


Underfull \hbox (badness 3039) in paragraph at lines 1361--1362
[]|\OT1/lmr/m/n/12 Los c^^Salcu-los re-quie-ren
 []


Overfull \hbox (2.3205pt too wide) in paragraph at lines 1364--1364
[]|\OT1/lmr/m/it/12 Multilayer
 []


Underfull \hbox (badness 10000) in paragraph at lines 1364--1364
\OT1/lmr/m/it/12 Per-cep-
 []


Underfull \hbox (badness 10000) in paragraph at lines 1364--1364
\OT1/lmr/m/it/12 tron?s
 []


Underfull \hbox (badness 1331) in paragraph at lines 1366--1367
[]|\OT1/lmr/m/n/12 Puede dis-tin-guir da-tos
 []

[49

] [50]
<imagenes/unicapa.jpg, id=1187, 276.28218pt x 160.34906pt>
File: imagenes/unicapa.jpg Graphic file (type jpg)
<use imagenes/unicapa.jpg>
Package pdftex.def Info: imagenes/unicapa.jpg  used on input line 1385.
(pdftex.def)             Requested size: 110.51091pt x 64.13847pt.
<imagenes/unicapa2.jpg, id=1188, 1100.61188pt x 556.32843pt>
File: imagenes/unicapa2.jpg Graphic file (type jpg)
<use imagenes/unicapa2.jpg>
Package pdftex.def Info: imagenes/unicapa2.jpg  used on input line 1395.
(pdftex.def)             Requested size: 385.21992pt x 194.71786pt.
<imagenes/multicapa.png, id=1189, 310.15875pt x 197.98969pt>
File: imagenes/multicapa.png Graphic file (type png)
<use imagenes/multicapa.png>
Package pdftex.def Info: imagenes/multicapa.png  used on input line 1407.
(pdftex.def)             Requested size: 217.10963pt x 138.59183pt.
 [51 <./imagenes/unicapa.jpg> <./imagenes/unicapa2.jpg>]
<imagenes/capasocultas.jpg, id=1194, 1099.10625pt x 556.32843pt>
File: imagenes/capasocultas.jpg Graphic file (type jpg)
<use imagenes/capasocultas.jpg>
Package pdftex.def Info: imagenes/capasocultas.jpg  used on input line 1416.
(pdftex.def)             Requested size: 439.6347pt x 222.52742pt.
<imagenes/funrelu.png, id=1195, 501.5538pt x 404.712pt>
File: imagenes/funrelu.png Graphic file (type png)
<use imagenes/funrelu.png>
Package pdftex.def Info: imagenes/funrelu.png  used on input line 1430.
(pdftex.def)             Requested size: 200.61797pt x 161.88193pt.
 [52 <./imagenes/multicapa.png> <./imagenes/capasocultas.jpg>]
<imagenes/relu.jpg, id=1201, 1106.63437pt x 581.17125pt>
File: imagenes/relu.jpg Graphic file (type jpg)
<use imagenes/relu.jpg>
Package pdftex.def Info: imagenes/relu.jpg  used on input line 1437.
(pdftex.def)             Requested size: 442.6459pt x 232.46437pt.
<imagenes/funtanh.png, id=1202, 1204.5pt x 663.47874pt>
File: imagenes/funtanh.png Graphic file (type png)
<use imagenes/funtanh.png>
Package pdftex.def Info: imagenes/funtanh.png  used on input line 1447.
(pdftex.def)             Requested size: 240.89574pt x 132.69339pt.
 [53 <./imagenes/funrelu.png> <./imagenes/relu.jpg>]
<imagenes/tanh.jpg, id=1208, 1090.82532pt x 553.31718pt>
File: imagenes/tanh.jpg Graphic file (type jpg)
<use imagenes/tanh.jpg>
Package pdftex.def Info: imagenes/tanh.jpg  used on input line 1456.
(pdftex.def)             Requested size: 436.3224pt x 221.32295pt.
 [54 <./imagenes/funtanh.png> <./imagenes/tanh.jpg>]
[55]
LaTeX Font Info:    Trying to load font information for OML+lmr on input line 1
543.
 (C:\Users\alang\AppData\Local\Programs\MiKTeX\tex/latex/lm\omllmr.fd
File: omllmr.fd 2015/05/01 v1.6.1 Font defs for Latin Modern
)
LaTeX Font Info:    Font shape `OML/lmr/m/n' in size <12> not available
(Font)              Font shape `OML/lmm/m/it' tried instead on input line 1543.


[56]
Underfull \hbox (badness 10000) in paragraph at lines 1555--1556

 []


Underfull \hbox (badness 10000) in paragraph at lines 1592--1593

 []

[57]
Underfull \hbox (badness 10000) in paragraph at lines 1594--1595

 []


Underfull \hbox (badness 10000) in paragraph at lines 1596--1597

 []


Underfull \hbox (badness 10000) in paragraph at lines 1604--1605

 []

[58]
<imagenes/lte-mcobertura.png, id=1239, 459.96844pt x 348.55219pt>
File: imagenes/lte-mcobertura.png Graphic file (type png)
<use imagenes/lte-mcobertura.png>
Package pdftex.def Info: imagenes/lte-mcobertura.png  used on input line 1647.
(pdftex.def)             Requested size: 229.98366pt x 174.27565pt.
 [59 <./imagenes/lte-mcobertura.png>]
<imagenes/handover.png, id=1248, 813.0375pt x 589.4522pt>
File: imagenes/handover.png Graphic file (type png)
<use imagenes/handover.png>
Package pdftex.def Info: imagenes/handover.png  used on input line 1702.
(pdftex.def)             Requested size: 243.91313pt x 176.83702pt.
 [60

]
<imagenes/mapaLTE.png, id=1256, 367.3725pt x 215.30438pt>
File: imagenes/mapaLTE.png Graphic file (type png)
<use imagenes/mapaLTE.png>
Package pdftex.def Info: imagenes/mapaLTE.png  used on input line 1710.
(pdftex.def)             Requested size: 330.63217pt x 193.77214pt.
 [61 <./imagenes/handover.png> <./imagenes/mapaLTE.png>]
Underfull \hbox (badness 10000) in paragraph at lines 1744--1745

 []


LaTeX Warning: `h' float specifier changed to `ht'.


LaTeX Warning: `h' float specifier changed to `ht'.


LaTeX Warning: `h' float specifier changed to `ht'.


LaTeX Warning: `h' float specifier changed to `ht'.


LaTeX Warning: `h' float specifier changed to `ht'.

[62

] [63] [64]
<imagenes/CasosdeusosMEB.png, id=1276, 720.6925pt x 512.91624pt>
File: imagenes/CasosdeusosMEB.png Graphic file (type png)
<use imagenes/CasosdeusosMEB.png>
Package pdftex.def Info: imagenes/CasosdeusosMEB.png  used on input line 1874.
(pdftex.def)             Requested size: 396.38211pt x 282.1048pt.
 [65

 <./imagenes/CasosdeusosMEB.png>]

LaTeX Warning: `h' float specifier changed to `ht'.


LaTeX Warning: `h' float specifier changed to `ht'.


LaTeX Warning: `h' float specifier changed to `ht'.

[66] [67] [68

] [69] [70] [71] [72]
<imagenes/casosdeusoweb.png, id=1311, 703.62875pt x 603.25375pt>
File: imagenes/casosdeusoweb.png Graphic file (type png)
<use imagenes/casosdeusoweb.png>
Package pdftex.def Info: imagenes/casosdeusoweb.png  used on input line 2260.
(pdftex.def)             Requested size: 351.8135pt x 301.62613pt.
 [73]

LaTeX Warning: `h' float specifier changed to `ht'.


LaTeX Warning: `h' float specifier changed to `ht'.


LaTeX Warning: `h' float specifier changed to `ht'.


LaTeX Warning: `h' float specifier changed to `ht'.


LaTeX Warning: `h' float specifier changed to `ht'.


LaTeX Warning: `h' float specifier changed to `ht'.

[74 <./imagenes/casosdeusoweb.png>] [75] [76]
Underfull \hbox (badness 10000) in paragraph at lines 2437--2438

 []


Underfull \hbox (badness 10000) in paragraph at lines 2446--2446
[]|\OT1/lmr/m/n/12 NoSQL \OT1/lmr/m/it/12 wide-
 []


Underfull \hbox (badness 2495) in paragraph at lines 2446--2446
[]|\OT1/lmr/m/n/12 NoSQL Orien-ta-
 []


Underfull \hbox (badness 10000) in paragraph at lines 2446--2446
[]|\OT1/lmr/m/n/12 NoSQL clave-
 []


Underfull \hbox (badness 10000) in paragraph at lines 2446--2446
[]|\OT1/lmr/m/n/12 NoSQL clave-
 []


Underfull \hbox (badness 10000) in paragraph at lines 2447--2447
[]|\OT1/lmr/m/n/12 Codigo abier-to
 []


Underfull \hbox (badness 10000) in paragraph at lines 2447--2447
[]|\OT1/lmr/m/n/12 Codigo abier-to
 []


Overfull \hbox (3.70572pt too wide) in paragraph at lines 2448--2448
[]|\OT1/lmr/bx/n/12 Cumplimiento
 []


Underfull \hbox (badness 10000) in paragraph at lines 2449--2449
[]|\OT1/lmr/bx/n/12 Lenguaje
 []


Underfull \hbox (badness 10000) in paragraph at lines 2449--2449
\OT1/lmr/bx/n/12 de con-sul-ta
 []


Underfull \hbox (badness 10000) in paragraph at lines 2450--2450
[]|\OT1/lmr/bx/n/12 Principales
 []


Underfull \hbox (badness 10000) in paragraph at lines 2450--2450
[]|\OT1/lmr/m/n/12 An^^Sali-sis so-cial,
 []


Underfull \hbox (badness 10000) in paragraph at lines 2450--2450
\OT1/lmr/m/n/12 po real, ven-ta
 []


Underfull \hbox (badness 1270) in paragraph at lines 2450--2450
\OT1/lmr/m/n/12 al por me-nor y
 []


Underfull \hbox (badness 1558) in paragraph at lines 2450--2450
\OT1/lmr/m/n/12 llo de apli-ca-cio-
 []


Underfull \hbox (badness 10000) in paragraph at lines 2450--2450
[]|\OT1/lmr/m/n/12 Almacenamiento
 []


Underfull \hbox (badness 10000) in paragraph at lines 2450--2450
\OT1/lmr/m/n/12 en cach^^Se, co-
 []


Underfull \hbox (badness 10000) in paragraph at lines 2450--2450
\OT1/lmr/m/n/12 las, fil-tra-do y
 []


Underfull \hbox (badness 4024) in paragraph at lines 2450--2450
\OT1/lmr/m/n/12 mi-no-ris-ta, ser-vi-
 []


Underfull \hbox (badness 10000) in paragraph at lines 2450--2450
\OT1/lmr/m/n/12 cios fi-nan-cie-ros,
 []


Underfull \hbox (badness 10000) in paragraph at lines 2450--2450
\OT1/lmr/m/n/12 pu-bli-ci-dad y
 []


Underfull \hbox (badness 10000) in paragraph at lines 2450--2450
\OT1/lmr/m/n/12 trans-mi-si^^Son de
 []


Underfull \hbox (badness 10000) in paragraph at lines 2451--2451
[]|\OT1/lmr/m/n/12 Seguridad in-
 []


Underfull \hbox (badness 10000) in paragraph at lines 2451--2451
\OT1/lmr/m/n/12 te-gra-da pa-ra
 []


Underfull \hbox (badness 10000) in paragraph at lines 2451--2451
\OT1/lmr/m/n/12 la au-to-ri-za-ci^^Son,
 []


Underfull \hbox (badness 3701) in paragraph at lines 2451--2451
\OT1/lmr/m/n/12 el ci-fra-do y la
 []


Underfull \hbox (badness 10000) in paragraph at lines 2451--2451
\OT1/lmr/m/n/12 au-ten-ti-ca-ci^^Son,
 []


Underfull \hbox (badness 4036) in paragraph at lines 2451--2451
\OT1/lmr/m/n/12 est^^Sa des-ac-ti-va-da
 []


Underfull \hbox (badness 1137) in paragraph at lines 2451--2451
\OT1/lmr/m/n/12 de for-ma pre-de-
 []


Underfull \hbox (badness 10000) in paragraph at lines 2451--2451
\OT1/lmr/m/n/12 ter-mi-na-da pa-ra
 []


Underfull \hbox (badness 5119) in paragraph at lines 2451--2451
\OT1/lmr/m/n/12 fa-ci-li-tar su uso
 []


Underfull \hbox (badness 10000) in paragraph at lines 2451--2451
\OT1/lmr/m/n/12 den-tro de los
 []


Underfull \hbox (badness 2689) in paragraph at lines 2451--2451
[]|\OT1/lmr/m/n/12 Seguridad in-cor-
 []


Underfull \hbox (badness 10000) in paragraph at lines 2451--2451
[]|\OT1/lmr/m/n/12 Se ini-cia au-
 []


Underfull \hbox (badness 10000) in paragraph at lines 2451--2451
\OT1/lmr/m/n/12 tom^^Sati-ca-men-te
 []


Underfull \hbox (badness 1895) in paragraph at lines 2451--2451
\OT1/lmr/m/n/12 tec-ci^^Son y ofre-ce
 []


Underfull \hbox (badness 10000) in paragraph at lines 2451--2451
\OT1/lmr/m/n/12 su-ge-ren-cias de
 []


Underfull \hbox (badness 10000) in paragraph at lines 2451--2451
[]|\OT1/lmr/m/n/12 Seguridad in-te-
 []


Underfull \hbox (badness 10000) in paragraph at lines 2451--2451
\OT1/lmr/m/n/12 y apli-ca-cio-nes;
 []


Underfull \hbox (badness 7740) in paragraph at lines 2451--2451
\OT1/lmr/m/n/12 re, ins-ta-la-cio-nes
 []


Overfull \hbox (2.32904pt too wide) in paragraph at lines 2443--2454
[][] 
 []


LaTeX Warning: `h' float specifier changed to `ht'.

[77

] [78] [79

] [80

]
<imagenes/amplify.png, id=1353, 821.31844pt x 335.00156pt>
File: imagenes/amplify.png Graphic file (type png)
<use imagenes/amplify.png>
Package pdftex.def Info: imagenes/amplify.png  used on input line 2549.
(pdftex.def)             Requested size: 410.6582pt x 167.50037pt.
 [81 <./imagenes/amplify.png>]
<imagenes/respuesta.png, id=1359, 376.40625pt x 96.36pt>
File: imagenes/respuesta.png Graphic file (type png)
<use imagenes/respuesta.png>
Package pdftex.def Info: imagenes/respuesta.png  used on input line 2580.
(pdftex.def)             Requested size: 188.20265pt x 48.17987pt.
 [82 <./imagenes/respuesta.png>]
Underfull \hbox (badness 10000) in paragraph at lines 2608--2611

 []


Underfull \hbox (badness 10000) in paragraph at lines 2608--2611

 []

<imagenes/diagrama_secuenciamc.jpeg, id=1365, 865.2325pt x 1284.8pt>
File: imagenes/diagrama_secuenciamc.jpeg Graphic file (type jpg)
<use imagenes/diagrama_secuenciamc.jpeg>
Package pdftex.def Info: imagenes/diagrama_secuenciamc.jpeg  used on input line
 2613.
(pdftex.def)             Requested size: 432.61519pt x 642.39844pt.
[83

] [84 <./imagenes/diagrama_secuenciamc.jpeg>]
Underfull \hbox (badness 10000) in paragraph at lines 2628--2630

 []

<imagenes/nanodim.jpg, id=1378, 752.8125pt x 421.575pt>
File: imagenes/nanodim.jpg Graphic file (type jpg)
<use imagenes/nanodim.jpg>
Package pdftex.def Info: imagenes/nanodim.jpg  used on input line 2634.
(pdftex.def)             Requested size: 451.69098pt x 252.94695pt.
<imagenes/nano.jpg, id=1379, 517.18219pt x 405.76593pt>
File: imagenes/nano.jpg Graphic file (type jpg)
<use imagenes/nano.jpg>
Package pdftex.def Info: imagenes/nano.jpg  used on input line 2641.
(pdftex.def)             Requested size: 206.8692pt x 162.3035pt.
[85 <./imagenes/nanodim.jpg>]
<imagenes/KY-006.jpg, id=1385, 803.0pt x 803.0pt>
File: imagenes/KY-006.jpg Graphic file (type jpg)
<use imagenes/KY-006.jpg>
Package pdftex.def Info: imagenes/KY-006.jpg  used on input line 2651.
(pdftex.def)             Requested size: 160.59715pt x 160.59715pt.
File: imagenes/imx.jpg Graphic file (type jpg)
<use imagenes/imx.jpg>
Package pdftex.def Info: imagenes/imx.jpg  used on input line 2660.
(pdftex.def)             Requested size: 172.54156pt x 143.9352pt.

Underfull \hbox (badness 10000) in paragraph at lines 2666--2667

 []

[86 <./imagenes/nano.jpg> <./imagenes/KY-006.jpg>]
<imagenes/Jumpers.jpg, id=1390, 570.13pt x 503.8825pt>
File: imagenes/Jumpers.jpg Graphic file (type jpg)
<use imagenes/Jumpers.jpg>
Package pdftex.def Info: imagenes/Jumpers.jpg  used on input line 2669.
(pdftex.def)             Requested size: 114.02397pt x 100.7747pt.
<imagenes/MicroSD.png, id=1391, 220.825pt x 91.34125pt>
File: imagenes/MicroSD.png Graphic file (type png)
<use imagenes/MicroSD.png>
Package pdftex.def Info: imagenes/MicroSD.png  used on input line 2681.
(pdftex.def)             Requested size: 88.32843pt x 36.53584pt.
<imagenes/sixfabhat.png, id=1392, 353.82187pt x 319.94531pt>
File: imagenes/sixfabhat.png Graphic file (type png)
<use imagenes/sixfabhat.png>
Package pdftex.def Info: imagenes/sixfabhat.png  used on input line 2690.
(pdftex.def)             Requested size: 106.14737pt x 95.98433pt.
<imagenes/LE910.png, id=1393, 258.9675pt x 280.79906pt>
File: imagenes/LE910.png Graphic file (type png)
<use imagenes/LE910.png>
Package pdftex.def Info: imagenes/LE910.png  used on input line 2700.
(pdftex.def)             Requested size: 129.48341pt x 140.39919pt.
 [87 <./imagenes/Jumpers.jpg> <./imagenes/MicroSD.png> <./imagenes/sixfabhat.pn
g>]
<imagenes/lteantena.png, id=1400, 411.03563pt x 415.5525pt>
File: imagenes/lteantena.png Graphic file (type png)
<use imagenes/lteantena.png>
Package pdftex.def Info: imagenes/lteantena.png  used on input line 2714.
(pdftex.def)             Requested size: 123.31163pt x 124.6667pt.
 [88 <./imagenes/LE910.png> <./imagenes/lteantena.png>]
<imagenes/waveshare.jpg, id=1407, 584.1825pt x 432.86719pt>
File: imagenes/waveshare.jpg Graphic file (type jpg)
<use imagenes/waveshare.jpg>
Package pdftex.def Info: imagenes/waveshare.jpg  used on input line 2729.
(pdftex.def)             Requested size: 350.51219pt x 259.7223pt.
<imagenes/wavecompo.jpg, id=1408, 587.94656pt x 179.16937pt>
File: imagenes/wavecompo.jpg Graphic file (type jpg)
<use imagenes/wavecompo.jpg>
Package pdftex.def Info: imagenes/wavecompo.jpg  used on input line 2737.
(pdftex.def)             Requested size: 470.3579pt x 143.33568pt.
 [89 <./imagenes/waveshare.jpg> <./imagenes/wavecompo.jpg>]
Underfull \hbox (badness 10000) in paragraph at lines 2749--2751

 []


Underfull \hbox (badness 10000) in paragraph at lines 2749--2751

 []

<imagenes/actividades_vision.jpeg, id=1413, 819.06pt x 1284.8pt>
File: imagenes/actividades_vision.jpeg Graphic file (type jpg)
<use imagenes/actividades_vision.jpeg>
Package pdftex.def Info: imagenes/actividades_vision.jpeg  used on input line 2
754.
(pdftex.def)             Requested size: 368.5736pt x 578.15466pt.
[90]
<imagenes/flujo_vision.png, id=1418, 651.43375pt x 864.22874pt>
File: imagenes/flujo_vision.png Graphic file (type png)
<use imagenes/flujo_vision.png>
Package pdftex.def Info: imagenes/flujo_vision.png  used on input line 2761.
(pdftex.def)             Requested size: 325.71606pt x 432.11331pt.
 [91 <./imagenes/actividades_vision.jpeg>] [92 <./imagenes/flujo_vision.png>]
<imagenes/landmark.png, id=1429, 415.5525pt x 395.4775pt>
File: imagenes/landmark.png Graphic file (type png)
<use imagenes/landmark.png>
Package pdftex.def Info: imagenes/landmark.png  used on input line 2779.
(pdftex.def)             Requested size: 174.53085pt x 166.09941pt.
<imagenes/MOR.png, id=1430, 209.28188pt x 164.86594pt>
File: imagenes/MOR.png Graphic file (type png)
<use imagenes/MOR.png>
Package pdftex.def Info: imagenes/MOR.png  used on input line 2811.
(pdftex.def)             Requested size: 104.64067pt x 82.43275pt.
 [93 <./imagenes/landmark.png (PNG copy)>] [94 <./imagenes/MOR.png>]
<imagenes/DF-modCom.jpeg, id=1444, 492.84125pt x 914.41624pt>
File: imagenes/DF-modCom.jpeg Graphic file (type jpg)
<use imagenes/DF-modCom.jpeg>
Package pdftex.def Info: imagenes/DF-modCom.jpeg  used on input line 2837.
(pdftex.def)             Requested size: 295.70702pt x 548.65398pt.
 [95

 <./imagenes/DF-modCom.jpeg>]
<imagenes/DG-modCom.jpeg, id=1450, 814.04124pt x 835.12pt>
File: imagenes/DG-modCom.jpeg Graphic file (type jpg)
<use imagenes/DG-modCom.jpeg>
Package pdftex.def Info: imagenes/DG-modCom.jpeg  used on input line 2847.
(pdftex.def)             Requested size: 407.01962pt x 417.55898pt.
 [96 <./imagenes/DG-modCom.jpeg>]
Underfull \hbox (badness 10000) in paragraph at lines 2857--2858

 []

<imagenes/DisenoMEB.png, id=1457, 1064.97874pt x 533.995pt>
File: imagenes/DisenoMEB.png Graphic file (type png)
<use imagenes/DisenoMEB.png>
Package pdftex.def Info: imagenes/DisenoMEB.png  used on input line 2863.
(pdftex.def)             Requested size: 532.48807pt x 266.99684pt.

Overfull \hbox (32.00407pt too wide) in paragraph at lines 2863--2864
 [] 
 []

[97 <./imagenes/DisenoMEB.png>]
<imagenes/diagramaMEB.jpeg, id=1464, 442.65375pt x 293.095pt>
File: imagenes/diagramaMEB.jpeg Graphic file (type jpg)
<use imagenes/diagramaMEB.jpeg>
Package pdftex.def Info: imagenes/diagramaMEB.jpeg  used on input line 2872.
(pdftex.def)             Requested size: 309.8555pt x 205.16508pt.
 [98 <./imagenes/diagramaMEB.jpeg>]
Underfull \hbox (badness 10000) in paragraph at lines 2885--2886

 []

<imagenes/diagramaclasesaw.jpg, id=1470, 763.85374pt x 643.40375pt>
File: imagenes/diagramaclasesaw.jpg Graphic file (type jpg)
<use imagenes/diagramaclasesaw.jpg>
Package pdftex.def Info: imagenes/diagramaclasesaw.jpg  used on input line 2891
.
(pdftex.def)             Requested size: 458.31578pt x 386.04523pt.
[99

 <./imagenes/diagramaclasesaw.jpg>]
<imagenes/sec_reporte_incidencia.png, id=1477, 438.63875pt x 232.87pt>
File: imagenes/sec_reporte_incidencia.png Graphic file (type png)
<use imagenes/sec_reporte_incidencia.png>
Package pdftex.def Info: imagenes/sec_reporte_incidencia.png  used on input lin
e 2900.
(pdftex.def)             Requested size: 263.18527pt x 139.72307pt.
<imagenes/sec_ubicacion.png, id=1478, 536.0025pt x 221.82875pt>
File: imagenes/sec_ubicacion.png Graphic file (type png)
<use imagenes/sec_ubicacion.png>
Package pdftex.def Info: imagenes/sec_ubicacion.png  used on input line 2909.
(pdftex.def)             Requested size: 375.19919pt x 155.27905pt.
<imagenes/sec_rcontrasena.jpg, id=1479, 507.8975pt x 319.1925pt>
File: imagenes/sec_rcontrasena.jpg Graphic file (type jpg)
<use imagenes/sec_rcontrasena.jpg>
Package pdftex.def Info: imagenes/sec_rcontrasena.jpg  used on input line 2917.

(pdftex.def)             Requested size: 304.74086pt x 191.51697pt.
 [100 <./imagenes/sec_reporte_incidencia.png> <./imagenes/sec_ubicacion.png> <.
/imagenes/sec_rcontrasena.jpg>]
<imagenes/sec_confirmar.jpg, id=1486, 443.6575pt x 293.095pt>
File: imagenes/sec_confirmar.jpg Graphic file (type jpg)
<use imagenes/sec_confirmar.jpg>
Package pdftex.def Info: imagenes/sec_confirmar.jpg  used on input line 2925.
(pdftex.def)             Requested size: 266.19655pt x 175.85834pt.
<imagenes/sec_perfil.jpg, id=1487, 554.07pt x 293.095pt>
File: imagenes/sec_perfil.jpg Graphic file (type jpg)
<use imagenes/sec_perfil.jpg>
Package pdftex.def Info: imagenes/sec_perfil.jpg  used on input line 2933.
(pdftex.def)             Requested size: 332.44456pt x 175.85834pt.
<imagenes/sec_registrar.jpg, id=1488, 420.57124pt x 293.095pt>
File: imagenes/sec_registrar.jpg Graphic file (type jpg)
<use imagenes/sec_registrar.jpg>
Package pdftex.def Info: imagenes/sec_registrar.jpg  used on input line 2940.
(pdftex.def)             Requested size: 252.3447pt x 175.85834pt.
 [101 <./imagenes/sec_confirmar.jpg> <./imagenes/sec_perfil.jpg>]
<imagenes/sec_modificar.jpg, id=1493, 507.8975pt x 293.095pt>
File: imagenes/sec_modificar.jpg Graphic file (type jpg)
<use imagenes/sec_modificar.jpg>
Package pdftex.def Info: imagenes/sec_modificar.jpg  used on input line 2946.
(pdftex.def)             Requested size: 304.74086pt x 175.85834pt.
<imagenes/sec_eliminar.jpg, id=1494, 516.93124pt x 313.17pt>
File: imagenes/sec_eliminar.jpg Graphic file (type jpg)
<use imagenes/sec_eliminar.jpg>
Package pdftex.def Info: imagenes/sec_eliminar.jpg  used on input line 2954.
(pdftex.def)             Requested size: 310.16113pt x 187.90344pt.
<imagenes/sec_estado.jpg, id=1495, 653.44125pt x 303.1325pt>
File: imagenes/sec_estado.jpg Graphic file (type jpg)
<use imagenes/sec_estado.jpg>
Package pdftex.def Info: imagenes/sec_estado.jpg  used on input line 2962.
(pdftex.def)             Requested size: 392.06776pt x 181.8809pt.
 [102 <./imagenes/sec_registrar.jpg> <./imagenes/sec_modificar.jpg> <./imagenes
/sec_eliminar.jpg>]
<imagenes/login.png, id=1500, 1445.4pt x 903.375pt>
File: imagenes/login.png Graphic file (type png)
<use imagenes/login.png>
Package pdftex.def Info: imagenes/login.png  used on input line 2972.
(pdftex.def)             Requested size: 433.62335pt x 271.01459pt.
<imagenes/homescreen.png, id=1502, 1445.4pt x 903.375pt>
File: imagenes/homescreen.png Graphic file (type png)
<use imagenes/homescreen.png>
Package pdftex.def Info: imagenes/homescreen.png  used on input line 2979.
(pdftex.def)             Requested size: 433.62335pt x 271.01459pt.

[103 <./imagenes/sec_estado.jpg> <./imagenes/login.png>]
<imagenes/profile.png, id=1509, 1445.4pt x 903.375pt>
File: imagenes/profile.png Graphic file (type png)
<use imagenes/profile.png>
Package pdftex.def Info: imagenes/profile.png  used on input line 2987.
(pdftex.def)             Requested size: 433.62335pt x 271.01459pt.
 [104 <./imagenes/homescreen.png> <./imagenes/profile.png>]
<imagenes/incident.png, id=1516, 1445.4pt x 903.375pt>
File: imagenes/incident.png Graphic file (type png)
<use imagenes/incident.png>
Package pdftex.def Info: imagenes/incident.png  used on input line 2995.
(pdftex.def)             Requested size: 433.62335pt x 271.01459pt.
<imagenes/location.png, id=1518, 1445.4pt x 903.375pt>
File: imagenes/location.png Graphic file (type png)
<use imagenes/location.png>
Package pdftex.def Info: imagenes/location.png  used on input line 3003.
(pdftex.def)             Requested size: 433.62335pt x 271.01459pt.
 [105 <./imagenes/incident.png> <./imagenes/location.png>]
<imagenes/ModeladoBD.png, id=1526, 1327.96124pt x 634.37pt>
File: imagenes/ModeladoBD.png Graphic file (type png)
<use imagenes/ModeladoBD.png>
Package pdftex.def Info: imagenes/ModeladoBD.png  used on input line 3018.
(pdftex.def)             Requested size: 398.39145pt x 190.31245pt.
<imagenes/ModeloConductores.jpg, id=1527, 361.35pt x 74.52844pt>
File: imagenes/ModeloConductores.jpg Graphic file (type jpg)
<use imagenes/ModeloConductores.jpg>
Package pdftex.def Info: imagenes/ModeloConductores.jpg  used on input line 302
6.
(pdftex.def)             Requested size: 325.21199pt x 67.07495pt.
 [106 <./imagenes/ModeladoBD.png> <./imagenes/ModeloConductores.jpg>]
<imagenes/ModeloIncidencias.jpg, id=1533, 288.3272pt x 156.585pt>
File: imagenes/ModeloIncidencias.jpg Graphic file (type jpg)
<use imagenes/ModeloIncidencias.jpg>
Package pdftex.def Info: imagenes/ModeloIncidencias.jpg  used on input line 303
5.
(pdftex.def)             Requested size: 259.49207pt x 140.92519pt.

Underfull \hbox (badness 10000) in paragraph at lines 3040--3041

 []


Underfull \hbox (badness 10000) in paragraph at lines 3043--3044

 []

<imagenes/cognito.png, id=1534, 573.14125pt x 520.94624pt>
File: imagenes/cognito.png Graphic file (type png)
<use imagenes/cognito.png>
Package pdftex.def Info: imagenes/cognito.png  used on input line 3050.
(pdftex.def)             Requested size: 286.56992pt x 260.47249pt.
[107 <./imagenes/ModeloIncidencias.jpg>]
Underfull \hbox (badness 10000) in paragraph at lines 3061--3062

 []

[108 <./imagenes/cognito.png>]

LaTeX Warning: Citation `Waveshare' on page 109 undefined on input line 3086.

<imagenes/SIM7600G-1.JPG, id=1547, 439.6425pt x 221.32687pt>
File: imagenes/SIM7600G-1.JPG Graphic file (type jpg)
<use imagenes/SIM7600G-1.JPG>
Package pdftex.def Info: imagenes/SIM7600G-1.JPG  used on input line 3093.
(pdftex.def)             Requested size: 395.67459pt x 199.19232pt.
<imagenes/SIM7600G-2.JPG, id=1548, 442.65375pt x 88.07906pt>
File: imagenes/SIM7600G-2.JPG Graphic file (type jpg)
<use imagenes/SIM7600G-2.JPG>
Package pdftex.def Info: imagenes/SIM7600G-2.JPG  used on input line 3099.
(pdftex.def)             Requested size: 398.38467pt x 79.2704pt.
<imagenes/SIM7600G-3.JPG, id=1549, 444.15938pt x 40.65187pt>
File: imagenes/SIM7600G-3.JPG Graphic file (type jpg)
<use imagenes/SIM7600G-3.JPG>
Package pdftex.def Info: imagenes/SIM7600G-3.JPG  used on input line 3108.
(pdftex.def)             Requested size: 399.73973pt x 36.58633pt.
<imagenes/SIM7600G-4.JPG, id=1550, 449.42906pt x 55.70813pt>
File: imagenes/SIM7600G-4.JPG Graphic file (type jpg)
<use imagenes/SIM7600G-4.JPG>
Package pdftex.def Info: imagenes/SIM7600G-4.JPG  used on input line 3116.
(pdftex.def)             Requested size: 404.4824pt x 50.13683pt.
[109 <./imagenes/SIM7600G-1.JPG> <./imagenes/SIM7600G-2.JPG> <./imagenes/SIM760
0G-3.JPG>]
<imagenes/GPSpy1.JPG, id=1556, 678.28406pt x 478.78876pt>
File: imagenes/GPSpy1.JPG Graphic file (type jpg)
<use imagenes/GPSpy1.JPG>
Package pdftex.def Info: imagenes/GPSpy1.JPG  used on input line 3127.
(pdftex.def)             Requested size: 420.53177pt x 296.84596pt.
<imagenes/GPSpy2.JPG, id=1557, 611.28375pt x 476.53032pt>
File: imagenes/GPSpy2.JPG Graphic file (type jpg)
<use imagenes/GPSpy2.JPG>
Package pdftex.def Info: imagenes/GPSpy2.JPG  used on input line 3133.
(pdftex.def)             Requested size: 378.992pt x 295.44574pt.
 [110 <./imagenes/SIM7600G-4.JPG> <./imagenes/GPSpy1.JPG>]
<imagenes/GPSpy3.JPG, id=1562, 557.08125pt x 467.49657pt>
File: imagenes/GPSpy3.JPG Graphic file (type jpg)
<use imagenes/GPSpy3.JPG>
Package pdftex.def Info: imagenes/GPSpy3.JPG  used on input line 3139.
(pdftex.def)             Requested size: 345.38681pt x 289.84488pt.
<imagenes/GPSpy4.JPG, id=1563, 435.12563pt x 234.1247pt>
File: imagenes/GPSpy4.JPG Graphic file (type jpg)
<use imagenes/GPSpy4.JPG>
Package pdftex.def Info: imagenes/GPSpy4.JPG  used on input line 3145.
(pdftex.def)             Requested size: 304.58586pt x 163.88615pt.
 [111 <./imagenes/GPSpy2.JPG> <./imagenes/GPSpy3.JPG>]
Underfull \hbox (badness 10000) in paragraph at lines 3150--3151

 []


Underfull \hbox (badness 10000) in paragraph at lines 3152--3153

 []


Underfull \hbox (badness 10000) in paragraph at lines 3154--3155

 []


Underfull \hbox (badness 10000) in paragraph at lines 3156--3157

 []


Underfull \hbox (badness 10000) in paragraph at lines 3158--3159

 []


Underfull \hbox (badness 10000) in paragraph at lines 3160--3161

 []

<imagenes/Mymapaws.png, id=1568, 938.75719pt x 461.47406pt>
File: imagenes/Mymapaws.png Graphic file (type png)
<use imagenes/Mymapaws.png>
Package pdftex.def Info: imagenes/Mymapaws.png  used on input line 3166.
(pdftex.def)             Requested size: 516.31805pt x 253.81151pt.

Overfull \hbox (15.83406pt too wide) in paragraph at lines 3166--3167
 [] 
 []

[112 <./imagenes/GPSpy4.JPG>]
Underfull \hbox (badness 10000) in paragraph at lines 3172--3173

 []

<imagenes/RealTimeMap.jpeg, id=1573, 1389.19pt x 893.3375pt>
File: imagenes/RealTimeMap.jpeg Graphic file (type jpg)
<use imagenes/RealTimeMap.jpeg>
Package pdftex.def Info: imagenes/RealTimeMap.jpeg  used on input line 3177.
(pdftex.def)             Requested size: 486.22379pt x 312.6728pt.
[113 <./imagenes/Mymapaws.png>]
<imagenes/Mymapaws2.png, id=1579, 912.40875pt x 367.3725pt>
File: imagenes/Mymapaws2.png Graphic file (type png)
<use imagenes/Mymapaws2.png>
Package pdftex.def Info: imagenes/Mymapaws2.png  used on input line 3185.
(pdftex.def)             Requested size: 483.57434pt x 194.70648pt.
File: imagenes/Mymapaws2.png Graphic file (type png)
<use imagenes/Mymapaws2.png>
Package pdftex.def Info: imagenes/Mymapaws2.png  used on input line 3194.
(pdftex.def)             Requested size: 483.57434pt x 194.70648pt.
 [114 <./imagenes/RealTimeMap.jpeg> <./imagenes/Mymapaws2.png>]
<imagenes/RealTimeMap2.jpeg, id=1585, 350.05782pt x 94.85437pt>
File: imagenes/RealTimeMap2.jpeg Graphic file (type jpg)
<use imagenes/RealTimeMap2.jpeg>
Package pdftex.def Info: imagenes/RealTimeMap2.jpeg  used on input line 3203.
(pdftex.def)             Requested size: 350.05695pt x 94.85413pt.


LaTeX Warning: Citation `Waveshare' on page 115 undefined on input line 3210.


Underfull \hbox (badness 10000) in paragraph at lines 3210--3211

 []

<imagenes/4glte1.JPG, id=1586, 445.665pt x 68.50594pt>
File: imagenes/4glte1.JPG Graphic file (type jpg)
<use imagenes/4glte1.JPG>
Package pdftex.def Info: imagenes/4glte1.JPG  used on input line 3215.
(pdftex.def)             Requested size: 401.09479pt x 61.65477pt.
<imagenes/4glte2.JPG, id=1587, 441.14813pt x 101.62968pt>
File: imagenes/4glte2.JPG Graphic file (type jpg)
<use imagenes/4glte2.JPG>
Package pdftex.def Info: imagenes/4glte2.JPG  used on input line 3224.
(pdftex.def)             Requested size: 397.02965pt x 91.46585pt.
[115 <./imagenes/RealTimeMap2.jpeg> <./imagenes/4glte1.JPG>]
<imagenes/4glte3.JPG, id=1593, 444.91219pt x 118.19156pt>
File: imagenes/4glte3.JPG Graphic file (type jpg)
<use imagenes/4glte3.JPG>
Package pdftex.def Info: imagenes/4glte3.JPG  used on input line 3232.
(pdftex.def)             Requested size: 400.41725pt x 106.37141pt.
<imagenes/4glte4.JPG, id=1594, 443.40656pt x 69.25874pt>
File: imagenes/4glte4.JPG Graphic file (type jpg)
<use imagenes/4glte4.JPG>
Package pdftex.def Info: imagenes/4glte4.JPG  used on input line 3240.
(pdftex.def)             Requested size: 399.06221pt x 62.33228pt.
<imagenes/4glte5.JPG, id=1595, 452.4403pt x 39.89906pt>
File: imagenes/4glte5.JPG Graphic file (type jpg)
<use imagenes/4glte5.JPG>
Package pdftex.def Info: imagenes/4glte5.JPG  used on input line 3248.
(pdftex.def)             Requested size: 407.19252pt x 35.9088pt.
<imagenes/4glte6.JPG, id=1596, 447.92343pt x 44.41594pt>
File: imagenes/4glte6.JPG Graphic file (type jpg)
<use imagenes/4glte6.JPG>
Package pdftex.def Info: imagenes/4glte6.JPG  used on input line 3256.
(pdftex.def)             Requested size: 403.12737pt x 39.97395pt.
<imagenes/4glte7.JPG, id=1597, 444.15938pt x 55.70813pt>
File: imagenes/4glte7.JPG Graphic file (type jpg)
<use imagenes/4glte7.JPG>
Package pdftex.def Info: imagenes/4glte7.JPG  used on input line 3264.
(pdftex.def)             Requested size: 399.73973pt x 50.13683pt.
 [116 <./imagenes/4glte2.JPG> <./imagenes/4glte3.JPG> <./imagenes/4glte4.JPG> <
./imagenes/4glte5.JPG> <./imagenes/4glte6.JPG>]
<imagenes/4glte8.JPG, id=1602, 447.92343pt x 60.97781pt>
File: imagenes/4glte8.JPG Graphic file (type jpg)
<use imagenes/4glte8.JPG>
Package pdftex.def Info: imagenes/4glte8.JPG  used on input line 3272.
(pdftex.def)             Requested size: 403.12737pt x 54.8795pt.

Underfull \hbox (badness 10000) in paragraph at lines 3278--3279

 []


LaTeX Warning: Citation `Boto3' on page 117 undefined on input line 3280.


Underfull \hbox (badness 10000) in paragraph at lines 3280--3281

 []


Underfull \hbox (badness 10000) in paragraph at lines 3282--3283

 []

<imagenes/4glte.jpeg, id=1603, 730.73pt x 461.725pt>
File: imagenes/4glte.jpeg Graphic file (type jpg)
<use imagenes/4glte.jpeg>
Package pdftex.def Info: imagenes/4glte.jpeg  used on input line 3289.
(pdftex.def)             Requested size: 438.44138pt x 277.03714pt.
[117 <./imagenes/4glte7.JPG> <./imagenes/4glte8.JPG>]
<imagenes/ConexionPw.JPG, id=1608, 556.32843pt x 258.9675pt>
File: imagenes/ConexionPw.JPG Graphic file (type jpg)
<use imagenes/ConexionPw.JPG>
Package pdftex.def Info: imagenes/ConexionPw.JPG  used on input line 3297.
(pdftex.def)             Requested size: 484.00183pt x 225.29988pt.
 [118 <./imagenes/4glte.jpeg> <./imagenes/ConexionPw.JPG>] [119]
<imagenes/cli.png, id=1617, 813.0375pt x 74.2775pt>
File: imagenes/cli.png Graphic file (type png)
<use imagenes/cli.png>
Package pdftex.def Info: imagenes/cli.png  used on input line 3333.
(pdftex.def)             Requested size: 487.82626pt x 44.56683pt.
<imagenes/addapi.png, id=1619, 571.13374pt x 106.3975pt>
File: imagenes/addapi.png Graphic file (type png)
<use imagenes/addapi.png>
Package pdftex.def Info: imagenes/addapi.png  used on input line 3343.
(pdftex.def)             Requested size: 314.12453pt x 58.5188pt.
<imagenes/graphql.png, id=1620, 1044.90375pt x 327.2225pt>
File: imagenes/graphql.png Graphic file (type png)
<use imagenes/graphql.png>
Package pdftex.def Info: imagenes/graphql.png  used on input line 3351.
(pdftex.def)             Requested size: 417.9541pt x 130.88667pt.
<imagenes/as.png, id=1621, 1736.4875pt x 1431.3475pt>
File: imagenes/as.png Graphic file (type png)
<use imagenes/as.png>
Package pdftex.def Info: imagenes/as.png  used on input line 3372.
(pdftex.def)             Requested size: 347.29135pt x 286.26442pt.
 [120 <./imagenes/cli.png> <./imagenes/addapi.png> <./imagenes/graphql.png>]
<imagenes/add.png, id=1629, 719.68875pt x 69.25874pt>
File: imagenes/add.png Graphic file (type png)
<use imagenes/add.png>
Package pdftex.def Info: imagenes/add.png  used on input line 3385.
(pdftex.def)             Requested size: 503.77869pt x 48.48077pt.

Overfull \hbox (3.2947pt too wide) in paragraph at lines 3385--3386
 [] 
 []

<imagenes/menu.png, id=1630, 1029.8475pt x 271.0125pt>
File: imagenes/menu.png Graphic file (type png)
<use imagenes/menu.png>
Package pdftex.def Info: imagenes/menu.png  used on input line 3393.
(pdftex.def)             Requested size: 514.9225pt x 135.5059pt.

Overfull \hbox (14.4385pt too wide) in paragraph at lines 3393--3394
 [] 
 []

[121 <./imagenes/as.png> <./imagenes/add.png>]
<imagenes/console.png, id=1638, 860.21375pt x 557.08125pt>
File: imagenes/console.png Graphic file (type png)
<use imagenes/console.png>
Package pdftex.def Info: imagenes/console.png  used on input line 3400.
(pdftex.def)             Requested size: 430.10582pt x 278.53995pt.
<imagenes/pools.png, id=1639, 1034.86626pt x 442.65375pt>
File: imagenes/pools.png Graphic file (type png)
<use imagenes/pools.png>
Package pdftex.def Info: imagenes/pools.png  used on input line 3408.
(pdftex.def)             Requested size: 517.43185pt x 221.32632pt.

Overfull \hbox (16.94786pt too wide) in paragraph at lines 3408--3409
 [] 
 []

[122 <./imagenes/menu.png> <./imagenes/console.png>]
<imagenes/admin.png, id=1646, 1111.15125pt x 529.98pt>
File: imagenes/admin.png Graphic file (type png)
<use imagenes/admin.png>
Package pdftex.def Info: imagenes/admin.png  used on input line 3414.
(pdftex.def)             Requested size: 444.45262pt x 211.98824pt.
<imagenes/users.png, id=1647, 1028.84375pt x 466.74374pt>
File: imagenes/users.png Graphic file (type png)
<use imagenes/users.png>
Package pdftex.def Info: imagenes/users.png  used on input line 3420.
(pdftex.def)             Requested size: 411.53021pt x 186.69418pt.
 [123 <./imagenes/pools.png> <./imagenes/admin.png>]
<imagenes/getconductor.png, id=1654, 415.5525pt x 507.8975pt>
File: imagenes/getconductor.png Graphic file (type png)
<use imagenes/getconductor.png>
Package pdftex.def Info: imagenes/getconductor.png  used on input line 3430.
(pdftex.def)             Requested size: 207.77574pt x 253.94814pt.


LaTeX Warning: Reference `getConductor' on page 124 undefined on input line 343
5.

<imagenes/listconductors.png, id=1655, 729.72626pt x 446.66875pt>
File: imagenes/listconductors.png Graphic file (type png)
<use imagenes/listconductors.png>
Package pdftex.def Info: imagenes/listconductors.png  used on input line 3439.
(pdftex.def)             Requested size: 364.86224pt x 223.33382pt.
[124 <./imagenes/users.png> <./imagenes/getconductor.png>]
<imagenes/getincidencia.png, id=1663, 448.67625pt x 499.8675pt>
File: imagenes/getincidencia.png Graphic file (type png)
<use imagenes/getincidencia.png>
Package pdftex.def Info: imagenes/getincidencia.png  used on input line 3447.
(pdftex.def)             Requested size: 224.33757pt x 249.93314pt.
<imagenes/listIncidencias.png, id=1665, 428.60126pt x 561.09625pt>
File: imagenes/listIncidencias.png Graphic file (type png)
<use imagenes/listIncidencias.png>
Package pdftex.def Info: imagenes/listIncidencias.png  used on input line 3455.

(pdftex.def)             Requested size: 214.3001pt x 280.54744pt.
 [125 <./imagenes/listconductors.png> <./imagenes/getincidencia.png>]
<imagenes/createconductor.png, id=1673, 583.17876pt x 555.07375pt>
File: imagenes/createconductor.png Graphic file (type png)
<use imagenes/createconductor.png>
Package pdftex.def Info: imagenes/createconductor.png  used on input line 3465.

(pdftex.def)             Requested size: 291.58867pt x 277.53618pt.
 [126 <./imagenes/listIncidencias.png> <./imagenes/createconductor.png>]
<imagenes/updateConductor.png, id=1681, 583.17876pt x 555.07375pt>
File: imagenes/updateConductor.png Graphic file (type png)
<use imagenes/updateConductor.png>
Package pdftex.def Info: imagenes/updateConductor.png  used on input line 3473.

(pdftex.def)             Requested size: 291.58867pt x 277.53618pt.
<imagenes/deleteconductor.png, id=1683, 583.17876pt x 555.07375pt>
File: imagenes/deleteconductor.png Graphic file (type png)
<use imagenes/deleteconductor.png>
Package pdftex.def Info: imagenes/deleteconductor.png  used on input line 3482.

(pdftex.def)             Requested size: 291.58867pt x 277.53618pt.
 [127 <./imagenes/updateConductor.png> <./imagenes/deleteconductor.png>]
<imagenes/createIncidencia.png, id=1692, 593.21625pt x 566.115pt>
File: imagenes/createIncidencia.png Graphic file (type png)
<use imagenes/createIncidencia.png>
Package pdftex.def Info: imagenes/createIncidencia.png  used on input line 3491
.
(pdftex.def)             Requested size: 296.60739pt x 283.05681pt.
<imagenes/oncreateIncidencia.png, id=1694, 517.935pt x 540.0175pt>
File: imagenes/oncreateIncidencia.png Graphic file (type png)
<use imagenes/oncreateIncidencia.png>
Package pdftex.def Info: imagenes/oncreateIncidencia.png  used on input line 35
01.
(pdftex.def)             Requested size: 258.96686pt x 270.00809pt.
 [128 <./imagenes/createIncidencia.png> <./imagenes/oncreateIncidencia.png>]
<imagenes/consola.png, id=1702, 764.8575pt x 458.71375pt>
File: imagenes/consola.png Graphic file (type png)
<use imagenes/consola.png>
Package pdftex.def Info: imagenes/consola.png  used on input line 3515.
(pdftex.def)             Requested size: 305.93758pt x 183.48224pt.
<imagenes/funciones.png, id=1703, 933.4875pt x 557.08125pt>
File: imagenes/funciones.png Graphic file (type png)
<use imagenes/funciones.png>
Package pdftex.def Info: imagenes/funciones.png  used on input line 3524.
(pdftex.def)             Requested size: 373.38838pt x 222.82855pt.
<imagenes/crear.png, id=1704, 625.33624pt x 509.905pt>
File: imagenes/crear.png Graphic file (type png)
<use imagenes/crear.png>
Package pdftex.def Info: imagenes/crear.png  used on input line 3533.
(pdftex.def)             Requested size: 250.13007pt x 203.95837pt.
 [129 <./imagenes/consola.png> <./imagenes/funciones.png>] [130 <./imagenes/cre
ar.png>]

LaTeX Warning: Citation `AwsAmplify' on page 131 undefined on input line 3547.

<imagenes/hosting.png, id=1717, 917.4275pt x 596.2275pt>
File: imagenes/hosting.png Graphic file (type png)
<use imagenes/hosting.png>
Package pdftex.def Info: imagenes/hosting.png  used on input line 3552.
(pdftex.def)             Requested size: 458.71263pt x 298.11302pt.
<imagenes/repo.png, id=1718, 945.5325pt x 543.02875pt>
File: imagenes/repo.png Graphic file (type png)
<use imagenes/repo.png>
Package pdftex.def Info: imagenes/repo.png  used on input line 3564.
(pdftex.def)             Requested size: 472.76509pt x 271.5137pt.
[131 <./imagenes/hosting.png>]
<imagenes/paginaweb.JPG, id=1724, 1028.34187pt x 548.80031pt>
File: imagenes/paginaweb.JPG Graphic file (type jpg)
<use imagenes/paginaweb.JPG>
Package pdftex.def Info: imagenes/paginaweb.JPG  used on input line 3574.
(pdftex.def)             Requested size: 462.74957pt x 246.95784pt.
 [132 <./imagenes/repo.png> <./imagenes/paginaweb.JPG>] [133]
Underfull \hbox (badness 4660) in paragraph at lines 3619--3620
[]\OT1/lmr/m/n/12 "Sistemas de de-tec-ci^^Son de som-no-len-cia en con-duc-to-r
es:Inicio, de-sa-rro-llo y fu-tu-
 []


Underfull \hbox (badness 2119) in paragraph at lines 3619--3620
\OT1/lmr/m/n/12 ro", Re-vis-ta In-ge-nier^^S^^Pa y Re-gi^^Son., vol. 13, n.\TS1
/lmr/m/n/12  \OT1/lmr/m/n/12 1, pp. 159?168, 2015. Dis-po-ni-ble:
 []

LaTeX Font Info:    Trying to load font information for OT1+lmtt on input line 
3623.
(C:\Users\alang\AppData\Local\Programs\MiKTeX\tex/latex/lm\ot1lmtt.fd
File: ot1lmtt.fd 2015/05/01 v1.6.1 Font defs for Latin Modern
)
Underfull \hbox (badness 10000) in paragraph at lines 3634--3635
[]\OT1/lmr/m/n/12 nvidia. (s.f.). NVI-DIA jetson nano. https://www.nvidia.com/e
s-la/autonomous-
 []


Underfull \hbox (badness 10000) in paragraph at lines 3650--3652
[]\OT1/lmr/m/n/12 Tarify.Win!\OT1/lmr/m/it/12 Red WWAN ?`Qu^^Se es, pa-ra qu^^S
e sir-ve y c^^Somo fun-cio-
 []


Underfull \hbox (badness 10000) in paragraph at lines 3655--3657
[]\OT1/lmr/m/n/12 La Ro-sa, A. (2021, 13 ju-lio). \OT1/lmr/m/it/12 LP-WAN co-mo
 ba-se de co-mu-ni-ca-
 []


Underfull \hbox (badness 10000) in paragraph at lines 3655--3657
\OT1/lmr/m/it/12 cio-nes pa-ra IoT \OT1/lmr/m/n/12 Pan-do-ra FMS-The Mo-ni-to-r
ing Blog. Re-cu-pe-ra-
 []


Underfull \hbox (badness 10000) in paragraph at lines 3655--3657
\OT1/lmr/m/n/12 do 8 de ma-yo de 2022, de https://pandorafms.com/blog/es/que-
 []

[134{C:/Users/alang/AppData/Local/Programs/MiKTeX/fonts/enc/dvips/lm/lm-rmtt.en
c}]
Underfull \hbox (badness 10000) in paragraph at lines 3659--3660
[]\OT1/lmr/m/it/12 LTE-M, el des-pe-gue es-pe-ra-do pa-ra IoT. Ha-ble-mos de em
-pre-sas.
 []


Underfull \hbox (badness 10000) in paragraph at lines 3669--3670
[]\OT1/lmr/m/n/12 Kanojia, G., Ka-no-ji-ya, V., & Men-don-za, G. (2020, di-ciem
-
 []


Underfull \hbox (badness 10000) in paragraph at lines 3669--3670
\OT1/lmr/m/n/12 bre). De-tec-tion of drow-si-ness and dis-trac-tion of dri-vers
 using cnn.
 []


Underfull \hbox (badness 5756) in paragraph at lines 3685--3686
[]\OT1/lmr/m/n/12 Sol^^S^^Ps, H. F. (2022, 13 de sep-tiem-bre). Sis-te-ma de de
-tec-ci^^Son de som-no-len-cia.
 []


Underfull \hbox (badness 1983) in paragraph at lines 3689--3690
[]\OT1/lmr/m/n/12 E. L. Be-na-vi-des y M. M. Me-di-na. "Sis-te-ma Ba-sa-do en l
a De-tec-ci^^Son y no-ti-fi-ca-
 []

[135]
Underfull \hbox (badness 2460) in paragraph at lines 3718--3719
[]\OT1/lmr/m/n/12 M. Cid. \OT1/lmr/m/it/12 Ca-te-gor^^S^^Pas LTE o 4G: qu^^Se s
on y qu^^Se ve-lo-ci-da-des m^^Saxi-mas ofre-ce ca-da
 []


Underfull \hbox (badness 2343) in paragraph at lines 3718--3719
\OT1/lmr/m/it/12 una de ellas. \OT1/lmr/m/n/12 Xa-ta-ka M^^Sovil - Tel^^Sefo-no
s m^^Sovi-les, ta-ri-fas, ope-ra-do-res de te-le-fon^^S^^Pa.
 []


Underfull \hbox (badness 10000) in paragraph at lines 3718--3719
\OT1/lmr/m/n/12 https://www.xatakamovil.com/conectividad/categorias-lte-o-4g-qu
e-son-y-que-velocidades-
 []


Overfull \hbox (566.2965pt too wide) in paragraph at lines 3722--3723
[]\OT1/lmr/m/it/12 MP4 - Ecu-Red. \OT1/lmr/m/n/12 Ecu-Red. https://www.ecured.c
u/MP4#: :text=Un$ $%20archivo$ $%20de$ $%20MP4$ $%20lleva$ $%20sonido$ $%20y$ $
%20video,de$ $%2020$ $%20segundos$ $%20de$ $%20clips$ $%20de$ $%20audio$ $%20(M
P4/20s). 
 []

[136]
Underfull \hbox (badness 10000) in paragraph at lines 3749--3750
[]\OT1/lmr/m/n/12 https://www.alteryx.com/es-419/glossary/supervised-vs-unsuper
vised-
 []


Overfull \hbox (124.74988pt too wide) in paragraph at lines 3749--3750
\OT1/lmr/m/n/12 learning#: :text=Hay$ $%20una$ $%20diferencia$ $%20clave$ $%20e
ntre,etiquetados$ $%20con$ $%20la$ $%20respuesta$ $%20correcta 
 []


Underfull \hbox (badness 1571) in paragraph at lines 3753--3756
[]\OT1/lmr/m/n/12 M. Paez y Emi-lio Abar-ca. \OT1/lmr/m/it/12 Re-su-men Bo-le-t
i-nes\OT1/lmr/m/n/12 , Ins-ti-tu-to Me-xi-cano del Trans-por-te.
 []


Underfull \hbox (badness 1052) in paragraph at lines 3753--3756
\OT1/lmr/m/n/12 https://imt.mx/resumen-boletines.html?IdArticulo=449&amp;IdBole
tin=168 (ac-ce-di-do el
 []

[137] (TT2.aux
LaTeX Info: Redefining \. on input line 23.
LaTeX Info: Redefining \% on input line 23.
)

LaTeX Warning: There were undefined references.


LaTeX Warning: There were multiply-defined labels.

Package rerunfilecheck Info: File `TT2.out' has not changed.
(rerunfilecheck)             Checksum: CD18143052C05054A50B784B3A37BE90;28487.
 ) 
Here is how much of TeX's memory you used:
 16660 strings out of 476411
 284186 string characters out of 5789134
 1877845 words of memory out of 5000000
 36138 multiletter control sequences out of 15000+600000
 557548 words of font info for 61 fonts, out of 8000000 for 9000
 1141 hyphenation exceptions out of 8191
 75i,18n,76p,1340b,784s stack positions out of 10000i,1000n,20000p,200000b,200000s
<C:/Users/alang/AppData/Local/Programs/MiKTeX/fonts/type1/public/lm/lmbx12.pf
b><C:/Users/alang/AppData/Local/Programs/MiKTeX/fonts/type1/public/lm/lmbxi10.p
fb><C:/Users/alang/AppData/Local/Programs/MiKTeX/fonts/type1/public/lm/lmex10.p
fb><C:/Users/alang/AppData/Local/Programs/MiKTeX/fonts/type1/public/lm/lmmi12.p
fb><C:/Users/alang/AppData/Local/Programs/MiKTeX/fonts/type1/public/lm/lmmi8.pf
b><C:/Users/alang/AppData/Local/Programs/MiKTeX/fonts/type1/public/lm/lmr10.pfb
><C:/Users/alang/AppData/Local/Programs/MiKTeX/fonts/type1/public/lm/lmr12.pfb>
<C:/Users/alang/AppData/Local/Programs/MiKTeX/fonts/type1/public/lm/lmr6.pfb><C
:/Users/alang/AppData/Local/Programs/MiKTeX/fonts/type1/public/lm/lmr8.pfb><C:/
Users/alang/AppData/Local/Programs/MiKTeX/fonts/type1/public/lm/lmri12.pfb><C:/
Users/alang/AppData/Local/Programs/MiKTeX/fonts/type1/public/lm/lmsy10.pfb><C:/
Users/alang/AppData/Local/Programs/MiKTeX/fonts/type1/public/lm/lmsy8.pfb><C:/U
sers/alang/AppData/Local/Programs/MiKTeX/fonts/type1/public/lm/lmtt12.pfb>
Output written on TT2.pdf (137 pages, 6928921 bytes).
PDF statistics:
 1929 PDF objects out of 2073 (max. 8388607)
 479 named destinations out of 1000 (max. 500000)
 1315 words of extra memory for PDF output out of 10000 (max. 10000000)

