\BOOKMARK [1][-]{section.1}{\376\377\000G\000l\000o\000s\000a\000r\000i\000o\000\040\000d\000e\000\040\000A\000b\000r\000e\000v\000i\000a\000t\000u\000r\000a\000s}{}% 1
\BOOKMARK [1][-]{section.2}{\376\377\000R\000e\000s\000u\000m\000e\000n}{}% 2
\BOOKMARK [1][-]{section.3}{\376\377\000A\000b\000s\000t\000r\000a\000c\000t}{}% 3
\BOOKMARK [1][-]{section.4}{\376\377\000C\000a\000p\000\355\000t\000u\000l\000o\000\040\000I\000:\000\040\000I\000n\000t\000r\000o\000d\000u\000c\000c\000i\000\363\000n}{}% 4
\BOOKMARK [2][-]{subsection.4.1}{\376\377\000P\000l\000a\000n\000t\000e\000a\000m\000i\000e\000n\000t\000o\000\040\000d\000e\000l\000\040\000p\000r\000o\000b\000l\000e\000m\000a}{section.4}% 5
\BOOKMARK [2][-]{subsection.4.2}{\376\377\000P\000r\000o\000p\000u\000e\000s\000t\000a\000\040\000d\000e\000\040\000s\000o\000l\000u\000c\000i\000\363\000n}{section.4}% 6
\BOOKMARK [2][-]{subsection.4.3}{\376\377\000A\000l\000c\000a\000n\000c\000e\000s}{section.4}% 7
\BOOKMARK [2][-]{subsection.4.4}{\376\377\000E\000s\000c\000e\000n\000a\000r\000i\000o\000\040\000d\000e\000\040\000p\000r\000u\000e\000b\000a\000s}{section.4}% 8
\BOOKMARK [2][-]{subsection.4.5}{\376\377\000J\000u\000s\000t\000i\000f\000i\000c\000a\000c\000i\000\363\000n}{section.4}% 9
\BOOKMARK [2][-]{subsection.4.6}{\376\377\000M\000e\000t\000o\000d\000o\000l\000o\000g\000\355\000a}{section.4}% 10
\BOOKMARK [2][-]{subsection.4.7}{\376\377\000O\000b\000j\000e\000t\000i\000v\000o\000s}{section.4}% 11
\BOOKMARK [3][-]{subsubsection.4.7.1}{\376\377\000O\000b\000j\000e\000t\000i\000v\000o\000\040\000G\000e\000n\000e\000r\000a\000l}{subsection.4.7}% 12
\BOOKMARK [3][-]{subsubsection.4.7.2}{\376\377\000O\000b\000j\000e\000t\000i\000v\000o\000s\000\040\000E\000s\000p\000e\000c\000\355\000f\000i\000c\000o\000s}{subsection.4.7}% 13
\BOOKMARK [1][-]{section.5}{\376\377\000C\000a\000p\000\355\000t\000u\000l\000o\000\040\000I\000I\000:\000\040\000M\000a\000r\000c\000o\000\040\000d\000e\000\040\000R\000e\000f\000e\000r\000e\000n\000c\000i\000a}{}% 14
\BOOKMARK [2][-]{subsection.5.1}{\376\377\000M\000a\000r\000c\000o\000\040\000T\000e\000\363\000r\000i\000c\000o}{section.5}% 15
\BOOKMARK [3][-]{subsubsection.5.1.1}{\376\377\000S\000o\000m\000n\000o\000l\000e\000n\000c\000i\000a}{subsection.5.1}% 16
\BOOKMARK [3][-]{subsubsection.5.1.2}{\376\377\000J\000e\000t\000s\000o\000n\000\040\000N\000a\000n\000o}{subsection.5.1}% 17
\BOOKMARK [3][-]{subsubsection.5.1.3}{\376\377\000V\000i\000s\000i\000\363\000n\000\040\000A\000r\000t\000i\000f\000i\000c\000i\000a\000l}{subsection.5.1}% 18
\BOOKMARK [3][-]{subsubsection.5.1.4}{\376\377\000C\000o\000n\000t\000e\000n\000t\000\040\000D\000e\000l\000i\000v\000e\000r\000y\000\040\000N\000e\000t\000w\000o\000r\000k}{subsection.5.1}% 19
\BOOKMARK [3][-]{subsubsection.5.1.5}{\376\377\000C\000l\000o\000u\000d\000\040\000C\000o\000m\000p\000u\000t\000i\000n\000g}{subsection.5.1}% 20
\BOOKMARK [3][-]{subsubsection.5.1.6}{\376\377\000E\000s\000t\000\341\000n\000d\000a\000r\000e\000s\000\040\000y\000\040\000P\000r\000o\000t\000o\000c\000o\000l\000o\000s\000\040\000d\000e\000\040\000C\000o\000m\000u\000n\000i\000c\000a\000c\000i\000\363\000n\000\040\000I\000n\000a\000l\000\341\000m\000b\000r\000i\000c\000a}{subsection.5.1}% 21
\BOOKMARK [3][-]{subsubsection.5.1.7}{\376\377\000L\000T\000E}{subsection.5.1}% 22
\BOOKMARK [3][-]{subsubsection.5.1.8}{\376\377\000T\000e\000o\000r\000e\000m\000a\000\040\000d\000e\000\040\000S\000h\000a\000n\000n\000o\000n\000-\000H\000a\000r\000t\000l\000e\000y}{subsection.5.1}% 23
\BOOKMARK [3][-]{subsubsection.5.1.9}{\376\377\000G\000e\000o\000l\000o\000c\000a\000l\000i\000z\000a\000c\000i\000\363\000n}{subsection.5.1}% 24
\BOOKMARK [2][-]{subsection.5.2}{\376\377\000E\000s\000t\000a\000d\000o\000\040\000d\000e\000l\000\040\000A\000r\000t\000e}{section.5}% 25
\BOOKMARK [3][-]{subsubsection.5.2.1}{\376\377\000D\000r\000i\000v\000e\000r\000\040\000D\000r\000o\000w\000s\000i\000n\000e\000s\000s\000\040\000D\000e\000t\000e\000c\000t\000i\000o\000n\000\040\000U\000s\000i\000n\000g\000\040\000M\000a\000c\000h\000i\000n\000e\000\040\000L\000e\000a\000r\000n\000i\000n\000g\000\040\000w\000i\000t\000h\000\040\000V\000i\000s\000u\000a\000l\000\040\000B\000e\000h\000a\000v\000i\000o\000u\000r}{subsection.5.2}% 26
\BOOKMARK [3][-]{subsubsection.5.2.2}{\376\377\000D\000e\000t\000e\000c\000t\000i\000o\000n\000\040\000O\000f\000\040\000D\000r\000o\000w\000s\000i\000n\000e\000s\000s\000\040\000A\000n\000d\000\040\000D\000i\000s\000t\000r\000a\000c\000t\000i\000o\000n\000\040\000O\000f\000\040\000D\000r\000i\000v\000e\000r\000s\000\040\000U\000s\000i\000n\000g\000\040\000C\000N\000N}{subsection.5.2}% 27
\BOOKMARK [3][-]{subsubsection.5.2.3}{\376\377\000D\000r\000i\000v\000e\000r\000\040\000D\000r\000o\000w\000s\000i\000n\000e\000s\000s\000\040\000D\000e\000t\000e\000c\000t\000i\000o\000n\000\040\000S\000y\000s\000t\000e\000m\000\040\000U\000s\000i\000n\000g\000\040\000C\000o\000n\000v\000o\000l\000u\000t\000i\000o\000n\000a\000l\000\040\000N\000e\000u\000r\000a\000l\000\040\000N\000e\000t\000w\000o\000r\000k\000s}{subsection.5.2}% 28
\BOOKMARK [3][-]{subsubsection.5.2.4}{\376\377\000R\000a\000s\000p\000e\000r\000r\000y\000\040\000P\000i\000\040\000b\000a\000s\000e\000d\000\040\000S\000y\000s\000t\000e\000m\000\040\000f\000o\000r\000\040\000V\000i\000s\000u\000a\000l\000\040\000O\000b\000j\000e\000c\000t\000\040\000D\000e\000t\000e\000c\000t\000i\000o\000n\000\040\000a\000n\000d\000\040\000T\000r\000a\000c\000k\000i\000n\000g}{subsection.5.2}% 29
\BOOKMARK [3][-]{subsubsection.5.2.5}{\376\377\000D\000i\000s\000e\000\361\000o\000\040\000e\000\040\000i\000m\000p\000l\000e\000m\000e\000n\000t\000a\000c\000i\000\363\000n\000\040\000d\000e\000\040\000s\000i\000s\000t\000e\000m\000a\000\040\000d\000e\000\040\000v\000i\000s\000i\000\363\000n\000\040\000a\000r\000t\000i\000f\000i\000c\000i\000a\000l\000\040\000p\000a\000r\000a\000\040\000a\000l\000e\000r\000t\000a\000\040\000y\000\040\000d\000e\000t\000e\000c\000c\000i\000\363\000n\000\040\000d\000e\000\040\000s\000o\000m\000n\000o\000l\000e\000n\000c\000i\000a\000\040\000m\000e\000d\000i\000a\000n\000t\000e\000\040\000a\000p\000r\000e\000n\000d\000i\000z\000a\000j\000e\000\040\000p\000r\000o\000f\000u\000n\000d\000o\000\040\000a\000p\000l\000i\000c\000a\000b\000l\000e\000\040\000e\000n\000\040\000c\000o\000n\000d\000u\000c\000t\000o\000r\000e\000s\000\040\000d\000e\000\040\000v\000e\000h\000\355\000c\000u\000l\000o\000s}{subsection.5.2}% 30
\BOOKMARK [3][-]{subsubsection.5.2.6}{\376\377\000A\000p\000l\000i\000c\000a\000c\000i\000\363\000n\000\040\000d\000e\000\040\000v\000i\000s\000i\000\363\000n\000\040\000p\000o\000r\000\040\000c\000o\000m\000p\000u\000t\000a\000d\000o\000r\000\040\000y\000\040\000m\000a\000c\000h\000i\000n\000e\000\040\000l\000e\000a\000r\000n\000i\000n\000g\000\040\000a\000l\000\040\000g\000u\000i\000a\000d\000o\000\040\000d\000e\000\040\000u\000n\000\040\000r\000o\000b\000o\000t\000\040\000m\000\363\000v\000i\000l\000\040\000b\000a\000s\000a\000d\000o\000\040\000e\000n\000\040\000R\000a\000s\000p\000e\000r\000r\000y\000\040\000P\000i}{subsection.5.2}% 31
\BOOKMARK [3][-]{subsubsection.5.2.7}{\376\377\000E\000v\000a\000l\000u\000a\000c\000i\000\363\000n\000\040\000d\000e\000\040\000l\000a\000\040\000p\000l\000a\000t\000a\000f\000o\000r\000m\000a\000\040\000N\000v\000i\000d\000i\000a\000\040\000J\000e\000t\000s\000o\000n\000\040\000N\000a\000n\000o\000\040\000p\000a\000r\000a\000\040\000a\000p\000l\000i\000c\000a\000c\000i\000o\000n\000e\000s\000\040\000d\000e\000\040\000v\000i\000s\000i\000\363\000n\000\040\000a\000r\000t\000i\000f\000i\000c\000i\000a\000l}{subsection.5.2}% 32
\BOOKMARK [3][-]{subsubsection.5.2.8}{\376\377\000C\000o\000m\000p\000a\000r\000a\000t\000i\000v\000e\000\040\000S\000t\000u\000d\000y\000\040\000o\000f\000\040\000C\000o\000m\000p\000u\000t\000e\000r\000\040\000V\000i\000s\000i\000o\000n\000\040\000B\000a\000s\000e\000d\000\040\000L\000i\000n\000e\000\040\000F\000o\000l\000l\000o\000w\000e\000r\000s\000\040\000u\000s\000i\000n\000g\000\040\000R\000a\000s\000p\000e\000r\000r\000y\000\040\000P\000i\000\040\000a\000n\000d\000\040\000J\000e\000t\000s\000o\000n\000\040\000N\000a\000n\000o}{subsection.5.2}% 33
\BOOKMARK [3][-]{subsubsection.5.2.9}{\376\377\000S\000i\000s\000t\000e\000m\000a\000\040\000d\000e\000\040\000d\000e\000t\000e\000c\000c\000i\000\363\000n\000\040\000d\000e\000\040\000s\000o\000m\000n\000o\000l\000e\000n\000c\000i\000a\000\040\000m\000e\000d\000i\000a\000n\000t\000e\000\040\000i\000n\000t\000e\000l\000i\000g\000e\000n\000c\000i\000a\000\040\000a\000r\000t\000i\000f\000i\000c\000i\000a\000l\000\040\000e\000n\000\040\000c\000o\000n\000d\000u\000c\000t\000o\000r\000e\000s\000\040\000d\000e\000\040\000v\000e\000h\000\355\000c\000u\000l\000o\000s\000\040\000p\000a\000r\000a\000\040\000a\000l\000e\000r\000t\000a\000r\000\040\000l\000a\000\040\000o\000c\000u\000r\000r\000e\000n\000c\000i\000a\000\040\000d\000e\000\040\000a\000c\000c\000i\000d\000e\000n\000t\000e\000s\000\040\000d\000e\000\040\000t\000r\000\341\000n\000s\000i\000t\000o}{subsection.5.2}% 34
\BOOKMARK [3][-]{subsubsection.5.2.10}{\376\377\000D\000i\000s\000e\000\361\000o\000\040\000d\000e\000\040\000u\000n\000\040\000s\000i\000s\000t\000e\000m\000a\000\040\000e\000l\000e\000c\000t\000r\000\363\000n\000i\000c\000o\000\040\000p\000a\000r\000a\000\040\000d\000e\000t\000e\000c\000t\000a\000r\000\040\000l\000a\000\040\000s\000o\000m\000n\000o\000l\000e\000n\000c\000i\000a\000\040\000e\000n\000\040\000a\000u\000t\000o\000m\000o\000v\000i\000l\000i\000s\000t\000a\000s\000\040\000p\000o\000r\000\040\000m\000e\000d\000i\000o\000\040\000d\000e\000\040\000l\000a\000\040\000a\000c\000t\000i\000v\000i\000d\000a\000d\000\040\000o\000c\000u\000l\000a\000r}{subsection.5.2}% 35
\BOOKMARK [3][-]{subsubsection.5.2.11}{\376\377\000S\000i\000s\000t\000e\000m\000a\000\040\000p\000a\000r\000a\000\040\000l\000a\000\040\000d\000e\000t\000e\000c\000c\000i\000\363\000n\000\040\000d\000e\000l\000\040\000e\000s\000t\000a\000d\000o\000\040\000d\000e\000\040\000s\000o\000m\000n\000o\000l\000e\000n\000c\000i\000a\000\040\000e\000n\000\040\000s\000e\000r\000e\000s\000\040\000h\000u\000m\000a\000n\000o\000s\000,\000\040\000c\000o\000n\000\040\000r\000e\000c\000o\000n\000o\000c\000i\000m\000i\000e\000n\000t\000o\000\040\000d\000e\000\040\000p\000a\000t\000r\000o\000n\000e\000s\000\040}{subsection.5.2}% 36
\BOOKMARK [3][-]{subsubsection.5.2.12}{\376\377\000S\000i\000s\000t\000e\000m\000a\000\040\000d\000e\000\040\000D\000e\000t\000e\000c\000c\000i\000\363\000n\000\040\000d\000e\000\040\000S\000o\000m\000n\000o\000l\000e\000n\000c\000i\000a}{subsection.5.2}% 37
\BOOKMARK [3][-]{subsubsection.5.2.13}{\376\377\000D\000e\000s\000a\000r\000r\000o\000l\000l\000a\000r\000\040\000u\000n\000\040\000p\000r\000o\000t\000o\000t\000i\000p\000o\000\040\000d\000e\000\040\000r\000e\000c\000o\000n\000o\000c\000i\000m\000i\000e\000n\000t\000o\000\040\000f\000a\000c\000i\000a\000l\000\040\000b\000a\000s\000a\000d\000o\000\040\000e\000n\000\040\000M\000a\000c\000h\000i\000n\000e\000\040\000L\000e\000a\000r\000n\000i\000n\000g\000\040\000p\000a\000r\000a\000\040\000d\000e\000t\000e\000c\000t\000a\000r\000\040\000e\000s\000t\000a\000d\000o\000\040\000d\000e\000\040\000S\000o\000m\000n\000o\000l\000e\000n\000c\000i\000a\000\040\000e\000n\000\040\000c\000o\000n\000d\000u\000c\000t\000o\000r\000e\000s\000\040\000d\000e\000\040\000u\000n\000a\000\040\000c\000o\000o\000p\000e\000r\000a\000t\000i\000v\000a\000\040\000d\000e\000\040\000t\000r\000a\000n\000s\000p\000o\000r\000t\000e}{subsection.5.2}% 38
\BOOKMARK [3][-]{subsubsection.5.2.14}{\376\377\000S\000i\000s\000t\000e\000m\000a\000\040\000b\000a\000s\000a\000d\000o\000\040\000e\000n\000\040\000l\000a\000\040\000d\000e\000t\000e\000c\000c\000i\000\363\000n\000\040\000y\000\040\000n\000o\000t\000i\000f\000i\000c\000a\000c\000i\000\363\000n\000\040\000d\000e\000\040\000s\000o\000m\000n\000o\000l\000e\000n\000c\000i\000a\000\040\000e\000n\000\040\000c\000o\000n\000d\000u\000c\000t\000o\000r\000e\000s\000\040\000d\000e\000\040\000a\000u\000t\000o\000s}{subsection.5.2}% 39
\BOOKMARK [3][-]{subsubsection.5.2.15}{\376\377\000D\000e\000t\000e\000c\000c\000i\000\363\000n\000\040\000d\000e\000\040\000s\000o\000m\000n\000o\000l\000e\000n\000c\000i\000a\000\040\000p\000a\000r\000a\000\040\000c\000o\000n\000d\000u\000c\000c\000i\000\363\000n\000\040\000s\000i\000n\000\040\000a\000c\000c\000i\000d\000e\000n\000t\000e\000s}{subsection.5.2}% 40
\BOOKMARK [3][-]{subsubsection.5.2.16}{\376\377\000D\000i\000s\000e\000\361\000o\000\040\000e\000\040\000i\000m\000p\000l\000e\000m\000e\000n\000t\000a\000c\000i\000\363\000n\000\040\000d\000e\000\040\000u\000n\000\040\000s\000i\000s\000t\000e\000m\000a\000\040\000d\000e\000\040\000g\000e\000o\000l\000o\000c\000a\000l\000i\000z\000a\000c\000i\000\363\000n\000\040\000e\000n\000\040\000i\000n\000t\000e\000r\000i\000o\000r\000e\000s\000\040\000p\000a\000r\000a\000\040\000p\000l\000a\000t\000a\000f\000o\000r\000m\000a\000\040\000A\000n\000d\000r\000o\000i\000d\000\040\000v\000\355\000a\000\040\000l\000a\000\040\000r\000e\000d\000\040\000e\000n\000t\000e\000r\000p\000r\000i\000s\000e\000\040\000W\000L\000A\000N\000\040\000d\000e\000\040\000l\000a\000\040\000P\000U\000C\000P}{subsection.5.2}% 41
\BOOKMARK [3][-]{subsubsection.5.2.17}{\376\377\000P\000r\000o\000p\000u\000e\000s\000t\000a\000\040\000d\000e\000\040\000u\000n\000\040\000s\000i\000s\000t\000e\000m\000a\000\040\000d\000e\000\040\000g\000e\000o\000l\000o\000c\000a\000l\000i\000z\000a\000c\000i\000\363\000n\000\040\000y\000\040\000m\000o\000n\000i\000t\000o\000r\000e\000o\000\040\000v\000\355\000a\000\040\000G\000P\000S\000/\000G\000S\000M\000/\000G\000P\000R\000S\000\040\000a\000p\000l\000i\000c\000a\000d\000o\000\040\000a\000\040\000u\000n\000\040\000p\000u\000l\000s\000\363\000m\000e\000t\000r\000o\000\040\000p\000a\000r\000a\000\040\000p\000e\000r\000s\000o\000n\000a\000s\000\040\000c\000o\000n\000\040\000e\000n\000f\000e\000r\000m\000e\000d\000a\000d\000e\000s\000\040\000c\000a\000r\000d\000i\000o\000v\000a\000s\000c\000u\000l\000a\000r\000e\000s}{subsection.5.2}% 42
\BOOKMARK [3][-]{subsubsection.5.2.18}{\376\377\000I\000n\000f\000l\000u\000e\000n\000c\000i\000a\000\040\000d\000e\000\040\000u\000n\000\040\000s\000i\000s\000t\000e\000m\000a\000\040\000d\000e\000\040\000g\000e\000o\000l\000o\000c\000a\000l\000i\000z\000a\000c\000i\000\363\000n\000\040\000e\000n\000\040\000e\000l\000\040\000c\000o\000n\000t\000r\000o\000l\000\040\000y\000\040\000m\000o\000n\000i\000t\000o\000r\000e\000o\000\040\000d\000e\000\040\000v\000e\000h\000\355\000c\000u\000l\000o\000s\000\040\000c\000o\000n\000\040\000d\000i\000s\000p\000o\000s\000i\000t\000i\000v\000o\000s\000\040\000G\000P\000S\000\040\000e\000n\000\040\000u\000n\000a\000\040\000e\000m\000p\000r\000e\000s\000a\000\040\000l\000o\000g\000\355\000s\000t\000i\000c\000a}{subsection.5.2}% 43
\BOOKMARK [1][-]{section.6}{\376\377\000C\000a\000p\000\355\000t\000u\000l\000o\000\040\000I\000I\000I\000:\000\040\000A\000n\000\341\000l\000i\000s\000i\000s}{}% 44
\BOOKMARK [2][-]{subsection.6.1}{\376\377\000A\000n\000\341\000l\000i\000s\000i\000s\000\040\000y\000\040\000d\000e\000l\000i\000m\000i\000t\000a\000c\000i\000\363\000n\000\040\000d\000e\000\040\000l\000a\000\040\000z\000o\000n\000a\000\040\000g\000e\000o\000g\000r\000\341\000f\000i\000c\000a}{section.6}% 45
\BOOKMARK [2][-]{subsection.6.2}{\376\377\000A\000n\000\341\000l\000i\000s\000i\000s\000\040\000d\000e\000l\000\040\000M\000\363\000d\000u\000l\000o\000\040\000C\000e\000n\000t\000r\000a\000l\000\040\000d\000e\000\040\000P\000r\000o\000c\000e\000s\000a\000m\000i\000e\000n\000t\000o}{section.6}% 46
\BOOKMARK [3][-]{subsubsection.6.2.1}{\376\377\000A\000n\000\341\000l\000i\000s\000i\000s\000\040\000y\000\040\000E\000l\000e\000c\000c\000i\000\363\000n\000\040\000d\000e\000l\000\040\000m\000i\000c\000r\000o\000o\000r\000d\000e\000n\000a\000d\000o\000r}{subsection.6.2}% 47
\BOOKMARK [3][-]{subsubsection.6.2.2}{\376\377\000A\000n\000\341\000l\000i\000s\000i\000s\000\040\000y\000\040\000E\000l\000e\000c\000c\000i\000\363\000n\000\040\000d\000e\000\040\000l\000a\000\040\000a\000l\000a\000r\000m\000a\000\040}{subsection.6.2}% 48
\BOOKMARK [3][-]{subsubsection.6.2.3}{\376\377\000A\000n\000\341\000l\000i\000s\000i\000s\000\040\000y\000\040\000E\000l\000e\000c\000c\000i\000\363\000n\000\040\000d\000e\000\040\000l\000a\000\040\000u\000n\000i\000d\000a\000d\000\040\000d\000e\000\040\000a\000l\000m\000a\000c\000e\000n\000a\000m\000i\000e\000n\000t\000o\000\040\000e\000x\000t\000e\000r\000n\000a}{subsection.6.2}% 49
\BOOKMARK [3][-]{subsubsection.6.2.4}{\376\377\000A\000n\000\341\000l\000i\000s\000i\000s\000\040\000y\000\040\000e\000l\000e\000c\000c\000i\000\363\000n\000\040\000d\000e\000\040\000l\000e\000n\000g\000u\000a\000j\000e\000s\000\040\000d\000e\000\040\000p\000r\000o\000g\000r\000a\000m\000a\000c\000i\000\363\000n\000\040\000p\000a\000r\000a\000\040\000e\000l\000\040\000m\000i\000c\000r\000o\000o\000r\000d\000e\000n\000a\000d\000o\000r}{subsection.6.2}% 50
\BOOKMARK [3][-]{subsubsection.6.2.5}{\376\377\000A\000n\000\341\000l\000i\000s\000i\000s\000\040\000d\000e\000l\000\040\000S\000u\000b\000m\000\363\000d\000u\000l\000o\000\040\000V\000i\000s\000i\000\363\000n\000\040\000A\000r\000t\000i\000f\000i\000c\000i\000a\000l}{subsection.6.2}% 51
\BOOKMARK [3][-]{subsubsection.6.2.6}{\376\377\000A\000n\000\341\000l\000i\000s\000i\000s\000\040\000y\000\040\000E\000l\000e\000c\000c\000i\000\363\000n\000\040\000d\000e\000\040\000h\000e\000r\000r\000a\000m\000i\000e\000n\000t\000a\000s\000\040\000d\000e\000\040\000p\000r\000o\000g\000r\000a\000m\000a\000c\000i\000\363\000n}{subsection.6.2}% 52
\BOOKMARK [3][-]{subsubsection.6.2.7}{\376\377\000A\000n\000\341\000l\000i\000s\000i\000s\000\040\000y\000\040\000E\000l\000e\000c\000c\000i\000\363\000n\000\040\000d\000e\000\040\000l\000a\000\040\000c\000\341\000m\000a\000r\000a\000\040\000d\000i\000g\000i\000t\000a\000l}{subsection.6.2}% 53
\BOOKMARK [3][-]{subsubsection.6.2.8}{\376\377\000A\000n\000\341\000l\000i\000s\000i\000s\000\040\000y\000\040\000E\000l\000e\000c\000c\000i\000\363\000n\000\040\000d\000e\000\040\000a\000l\000g\000o\000r\000i\000t\000m\000o\000s\000\040\000d\000e\000\040\000v\000i\000s\000i\000\363\000n\000\040\000a\000r\000t\000i\000f\000i\000c\000i\000a\000l}{subsection.6.2}% 54
\BOOKMARK [2][-]{subsection.6.3}{\376\377\000A\000n\000\341\000l\000i\000s\000i\000s\000\040\000d\000e\000l\000\040\000M\000\363\000d\000u\000l\000o\000\040\000d\000e\000\040\000C\000o\000m\000u\000n\000i\000c\000a\000c\000i\000o\000n\000e\000s}{section.6}% 55
\BOOKMARK [3][-]{subsubsection.6.3.1}{\376\377\000A\000n\000\341\000l\000i\000s\000i\000s\000\040\000d\000e\000l\000\040\000S\000u\000b\000m\000\363\000d\000u\000l\000o\000\040\000d\000e\000\040\000T\000e\000l\000e\000m\000e\000t\000r\000\355\000a\000\040}{subsection.6.3}% 56
\BOOKMARK [3][-]{subsubsection.6.3.2}{\376\377\000A\000n\000\341\000l\000i\000s\000i\000s\000\040\000d\000e\000l\000\040\000S\000u\000b\000m\000\363\000d\000u\000l\000o\000\040\000d\000e\000\040\000D\000a\000t\000o\000s\000\040}{subsection.6.3}% 57
\BOOKMARK [3][-]{subsubsection.6.3.3}{\376\377\000A\000n\000\341\000l\000i\000s\000i\000s\000\040\000d\000e\000l\000\040\000S\000u\000b\000m\000\363\000d\000u\000l\000o\000\040\000d\000e\000\040\000C\000o\000b\000e\000r\000t\000u\000r\000a}{subsection.6.3}% 58
\BOOKMARK [2][-]{subsection.6.4}{\376\377\000A\000n\000\341\000l\000i\000s\000i\000s\000\040\000d\000e\000l\000\040\000M\000\363\000d\000u\000l\000o\000\040\000d\000e\000\040\000E\000s\000t\000a\000c\000i\000\363\000n\000\040\000B\000a\000s\000e}{section.6}% 59
\BOOKMARK [3][-]{subsubsection.6.4.1}{\376\377\000A\000n\000\341\000l\000i\000s\000i\000s\000\040\000d\000e\000\040\000l\000a\000\040\000A\000p\000l\000i\000c\000a\000c\000i\000\363\000n\000\040\000W\000e\000b}{subsection.6.4}% 60
\BOOKMARK [3][-]{subsubsection.6.4.2}{\376\377\000A\000n\000\341\000l\000i\000s\000i\000s\000\040\000y\000\040\000E\000l\000e\000c\000c\000i\000\363\000n\000\040\000d\000e\000l\000\040\000m\000a\000n\000e\000j\000a\000d\000o\000r\000\040\000d\000e\000\040\000b\000a\000s\000e\000s\000\040\000d\000e\000\040\000d\000a\000t\000o\000s\000\040}{subsection.6.4}% 61
\BOOKMARK [3][-]{subsubsection.6.4.3}{\376\377\000A\000n\000\341\000l\000i\000s\000i\000s\000\040\000y\000\040\000E\000l\000e\000c\000c\000i\000\363\000n\000\040\000d\000e\000\040\000l\000e\000n\000g\000u\000a\000j\000e\000s\000\040\000d\000e\000\040\000p\000r\000o\000g\000r\000a\000m\000a\000c\000i\000\363\000n\000\040\000w\000e\000b}{subsection.6.4}% 62
\BOOKMARK [3][-]{subsubsection.6.4.4}{\376\377\000A\000n\000\341\000l\000i\000s\000i\000s\000\040\000y\000\040\000E\000l\000e\000c\000c\000i\000\363\000n\000\040\000d\000e\000l\000\040\000s\000e\000r\000v\000i\000d\000o\000r\000\040\000d\000e\000\040\000a\000l\000o\000j\000a\000m\000i\000e\000n\000t\000o}{subsection.6.4}% 63
\BOOKMARK [1][-]{section.7}{\376\377\000C\000a\000p\000\355\000t\000u\000l\000o\000\040\000I\000V\000:\000\040\000D\000i\000s\000e\000\361\000o}{}% 64
\BOOKMARK [2][-]{subsection.7.1}{\376\377\000D\000i\000s\000e\000\361\000o\000\040\000d\000e\000l\000\040\000M\000\363\000d\000u\000l\000o\000\040\000C\000e\000n\000t\000r\000a\000l\000\040\000d\000e\000\040\000P\000r\000o\000c\000e\000s\000a\000m\000i\000e\000n\000t\000o}{section.7}% 65
\BOOKMARK [3][-]{subsubsection.7.1.1}{\376\377\000E\000l\000e\000c\000c\000i\000\363\000n\000\040\000d\000e\000\040\000l\000a\000\040\000U\000n\000i\000d\000a\000d\000\040\000C\000o\000n\000t\000e\000n\000e\000d\000o\000r\000a\000\040\000d\000e\000\040\000P\000r\000o\000c\000e\000s\000a\000m\000i\000e\000n\000t\000o}{subsection.7.1}% 66
\BOOKMARK [3][-]{subsubsection.7.1.2}{\376\377\000D\000i\000s\000e\000\361\000o\000\040\000d\000e\000l\000\040\000S\000u\000b\000m\000\363\000d\000u\000l\000o\000\040\000d\000e\000\040\000V\000i\000s\000i\000\363\000n\000\040\000A\000r\000t\000i\000f\000i\000c\000i\000a\000l}{subsection.7.1}% 67
\BOOKMARK [2][-]{subsection.7.2}{\376\377\000D\000i\000s\000e\000\361\000o\000\040\000d\000e\000l\000\040\000M\000\363\000d\000u\000l\000o\000\040\000d\000e\000\040\000C\000o\000m\000u\000n\000i\000c\000a\000c\000i\000o\000n\000e\000s}{section.7}% 68
\BOOKMARK [2][-]{subsection.7.3}{\376\377\000D\000i\000s\000e\000\361\000o\000\040\000d\000e\000\040\000l\000a\000\040\000E\000s\000t\000a\000c\000i\000\363\000n\000\040\000B\000a\000s\000e}{section.7}% 69
\BOOKMARK [3][-]{subsubsection.7.3.1}{\376\377\000D\000i\000s\000e\000\361\000o\000\040\000d\000e\000\040\000l\000a\000\040\000A\000p\000l\000i\000c\000a\000c\000i\000\363\000n\000\040\000W\000e\000b}{subsection.7.3}% 70
\BOOKMARK [3][-]{subsubsection.7.3.2}{\376\377\000D\000i\000s\000e\000\361\000o\000\040\000d\000e\000\040\000l\000a\000\040\000B\000a\000s\000e\000\040\000d\000e\000\040\000D\000a\000t\000o\000s}{subsection.7.3}% 71
\BOOKMARK [1][-]{section.8}{\376\377\000I\000m\000p\000l\000e\000m\000e\000n\000t\000a\000c\000i\000\363\000n}{}% 72
\BOOKMARK [2][-]{subsection.8.1}{\376\377\000M\000\363\000d\000u\000l\000o\000\040\000C\000e\000n\000t\000r\000a\000l\000\040\000d\000e\000\040\000P\000r\000o\000c\000e\000s\000a\000m\000i\000e\000n\000t\000o}{section.8}% 73
\BOOKMARK [3][-]{subsubsection.8.1.1}{\376\377\000I\000n\000s\000t\000a\000l\000a\000c\000i\000\363\000n\000\040\000d\000e\000l\000\040\000e\000n\000t\000o\000r\000n\000o\000\040\000d\000e\000\040\000d\000e\000s\000a\000r\000r\000o\000l\000l\000o\000\040\000e\000n\000\040\000l\000a\000\040\000N\000V\000I\000D\000I\000A\000\040\000J\000e\000t\000s\000o\000n\000\040\000N\000a\000n\000o}{subsection.8.1}% 74
\BOOKMARK [3][-]{subsubsection.8.1.2}{\376\377\000I\000m\000p\000l\000e\000m\000e\000n\000t\000a\000r\000\040\000a\000l\000g\000o\000r\000i\000t\000m\000o\000\040\000p\000a\000r\000a\000\040\000l\000a\000\040\000d\000e\000t\000e\000c\000c\000i\000\363\000n\000\040\000d\000e\000l\000\040\000r\000o\000s\000t\000r\000o\000\040\000y\000\040\000o\000j\000o\000s\000\040}{subsection.8.1}% 75
\BOOKMARK [3][-]{subsubsection.8.1.3}{\376\377\000I\000m\000p\000l\000e\000m\000e\000n\000t\000a\000r\000\040\000p\000u\000n\000t\000o\000s\000\040\000f\000a\000c\000i\000a\000l\000e\000s\000\040\000e\000n\000\040\000e\000l\000\040\000r\000o\000s\000t\000r\000o\000\040\000y\000\040\000l\000a\000\040\000m\000e\000t\000r\000i\000c\000a\000\040\000M\000O\000R}{subsection.8.1}% 76
\BOOKMARK [3][-]{subsubsection.8.1.4}{\376\377\000I\000n\000t\000e\000g\000r\000a\000c\000i\000\363\000n\000\040\000d\000e\000\040\000l\000o\000s\000\040\000p\000e\000r\000i\000f\000\351\000r\000i\000c\000o\000s\000\040\000y\000\040\000a\000c\000c\000e\000s\000o\000r\000i\000o\000s\000\040\000a\000l\000\040\000M\000\363\000d\000u\000l\000o\000\040\000C\000e\000n\000t\000r\000a\000l\000\040\000d\000e\000\040\000P\000r\000o\000c\000e\000s\000a\000m\000i\000e\000n\000t\000o}{subsection.8.1}% 77
\BOOKMARK [3][-]{subsubsection.8.1.5}{\376\377\000A\000p\000l\000i\000c\000a\000r\000\040\000e\000l\000\040\000a\000l\000g\000o\000r\000i\000t\000m\000o\000\040\000d\000e\000\040\000d\000e\000t\000e\000c\000c\000i\000\363\000n\000\040\000c\000o\000n\000\040\000e\000l\000\040\000m\000\363\000d\000u\000l\000o\000\040\000c\000e\000n\000t\000r\000a\000l\000\040\000d\000e\000\040\000p\000r\000o\000c\000e\000s\000a\000m\000i\000e\000n\000t\000o}{subsection.8.1}% 78
\BOOKMARK [2][-]{subsection.8.2}{\376\377\000M\000\363\000d\000u\000l\000o\000\040\000d\000e\000\040\000C\000o\000m\000u\000n\000i\000c\000a\000c\000i\000o\000n\000e\000s}{section.8}% 79
\BOOKMARK [3][-]{subsubsection.8.2.1}{\376\377\000I\000n\000v\000e\000s\000t\000i\000g\000a\000c\000i\000\363\000n\000\040\000d\000e\000\040\000l\000a\000\040\000d\000o\000c\000u\000m\000e\000n\000t\000a\000c\000i\000\363\000n\000\040\000d\000e\000l\000\040\000m\000\363\000d\000u\000l\000o\000\040\0003\000G\000/\0004\000G\000\040\000L\000T\000E\000-\000B\000a\000s\000e\000\040\000H\000a\000t}{subsection.8.2}% 80
\BOOKMARK [3][-]{subsubsection.8.2.2}{\376\377\000I\000m\000p\000l\000e\000m\000e\000t\000a\000c\000i\000\363\000n\000\040\000d\000e\000l\000\040\000s\000i\000s\000t\000e\000m\000a\000\040\000d\000e\000\040\000G\000e\000o\000l\000o\000c\000a\000l\000i\000z\000a\000c\000i\000\363\000n}{subsection.8.2}% 81
\BOOKMARK [3][-]{subsubsection.8.2.3}{\376\377\000C\000o\000n\000e\000x\000i\000\363\000n\000\040\000d\000e\000\040\000l\000a\000\040\000a\000p\000l\000i\000c\000a\000c\000i\000\363\000n\000\040\000w\000e\000b\000\040\000c\000o\000n\000\040\000e\000l\000\040\000M\000\363\000d\000u\000l\000o\000\040\000C\000e\000n\000t\000r\000a\000l\000\040\000d\000e\000\040\000P\000r\000o\000c\000e\000s\000a\000m\000i\000e\000n\000t\000o}{subsection.8.2}% 82
\BOOKMARK [2][-]{subsection.8.3}{\376\377\000M\000\363\000d\000u\000l\000o\000\040\000d\000e\000\040\000E\000s\000t\000a\000c\000i\000\363\000n\000\040\000B\000a\000s\000e}{section.8}% 83
\BOOKMARK [3][-]{subsubsection.8.3.1}{\376\377\000D\000e\000f\000i\000n\000i\000c\000i\000\363\000n\000\040\000d\000e\000\040\000r\000u\000t\000a\000s\000\040\000d\000e\000l\000\040\000f\000r\000o\000n\000t\000e\000n\000d}{subsection.8.3}% 84
\BOOKMARK [3][-]{subsubsection.8.3.2}{\376\377\000D\000e\000f\000i\000n\000i\000c\000i\000\363\000n\000\040\000d\000e\000\040\000r\000u\000t\000a\000s\000\040\000d\000e\000l\000\040\000b\000a\000c\000k\000e\000n\000d}{subsection.8.3}% 85
\BOOKMARK [3][-]{subsubsection.8.3.3}{\376\377\000C\000r\000e\000a\000c\000i\000\363\000n\000\040\000d\000e\000\040\000l\000a\000\040\000b\000a\000s\000e\000\040\000d\000e\000\040\000d\000a\000t\000o\000s\000\040\000n\000o\000\040\000r\000e\000l\000a\000c\000i\000o\000n\000a\000l}{subsection.8.3}% 86
\BOOKMARK [3][-]{subsubsection.8.3.4}{\376\377\000C\000o\000n\000e\000x\000i\000\363\000n\000\040\000b\000a\000c\000k\000e\000n\000d\000\040\000c\000o\000n\000\040\000l\000a\000\040\000b\000a\000s\000e\000\040\000d\000e\000\040\000d\000a\000t\000o\000s}{subsection.8.3}% 87
\BOOKMARK [3][-]{subsubsection.8.3.5}{\376\377\000S\000i\000s\000t\000e\000m\000a\000\040\000d\000e\000\040\000a\000c\000c\000e\000s\000o\000\040\000c\000o\000n\000\040\000c\000r\000e\000d\000e\000n\000c\000i\000a\000l\000e\000s}{subsection.8.3}% 88
\BOOKMARK [3][-]{subsubsection.8.3.6}{\376\377\000C\000r\000e\000a\000c\000i\000\363\000n\000\040\000d\000e\000\040\000l\000o\000s\000\040\000s\000e\000r\000v\000i\000c\000i\000o\000s\000\040\000b\000a\000c\000k\000e\000n\000d}{subsection.8.3}% 89
\BOOKMARK [3][-]{subsubsection.8.3.7}{\376\377\000M\000a\000q\000u\000e\000t\000a\000c\000i\000\363\000n\000\040\000w\000e\000b}{subsection.8.3}% 90
\BOOKMARK [3][-]{subsubsection.8.3.8}{\376\377\000E\000n\000l\000a\000c\000e\000\040\000d\000e\000\040\000A\000m\000a\000z\000o\000n\000\040\000S\0003\000\040\000c\000o\000n\000\040\000e\000l\000\040\000s\000i\000s\000t\000e\000m\000a\000\040\000b\000a\000c\000k\000e\000n\000d}{subsection.8.3}% 91
\BOOKMARK [3][-]{subsubsection.8.3.9}{\376\377\000D\000e\000s\000p\000l\000i\000e\000g\000u\000e\000\040\000d\000e\000\040\000l\000a\000\040\000a\000p\000l\000i\000c\000a\000c\000i\000\363\000n\000\040\000w\000e\000b}{subsection.8.3}% 92
\BOOKMARK [1][-]{section.9}{\376\377\000P\000r\000u\000e\000b\000a\000s}{}% 93
\BOOKMARK [2][-]{subsection.9.1}{\376\377\000M\000\363\000d\000u\000l\000o\000\040\000d\000e\000\040\000V\000i\000s\000i\000\363\000n\000\040\000A\000r\000t\000i\000f\000i\000c\000i\000a\000l}{section.9}% 94
\BOOKMARK [3][-]{subsubsection.9.1.1}{\376\377\000P\000r\000u\000e\000b\000a\000\040\000d\000e\000\040\000D\000e\000t\000e\000c\000c\000i\000\363\000n\000\040\000F\000a\000c\000i\000a\000l\000:}{subsection.9.1}% 95
\BOOKMARK [3][-]{subsubsection.9.1.2}{\376\377\000P\000r\000u\000e\000b\000a\000\040\000d\000e\000\040\000C\000l\000a\000s\000i\000f\000i\000c\000a\000c\000i\000\363\000n\000\040\000d\000e\000\040\000S\000o\000m\000n\000o\000l\000e\000n\000c\000i\000a\000:}{subsection.9.1}% 96
\BOOKMARK [2][-]{subsection.9.2}{\376\377\000M\000\363\000d\000u\000l\000o\000\040\000d\000e\000\040\000C\000o\000m\000u\000n\000i\000c\000a\000c\000i\000o\000n\000e\000s}{section.9}% 97
\BOOKMARK [3][-]{subsubsection.9.2.1}{\376\377\000P\000r\000u\000e\000b\000a\000\040\000d\000e\000\040\000C\000o\000n\000e\000c\000t\000i\000v\000i\000d\000a\000d\000\040\000L\000T\000E\000:}{subsection.9.2}% 98
\BOOKMARK [3][-]{subsubsection.9.2.2}{\376\377\000P\000r\000u\000e\000b\000a\000\040\000d\000e\000\040\000P\000o\000s\000i\000c\000i\000o\000n\000a\000m\000i\000e\000n\000t\000o\000\040\000G\000P\000S\000:}{subsection.9.2}% 99
\BOOKMARK [2][-]{subsection.9.3}{\376\377\000E\000s\000t\000a\000c\000i\000\363\000n\000\040\000B\000a\000s\000e\000\040\000\050\000A\000m\000a\000z\000o\000n\000\040\000A\000m\000p\000l\000i\000f\000y\000\051}{section.9}% 100
\BOOKMARK [3][-]{subsubsection.9.3.1}{\376\377\000P\000r\000u\000e\000b\000a\000\040\000d\000e\000\040\000I\000n\000t\000e\000g\000r\000a\000c\000i\000\363\000n\000\040\000c\000o\000n\000\040\000G\000i\000t\000H\000u\000b\000:}{subsection.9.3}% 101
\BOOKMARK [2][-]{subsection.9.4}{\376\377\000G\000e\000s\000t\000i\000\363\000n\000\040\000d\000e\000\040\000C\000o\000n\000t\000e\000n\000i\000d\000o\000\040\000M\000u\000l\000t\000i\000m\000e\000d\000i\000a\000\040\000y\000\040\000S\000e\000g\000u\000r\000i\000d\000a\000d}{section.9}% 102
\BOOKMARK [3][-]{subsubsection.9.4.1}{\376\377\000P\000r\000u\000e\000b\000a\000\040\000d\000e\000\040\000A\000l\000m\000a\000c\000e\000n\000a\000m\000i\000e\000n\000t\000o\000\040\000e\000n\000\040\000S\0003\000:}{subsection.9.4}% 103
\BOOKMARK [3][-]{subsubsection.9.4.2}{\376\377\000P\000r\000u\000e\000b\000a\000\040\000d\000e\000\040\000A\000u\000t\000e\000n\000t\000i\000c\000a\000c\000i\000\363\000n\000\040\000y\000\040\000G\000e\000s\000t\000i\000\363\000n\000\040\000d\000e\000\040\000I\000d\000e\000n\000t\000i\000d\000a\000d\000e\000s\000\040\000\050\000A\000m\000a\000z\000o\000n\000\040\000C\000o\000g\000n\000i\000t\000o\000\051\000:}{subsection.9.4}% 104
\BOOKMARK [2][-]{subsection.9.5}{\376\377\000B\000a\000s\000e\000\040\000d\000e\000\040\000D\000a\000t\000o\000s\000\040\000\050\000D\000y\000n\000a\000m\000o\000D\000B\000\051}{section.9}% 105
\BOOKMARK [3][-]{subsubsection.9.5.1}{\376\377\000P\000r\000u\000e\000b\000a\000\040\000d\000e\000\040\000R\000e\000n\000d\000i\000m\000i\000e\000n\000t\000o\000\040\000d\000e\000\040\000D\000y\000n\000a\000m\000o\000D\000B\000:}{subsection.9.5}% 106
\BOOKMARK [2][-]{subsection.9.6}{\376\377\000A\000p\000l\000i\000c\000a\000c\000i\000\363\000n\000\040\000W\000e\000b\000\040\000\050\000A\000m\000p\000l\000i\000f\000y\000\040\000y\000\040\000R\000e\000a\000c\000t\000\051}{section.9}% 107
\BOOKMARK [3][-]{subsubsection.9.6.1}{\376\377\000P\000r\000u\000e\000b\000a\000\040\000d\000e\000\040\000R\000e\000n\000d\000i\000m\000i\000e\000n\000t\000o\000\040\000d\000e\000l\000\040\000B\000a\000c\000k\000e\000n\000d\000:}{subsection.9.6}% 108
\BOOKMARK [3][-]{subsubsection.9.6.2}{\376\377\000P\000r\000u\000e\000b\000a\000\040\000d\000e\000\040\000I\000n\000t\000e\000r\000f\000a\000z\000\040\000d\000e\000\040\000U\000s\000u\000a\000r\000i\000o\000\040\000\050\000F\000r\000o\000n\000t\000e\000n\000d\000\040\000R\000e\000a\000c\000t\000\051\000:}{subsection.9.6}% 109
\BOOKMARK [2][-]{subsection.9.7}{\376\377\000P\000r\000u\000e\000b\000a\000s\000\040\000d\000e\000\040\000I\000n\000t\000e\000g\000r\000a\000c\000i\000\363\000n\000\040\000d\000e\000l\000\040\000S\000i\000s\000t\000e\000m\000a}{section.9}% 110
\BOOKMARK [3][-]{subsubsection.9.7.1}{\376\377\000P\000r\000u\000e\000b\000a\000\040\000d\000e\000\040\000I\000n\000t\000e\000r\000a\000c\000c\000i\000\363\000n\000\040\000e\000n\000t\000r\000e\000\040\000M\000\363\000d\000u\000l\000o\000s\000:}{subsection.9.7}% 111
\BOOKMARK [3][-]{subsubsection.9.7.2}{\376\377\000P\000r\000u\000e\000b\000a\000\040\000d\000e\000\040\000A\000l\000e\000r\000t\000a\000s\000\040\000y\000\040\000M\000o\000n\000i\000t\000o\000r\000e\000o\000\040\000e\000n\000\040\000T\000i\000e\000m\000p\000o\000\040\000R\000e\000a\000l\000:}{subsection.9.7}% 112
\BOOKMARK [2][-]{subsection.9.8}{\376\377\000E\000v\000a\000l\000u\000a\000c\000i\000\363\000n\000\040\000d\000e\000l\000\040\000S\000i\000s\000t\000e\000m\000a\000\040\000F\000i\000n\000a\000l}{section.9}% 113
\BOOKMARK [3][-]{subsubsection.9.8.1}{\376\377\000P\000r\000u\000e\000b\000a\000\040\000d\000e\000\040\000F\000u\000n\000c\000i\000o\000n\000a\000l\000i\000d\000a\000d\000\040\000I\000n\000t\000e\000g\000r\000a\000l\000:}{subsection.9.8}% 114
\BOOKMARK [3][-]{subsubsection.9.8.2}{\376\377\000P\000r\000u\000e\000b\000a\000\040\000d\000e\000\040\000R\000e\000s\000i\000l\000i\000e\000n\000c\000i\000a\000\040\000d\000e\000l\000\040\000S\000i\000s\000t\000e\000m\000a\000:}{subsection.9.8}% 115
\BOOKMARK [3][-]{subsubsection.9.8.3}{\376\377\000P\000r\000u\000e\000b\000a\000\040\000d\000e\000\040\000S\000e\000g\000u\000r\000i\000d\000a\000d\000\040\000I\000n\000t\000e\000g\000r\000a\000l\000:}{subsection.9.8}% 116
\BOOKMARK [3][-]{subsubsection.9.8.4}{\376\377\000P\000r\000u\000e\000b\000a\000\040\000d\000e\000\040\000U\000s\000a\000b\000i\000l\000i\000d\000a\000d\000:}{subsection.9.8}% 117
\BOOKMARK [2][-]{subsection.9.9}{\376\377\000R\000e\000s\000u\000l\000t\000a\000d\000o\000s\000\040\000y\000\040\000A\000j\000u\000s\000t\000e\000s\000:}{section.9}% 118
\BOOKMARK [1][-]{section.10}{\376\377\000V\000a\000l\000i\000d\000a\000c\000i\000\363\000n}{}% 119
\BOOKMARK [2][-]{subsubsection.10.0.1}{\376\377\000R\000e\000s\000u\000l\000t\000a\000d\000o\000s}{section.10}% 120
\BOOKMARK [1][-]{section.11}{\376\377\000C\000o\000n\000c\000l\000u\000s\000i\000o\000n\000\040\000y\000\040\000a\000p\000o\000r\000t\000a\000c\000i\000o\000n\000e\000s}{}% 121
\BOOKMARK [1][-]{section.12}{\376\377\000R\000e\000f\000e\000r\000e\000n\000c\000i\000a\000s}{}% 122
