This is pdfTeX, Version 3.141592653-2.6-1.40.24 (MiKTeX 22.7) (preloaded format=pdflatex 2022.10.6)  29 NOV 2022 19:09
entering extended mode
 restricted \write18 enabled.
 %&-line parsing enabled.
**./Reporte3.tex
(Reporte3.tex
LaTeX2e <2022-06-01> patch level 5
L3 programming layer <2022-07-04>
(C:\Users\unknown\AppData\Local\Programs\MiKTeX\tex/latex/base\article.cls
Document Class: article 2021/10/04 v1.4n Standard LaTeX document class
(C:\Users\unknown\AppData\Local\Programs\MiKTeX\tex/latex/base\size12.clo
File: size12.clo 2021/10/04 v1.4n Standard LaTeX file (size option)
)
\c@part=\count185
\c@section=\count186
\c@subsection=\count187
\c@subsubsection=\count188
\c@paragraph=\count189
\c@subparagraph=\count190
\c@figure=\count191
\c@table=\count192
\abovecaptionskip=\skip47
\belowcaptionskip=\skip48
\bibindent=\dimen138
)
(C:\Users\unknown\AppData\Local\Programs\MiKTeX\tex/generic/babel\babel.sty
Package: babel 2022/06/26 3.77 The Babel package
\babel@savecnt=\count193
\U@D=\dimen139
\l@unhyphenated=\language79

(C:\Users\unknown\AppData\Local\Programs\MiKTeX\tex/generic/babel\txtbabel.def)
\bbl@readstream=\read2
\bbl@dirlevel=\count194
*************************************
* Local config file bblopts.cfg used
*
(C:\Users\unknown\AppData\Local\Programs\MiKTeX\tex/latex/arabi\bblopts.cfg
File: bblopts.cfg 2005/09/08 v0.1 add Arabic and Farsi to "declared" options of
 babel
)
(C:\Users\unknown\AppData\Local\Programs\MiKTeX\tex/latex/babel-spanish\spanish
.ldf
Language: spanish.ldf 2021/05/27 v5.0q Spanish support from the babel system
\es@quottoks=\toks16
\es@quotdepth=\count195
Package babel Info: Making " an active character on input line 570.
Package babel Info: Making . an active character on input line 675.
Package babel Info: Making < an active character on input line 722.
Package babel Info: Making > an active character on input line 722.
))
(C:\Users\unknown\AppData\Local\Programs\MiKTeX\tex/generic/babel/locale/es\bab
el-spanish.tex
Package babel Info: Importing font and identification data for spanish
(babel)             from babel-es.ini. Reported on input line 11.
)
(C:\Users\unknown\AppData\Local\Programs\MiKTeX\tex/latex/amsmath\amsmath.sty
Package: amsmath 2022/04/08 v2.17n AMS math features
\@mathmargin=\skip49

For additional information on amsmath, use the `?' option.
(C:\Users\unknown\AppData\Local\Programs\MiKTeX\tex/latex/amsmath\amstext.sty
Package: amstext 2021/08/26 v2.01 AMS text

(C:\Users\unknown\AppData\Local\Programs\MiKTeX\tex/latex/amsmath\amsgen.sty
File: amsgen.sty 1999/11/30 v2.0 generic functions
\@emptytoks=\toks17
\ex@=\dimen140
))
(C:\Users\unknown\AppData\Local\Programs\MiKTeX\tex/latex/amsmath\amsbsy.sty
Package: amsbsy 1999/11/29 v1.2d Bold Symbols
\pmbraise@=\dimen141
)
(C:\Users\unknown\AppData\Local\Programs\MiKTeX\tex/latex/amsmath\amsopn.sty
Package: amsopn 2022/04/08 v2.04 operator names
)
\inf@bad=\count196
LaTeX Info: Redefining \frac on input line 234.
\uproot@=\count197
\leftroot@=\count198
LaTeX Info: Redefining \overline on input line 399.
LaTeX Info: Redefining \colon on input line 410.
\classnum@=\count199
\DOTSCASE@=\count266
LaTeX Info: Redefining \ldots on input line 496.
LaTeX Info: Redefining \dots on input line 499.
LaTeX Info: Redefining \cdots on input line 620.
\Mathstrutbox@=\box51
\strutbox@=\box52
LaTeX Info: Redefining \big on input line 722.
LaTeX Info: Redefining \Big on input line 723.
LaTeX Info: Redefining \bigg on input line 724.
LaTeX Info: Redefining \Bigg on input line 725.
\big@size=\dimen142
LaTeX Font Info:    Redeclaring font encoding OML on input line 743.
LaTeX Font Info:    Redeclaring font encoding OMS on input line 744.
\macc@depth=\count267
LaTeX Info: Redefining \bmod on input line 905.
LaTeX Info: Redefining \pmod on input line 910.
LaTeX Info: Redefining \smash on input line 940.
LaTeX Info: Redefining \relbar on input line 970.
LaTeX Info: Redefining \Relbar on input line 971.
\c@MaxMatrixCols=\count268
\dotsspace@=\muskip16
\c@parentequation=\count269
\dspbrk@lvl=\count270
\tag@help=\toks18
\row@=\count271
\column@=\count272
\maxfields@=\count273
\andhelp@=\toks19
\eqnshift@=\dimen143
\alignsep@=\dimen144
\tagshift@=\dimen145
\tagwidth@=\dimen146
\totwidth@=\dimen147
\lineht@=\dimen148
\@envbody=\toks20
\multlinegap=\skip50
\multlinetaggap=\skip51
\mathdisplay@stack=\toks21
LaTeX Info: Redefining \[ on input line 2953.
LaTeX Info: Redefining \] on input line 2954.
)
(C:\Users\unknown\AppData\Local\Programs\MiKTeX\tex/latex/base\inputenc.sty
Package: inputenc 2021/02/14 v1.3d Input encoding file
\inpenc@prehook=\toks22
\inpenc@posthook=\toks23

(C:\Users\unknown\AppData\Local\Programs\MiKTeX\tex/latex/base\latin1.def
File: latin1.def 2021/02/14 v1.3d Input encoding file
))
(C:\Users\unknown\AppData\Local\Programs\MiKTeX\tex/latex/graphics\graphicx.sty
Package: graphicx 2021/09/16 v1.2d Enhanced LaTeX Graphics (DPC,SPQR)
(C:\Users\unknown\AppData\Local\Programs\MiKTeX\tex/latex/graphics\keyval.sty
Package: keyval 2022/05/29 v1.15 key=value parser (DPC)
\KV@toks@=\toks24
)
(C:\Users\unknown\AppData\Local\Programs\MiKTeX\tex/latex/graphics\graphics.sty
Package: graphics 2022/03/10 v1.4e Standard LaTeX Graphics (DPC,SPQR)
(C:\Users\unknown\AppData\Local\Programs\MiKTeX\tex/latex/graphics\trig.sty
Package: trig 2021/08/11 v1.11 sin cos tan (DPC)
)
(C:\Users\unknown\AppData\Local\Programs\MiKTeX\tex/latex/graphics-cfg\graphics
.cfg
File: graphics.cfg 2016/06/04 v1.11 sample graphics configuration
)
Package graphics Info: Driver file: pdftex.def on input line 107.

(C:\Users\unknown\AppData\Local\Programs\MiKTeX\tex/latex/graphics-def\pdftex.d
ef
File: pdftex.def 2020/10/05 v1.2a Graphics/color driver for pdftex
))
\Gin@req@height=\dimen149
\Gin@req@width=\dimen150
)
(C:\Users\unknown\AppData\Local\Programs\MiKTeX\tex/latex/amsfonts\amssymb.sty
Package: amssymb 2013/01/14 v3.01 AMS font symbols

(C:\Users\unknown\AppData\Local\Programs\MiKTeX\tex/latex/amsfonts\amsfonts.sty
Package: amsfonts 2013/01/14 v3.01 Basic AMSFonts support
\symAMSa=\mathgroup4
\symAMSb=\mathgroup5
LaTeX Font Info:    Redeclaring math symbol \hbar on input line 98.
LaTeX Font Info:    Overwriting math alphabet `\mathfrak' in version `bold'
(Font)                  U/euf/m/n --> U/euf/b/n on input line 106.
))
(C:\Users\unknown\AppData\Local\Programs\MiKTeX\tex/latex/anysize\anysize.sty
Package: anysize 1994/08/13 setting margin sizes

document style option `anysize' loaded
Michael Salzenberg, Thomas Esser, Dirk Hillbrecht
Version 1.0, Aug 13, 1994
\@Leftmargin=\dimen151
\@Rightmargin=\dimen152
\@Topmargin=\dimen153
\@Bottommargin=\dimen154
) (C:\Users\unknown\AppData\Local\Programs\MiKTeX\tex/latex/tools\array.sty
Package: array 2021/10/04 v2.5f Tabular extension package (FMi)
\col@sep=\dimen155
\ar@mcellbox=\box53
\extrarowheight=\dimen156
\NC@list=\toks25
\extratabsurround=\skip52
\backup@length=\skip53
\ar@cellbox=\box54
)
(C:\Users\unknown\AppData\Local\Programs\MiKTeX\tex/latex/tools\multicol.sty
Package: multicol 2021/10/28 v1.9b multicolumn formatting (FMi)
\c@tracingmulticols=\count274
\mult@box=\box55
\multicol@leftmargin=\dimen157
\c@unbalance=\count275
\c@collectmore=\count276
\doublecol@number=\count277
\multicoltolerance=\count278
\multicolpretolerance=\count279
\full@width=\dimen158
\page@free=\dimen159
\premulticols=\dimen160
\postmulticols=\dimen161
\multicolsep=\skip54
\multicolbaselineskip=\skip55
\partial@page=\box56
\last@line=\box57
\maxbalancingoverflow=\dimen162
\mult@rightbox=\box58
\mult@grightbox=\box59
\mult@firstbox=\box60
\mult@gfirstbox=\box61
\@tempa=\box62
\@tempa=\box63
\@tempa=\box64
\@tempa=\box65
\@tempa=\box66
\@tempa=\box67
\@tempa=\box68
\@tempa=\box69
\@tempa=\box70
\@tempa=\box71
\@tempa=\box72
\@tempa=\box73
\@tempa=\box74
\@tempa=\box75
\@tempa=\box76
\@tempa=\box77
\@tempa=\box78
\@tempa=\box79
\@tempa=\box80
\@tempa=\box81
\@tempa=\box82
\@tempa=\box83
\@tempa=\box84
\@tempa=\box85
\@tempa=\box86
\@tempa=\box87
\@tempa=\box88
\@tempa=\box89
\@tempa=\box90
\@tempa=\box91
\@tempa=\box92
\@tempa=\box93
\@tempa=\box94
\@tempa=\box95
\@tempa=\box96
\@tempa=\box97
\c@minrows=\count280
\c@columnbadness=\count281
\c@finalcolumnbadness=\count282
\last@try=\dimen163
\multicolovershoot=\dimen164
\multicolundershoot=\dimen165
\mult@nat@firstbox=\box98
\colbreak@box=\box99
\mc@col@check@num=\count283
)
(C:\Users\unknown\AppData\Local\Programs\MiKTeX\tex/latex/lm\lmodern.sty
Package: lmodern 2015/05/01 v1.6.1 Latin Modern Fonts
LaTeX Font Info:    Overwriting symbol font `operators' in version `normal'
(Font)                  OT1/cmr/m/n --> OT1/lmr/m/n on input line 22.
LaTeX Font Info:    Overwriting symbol font `letters' in version `normal'
(Font)                  OML/cmm/m/it --> OML/lmm/m/it on input line 23.
LaTeX Font Info:    Overwriting symbol font `symbols' in version `normal'
(Font)                  OMS/cmsy/m/n --> OMS/lmsy/m/n on input line 24.
LaTeX Font Info:    Overwriting symbol font `largesymbols' in version `normal'
(Font)                  OMX/cmex/m/n --> OMX/lmex/m/n on input line 25.
LaTeX Font Info:    Overwriting symbol font `operators' in version `bold'
(Font)                  OT1/cmr/bx/n --> OT1/lmr/bx/n on input line 26.
LaTeX Font Info:    Overwriting symbol font `letters' in version `bold'
(Font)                  OML/cmm/b/it --> OML/lmm/b/it on input line 27.
LaTeX Font Info:    Overwriting symbol font `symbols' in version `bold'
(Font)                  OMS/cmsy/b/n --> OMS/lmsy/b/n on input line 28.
LaTeX Font Info:    Overwriting symbol font `largesymbols' in version `bold'
(Font)                  OMX/cmex/m/n --> OMX/lmex/m/n on input line 29.
LaTeX Font Info:    Overwriting math alphabet `\mathbf' in version `normal'
(Font)                  OT1/cmr/bx/n --> OT1/lmr/bx/n on input line 31.
LaTeX Font Info:    Overwriting math alphabet `\mathsf' in version `normal'
(Font)                  OT1/cmss/m/n --> OT1/lmss/m/n on input line 32.
LaTeX Font Info:    Overwriting math alphabet `\mathit' in version `normal'
(Font)                  OT1/cmr/m/it --> OT1/lmr/m/it on input line 33.
LaTeX Font Info:    Overwriting math alphabet `\mathtt' in version `normal'
(Font)                  OT1/cmtt/m/n --> OT1/lmtt/m/n on input line 34.
LaTeX Font Info:    Overwriting math alphabet `\mathbf' in version `bold'
(Font)                  OT1/cmr/bx/n --> OT1/lmr/bx/n on input line 35.
LaTeX Font Info:    Overwriting math alphabet `\mathsf' in version `bold'
(Font)                  OT1/cmss/bx/n --> OT1/lmss/bx/n on input line 36.
LaTeX Font Info:    Overwriting math alphabet `\mathit' in version `bold'
(Font)                  OT1/cmr/bx/it --> OT1/lmr/bx/it on input line 37.
LaTeX Font Info:    Overwriting math alphabet `\mathtt' in version `bold'
(Font)                  OT1/cmtt/m/n --> OT1/lmtt/m/n on input line 38.
)
(C:\Users\unknown\AppData\Local\Programs\MiKTeX\tex/latex/adjustbox\adjustbox.s
ty
Package: adjustbox 2022/10/17 v1.3a Adjusting TeX boxes (trim, clip, ...)

(C:\Users\unknown\AppData\Local\Programs\MiKTeX\tex/latex/xkeyval\xkeyval.sty
Package: xkeyval 2022/06/16 v2.9 package option processing (HA)

(C:\Users\unknown\AppData\Local\Programs\MiKTeX\tex/generic/xkeyval\xkeyval.tex

(C:\Users\unknown\AppData\Local\Programs\MiKTeX\tex/generic/xkeyval\xkvutils.te
x
\XKV@toks=\toks26
\XKV@tempa@toks=\toks27
)
\XKV@depth=\count284
File: xkeyval.tex 2014/12/03 v2.7a key=value parser (HA)
))
(C:\Users\unknown\AppData\Local\Programs\MiKTeX\tex/latex/adjustbox\adjcalc.sty
Package: adjcalc 2012/05/16 v1.1 Provides advanced setlength with multiple back
-ends (calc, etex, pgfmath)
)
(C:\Users\unknown\AppData\Local\Programs\MiKTeX\tex/latex/adjustbox\trimclip.st
y
Package: trimclip 2020/08/19 v1.2 Trim and clip general TeX material

(C:\Users\unknown\AppData\Local\Programs\MiKTeX\tex/latex/collectbox\collectbox
.sty
Package: collectbox 2022/10/17 v0.4c Collect macro arguments as boxes
\collectedbox=\box100
)
\tc@llx=\dimen166
\tc@lly=\dimen167
\tc@urx=\dimen168
\tc@ury=\dimen169
Package trimclip Info: Using driver 'tc-pdftex.def'.

(C:\Users\unknown\AppData\Local\Programs\MiKTeX\tex/latex/adjustbox\tc-pdftex.d
ef
File: tc-pdftex.def 2019/01/04 v2.2 Clipping driver for pdftex
))
\adjbox@Width=\dimen170
\adjbox@Height=\dimen171
\adjbox@Depth=\dimen172
\adjbox@Totalheight=\dimen173
\adjbox@pwidth=\dimen174
\adjbox@pheight=\dimen175
\adjbox@pdepth=\dimen176
\adjbox@ptotalheight=\dimen177

(C:\Users\unknown\AppData\Local\Programs\MiKTeX\tex/latex/ifoddpage\ifoddpage.s
ty
Package: ifoddpage 2022/10/18 v1.2 Conditionals for odd/even page detection
\c@checkoddpage=\count285
)
(C:\Users\unknown\AppData\Local\Programs\MiKTeX\tex/latex/varwidth\varwidth.sty
Package: varwidth 2009/03/30 ver 0.92;  Variable-width minipages
\@vwid@box=\box101
\sift@deathcycles=\count286
\@vwid@loff=\dimen178
\@vwid@roff=\dimen179
))
(C:\Users\unknown\AppData\Local\Programs\MiKTeX\tex/latex/enumitem\enumitem.sty
Package: enumitem 2019/06/20 v3.9 Customized lists
\labelindent=\skip56
\enit@outerparindent=\dimen180
\enit@toks=\toks28
\enit@inbox=\box102
\enit@count@id=\count287
\enitdp@description=\count288
) (C:\Users\unknown\AppData\Local\Programs\MiKTeX\tex/latex/float\float.sty
Package: float 2001/11/08 v1.3d Float enhancements (AL)
\c@float@type=\count289
\float@exts=\toks29
\float@box=\box103
\@float@everytoks=\toks30
\@floatcapt=\box104
)
(C:\Users\unknown\AppData\Local\Programs\MiKTeX\tex/latex/fancyhdr\fancyhdr.sty
Package: fancyhdr 2022/05/18 v4.0.3 Extensive control of page headers and foote
rs
\f@nch@headwidth=\skip57
\f@nch@O@elh=\skip58
\f@nch@O@erh=\skip59
\f@nch@O@olh=\skip60
\f@nch@O@orh=\skip61
\f@nch@O@elf=\skip62
\f@nch@O@erf=\skip63
\f@nch@O@olf=\skip64
\f@nch@O@orf=\skip65
) (C:\Users\unknown\AppData\Local\Programs\MiKTeX\tex/latex/capt-of\capt-of.sty
Package: capt-of 2009/12/29 v0.2 standard captions outside of floats
)
(C:\Users\unknown\AppData\Local\Programs\MiKTeX\tex/latex/hyperref\hyperref.sty
Package: hyperref 2022-06-20 v7.00s Hypertext links for LaTeX

(C:\Users\unknown\AppData\Local\Programs\MiKTeX\tex/generic/ltxcmds\ltxcmds.sty
Package: ltxcmds 2020-05-10 v1.25 LaTeX kernel commands for general use (HO)
) (C:\Users\unknown\AppData\Local\Programs\MiKTeX\tex/generic/iftex\iftex.sty
Package: iftex 2022/02/03 v1.0f TeX engine tests
)
(C:\Users\unknown\AppData\Local\Programs\MiKTeX\tex/generic/pdftexcmds\pdftexcm
ds.sty
Package: pdftexcmds 2020-06-27 v0.33 Utility functions of pdfTeX for LuaTeX (HO
)

(C:\Users\unknown\AppData\Local\Programs\MiKTeX\tex/generic/infwarerr\infwarerr
.sty
Package: infwarerr 2019/12/03 v1.5 Providing info/warning/error messages (HO)
)
Package pdftexcmds Info: \pdf@primitive is available.
Package pdftexcmds Info: \pdf@ifprimitive is available.
Package pdftexcmds Info: \pdfdraftmode found.
)
(C:\Users\unknown\AppData\Local\Programs\MiKTeX\tex/generic/kvsetkeys\kvsetkeys
.sty
Package: kvsetkeys 2019/12/15 v1.18 Key value parser (HO)
)
(C:\Users\unknown\AppData\Local\Programs\MiKTeX\tex/generic/kvdefinekeys\kvdefi
nekeys.sty
Package: kvdefinekeys 2019-12-19 v1.6 Define keys (HO)
)
(C:\Users\unknown\AppData\Local\Programs\MiKTeX\tex/generic/pdfescape\pdfescape
.sty
Package: pdfescape 2019/12/09 v1.15 Implements pdfTeX's escape features (HO)
)
(C:\Users\unknown\AppData\Local\Programs\MiKTeX\tex/latex/hycolor\hycolor.sty
Package: hycolor 2020-01-27 v1.10 Color options for hyperref/bookmark (HO)
)
(C:\Users\unknown\AppData\Local\Programs\MiKTeX\tex/latex/letltxmacro\letltxmac
ro.sty
Package: letltxmacro 2019/12/03 v1.6 Let assignment for LaTeX macros (HO)
)
(C:\Users\unknown\AppData\Local\Programs\MiKTeX\tex/latex/auxhook\auxhook.sty
Package: auxhook 2019-12-17 v1.6 Hooks for auxiliary files (HO)
)
(C:\Users\unknown\AppData\Local\Programs\MiKTeX\tex/latex/hyperref\nameref.sty
Package: nameref 2022-05-17 v2.50 Cross-referencing by name of section

(C:\Users\unknown\AppData\Local\Programs\MiKTeX\tex/latex/refcount\refcount.sty
Package: refcount 2019/12/15 v3.6 Data extraction from label references (HO)
)
(C:\Users\unknown\AppData\Local\Programs\MiKTeX\tex/generic/gettitlestring\gett
itlestring.sty
Package: gettitlestring 2019/12/15 v1.6 Cleanup title references (HO)

(C:\Users\unknown\AppData\Local\Programs\MiKTeX\tex/latex/kvoptions\kvoptions.s
ty
Package: kvoptions 2022-06-15 v3.15 Key value format for package options (HO)
))
\c@section@level=\count290
)
\@linkdim=\dimen181
\Hy@linkcounter=\count291
\Hy@pagecounter=\count292

(C:\Users\unknown\AppData\Local\Programs\MiKTeX\tex/latex/hyperref\pd1enc.def
File: pd1enc.def 2022-06-20 v7.00s Hyperref: PDFDocEncoding definition (HO)
Now handling font encoding PD1 ...
... no UTF-8 mapping file for font encoding PD1
)
(C:\Users\unknown\AppData\Local\Programs\MiKTeX\tex/generic/intcalc\intcalc.sty
Package: intcalc 2019/12/15 v1.3 Expandable calculations with integers (HO)
)
(C:\Users\unknown\AppData\Local\Programs\MiKTeX\tex/generic/etexcmds\etexcmds.s
ty
Package: etexcmds 2019/12/15 v1.7 Avoid name clashes with e-TeX commands (HO)
)
\Hy@SavedSpaceFactor=\count293

(C:\Users\unknown\AppData\Local\Programs\MiKTeX\tex/latex/hyperref\puenc.def
File: puenc.def 2022-06-20 v7.00s Hyperref: PDF Unicode definition (HO)
Now handling font encoding PU ...
... no UTF-8 mapping file for font encoding PU
)

Package hyperref Warning: Unexpected value for option `pdftex'
(hyperref)                is ignored on input line 4045.

Package hyperref Info: Option `colorlinks' set `true' on input line 4045.
Package hyperref Info: Option `plainpages' set `true' on input line 4045.
Package hyperref Info: Hyper figures OFF on input line 4162.
Package hyperref Info: Link nesting OFF on input line 4167.
Package hyperref Info: Hyper index ON on input line 4170.
Package hyperref Info: Plain pages ON on input line 4175.
Package hyperref Info: Backreferencing OFF on input line 4182.
Package hyperref Info: Implicit mode ON; LaTeX internals redefined.
Package hyperref Info: Bookmarks ON on input line 4408.
\c@Hy@tempcnt=\count294
(C:\Users\unknown\AppData\Local\Programs\MiKTeX\tex/latex/url\url.sty
\Urlmuskip=\muskip17
Package: url 2013/09/16  ver 3.4  Verb mode for urls, etc.
)
LaTeX Info: Redefining \url on input line 4746.
\XeTeXLinkMargin=\dimen182

(C:\Users\unknown\AppData\Local\Programs\MiKTeX\tex/generic/bitset\bitset.sty
Package: bitset 2019/12/09 v1.3 Handle bit-vector datatype (HO)

(C:\Users\unknown\AppData\Local\Programs\MiKTeX\tex/generic/bigintcalc\bigintca
lc.sty
Package: bigintcalc 2019/12/15 v1.5 Expandable calculations on big integers (HO
)
))
\Fld@menulength=\count295
\Field@Width=\dimen183
\Fld@charsize=\dimen184
Package hyperref Info: Hyper figures OFF on input line 6024.
Package hyperref Info: Link nesting OFF on input line 6029.
Package hyperref Info: Hyper index ON on input line 6032.
Package hyperref Info: backreferencing OFF on input line 6039.
Package hyperref Info: Link coloring ON on input line 6042.
Package hyperref Info: Link coloring with OCG OFF on input line 6049.
Package hyperref Info: PDF/A mode OFF on input line 6054.

(C:\Users\unknown\AppData\Local\Programs\MiKTeX\tex/latex/base\atbegshi-ltx.sty
Package: atbegshi-ltx 2021/01/10 v1.0c Emulation of the original atbegshi
package with kernel methods
)
\Hy@abspage=\count296
\c@Item=\count297
\c@Hfootnote=\count298
)
Package hyperref Info: Driver: hpdftex.

(C:\Users\unknown\AppData\Local\Programs\MiKTeX\tex/latex/hyperref\hpdftex.def
File: hpdftex.def 2022-06-20 v7.00s Hyperref driver for pdfTeX

(C:\Users\unknown\AppData\Local\Programs\MiKTeX\tex/latex/base\atveryend-ltx.st
y
Package: atveryend-ltx 2020/08/19 v1.0a Emulation of the original atveryend pac
kage
with kernel methods
)
\Fld@listcount=\count299
\c@bookmark@seq@number=\count300

(C:\Users\unknown\AppData\Local\Programs\MiKTeX\tex/latex/rerunfilecheck\rerunf
ilecheck.sty
Package: rerunfilecheck 2022-07-10 v1.10 Rerun checks for auxiliary files (HO)

(C:\Users\unknown\AppData\Local\Programs\MiKTeX\tex/generic/uniquecounter\uniqu
ecounter.sty
Package: uniquecounter 2019/12/15 v1.4 Provide unlimited unique counter (HO)
)
Package uniquecounter Info: New unique counter `rerunfilecheck' on input line 2
85.
)
\Hy@SectionHShift=\skip66
)
(C:\Users\unknown\AppData\Local\Programs\MiKTeX\tex/latex/graphics\color.sty
Package: color 2022/01/06 v1.3d Standard LaTeX Color (DPC)

(C:\Users\unknown\AppData\Local\Programs\MiKTeX\tex/latex/graphics-cfg\color.cf
g
File: color.cfg 2016/01/02 v1.6 sample color configuration
)
Package color Info: Driver file: pdftex.def on input line 149.

(C:\Users\unknown\AppData\Local\Programs\MiKTeX\tex/latex-dev/graphics\mathcolo
r.ltx))
(C:\Users\unknown\AppData\Local\Programs\MiKTeX\tex/latex/pdfpages\pdfpages.sty
Package: pdfpages 2022/05/22 v0.5v Insert pages of external PDF documents (AM)
(C:\Users\unknown\AppData\Local\Programs\MiKTeX\tex/latex/base\ifthen.sty
Package: ifthen 2022/04/13 v1.1d Standard LaTeX ifthen package (DPC)
)
(C:\Users\unknown\AppData\Local\Programs\MiKTeX\tex/latex/tools\calc.sty
Package: calc 2017/05/25 v4.3 Infix arithmetic (KKT,FJ)
\calc@Acount=\count301
\calc@Bcount=\count302
\calc@Adimen=\dimen185
\calc@Bdimen=\dimen186
\calc@Askip=\skip67
\calc@Bskip=\skip68
LaTeX Info: Redefining \setlength on input line 80.
LaTeX Info: Redefining \addtolength on input line 81.
\calc@Ccount=\count303
\calc@Cskip=\skip69
)
(C:\Users\unknown\AppData\Local\Programs\MiKTeX\tex/latex/eso-pic\eso-pic.sty
Package: eso-pic 2020/10/14 v3.0a eso-pic (RN)
\ESO@tempdima=\dimen187
\ESO@tempdimb=\dimen188
)
\AM@pagewidth=\dimen189
\AM@pageheight=\dimen190
\AM@fboxrule=\dimen191

(C:\Users\unknown\AppData\Local\Programs\MiKTeX\tex/latex/pdfpages\pppdftex.def
File: pppdftex.def 2022/05/22 v0.5v Pdfpages driver for pdfTeX (AM)
)
\pdfpages@includegraphics@status=\count304
\AM@pagebox=\box105
\AM@global@opts=\toks31
\AM@pagecnt=\count305
\AM@toc@title=\toks32
\c@AM@survey=\count306
\AM@templatesizebox=\box106
)
(C:\Users\unknown\AppData\Local\Programs\MiKTeX\tex/latex/shapepar\shapepar.sty
\cutoutsep=\skip70
Package: shapepar 2013/03/26 v 2.2x, Shaped paragraphs
\SH@scale=\dimen192
\SH@boxb=\box107
\SH@ntries=\count307
\spec@bot=\dimen193
\sqrtcount=\count308
)
LaTeX Font Info:    Trying to load font information for OT1+lmr on input line 3
3.
 (C:\Users\unknown\AppData\Local\Programs\MiKTeX\tex/latex/lm\ot1lmr.fd
File: ot1lmr.fd 2015/05/01 v1.6.1 Font defs for Latin Modern
)
(C:\Users\unknown\AppData\Local\Programs\MiKTeX\tex/latex/l3backend\l3backend-p
dftex.def
File: l3backend-pdftex.def 2022-07-01 L3 backend support: PDF output (pdfTeX)
\l__color_backend_stack_int=\count309
\l__pdf_internal_box=\box108
) (Reporte3.aux
LaTeX Info: Redefining \. on input line 23.
LaTeX Info: Redefining \% on input line 23.


LaTeX Warning: Label `fig:DiagramadeactividadMEB' multiply defined.


LaTeX Warning: Label `fig:DiagramadeactividadMEB' multiply defined.


LaTeX Warning: Label `fig:DiagramadeactividadMEB' multiply defined.


LaTeX Warning: Label `fig:scaraindust' multiply defined.


LaTeX Warning: Label `fig:scaraindust' multiply defined.


LaTeX Warning: Label `fig:scaraindust' multiply defined.


LaTeX Warning: Label `fig:scaraindust' multiply defined.


LaTeX Warning: Label `fig:scaraindust' multiply defined.


LaTeX Warning: Label `fig:scaraindust' multiply defined.


LaTeX Warning: Label `fig:scaraindust' multiply defined.


LaTeX Warning: Label `fig:scaraindust' multiply defined.


LaTeX Warning: Label `fig:scaraindust' multiply defined.


LaTeX Warning: Label `fig:scaraindust' multiply defined.


LaTeX Warning: Label `fig:scaraindust' multiply defined.


LaTeX Warning: Label `fig:scaraindust' multiply defined.


LaTeX Warning: Label `fig:scaraindust' multiply defined.


LaTeX Warning: Label `fig:scaraindust' multiply defined.


LaTeX Warning: Label `fig:scaraindust' multiply defined.


LaTeX Warning: Label `fig:scaraindust' multiply defined.


LaTeX Warning: Label `fig:scaraindust' multiply defined.


LaTeX Warning: Label `bluehost' multiply defined.

)
\openout1 = `Reporte3.aux'.

LaTeX Font Info:    Checking defaults for OML/cmm/m/it on input line 33.
LaTeX Font Info:    ... okay on input line 33.
LaTeX Font Info:    Checking defaults for OMS/cmsy/m/n on input line 33.
LaTeX Font Info:    ... okay on input line 33.
LaTeX Font Info:    Checking defaults for OT1/cmr/m/n on input line 33.
LaTeX Font Info:    ... okay on input line 33.
LaTeX Font Info:    Checking defaults for T1/cmr/m/n on input line 33.
LaTeX Font Info:    ... okay on input line 33.
LaTeX Font Info:    Checking defaults for TS1/cmr/m/n on input line 33.
LaTeX Font Info:    ... okay on input line 33.
LaTeX Font Info:    Checking defaults for OMX/cmex/m/n on input line 33.
LaTeX Font Info:    ... okay on input line 33.
LaTeX Font Info:    Checking defaults for U/cmr/m/n on input line 33.
LaTeX Font Info:    ... okay on input line 33.
LaTeX Font Info:    Checking defaults for PD1/pdf/m/n on input line 33.
LaTeX Font Info:    ... okay on input line 33.
LaTeX Font Info:    Checking defaults for PU/pdf/m/n on input line 33.
LaTeX Font Info:    ... okay on input line 33.
LaTeX Info: Redefining \. on input line 33.
LaTeX Info: Redefining \% on input line 33.

(C:\Users\unknown\AppData\Local\Programs\MiKTeX\tex/context/base/mkii\supp-pdf.
mkii
[Loading MPS to PDF converter (version 2006.09.02).]
\scratchcounter=\count310
\scratchdimen=\dimen194
\scratchbox=\box109
\nofMPsegments=\count311
\nofMParguments=\count312
\everyMPshowfont=\toks33
\MPscratchCnt=\count313
\MPscratchDim=\dimen195
\MPnumerator=\count314
\makeMPintoPDFobject=\count315
\everyMPtoPDFconversion=\toks34
)
(C:\Users\unknown\AppData\Local\Programs\MiKTeX\tex/latex/epstopdf-pkg\epstopdf
-base.sty
Package: epstopdf-base 2020-01-24 v2.11 Base part for package epstopdf
Package epstopdf-base Info: Redefining graphics rule for `.eps' on input line 4
85.

(C:\Users\unknown\AppData\Local\Programs\MiKTeX\tex/latex/00miktex\epstopdf-sys
.cfg
File: epstopdf-sys.cfg 2021/03/18 v2.0 Configuration of epstopdf for MiKTeX
))
Package hyperref Info: Link coloring ON on input line 33.
 (Reporte3.out) (Reporte3.out)
\@outlinefile=\write3
\openout3 = `Reporte3.out'.


(C:\Users\unknown\AppData\Local\Programs\MiKTeX\tex/latex/pdflscape\pdflscape.s
ty
Package: pdflscape 2019/12/05 v0.12 Display of landscape pages in PDF (HO)

(C:\Users\unknown\AppData\Local\Programs\MiKTeX\tex/latex/graphics\lscape.sty
Package: lscape 2020/05/28 v3.02 Landscape Pages (DPC)
)
Package pdflscape Info: Auto-detected driver: pdftex on input line 81.
)
<imagenes/ipn.jpg, id=71, 180.675pt x 232.87pt>
File: imagenes/ipn.jpg Graphic file (type jpg)
<use imagenes/ipn.jpg>
Package pdftex.def Info: imagenes/ipn.jpg  used on input line 41.
(pdftex.def)             Requested size: 81.303pt x 104.79051pt.
<imagenes/upiita.png, id=72, 722.7pt x 568.1225pt>
File: imagenes/upiita.png Graphic file (type png)
<use imagenes/upiita.png>
Package pdftex.def Info: imagenes/upiita.png  used on input line 43.
(pdftex.def)             Requested size: 108.40031pt x 85.21469pt.

Underfull \hbox (badness 10000) in paragraph at lines 41--45

 []

LaTeX Font Info:    Trying to load font information for OML+lmm on input line 9
4.
(C:\Users\unknown\AppData\Local\Programs\MiKTeX\tex/latex/lm\omllmm.fd
File: omllmm.fd 2015/05/01 v1.6.1 Font defs for Latin Modern
)
LaTeX Font Info:    Trying to load font information for OMS+lmsy on input line 
94.

(C:\Users\unknown\AppData\Local\Programs\MiKTeX\tex/latex/lm\omslmsy.fd
File: omslmsy.fd 2015/05/01 v1.6.1 Font defs for Latin Modern
)
LaTeX Font Info:    Trying to load font information for OMX+lmex on input line 
94.

(C:\Users\unknown\AppData\Local\Programs\MiKTeX\tex/latex/lm\omxlmex.fd
File: omxlmex.fd 2015/05/01 v1.6.1 Font defs for Latin Modern
)
LaTeX Font Info:    External font `lmex10' loaded for size
(Font)              <12> on input line 94.
LaTeX Font Info:    External font `lmex10' loaded for size
(Font)              <8> on input line 94.
LaTeX Font Info:    External font `lmex10' loaded for size
(Font)              <6> on input line 94.
LaTeX Font Info:    Trying to load font information for U+msa on input line 94.


(C:\Users\unknown\AppData\Local\Programs\MiKTeX\tex/latex/amsfonts\umsa.fd
File: umsa.fd 2013/01/14 v3.01 AMS symbols A
)
LaTeX Font Info:    Trying to load font information for U+msb on input line 94.


(C:\Users\unknown\AppData\Local\Programs\MiKTeX\tex/latex/amsfonts\umsb.fd
File: umsb.fd 2013/01/14 v3.01 AMS symbols B
)
[1

{C:/Users/unknown/AppData/Local/MiKTeX/fonts/map/pdftex/pdftex.map} <./imagenes
/ipn.jpg> <./imagenes/upiita.png>] (Reporte3.toc
LaTeX Info: Redefining \. on input line 1.
LaTeX Info: Redefining \% on input line 1.
)
\tf@toc=\write4
\openout4 = `Reporte3.toc'.


pdfTeX warning (ext4): destination with the same identifier (name{page.1}) has 
been already used, duplicate ignored
<to be read again> 
                   \relax 
l.114 \newpage
               [1] (Reporte3.lof
LaTeX Info: Redefining \. on input line 1.
LaTeX Info: Redefining \% on input line 1.
)
\tf@lof=\write5
\openout5 = `Reporte3.lof'.

 [2] (Reporte3.lot
LaTeX Info: Redefining \. on input line 1.
LaTeX Info: Redefining \% on input line 1.
)
\tf@lot=\write6
\openout6 = `Reporte3.lot'.

 [3]
Underfull \hbox (badness 10000) in paragraph at lines 123--124

 []


Underfull \hbox (badness 10000) in paragraph at lines 132--133

 []


Underfull \hbox (badness 10000) in paragraph at lines 134--135

 []


Underfull \hbox (badness 10000) in paragraph at lines 136--137

 []

[4]
Underfull \hbox (badness 10000) in paragraph at lines 202--203

 []


Underfull \hbox (badness 10000) in paragraph at lines 211--211
[]|\OT1/lmr/bx/n/12 Sistema
 []


Underfull \hbox (badness 1924) in paragraph at lines 211--211
\OT1/lmr/m/n/12 ris, HP, UX, OS X,
 []


Underfull \hbox (badness 10000) in paragraph at lines 212--212
[]|\OT1/lmr/bx/n/12 Clasificaci^^Son
 []


Underfull \hbox (badness 10000) in paragraph at lines 225--225
[]|\OT1/lmr/bx/n/12 Servidor
 []


Underfull \hbox (badness 4416) in paragraph at lines 225--225
\OT1/lmr/bx/n/12 de sis-te-mas
 []


Underfull \hbox (badness 3769) in paragraph at lines 250--250
\OT1/lmr/bx/n/12 m^^Seto-dos de
 []


Underfull \hbox (badness 10000) in paragraph at lines 273--273
[]|\OT1/lmr/bx/n/12 Caracter^^S^^Psti-
 []


Underfull \hbox (badness 10000) in paragraph at lines 281--282
[]\OT1/lmr/m/n/12 Amplio sub-con-jun-to
 []


Underfull \hbox (badness 10000) in paragraph at lines 283--283
[]\OT1/lmr/m/n/12 Algunas ex-ten-sio-nes
 []


Underfull \hbox (badness 10000) in paragraph at lines 287--288
[]\OT1/lmr/m/n/12 Amplio sub-con-jun-to
 []


Underfull \hbox (badness 10000) in paragraph at lines 289--289
[]\OT1/lmr/m/n/12 Algunas ex-ten-sio-nes
 []


Overfull \hbox (2.30392pt too wide) in paragraph at lines 290--290
[]|\OT1/lmr/bx/n/12 Escalabilidad| 
 []


Underfull \hbox (badness 10000) in paragraph at lines 291--291
[]|\OT1/lmr/bx/n/12 Curva de
 []

[5] [6]
Underfull \hbox (badness 10000) in paragraph at lines 298--299

 []

[7

]
Underfull \hbox (badness 10000) in paragraph at lines 358--359

 []


Underfull \hbox (badness 10000) in paragraph at lines 367--367
[]|\OT1/lmr/m/n/12 NoSQL \OT1/lmr/m/it/12 wide-
 []


Underfull \hbox (badness 2495) in paragraph at lines 367--367
[]|\OT1/lmr/m/n/12 NoSQL Orien-ta-
 []


Underfull \hbox (badness 10000) in paragraph at lines 367--367
[]|\OT1/lmr/m/n/12 NoSQL clave-
 []


Underfull \hbox (badness 10000) in paragraph at lines 367--367
[]|\OT1/lmr/m/n/12 NoSQL clave-
 []


Underfull \hbox (badness 10000) in paragraph at lines 368--368
[]|\OT1/lmr/m/n/12 Codigo abier-to
 []


Underfull \hbox (badness 10000) in paragraph at lines 368--368
[]|\OT1/lmr/m/n/12 Codigo abier-to
 []


Overfull \hbox (3.70572pt too wide) in paragraph at lines 369--369
[]|\OT1/lmr/bx/n/12 Cumplimiento
 []


Underfull \hbox (badness 10000) in paragraph at lines 370--370
[]|\OT1/lmr/bx/n/12 Lenguaje
 []


Underfull \hbox (badness 10000) in paragraph at lines 370--370
\OT1/lmr/bx/n/12 de con-sul-ta
 []


Underfull \hbox (badness 10000) in paragraph at lines 371--371
[]|\OT1/lmr/m/n/12 An^^Sali-sis so-cial,
 []


Underfull \hbox (badness 10000) in paragraph at lines 371--371
\OT1/lmr/m/n/12 po real, ven-ta
 []


Underfull \hbox (badness 1270) in paragraph at lines 371--371
\OT1/lmr/m/n/12 al por me-nor y
 []


Underfull \hbox (badness 1558) in paragraph at lines 371--371
\OT1/lmr/m/n/12 llo de apli-ca-cio-
 []


Underfull \hbox (badness 10000) in paragraph at lines 371--371
[]|\OT1/lmr/m/n/12 Almacenamiento
 []


Underfull \hbox (badness 10000) in paragraph at lines 371--371
\OT1/lmr/m/n/12 en cach^^Se, co-
 []


Underfull \hbox (badness 10000) in paragraph at lines 371--371
\OT1/lmr/m/n/12 las, fil-tra-do y
 []


Underfull \hbox (badness 4024) in paragraph at lines 371--371
\OT1/lmr/m/n/12 mi-no-ris-ta, ser-vi-
 []


Underfull \hbox (badness 10000) in paragraph at lines 371--371
\OT1/lmr/m/n/12 cios fi-nan-cie-ros,
 []


Underfull \hbox (badness 10000) in paragraph at lines 371--371
\OT1/lmr/m/n/12 pu-bli-ci-dad y
 []


Underfull \hbox (badness 10000) in paragraph at lines 371--371
\OT1/lmr/m/n/12 trans-mi-si^^Son de
 []


Underfull \hbox (badness 10000) in paragraph at lines 372--372
[]|\OT1/lmr/m/n/12 Seguridad in-
 []


Underfull \hbox (badness 10000) in paragraph at lines 372--372
\OT1/lmr/m/n/12 te-gra-da pa-ra
 []


Underfull \hbox (badness 10000) in paragraph at lines 372--372
\OT1/lmr/m/n/12 la au-to-ri-za-ci^^Son,
 []


Underfull \hbox (badness 3701) in paragraph at lines 372--372
\OT1/lmr/m/n/12 el ci-fra-do y la
 []


Underfull \hbox (badness 10000) in paragraph at lines 372--372
\OT1/lmr/m/n/12 au-ten-ti-ca-ci^^Son,
 []


Underfull \hbox (badness 4036) in paragraph at lines 372--372
\OT1/lmr/m/n/12 est^^Sa des-ac-ti-va-da
 []


Underfull \hbox (badness 1137) in paragraph at lines 372--372
\OT1/lmr/m/n/12 de for-ma pre-de-
 []


Underfull \hbox (badness 10000) in paragraph at lines 372--372
\OT1/lmr/m/n/12 ter-mi-na-da pa-ra
 []


Underfull \hbox (badness 5119) in paragraph at lines 372--372
\OT1/lmr/m/n/12 fa-ci-li-tar su uso
 []


Underfull \hbox (badness 10000) in paragraph at lines 372--372
\OT1/lmr/m/n/12 den-tro de los
 []


Underfull \hbox (badness 2689) in paragraph at lines 372--372
[]|\OT1/lmr/m/n/12 Seguridad in-cor-
 []


Underfull \hbox (badness 10000) in paragraph at lines 372--372
[]|\OT1/lmr/m/n/12 Se ini-cia au-
 []


Underfull \hbox (badness 10000) in paragraph at lines 372--372
\OT1/lmr/m/n/12 tom^^Sati-ca-men-te
 []


Underfull \hbox (badness 1895) in paragraph at lines 372--372
\OT1/lmr/m/n/12 tec-ci^^Son y ofre-ce
 []


Underfull \hbox (badness 10000) in paragraph at lines 372--372
\OT1/lmr/m/n/12 su-ge-ren-cias de
 []


Underfull \hbox (badness 10000) in paragraph at lines 372--372
[]|\OT1/lmr/m/n/12 Seguridad in-te-
 []


Underfull \hbox (badness 10000) in paragraph at lines 372--372
\OT1/lmr/m/n/12 y apli-ca-cio-nes;
 []


Underfull \hbox (badness 7740) in paragraph at lines 372--372
\OT1/lmr/m/n/12 re, ins-ta-la-cio-nes
 []


Underfull \hbox (badness 10000) in paragraph at lines 374--374
[]|\OT1/lmr/bx/n/12 Curva de
 []


Overfull \hbox (2.32904pt too wide) in paragraph at lines 364--376
[][] 
 []


LaTeX Warning: `h' float specifier changed to `ht'.

[8] [9]
Underfull \hbox (badness 10000) in paragraph at lines 382--383

 []

<imagenes/MongoDB_Logo.png, id=259, 2569.6pt x 692.5875pt>
File: imagenes/MongoDB_Logo.png Graphic file (type png)
<use imagenes/MongoDB_Logo.png>
Package pdftex.def Info: imagenes/MongoDB_Logo.png  used on input line 387.
(pdftex.def)             Requested size: 256.97505pt x 69.2628pt.
[10

 <./imagenes/MongoDB_Logo.png>]
<imagenes/EstructuraDocumentoMongoDB.jpg, id=265, 469.755pt x 149.05687pt>
File: imagenes/EstructuraDocumentoMongoDB.jpg Graphic file (type jpg)
<use imagenes/EstructuraDocumentoMongoDB.jpg>
Package pdftex.def Info: imagenes/EstructuraDocumentoMongoDB.jpg  used on input
 line 407.
(pdftex.def)             Requested size: 328.82626pt x 104.3391pt.
<imagenes/ModeladoBD.png, id=266, 1327.96124pt x 634.37pt>
File: imagenes/ModeladoBD.png Graphic file (type png)
<use imagenes/ModeladoBD.png>
Package pdftex.def Info: imagenes/ModeladoBD.png  used on input line 415.
(pdftex.def)             Requested size: 398.39145pt x 190.31245pt.
 [11 <./imagenes/EstructuraDocumentoMongoDB.jpg> <./imagenes/ModeladoBD.png>]
<imagenes/ModeloConductores.jpg, id=272, 361.35pt x 74.52844pt>
File: imagenes/ModeloConductores.jpg Graphic file (type jpg)
<use imagenes/ModeloConductores.jpg>
Package pdftex.def Info: imagenes/ModeloConductores.jpg  used on input line 423
.
(pdftex.def)             Requested size: 325.21199pt x 67.07495pt.
<imagenes/ModeloIncidencias.jpg, id=273, 288.3272pt x 156.585pt>
File: imagenes/ModeloIncidencias.jpg Graphic file (type jpg)
<use imagenes/ModeloIncidencias.jpg>
Package pdftex.def Info: imagenes/ModeloIncidencias.jpg  used on input line 432
.
(pdftex.def)             Requested size: 259.49207pt x 140.92519pt.

Underfull \hbox (badness 10000) in paragraph at lines 437--438

 []

<imagenes/RelacionBD.png, id=274, 639.38875pt x 142.5325pt>
File: imagenes/RelacionBD.png Graphic file (type png)
<use imagenes/RelacionBD.png>
Package pdftex.def Info: imagenes/RelacionBD.png  used on input line 443.
(pdftex.def)             Requested size: 447.56906pt x 99.77205pt.
[12 <./imagenes/ModeloConductores.jpg> <./imagenes/ModeloIncidencias.jpg>]
[13 <./imagenes/RelacionBD.png>] [14]
LaTeX Font Info:    Trying to load font information for TS1+lmr on input line 5
00.

(C:\Users\unknown\AppData\Local\Programs\MiKTeX\tex/latex/lm\ts1lmr.fd
File: ts1lmr.fd 2015/05/01 v1.6.1 Font defs for Latin Modern
)
[15]
<imagenes/amplify.png, id=294, 821.31844pt x 335.00156pt>
File: imagenes/amplify.png Graphic file (type png)
<use imagenes/amplify.png>
Package pdftex.def Info: imagenes/amplify.png  used on input line 518.
(pdftex.def)             Requested size: 410.6582pt x 167.50037pt.
 [16 <./imagenes/amplify.png>]
<imagenes/respuesta.png, id=301, 376.40625pt x 96.36pt>
File: imagenes/respuesta.png Graphic file (type png)
<use imagenes/respuesta.png>
Package pdftex.def Info: imagenes/respuesta.png  used on input line 549.
(pdftex.def)             Requested size: 188.20265pt x 48.17987pt.
 [17 <./imagenes/respuesta.png>]
<imagenes/amplify-1.png, id=307, 710.655pt x 545.03625pt>
File: imagenes/amplify-1.png Graphic file (type png)
<use imagenes/amplify-1.png>
Package pdftex.def Info: imagenes/amplify-1.png  used on input line 579.
(pdftex.def)             Requested size: 355.32663pt x 272.51746pt.
 [18 <./imagenes/amplify-1.png>]
Underfull \hbox (badness 10000) in paragraph at lines 589--590

 []


LaTeX Warning: `h' float specifier changed to `ht'.


LaTeX Warning: `h' float specifier changed to `ht'.

[19] [20] [21

]

LaTeX Warning: No positions in optional float specifier.
               Default added (so using `tbp') on input line 698.

<imagenes/CasosdeusosMEB.png, id=326, 720.6925pt x 512.91624pt>
File: imagenes/CasosdeusosMEB.png Graphic file (type png)
<use imagenes/CasosdeusosMEB.png>
Package pdftex.def Info: imagenes/CasosdeusosMEB.png  used on input line 716.
(pdftex.def)             Requested size: 396.38211pt x 282.1048pt.
<imagenes/DiagramadeactividadMEB.png, id=327, 667.49374pt x 633.36626pt>
File: imagenes/DiagramadeactividadMEB.png Graphic file (type png)
<use imagenes/DiagramadeactividadMEB.png>
Package pdftex.def Info: imagenes/DiagramadeactividadMEB.png  used on input lin
e 722.
(pdftex.def)             Requested size: 400.49934pt x 380.02269pt.
[22

 <./imagenes/CasosdeusosMEB.png>]
Underfull \hbox (badness 10000) in paragraph at lines 728--729

 []

[23 <./imagenes/DiagramadeactividadMEB.png>]
Underfull \hbox (badness 10000) in paragraph at lines 736--737

 []

<imagenes/DisenoMEB.png, id=338, 1054.94125pt x 533.995pt>
File: imagenes/DisenoMEB.png Graphic file (type png)
<use imagenes/DisenoMEB.png>
Package pdftex.def Info: imagenes/DisenoMEB.png  used on input line 741.
(pdftex.def)             Requested size: 527.46935pt x 266.99684pt.

Overfull \hbox (26.98535pt too wide) in paragraph at lines 741--742
 [] 
 []


Underfull \hbox (badness 10000) in paragraph at lines 746--747

 []

<imagenes/DiagramaComunicacionRF2MEB.png, id=339, 452.69125pt x 76.285pt>
File: imagenes/DiagramaComunicacionRF2MEB.png Graphic file (type png)
<use imagenes/DiagramaComunicacionRF2MEB.png>
Package pdftex.def Info: imagenes/DiagramaComunicacionRF2MEB.png  used on input
 line 751.
(pdftex.def)             Requested size: 362.15349pt x 61.02808pt.
[24

 <./imagenes/DisenoMEB.png>]
<imagenes/DiagramaComunicacionRF1MEB.png, id=346, 412.54124pt x 61.22874pt>
File: imagenes/DiagramaComunicacionRF1MEB.png Graphic file (type png)
<use imagenes/DiagramaComunicacionRF1MEB.png>
Package pdftex.def Info: imagenes/DiagramaComunicacionRF1MEB.png  used on input
 line 759.
(pdftex.def)             Requested size: 330.03345pt x 48.98305pt.
<imagenes/DiagramaComunicacionRF3MEB.png, id=347, 422.57875pt x 61.22874pt>
File: imagenes/DiagramaComunicacionRF3MEB.png Graphic file (type png)
<use imagenes/DiagramaComunicacionRF3MEB.png>
Package pdftex.def Info: imagenes/DiagramaComunicacionRF3MEB.png  used on input
 line 767.
(pdftex.def)             Requested size: 338.06345pt x 48.98305pt.
<imagenes/DiagramaComunicacionRF4MEB.png, id=348, 443.6575pt x 62.2325pt>
File: imagenes/DiagramaComunicacionRF4MEB.png Graphic file (type png)
<use imagenes/DiagramaComunicacionRF4MEB.png>
Package pdftex.def Info: imagenes/DiagramaComunicacionRF4MEB.png  used on input
 line 775.
(pdftex.def)             Requested size: 354.92647pt x 49.78606pt.
 [25 <./imagenes/DiagramaComunicacionRF2MEB.png> <./imagenes/DiagramaComunicaci
onRF1MEB.png> <./imagenes/DiagramaComunicacionRF3MEB.png> <./imagenes/DiagramaC
omunicacionRF4MEB.png>]
Overfull \hbox (6.081pt too wide) in paragraph at lines 825--827
[]\OT1/lmr/m/n/12 AWS Am-plify Hos-ting es un ser-vi-cio de alo-ja-mien-to y CI
/CD \OT1/lmr/m/it/12 Con-ti-nous In-te-gra-tion/Continuos
 []

[26

]
File: imagenes/amplify.png Graphic file (type png)
<use imagenes/amplify.png>
Package pdftex.def Info: imagenes/amplify.png  used on input line 847.
(pdftex.def)             Requested size: 410.6582pt x 167.50037pt.
 [27]
Overfull \hbox (19.6487pt too wide) in paragraph at lines 866--867
[]\OT1/lmr/m/n/12 VPS sig-ni-fi-ca ser-vi-dor pri-va-do vir-tual. Es una for-ma
 de di-vi-dir un ser-vi-dor en (sub)servidores
 []

<imagenes/hostgator.png, id=366, 376.40625pt x 96.36pt>
File: imagenes/hostgator.png Graphic file (type png)
<use imagenes/hostgator.png>
Package pdftex.def Info: imagenes/hostgator.png  used on input line 882.
(pdftex.def)             Requested size: 301.1254pt x 77.08807pt.
[28 <./imagenes/hostgator.png>] [29] [30] [31] [32] [33] [34]
<imagenes/casosdeusoweb.jpg, id=397, 683.55376pt x 603.25375pt>
File: imagenes/casosdeusoweb.jpg Graphic file (type jpg)
<use imagenes/casosdeusoweb.jpg>
Package pdftex.def Info: imagenes/casosdeusoweb.jpg  used on input line 1187.
(pdftex.def)             Requested size: 410.13542pt x 361.95503pt.
 [35]
<imagenes/diagramaclasesaw.jpg, id=402, 763.85374pt x 643.40375pt>
File: imagenes/diagramaclasesaw.jpg Graphic file (type jpg)
<use imagenes/diagramaclasesaw.jpg>
Package pdftex.def Info: imagenes/diagramaclasesaw.jpg  used on input line 1197
.
(pdftex.def)             Requested size: 458.31578pt x 386.04523pt.
 [36 <./imagenes/casosdeusoweb.jpg>] [37 <./imagenes/diagramaclasesaw.jpg>] [38
] [39

]
[40] [41]
<imagenes/sec_reporte_incidencia.png, id=428, 438.63875pt x 232.87pt>
File: imagenes/sec_reporte_incidencia.png Graphic file (type png)
<use imagenes/sec_reporte_incidencia.png>
Package pdftex.def Info: imagenes/sec_reporte_incidencia.png  used on input lin
e 1320.
(pdftex.def)             Requested size: 263.18527pt x 139.72307pt.
<imagenes/sec_ubicacion.png, id=429, 450.68375pt x 192.72pt>
File: imagenes/sec_ubicacion.png Graphic file (type png)
<use imagenes/sec_ubicacion.png>
Package pdftex.def Info: imagenes/sec_ubicacion.png  used on input line 1329.
(pdftex.def)             Requested size: 315.47646pt x 134.90306pt.
<imagenes/sec_rcontrasena.jpg, id=430, 507.8975pt x 319.1925pt>
File: imagenes/sec_rcontrasena.jpg Graphic file (type jpg)
<use imagenes/sec_rcontrasena.jpg>
Package pdftex.def Info: imagenes/sec_rcontrasena.jpg  used on input line 1337.

(pdftex.def)             Requested size: 304.74086pt x 191.51697pt.
 [42 <./imagenes/sec_reporte_incidencia.png> <./imagenes/sec_ubicacion.png> <./
imagenes/sec_rcontrasena.jpg>]
<imagenes/sec_confirmar.jpg, id=438, 443.6575pt x 293.095pt>
File: imagenes/sec_confirmar.jpg Graphic file (type jpg)
<use imagenes/sec_confirmar.jpg>
Package pdftex.def Info: imagenes/sec_confirmar.jpg  used on input line 1345.
(pdftex.def)             Requested size: 266.19655pt x 175.85834pt.
<imagenes/sec_perfil.jpg, id=439, 554.07pt x 293.095pt>
File: imagenes/sec_perfil.jpg Graphic file (type jpg)
<use imagenes/sec_perfil.jpg>
Package pdftex.def Info: imagenes/sec_perfil.jpg  used on input line 1353.
(pdftex.def)             Requested size: 332.44456pt x 175.85834pt.
<imagenes/sec_registrar.jpg, id=440, 420.57124pt x 293.095pt>
File: imagenes/sec_registrar.jpg Graphic file (type jpg)
<use imagenes/sec_registrar.jpg>
Package pdftex.def Info: imagenes/sec_registrar.jpg  used on input line 1360.
(pdftex.def)             Requested size: 252.3447pt x 175.85834pt.
 [43 <./imagenes/sec_confirmar.jpg> <./imagenes/sec_perfil.jpg>]
<imagenes/sec_modificar.jpg, id=445, 507.8975pt x 293.095pt>
File: imagenes/sec_modificar.jpg Graphic file (type jpg)
<use imagenes/sec_modificar.jpg>
Package pdftex.def Info: imagenes/sec_modificar.jpg  used on input line 1366.
(pdftex.def)             Requested size: 304.74086pt x 175.85834pt.
<imagenes/sec_eliminar.jpg, id=446, 516.93124pt x 313.17pt>
File: imagenes/sec_eliminar.jpg Graphic file (type jpg)
<use imagenes/sec_eliminar.jpg>
Package pdftex.def Info: imagenes/sec_eliminar.jpg  used on input line 1374.
(pdftex.def)             Requested size: 310.16113pt x 187.90344pt.
<imagenes/sec_estado.jpg, id=447, 653.44125pt x 303.1325pt>
File: imagenes/sec_estado.jpg Graphic file (type jpg)
<use imagenes/sec_estado.jpg>
Package pdftex.def Info: imagenes/sec_estado.jpg  used on input line 1382.
(pdftex.def)             Requested size: 392.06776pt x 181.8809pt.
 [44 <./imagenes/sec_registrar.jpg> <./imagenes/sec_modificar.jpg> <./imagenes/
sec_eliminar.jpg>]
<imagenes/login.png, id=452, 1445.4pt x 903.375pt>
File: imagenes/login.png Graphic file (type png)
<use imagenes/login.png>
Package pdftex.def Info: imagenes/login.png  used on input line 1393.
(pdftex.def)             Requested size: 433.62335pt x 271.01459pt.
<imagenes/homescreen.png, id=453, 1445.4pt x 903.375pt>
File: imagenes/homescreen.png Graphic file (type png)
<use imagenes/homescreen.png>
Package pdftex.def Info: imagenes/homescreen.png  used on input line 1399.
(pdftex.def)             Requested size: 433.62335pt x 271.01459pt.
 [45 <./imagenes/sec_estado.jpg> <./imagenes/login.png>]
<imagenes/profile.png, id=458, 1445.4pt x 903.375pt>
File: imagenes/profile.png Graphic file (type png)
<use imagenes/profile.png>
Package pdftex.def Info: imagenes/profile.png  used on input line 1405.
(pdftex.def)             Requested size: 433.62335pt x 271.01459pt.
<imagenes/incident.png, id=459, 1445.4pt x 903.375pt>
File: imagenes/incident.png Graphic file (type png)
<use imagenes/incident.png>
Package pdftex.def Info: imagenes/incident.png  used on input line 1411.
(pdftex.def)             Requested size: 433.62335pt x 271.01459pt.
 [46 <./imagenes/homescreen.png> <./imagenes/profile.png>]
<imagenes/location.png, id=465, 1445.4pt x 903.375pt>
File: imagenes/location.png Graphic file (type png)
<use imagenes/location.png>
Package pdftex.def Info: imagenes/location.png  used on input line 1417.
(pdftex.def)             Requested size: 433.62335pt x 271.01459pt.

[47 <./imagenes/incident.png> <./imagenes/location.png>] [48]
Underfull \hbox (badness 10000) in paragraph at lines 1453--1454

 []


Underfull \hbox (badness 10000) in paragraph at lines 1455--1456

 []

[49]
Underfull \hbox (badness 10000) in paragraph at lines 1488--1489
\OT1/lmr/m/n/12 https://www.inesem.es/revistadigital/informatica-y-tics/los-ges
tores-de-bases-de-datos-mas-
 []


Underfull \hbox (badness 10000) in paragraph at lines 1492--1493
[]\OT1/lmr/m/n/12 CursosGratis. "Ven-ta-jas y des-ven-ta-jas de la ba-se de da-
tos re-la-cio-nal".
 []


Underfull \hbox (badness 10000) in paragraph at lines 1492--1493
\OT1/lmr/m/n/12 https://aprendiendoaprogramar.es/blog/ventajas-y-desventajas-de
-la-base-de-datos-
 []


Underfull \hbox (badness 5008) in paragraph at lines 1508--1509
[]\OT1/lmr/m/n/12 Matt Ahl-gren, \OT1/lmr/m/it/12 Re-vi-si^^Son de alo-ja-mien-
to A2\OT1/lmr/m/n/12 , https://www.websiterating.com/es/web-
 []

[50]
Underfull \hbox (badness 5008) in paragraph at lines 1516--1517
[]\OT1/lmr/m/n/12 Gonzalez, E. L. (s. f.). Cua-dro com-pa-ra-ti-vo de los sis-t
e-mas ges-to-res de ba-se
 []


Underfull \hbox (badness 10000) in paragraph at lines 1518--1519
[]\OT1/lmr/m/n/12 altexsoft. (oc-tu-bre de 2021). Com-pa-ring Da-ta-ba-se Ma-na
-ge-ment Sys-tems:
 []


Underfull \hbox (badness 10000) in paragraph at lines 1518--1519
\OT1/lmr/m/n/12 MySQL, Post-greSQL, MSSQL Ser-ver, Mon-goDB, Elas-tic-search, a
nd others.
 []


Underfull \hbox (badness 10000) in paragraph at lines 1518--1519
\OT1/lmr/m/n/12 https://www.altexsoft.com/blog/business/comparing-database-mana
gement-systems-mysql-
 []

[51
pdfTeX warning (ext4): destination with the same identifier (name{cite.bluehost
}) has been already used, duplicate ignored
<argument> ...shipout:D \box_use:N \l_shipout_box 
                                                  \__shipout_drop_firstpage_...
l.1527 \end{document}
                     ] (Reporte3.aux
LaTeX Info: Redefining \. on input line 23.
LaTeX Info: Redefining \% on input line 23.
)

LaTeX Warning: There were multiply-defined labels.

Package rerunfilecheck Info: File `Reporte3.out' has not changed.
(rerunfilecheck)             Checksum: 5DC96742DFB69AE47D90DBBF2741733D;3849.
 ) 
Here is how much of TeX's memory you used:
 14606 strings out of 478338
 244184 string characters out of 2835756
 552611 words of memory out of 3000000
 32581 multiletter control sequences out of 15000+600000
 521005 words of font info for 58 fonts, out of 8000000 for 9000
 1141 hyphenation exceptions out of 8191
 72i,17n,77p,1375b,749s stack positions out of 10000i,1000n,20000p,200000b,80000s
{C:/Users/unknown/AppData/Local/Programs/MiKTeX/fonts/enc/dvips/lm/lm-rm.enc}
{C:/Users/unknown/AppData/Local/Programs/MiKTeX/fonts/enc/dvips/lm/lm-mathsy.en
c}{C:/Users/unknown/AppData/Local/Programs/MiKTeX/fonts/enc/dvips/lm/lm-ts1.enc
}{C:/Users/unknown/AppData/Local/Programs/MiKTeX/fonts/enc/dvips/lm/lm-rmsc.enc
}<C:/Users/unknown/AppData/Local/Programs/MiKTeX/fonts/type1/public/lm/lmbx12.p
fb><C:/Users/unknown/AppData/Local/Programs/MiKTeX/fonts/type1/public/lm/lmbxi1
0.pfb><C:/Users/unknown/AppData/Local/Programs/MiKTeX/fonts/type1/public/lm/lmc
sc10.pfb><C:/Users/unknown/AppData/Local/Programs/MiKTeX/fonts/type1/public/lm/
lmr10.pfb><C:/Users/unknown/AppData/Local/Programs/MiKTeX/fonts/type1/public/lm
/lmr12.pfb><C:/Users/unknown/AppData/Local/Programs/MiKTeX/fonts/type1/public/l
m/lmri12.pfb><C:/Users/unknown/AppData/Local/Programs/MiKTeX/fonts/type1/public
/lm/lmsy10.pfb>
Output written on Reporte3.pdf (52 pages, 1671795 bytes).
PDF statistics:
 584 PDF objects out of 1000 (max. 8388607)
 154 named destinations out of 1000 (max. 500000)
 312 words of extra memory for PDF output out of 10000 (max. 10000000)

