\BOOKMARK [1][-]{section.1}{\376\377\000R\000e\000s\000u\000m\000e\000n}{}% 1
\BOOKMARK [1][-]{section.2}{\376\377\000I\000n\000t\000r\000o\000d\000u\000c\000c\000i\000\363\000n}{}% 2
\BOOKMARK [1][-]{section.3}{\376\377\000J\000u\000s\000t\000i\000f\000i\000c\000a\000c\000i\000\363\000n}{}% 3
\BOOKMARK [1][-]{section.4}{\376\377\000E\000s\000t\000a\000d\000o\000\040\000d\000e\000l\000\040\000a\000r\000t\000e}{}% 4
\BOOKMARK [1][-]{section.5}{\376\377\000O\000b\000j\000e\000t\000i\000v\000o\000s}{}% 5
\BOOKMARK [2][-]{subsection.5.1}{\376\377\000O\000b\000j\000e\000t\000i\000v\000o\000\040\000g\000e\000n\000e\000r\000a\000l}{section.5}% 6
\BOOKMARK [2][-]{subsection.5.2}{\376\377\000O\000b\000j\000e\000t\000i\000v\000o\000s\000\040\000e\000s\000p\000e\000c\000\355\000f\000i\000c\000o\000s}{section.5}% 7
\BOOKMARK [2][-]{subsection.5.3}{\376\377\000O\000b\000j\000e\000t\000i\000v\000o\000s\000\040\000p\000o\000n\000d\000e\000r\000a\000d\000o\000s}{section.5}% 8
\BOOKMARK [1][-]{section.6}{\376\377\000M\000a\000r\000c\000o\000\040\000t\000e\000\363\000r\000i\000c\000o}{}% 9
\BOOKMARK [2][-]{subsection.6.1}{\376\377\000M\000e\000c\000a\000n\000i\000s\000m\000o\000s\000\040\000d\000e\000\040\000c\000a\000d\000e\000n\000a\000\040\000c\000i\000n\000e\000m\000\341\000t\000i\000c\000a\000\040\000a\000b\000i\000e\000r\000t\000a}{section.6}% 10
\BOOKMARK [2][-]{subsection.6.2}{\376\377\000C\000i\000n\000e\000m\000\341\000t\000i\000c\000a\000\040\000d\000i\000r\000e\000c\000t\000a}{section.6}% 11
\BOOKMARK [2][-]{subsection.6.3}{\376\377\000C\000i\000n\000e\000m\000\341\000t\000i\000c\000a\000\040\000i\000n\000v\000e\000r\000s\000a}{section.6}% 12
\BOOKMARK [2][-]{subsection.6.4}{\376\377\000E\000c\000u\000a\000c\000i\000o\000n\000e\000s\000\040\000d\000e\000\040\000m\000o\000v\000i\000m\000i\000e\000n\000t\000o\000\040\000d\000e\000\040\000E\000u\000l\000e\000r\000-\000L\000a\000g\000r\000a\000n\000g\000e}{section.6}% 13
\BOOKMARK [2][-]{subsection.6.5}{\376\377\000R\000e\000p\000r\000e\000s\000e\000n\000t\000a\000c\000i\000\363\000n\000\040\000m\000a\000t\000r\000i\000c\000i\000a\000l\000\040\000d\000e\000\040\000u\000n\000\040\000m\000a\000n\000i\000p\000u\000l\000a\000d\000o\000r\000\040\000r\000o\000b\000\363\000t\000i\000c\000o}{section.6}% 14
\BOOKMARK [1][-]{section.7}{\376\377\000P\000l\000a\000n\000i\000f\000i\000c\000a\000c\000i\000\363\000n\000\040\000d\000e\000l\000\040\000T\000T}{}% 15
\BOOKMARK [1][-]{section.8}{\376\377\000P\000l\000a\000n\000t\000e\000a\000m\000i\000e\000n\000t\000o\000\040\000d\000e\000l\000\040\000p\000r\000o\000b\000l\000e\000m\000a}{}% 16
\BOOKMARK [1][-]{section.9}{\376\377\000S\000o\000l\000u\000c\000i\000o\000n\000e\000s\000\040\000p\000r\000o\000p\000u\000e\000s\000t\000a\000s}{}% 17
\BOOKMARK [2][-]{subsection.9.1}{\376\377\000M\000a\000n\000i\000p\000u\000l\000a\000d\000o\000r\000e\000s}{section.9}% 18
\BOOKMARK [2][-]{subsection.9.2}{\376\377\000E\000f\000e\000c\000t\000o\000r\000\040\000f\000i\000n\000a\000l}{section.9}% 19
\BOOKMARK [1][-]{section.10}{\376\377\000S\000o\000l\000u\000c\000i\000\363\000n\000\040\000e\000l\000e\000g\000i\000d\000a}{}% 20
\BOOKMARK [2][-]{subsection.10.1}{\376\377\000D\000i\000s\000e\000\361\000o\000\040\000y\000\040\000c\000o\000n\000s\000t\000r\000u\000c\000c\000i\000\363\000n\000\040\000d\000e\000\040\000l\000a\000\040\000b\000a\000n\000d\000a\000\040\000t\000r\000a\000n\000s\000p\000o\000r\000t\000a\000d\000o\000r\000a}{section.10}% 21
\BOOKMARK [2][-]{subsection.10.2}{\376\377\000S\000u\000b\000s\000i\000s\000t\000e\000m\000a\000\040\000d\000e\000\040\000c\000l\000a\000s\000i\000f\000i\000c\000a\000c\000i\000\363\000n}{section.10}% 22
\BOOKMARK [2][-]{subsection.10.3}{\376\377\000S\000u\000b\000s\000i\000s\000t\000e\000m\000a\000\040\000d\000e\000\040\000p\000a\000l\000e\000t\000i\000z\000a\000c\000i\000\363\000n}{section.10}% 23
\BOOKMARK [3][-]{subsubsection.10.3.1}{\376\377\000A\000r\000t\000i\000c\000u\000l\000a\000c\000i\000o\000n\000e\000s}{subsection.10.3}% 24
\BOOKMARK [3][-]{subsubsection.10.3.2}{\376\377\000E\000s\000p\000a\000c\000i\000o\000\040\000d\000e\000\040\000t\000r\000a\000b\000a\000j\000o\000\040}{subsection.10.3}% 25
\BOOKMARK [3][-]{subsubsection.10.3.3}{\376\377\000A\000c\000t\000u\000a\000d\000o\000r\000e\000s}{subsection.10.3}% 26
\BOOKMARK [3][-]{subsubsection.10.3.4}{\376\377\000S\000i\000s\000t\000e\000m\000a\000\040\000s\000e\000n\000s\000o\000r\000i\000a\000l}{subsection.10.3}% 27
\BOOKMARK [3][-]{subsubsection.10.3.5}{\376\377\000T\000r\000a\000n\000s\000m\000i\000s\000i\000o\000n\000e\000s}{subsection.10.3}% 28
\BOOKMARK [3][-]{subsubsection.10.3.6}{\376\377\000T\000e\000r\000c\000e\000r\000\040\000e\000s\000l\000a\000b\000\363\000n}{subsection.10.3}% 29
\BOOKMARK [3][-]{subsubsection.10.3.7}{\376\377\000E\000f\000e\000c\000t\000o\000r\000\040\000f\000i\000n\000a\000l}{subsection.10.3}% 30
\BOOKMARK [3][-]{subsubsection.10.3.8}{\376\377\000M\000a\000t\000e\000r\000i\000a\000l\000e\000s}{subsection.10.3}% 31
\BOOKMARK [2][-]{subsection.10.4}{\376\377\000M\000o\000d\000e\000l\000a\000d\000o\000\040\000d\000e\000l\000\040\000r\000o\000b\000o\000t\000\040\000S\000C\000A\000R\000A}{section.10}% 32
\BOOKMARK [3][-]{subsubsection.10.4.1}{\376\377\000P\000a\000r\000\341\000m\000e\000t\000r\000o\000s\000\040\000d\000e\000\040\000D\000e\000n\000a\000v\000i\000t\000-\000H\000a\000r\000t\000e\000m\000b\000e\000r\000g\000\040\000\050\000c\000i\000n\000e\000m\000\341\000t\000i\000c\000a\000\040\000d\000i\000r\000e\000c\000t\000a\000\051}{subsection.10.4}% 33
\BOOKMARK [3][-]{subsubsection.10.4.2}{\376\377\000C\000i\000n\000e\000m\000\341\000t\000i\000c\000a\000\040\000i\000n\000v\000e\000r\000s\000a}{subsection.10.4}% 34
\BOOKMARK [3][-]{subsubsection.10.4.3}{\376\377\000M\000o\000d\000e\000l\000o\000\040\000d\000i\000n\000\341\000m\000i\000c\000o\000\040\000d\000e\000\040\000l\000o\000s\000\040\000d\000o\000s\000\040\000p\000r\000i\000m\000e\000r\000o\000s\000\040\000e\000s\000l\000a\000b\000o\000n\000e\000s\000\040\000r\000o\000b\000o\000t\000\040\000S\000C\000A\000R\000A}{subsection.10.4}% 35
\BOOKMARK [2][-]{subsection.10.5}{\376\377\000C\000o\000n\000t\000r\000o\000l\000\040\000d\000e\000l\000\040\000r\000o\000b\000o\000t\000\040\000S\000C\000A\000R\000A}{section.10}% 36
\BOOKMARK [3][-]{subsubsection.10.5.1}{\376\377\000D\000i\000n\000\341\000m\000i\000c\000a\000\040\000i\000n\000v\000e\000r\000s\000a}{subsection.10.5}% 37
\BOOKMARK [3][-]{subsubsection.10.5.2}{\376\377\000A\000l\000t\000e\000r\000n\000a\000t\000i\000v\000a\000s\000\040\000d\000e\000\040\000c\000o\000n\000t\000r\000o\000l}{subsection.10.5}% 38
\BOOKMARK [1][-]{section.11}{\376\377\000S\000i\000m\000u\000l\000a\000c\000i\000o\000n\000e\000s}{}% 39
\BOOKMARK [1][-]{section.12}{\376\377\000I\000m\000p\000l\000e\000m\000e\000n\000t\000a\000c\000i\000\363\000n}{}% 40
\BOOKMARK [1][-]{section.13}{\376\377\000A\000n\000\341\000l\000i\000s\000i\000s\000\040\000d\000e\000\040\000e\000s\000f\000u\000e\000r\000z\000o\000s\000\040\000r\000o\000b\000o\000t\000\040\000S\000C\000A\000R\000A}{}% 41
\BOOKMARK [2][-]{subsection.13.1}{\376\377\000E\000s\000l\000a\000b\000o\000n\000e\000s\000\040\000p\000e\000r\000p\000e\000n\000d\000i\000c\000u\000l\000a\000r\000e\000s}{section.13}% 42
\BOOKMARK [2][-]{subsection.13.2}{\376\377\000M\000\341\000x\000i\000m\000a\000\040\000e\000x\000t\000e\000n\000s\000i\000\363\000n}{section.13}% 43
\BOOKMARK [1][-]{section.14}{\376\377\000C\000o\000n\000c\000l\000u\000s\000i\000o\000n\000e\000s}{}% 44
\BOOKMARK [1][-]{section.15}{\376\377\000B\000i\000b\000l\000i\000o\000g\000r\000a\000f\000i\000a}{}% 45
\BOOKMARK [1][-]{section.16}{\376\377\000A\000p\000\351\000n\000d\000i\000c\000e\000\040\000A\000:\000\040\000C\000\363\000d\000i\000g\000o\000s\000\040\000f\000u\000e\000n\000t\000e}{}% 46
\BOOKMARK [1][-]{section.17}{\376\377\000A\000p\000\351\000n\000d\000i\000c\000e\000\040\000B\000:\000\040\000P\000l\000a\000n\000o\000s\000\040\000d\000e\000\040\000m\000a\000n\000u\000f\000a\000c\000t\000u\000r\000a}{}% 47
\BOOKMARK [1][-]{section.18}{\376\377\000A\000p\000\351\000n\000d\000i\000c\000e\000\040\000C\000:\000\040\000D\000a\000t\000a\000s\000h\000e\000e\000t\000s}{}% 48
\BOOKMARK [1][-]{section.19}{\376\377\000A\000p\000\351\000n\000d\000i\000c\000e\000\040\000D\000:\000\040\000P\000i\000e\000z\000a\000s\000\040\000f\000\355\000s\000i\000c\000a\000s}{}% 49
