\BOOKMARK [1][-]{section.1}{\376\377\000D\000i\000s\000e\000\361\000o\000\040\000d\000e\000l\000\040\000M\000\363\000d\000u\000l\000o\000\040\000C\000e\000n\000t\000r\000a\000l\000\040\000d\000e\000\040\000P\000r\000o\000c\000e\000s\000a\000m\000i\000e\000n\000t\000o}{}% 1
\BOOKMARK [1][-]{section.2}{\376\377\000D\000i\000s\000e\000\361\000o\000\040\000d\000e\000l\000\040\000S\000u\000b\000m\000\363\000d\000u\000l\000o\000\040\000d\000e\000\040\000P\000r\000o\000c\000e\000s\000a\000m\000i\000e\000n\000t\000o\000\040\000d\000e\000\040\000I\000m\000\341\000g\000e\000n\000e\000s}{}% 2
\BOOKMARK [1][-]{section.3}{\376\377\000D\000i\000s\000e\000\361\000o\000\040\000d\000e\000\040\000l\000a\000\040\000U\000n\000i\000d\000a\000d\000\040\000C\000o\000n\000t\000e\000n\000e\000d\000o\000r\000a\000\040\000d\000e\000l\000\040\000M\000\363\000d\000u\000l\000o\000\040\000C\000e\000n\000t\000r\000a\000l\000\040\000d\000e\000\040\000P\000r\000o\000c\000e\000s\000a\000m\000i\000e\000n\000t\000o}{}% 3
\BOOKMARK [1][-]{section.4}{\376\377\000B\000\372\000s\000q\000u\000e\000d\000a\000\040\000d\000e\000\040\000L\000e\000n\000g\000u\000a\000j\000e\000s\000\040\000d\000e\000\040\000P\000r\000o\000g\000r\000a\000m\000a\000c\000i\000\363\000n\000\040\000p\000a\000r\000a\000\040\000e\000l\000\040\000M\000i\000c\000r\000o\000o\000r\000d\000e\000n\000a\000d\000o\000r}{}% 4
\BOOKMARK [1][-]{section.5}{\376\377\000I\000n\000v\000e\000s\000t\000i\000g\000a\000c\000i\000\363\000n\000\040\000d\000e\000\040\000E\000s\000t\000\341\000n\000d\000a\000r\000e\000s\000\040\000y\000\040\000P\000r\000o\000t\000o\000c\000o\000l\000o\000s\000\040\000d\000e\000\040\000C\000o\000m\000u\000n\000i\000c\000a\000c\000i\000\363\000n\000\040\000I\000n\000a\000l\000\341\000m\000b\000r\000i\000c\000a\000s}{}% 5
\BOOKMARK [1][-]{section.6}{\376\377\000B\000\372\000s\000q\000u\000e\000d\000a\000\040\000d\000e\000\040\000I\000n\000t\000e\000r\000f\000a\000c\000e\000s\000\040\000d\000e\000\040\000C\000o\000m\000u\000n\000i\000c\000a\000c\000i\000\363\000n\000\040\000I\000n\000a\000l\000\341\000m\000b\000r\000i\000c\000a}{}% 6
\BOOKMARK [1][-]{section.7}{\376\377\000E\000l\000e\000c\000c\000i\000\363\000n\000\040\000d\000e\000\040\000I\000n\000t\000e\000r\000f\000a\000c\000e\000s\000\040\000d\000e\000\040\000C\000o\000m\000u\000n\000i\000c\000a\000c\000i\000\363\000n\000\040\000I\000n\000a\000l\000\341\000m\000b\000r\000i\000c\000a}{}% 7
\BOOKMARK [1][-]{section.8}{\376\377\000B\000\372\000s\000q\000u\000e\000d\000a\000\040\000d\000e\000\040\000T\000e\000c\000n\000o\000l\000o\000g\000\355\000a\000s\000\040\000d\000e\000\040\000G\000e\000o\000l\000o\000c\000a\000l\000i\000z\000a\000c\000i\000\363\000n}{}% 8
\BOOKMARK [1][-]{section.9}{\376\377\000S\000o\000l\000u\000c\000i\000o\000n\000e\000s\000\040\000p\000r\000o\000p\000u\000e\000s\000t\000a\000s}{}% 9
\BOOKMARK [2][-]{subsection.9.1}{\376\377\000M\000a\000n\000i\000p\000u\000l\000a\000d\000o\000r\000e\000s}{section.9}% 10
\BOOKMARK [2][-]{subsection.9.2}{\376\377\000E\000f\000e\000c\000t\000o\000r\000\040\000f\000i\000n\000a\000l}{section.9}% 11
\BOOKMARK [1][-]{section.10}{\376\377\000S\000o\000l\000u\000c\000i\000\363\000n\000\040\000e\000l\000e\000g\000i\000d\000a}{}% 12
\BOOKMARK [2][-]{subsection.10.1}{\376\377\000D\000i\000s\000e\000\361\000o\000\040\000y\000\040\000c\000o\000n\000s\000t\000r\000u\000c\000c\000i\000\363\000n\000\040\000d\000e\000\040\000l\000a\000\040\000b\000a\000n\000d\000a\000\040\000t\000r\000a\000n\000s\000p\000o\000r\000t\000a\000d\000o\000r\000a}{section.10}% 13
\BOOKMARK [2][-]{subsection.10.2}{\376\377\000S\000u\000b\000s\000i\000s\000t\000e\000m\000a\000\040\000d\000e\000\040\000c\000l\000a\000s\000i\000f\000i\000c\000a\000c\000i\000\363\000n}{section.10}% 14
\BOOKMARK [2][-]{subsection.10.3}{\376\377\000S\000u\000b\000s\000i\000s\000t\000e\000m\000a\000\040\000d\000e\000\040\000p\000a\000l\000e\000t\000i\000z\000a\000c\000i\000\363\000n}{section.10}% 15
\BOOKMARK [3][-]{subsubsection.10.3.1}{\376\377\000A\000r\000t\000i\000c\000u\000l\000a\000c\000i\000o\000n\000e\000s}{subsection.10.3}% 16
\BOOKMARK [3][-]{subsubsection.10.3.2}{\376\377\000E\000s\000p\000a\000c\000i\000o\000\040\000d\000e\000\040\000t\000r\000a\000b\000a\000j\000o\000\040}{subsection.10.3}% 17
\BOOKMARK [3][-]{subsubsection.10.3.3}{\376\377\000A\000c\000t\000u\000a\000d\000o\000r\000e\000s}{subsection.10.3}% 18
\BOOKMARK [3][-]{subsubsection.10.3.4}{\376\377\000S\000i\000s\000t\000e\000m\000a\000\040\000s\000e\000n\000s\000o\000r\000i\000a\000l}{subsection.10.3}% 19
\BOOKMARK [3][-]{subsubsection.10.3.5}{\376\377\000T\000r\000a\000n\000s\000m\000i\000s\000i\000o\000n\000e\000s}{subsection.10.3}% 20
\BOOKMARK [3][-]{subsubsection.10.3.6}{\376\377\000T\000e\000r\000c\000e\000r\000\040\000e\000s\000l\000a\000b\000\363\000n}{subsection.10.3}% 21
\BOOKMARK [3][-]{subsubsection.10.3.7}{\376\377\000E\000f\000e\000c\000t\000o\000r\000\040\000f\000i\000n\000a\000l}{subsection.10.3}% 22
\BOOKMARK [3][-]{subsubsection.10.3.8}{\376\377\000M\000a\000t\000e\000r\000i\000a\000l\000e\000s}{subsection.10.3}% 23
\BOOKMARK [2][-]{subsection.10.4}{\376\377\000M\000o\000d\000e\000l\000a\000d\000o\000\040\000d\000e\000l\000\040\000r\000o\000b\000o\000t\000\040\000S\000C\000A\000R\000A}{section.10}% 24
\BOOKMARK [3][-]{subsubsection.10.4.1}{\376\377\000P\000a\000r\000\341\000m\000e\000t\000r\000o\000s\000\040\000d\000e\000\040\000D\000e\000n\000a\000v\000i\000t\000-\000H\000a\000r\000t\000e\000m\000b\000e\000r\000g\000\040\000\050\000c\000i\000n\000e\000m\000\341\000t\000i\000c\000a\000\040\000d\000i\000r\000e\000c\000t\000a\000\051}{subsection.10.4}% 25
\BOOKMARK [3][-]{subsubsection.10.4.2}{\376\377\000C\000i\000n\000e\000m\000\341\000t\000i\000c\000a\000\040\000i\000n\000v\000e\000r\000s\000a}{subsection.10.4}% 26
\BOOKMARK [3][-]{subsubsection.10.4.3}{\376\377\000M\000o\000d\000e\000l\000o\000\040\000d\000i\000n\000\341\000m\000i\000c\000o\000\040\000d\000e\000\040\000l\000o\000s\000\040\000d\000o\000s\000\040\000p\000r\000i\000m\000e\000r\000o\000s\000\040\000e\000s\000l\000a\000b\000o\000n\000e\000s\000\040\000r\000o\000b\000o\000t\000\040\000S\000C\000A\000R\000A}{subsection.10.4}% 27
\BOOKMARK [2][-]{subsection.10.5}{\376\377\000C\000o\000n\000t\000r\000o\000l\000\040\000d\000e\000l\000\040\000r\000o\000b\000o\000t\000\040\000S\000C\000A\000R\000A}{section.10}% 28
\BOOKMARK [3][-]{subsubsection.10.5.1}{\376\377\000D\000i\000n\000\341\000m\000i\000c\000a\000\040\000i\000n\000v\000e\000r\000s\000a}{subsection.10.5}% 29
\BOOKMARK [3][-]{subsubsection.10.5.2}{\376\377\000A\000l\000t\000e\000r\000n\000a\000t\000i\000v\000a\000s\000\040\000d\000e\000\040\000c\000o\000n\000t\000r\000o\000l}{subsection.10.5}% 30
\BOOKMARK [1][-]{section.11}{\376\377\000S\000i\000m\000u\000l\000a\000c\000i\000o\000n\000e\000s}{}% 31
\BOOKMARK [1][-]{section.12}{\376\377\000I\000m\000p\000l\000e\000m\000e\000n\000t\000a\000c\000i\000\363\000n}{}% 32
\BOOKMARK [1][-]{section.13}{\376\377\000A\000n\000\341\000l\000i\000s\000i\000s\000\040\000d\000e\000\040\000e\000s\000f\000u\000e\000r\000z\000o\000s\000\040\000r\000o\000b\000o\000t\000\040\000S\000C\000A\000R\000A}{}% 33
\BOOKMARK [2][-]{subsection.13.1}{\376\377\000E\000s\000l\000a\000b\000o\000n\000e\000s\000\040\000p\000e\000r\000p\000e\000n\000d\000i\000c\000u\000l\000a\000r\000e\000s}{section.13}% 34
\BOOKMARK [2][-]{subsection.13.2}{\376\377\000M\000\341\000x\000i\000m\000a\000\040\000e\000x\000t\000e\000n\000s\000i\000\363\000n}{section.13}% 35
\BOOKMARK [1][-]{section.14}{\376\377\000C\000o\000n\000c\000l\000u\000s\000i\000o\000n\000e\000s}{}% 36
\BOOKMARK [1][-]{section.15}{\376\377\000B\000i\000b\000l\000i\000o\000g\000r\000a\000f\000i\000a}{}% 37
\BOOKMARK [1][-]{section.16}{\376\377\000A\000p\000\351\000n\000d\000i\000c\000e\000\040\000A\000:\000\040\000C\000\363\000d\000i\000g\000o\000s\000\040\000f\000u\000e\000n\000t\000e}{}% 38
\BOOKMARK [1][-]{section.17}{\376\377\000A\000p\000\351\000n\000d\000i\000c\000e\000\040\000B\000:\000\040\000P\000l\000a\000n\000o\000s\000\040\000d\000e\000\040\000m\000a\000n\000u\000f\000a\000c\000t\000u\000r\000a}{}% 39
\BOOKMARK [1][-]{section.18}{\376\377\000A\000p\000\351\000n\000d\000i\000c\000e\000\040\000C\000:\000\040\000D\000a\000t\000a\000s\000h\000e\000e\000t\000s}{}% 40
\BOOKMARK [1][-]{section.19}{\376\377\000A\000p\000\351\000n\000d\000i\000c\000e\000\040\000D\000:\000\040\000P\000i\000e\000z\000a\000s\000\040\000f\000\355\000s\000i\000c\000a\000s}{}% 41
