\BOOKMARK [1][-]{section.1}{\376\377\000R\000e\000s\000u\000m\000e\000n}{}% 1
\BOOKMARK [1][-]{section.2}{\376\377\000I\000n\000t\000r\000o\000d\000u\000c\000c\000i\000\363\000n}{}% 2
\BOOKMARK [1][-]{section.3}{\376\377\000P\000l\000a\000n\000t\000e\000a\000m\000i\000e\000n\000t\000o\000\040\000d\000e\000l\000\040\000p\000r\000o\000b\000l\000e\000m\000a}{}% 3
\BOOKMARK [1][-]{section.4}{\376\377\000P\000r\000o\000p\000u\000e\000s\000t\000a\000\040\000d\000e\000\040\000s\000o\000l\000u\000c\000i\000\363\000n}{}% 4
\BOOKMARK [1][-]{section.5}{\376\377\000A\000l\000c\000a\000n\000c\000e\000s\000\040\000y\000\040\000e\000s\000c\000e\000n\000a\000r\000i\000o\000\040\000d\000e\000\040\000p\000r\000u\000e\000b\000a\000s}{}% 5
\BOOKMARK [1][-]{section.6}{\376\377\000J\000u\000s\000t\000i\000f\000i\000c\000a\000c\000i\000\363\000n}{}% 6
\BOOKMARK [1][-]{section.7}{\376\377\000M\000e\000t\000o\000d\000o\000l\000o\000g\000\355\000a}{}% 7
\BOOKMARK [1][-]{section.8}{\376\377\000O\000b\000j\000e\000t\000i\000v\000o\000s}{}% 8
\BOOKMARK [1][-]{section.9}{\376\377\000M\000a\000r\000c\000o\000\040\000T\000e\000\363\000r\000i\000c\000o}{}% 9
\BOOKMARK [2][-]{subsection.9.1}{\376\377\000R\000e\000d\000\040\000N\000e\000u\000r\000o\000n\000a\000l}{section.9}% 10
\BOOKMARK [2][-]{subsection.9.2}{\376\377\000R\000e\000d\000e\000s\000\040\000N\000e\000u\000r\000o\000n\000a\000l\000e\000s\000\040\000C\000o\000n\000v\000o\000l\000u\000c\000i\000o\000n\000a\000l\000e\000s}{section.9}% 11
\BOOKMARK [2][-]{subsection.9.3}{\376\377\000V\000i\000s\000i\000\363\000n\000\040\000A\000r\000t\000i\000f\000i\000c\000i\000a\000l}{section.9}% 12
\BOOKMARK [2][-]{subsection.9.4}{\376\377\000B\000o\000o\000s\000t\000i\000n\000g}{section.9}% 13
\BOOKMARK [1][-]{section.10}{\376\377\000E\000s\000t\000a\000d\000o\000\040\000d\000e\000l\000\040\000A\000r\000t\000e}{}% 14
\BOOKMARK [2][-]{subsection.10.1}{\376\377\000I\000m\000p\000l\000e\000m\000e\000n\000t\000a\000c\000i\000\363\000n\000\040\000d\000e\000\040\000u\000n\000\040\000s\000i\000s\000t\000e\000m\000a\000\040\000w\000e\000b\000\040\000c\000o\000n\000\040\000g\000e\000o\000l\000o\000c\000a\000l\000i\000z\000a\000c\000i\000\363\000n\000\040\000p\000a\000r\000a\000\040\000m\000e\000d\000i\000r\000\040\000l\000a\000\040\000t\000r\000a\000n\000s\000a\000c\000c\000i\000o\000n\000a\000l\000i\000d\000a\000d\000\040\000d\000e\000l\000\040\000p\000o\000r\000t\000a\000l\000\040\000A\000B\000C\000\040\000d\000e\000\040\000l\000a\000\040\000d\000e\000m\000o\000c\000r\000a\000c\000i\000a\000\040\000p\000a\000r\000a\000\040\000e\000l\000\040\000c\000o\000n\000s\000e\000j\000o\000\040\000n\000a\000c\000i\000o\000n\000a\000l\000\040\000e\000l\000e\000c\000t\000o\000r\000a\000l\000\040\000\050\000C\000N\000E\000\051}{section.10}% 15
\BOOKMARK [2][-]{subsection.10.2}{\376\377\000D\000i\000s\000e\000\361\000o\000\040\000e\000\040\000i\000m\000p\000l\000e\000m\000e\000n\000t\000a\000c\000i\000\363\000n\000\040\000d\000e\000\040\000u\000n\000\040\000s\000i\000s\000t\000e\000m\000a\000\040\000d\000e\000\040\000g\000e\000o\000l\000o\000c\000a\000l\000i\000z\000a\000c\000i\000\363\000n\000\040\000e\000n\000\040\000i\000n\000t\000e\000r\000i\000o\000r\000e\000s\000\040\000p\000a\000r\000a\000\040\000p\000l\000a\000t\000a\000f\000o\000r\000m\000a\000\040\000A\000n\000d\000r\000o\000i\000d\000\040\000v\000\355\000a\000\040\000l\000a\000\040\000r\000e\000d\000\040\000e\000n\000t\000e\000r\000p\000r\000i\000s\000e\000\040\000W\000L\000A\000N\000\040\000d\000e\000\040\000l\000a\000\040\000P\000U\000C\000P}{section.10}% 16
\BOOKMARK [2][-]{subsection.10.3}{\376\377\000G\000e\000o\000l\000o\000c\000a\000l\000i\000z\000a\000c\000i\000\363\000n\000\040\000c\000o\000n\000\040\000L\000o\000R\000a\000\040\000m\000e\000d\000i\000a\000n\000t\000e\000\040\000m\000u\000l\000t\000i\000l\000a\000t\000e\000r\000a\000c\000i\000\363\000n}{section.10}% 17
\BOOKMARK [2][-]{subsection.10.4}{\376\377\000P\000r\000o\000p\000u\000e\000s\000t\000a\000\040\000d\000e\000\040\000u\000n\000\040\000s\000i\000s\000t\000e\000m\000a\000\040\000d\000e\000\040\000g\000e\000o\000l\000o\000c\000a\000l\000i\000z\000a\000c\000i\000\363\000n\000\040\000y\000\040\000m\000o\000n\000i\000t\000o\000r\000e\000o\000\040\000v\000\355\000a\000\040\000G\000P\000S\000/\000G\000S\000M\000/\000G\000P\000R\000S\000\040\000a\000p\000l\000i\000c\000a\000d\000o\000\040\000a\000\040\000u\000n\000\040\000p\000u\000l\000s\000\363\000m\000e\000t\000r\000o\000\040\000p\000a\000r\000a\000\040\000p\000e\000r\000s\000o\000n\000a\000s\000\040\000c\000o\000n\000\040\000e\000n\000f\000e\000r\000m\000e\000d\000a\000d\000e\000s\000\040\000c\000a\000r\000d\000i\000o\000v\000a\000s\000c\000u\000l\000a\000r\000e\000s}{section.10}% 18
\BOOKMARK [2][-]{subsection.10.5}{\376\377\000I\000n\000f\000l\000u\000e\000n\000c\000i\000a\000\040\000d\000e\000\040\000u\000n\000\040\000s\000i\000s\000t\000e\000m\000a\000\040\000d\000e\000\040\000g\000e\000o\000l\000o\000c\000a\000l\000i\000z\000a\000c\000i\000\363\000n\000\040\000e\000n\000\040\000e\000l\000\040\000c\000o\000n\000t\000r\000o\000l\000\040\000y\000\040\000m\000o\000n\000i\000t\000o\000r\000e\000o\000\040\000d\000e\000\040\000v\000e\000h\000\355\000c\000u\000l\000o\000s\000\040\000c\000o\000n\000\040\000d\000i\000s\000p\000o\000s\000i\000t\000i\000v\000o\000s\000\040\000G\000P\000S\000\040\000e\000n\000\040\000u\000n\000a\000\040\000e\000m\000p\000r\000e\000s\000a\000\040\000l\000o\000g\000\355\000s\000t\000i\000c\000a}{section.10}% 19
\BOOKMARK [2][-]{subsection.10.6}{\376\377\000D\000i\000s\000e\000\361\000o\000\040\000d\000e\000\040\000l\000a\000\040\000r\000e\000d\000\040\000d\000e\000\040\000a\000c\000c\000e\000s\000o\000\040\000L\000T\000E\000\040\000e\000n\000\040\000e\000l\000\040\000d\000i\000s\000t\000r\000i\000t\000o\000\040\000d\000e\000\040\000J\000e\000s\000\372\000s\000\040\000M\000a\000r\000\355\000a}{section.10}% 20
\BOOKMARK [1][-]{section.11}{\376\377\000A\000n\000\341\000l\000i\000s\000i\000s}{}% 21
\BOOKMARK [2][-]{subsection.11.1}{\376\377\000A\000n\000\341\000l\000s\000i\000s\000\040\000d\000e\000l\000\040\000M\000\363\000d\000u\000l\000o\000\040\000C\000e\000n\000t\000r\000a\000l\000\040\000d\000e\000\040\000P\000r\000o\000c\000e\000s\000a\000m\000i\000e\000n\000t\000o}{section.11}% 22
\BOOKMARK [3][-]{subsubsection.11.1.1}{\376\377\000A\000n\000\341\000l\000i\000s\000i\000s\000\040\000d\000e\000l\000\040\000S\000u\000b\000m\000\363\000d\000u\000l\000o\000\040\000d\000e\000\040\000P\000r\000o\000c\000e\000s\000a\000m\000i\000e\000n\000t\000o\000\040\000d\000e\000\040\000I\000m\000\341\000g\000e\000n\000e\000s}{subsection.11.1}% 23
\BOOKMARK [3][-]{subsubsection.11.1.2}{\376\377\000A\000n\000\341\000l\000s\000i\000s\000\040\000d\000e\000l\000\040\000S\000u\000b\000m\000\363\000d\000u\000l\000o\000\040\000d\000e\000\040\000D\000e\000e\000p\000\040\000L\000e\000a\000r\000n\000i\000n\000g}{subsection.11.1}% 24
\BOOKMARK [2][-]{subsection.11.2}{\376\377\000A\000n\000\341\000l\000i\000s\000i\000s\000\040\000d\000e\000l\000\040\000M\000\363\000d\000u\000l\000o\000\040\000d\000e\000\040\000C\000o\000m\000u\000n\000i\000c\000a\000c\000i\000o\000n\000e\000s}{section.11}% 25
\BOOKMARK [2][-]{subsection.11.3}{\376\377\000A\000n\000\341\000l\000i\000s\000i\000s\000\040\000d\000e\000\040\000l\000a\000\040\000E\000s\000t\000a\000c\000i\000\363\000n\000\040\000B\000a\000s\000e}{section.11}% 26
\BOOKMARK [3][-]{subsubsection.11.3.1}{\376\377\000A\000n\000\341\000l\000i\000s\000i\000s\000\040\000d\000e\000\040\000l\000a\000\040\000A\000p\000l\000i\000c\000a\000c\000i\000\363\000n\000\040\000W\000e\000b}{subsection.11.3}% 27
\BOOKMARK [1][-]{section.12}{\376\377\000D\000i\000s\000e\000\361\000o}{}% 28
\BOOKMARK [2][-]{subsection.12.1}{\376\377\000D\000i\000s\000e\000\361\000o\000\040\000d\000e\000l\000\040\000M\000\363\000d\000u\000l\000o\000\040\000C\000e\000n\000t\000r\000a\000l\000\040\000d\000e\000\040\000P\000r\000o\000c\000e\000s\000a\000m\000i\000e\000n\000t\000o}{section.12}% 29
\BOOKMARK [3][-]{subsubsection.12.1.1}{\376\377\000D\000i\000s\000e\000\361\000o\000\040\000d\000e\000\040\000l\000a\000\040\000U\000n\000i\000d\000a\000d\000\040\000C\000o\000n\000t\000e\000n\000e\000d\000o\000r\000a\000\040\000d\000e\000\040\000P\000r\000o\000c\000e\000s\000a\000m\000i\000e\000n\000t\000o}{subsection.12.1}% 30
\BOOKMARK [3][-]{subsubsection.12.1.2}{\376\377\000D\000i\000s\000e\000\361\000o\000\040\000d\000e\000l\000\040\000S\000u\000b\000m\000\363\000d\000u\000l\000o\000\040\000d\000e\000\040\000P\000r\000o\000c\000e\000s\000a\000m\000i\000e\000n\000t\000o\000\040\000d\000e\000\040\000I\000m\000\341\000g\000e\000n\000e\000s}{subsection.12.1}% 31
\BOOKMARK [3][-]{subsubsection.12.1.3}{\376\377\000D\000i\000s\000e\000\361\000o\000\040\000d\000e\000l\000\040\000S\000u\000b\000m\000\363\000d\000u\000l\000o\000\040\000d\000e\000\040\000D\000e\000e\000p\000\040\000L\000e\000a\000r\000n\000i\000n\000g}{subsection.12.1}% 32
\BOOKMARK [2][-]{subsection.12.2}{\376\377\000D\000i\000s\000e\000\361\000o\000\040\000d\000e\000l\000\040\000M\000\363\000d\000u\000l\000o\000\040\000d\000e\000\040\000C\000o\000m\000u\000n\000i\000c\000a\000c\000i\000o\000n\000e\000s}{section.12}% 33
\BOOKMARK [3][-]{subsubsection.12.2.1}{\376\377\000D\000i\000s\000e\000\361\000o\000\040\000d\000e\000l\000\040\000S\000u\000b\000m\000\363\000d\000u\000l\000o\000\040\000d\000e\000\040\000T\000r\000a\000n\000s\000m\000i\000s\000i\000\363\000n\000\040\000d\000e\000\040\000D\000a\000t\000o\000s}{subsection.12.2}% 34
\BOOKMARK [3][-]{subsubsection.12.2.2}{\376\377\000D\000i\000s\000e\000\361\000o\000\040\000d\000e\000l\000\040\000S\000u\000b\000m\000\363\000d\000u\000l\000o\000\040\000d\000e\000\040\000T\000e\000l\000e\000m\000e\000t\000r\000\355\000a}{subsection.12.2}% 35
\BOOKMARK [3][-]{subsubsection.12.2.3}{\376\377\000D\000i\000s\000e\000\361\000o\000\040\000d\000e\000l\000\040\000S\000u\000b\000m\000\363\000d\000u\000l\000o\000\040\000d\000e\000\040\000C\000o\000b\000e\000r\000t\000u\000r\000a}{subsection.12.2}% 36
\BOOKMARK [2][-]{subsection.12.3}{\376\377\000D\000i\000s\000e\000\361\000o\000\040\000d\000e\000\040\000l\000a\000\040\000E\000s\000t\000a\000c\000i\000\363\000n\000\040\000B\000a\000s\000e}{section.12}% 37
\BOOKMARK [3][-]{subsubsection.12.3.1}{\376\377\000D\000i\000s\000e\000\361\000o\000\040\000d\000e\000\040\000l\000a\000\040\000A\000p\000l\000i\000c\000a\000c\000i\000\363\000n\000\040\000W\000e\000b}{subsection.12.3}% 38
\BOOKMARK [3][-]{subsubsection.12.3.2}{\376\377\000D\000i\000s\000e\000\361\000o\000\040\000d\000e\000\040\000l\000a\000\040\000B\000a\000s\000e\000\040\000d\000e\000\040\000D\000a\000t\000o\000s}{subsection.12.3}% 39
\BOOKMARK [1][-]{section.13}{\376\377\000C\000o\000n\000c\000l\000u\000s\000i\000o\000n\000e\000s}{}% 40
\BOOKMARK [1][-]{section.14}{\376\377\000R\000e\000f\000e\000r\000e\000n\000c\000i\000a\000s}{}% 41
