This is pdfTeX, Version 3.141592653-2.6-1.40.23 (MiKTeX 21.8) (preloaded format=pdflatex 2021.9.8)  26 NOV 2022 13:39
entering extended mode
**./TT1.tex
(TT1.tex
LaTeX2e <2021-06-01> patch level 1
L3 programming layer <2021-08-27>
(C:\Users\alang\AppData\Local\Programs\MiKTeX\tex/latex/base\article.cls
Document Class: article 2021/02/12 v1.4n Standard LaTeX document class
(C:\Users\alang\AppData\Local\Programs\MiKTeX\tex/latex/base\size12.clo
File: size12.clo 2021/02/12 v1.4n Standard LaTeX file (size option)
)
\c@part=\count182
\c@section=\count183
\c@subsection=\count184
\c@subsubsection=\count185
\c@paragraph=\count186
\c@subparagraph=\count187
\c@figure=\count188
\c@table=\count189
\abovecaptionskip=\skip47
\belowcaptionskip=\skip48
\bibindent=\dimen138
)
(C:\Users\alang\AppData\Local\Programs\MiKTeX\tex/generic/babel\babel.sty
Package: babel 2021/07/22 3.63 The Babel package

(C:\Users\alang\AppData\Local\Programs\MiKTeX\tex/generic/babel\babel.def
File: babel.def 2021/07/22 3.63 Babel common definitions
\babel@savecnt=\count190
\U@D=\dimen139
\l@unhyphenated=\language79

(C:\Users\alang\AppData\Local\Programs\MiKTeX\tex/generic/babel\txtbabel.def)
\bbl@readstream=\read2
)
\bbl@dirlevel=\count191

*************************************
* Local config file bblopts.cfg used
*
(C:\Users\alang\AppData\Local\Programs\MiKTeX\tex/latex/arabi\bblopts.cfg
File: bblopts.cfg 2005/09/08 v0.1 add Arabic and Farsi to "declared" options of
 babel
)
(C:\Users\alang\AppData\Local\Programs\MiKTeX\tex/latex/babel-spanish\spanish.l
df
Language: spanish.ldf 2021/05/27 v5.0q Spanish support from the babel system
\es@quottoks=\toks16
\es@quotdepth=\count192
Package babel Info: Making " an active character on input line 570.
Package babel Info: Making . an active character on input line 675.
Package babel Info: Making < an active character on input line 722.
Package babel Info: Making > an active character on input line 722.
))
(C:\Users\alang\AppData\Local\Programs\MiKTeX\tex/latex/amsmath\amsmath.sty
Package: amsmath 2021/04/20 v2.17j AMS math features
\@mathmargin=\skip49

For additional information on amsmath, use the `?' option.
(C:\Users\alang\AppData\Local\Programs\MiKTeX\tex/latex/amsmath\amstext.sty
Package: amstext 2000/06/29 v2.01 AMS text

(C:\Users\alang\AppData\Local\Programs\MiKTeX\tex/latex/amsmath\amsgen.sty
File: amsgen.sty 1999/11/30 v2.0 generic functions
\@emptytoks=\toks17
\ex@=\dimen140
))
(C:\Users\alang\AppData\Local\Programs\MiKTeX\tex/latex/amsmath\amsbsy.sty
Package: amsbsy 1999/11/29 v1.2d Bold Symbols
\pmbraise@=\dimen141
)
(C:\Users\alang\AppData\Local\Programs\MiKTeX\tex/latex/amsmath\amsopn.sty
Package: amsopn 2016/03/08 v2.02 operator names
)
\inf@bad=\count193
LaTeX Info: Redefining \frac on input line 234.
\uproot@=\count194
\leftroot@=\count195
LaTeX Info: Redefining \overline on input line 399.
\classnum@=\count196
\DOTSCASE@=\count197
LaTeX Info: Redefining \ldots on input line 496.
LaTeX Info: Redefining \dots on input line 499.
LaTeX Info: Redefining \cdots on input line 620.
\Mathstrutbox@=\box50
\strutbox@=\box51
\big@size=\dimen142
LaTeX Font Info:    Redeclaring font encoding OML on input line 743.
LaTeX Font Info:    Redeclaring font encoding OMS on input line 744.
\macc@depth=\count198
\c@MaxMatrixCols=\count199
\dotsspace@=\muskip16
\c@parentequation=\count266
\dspbrk@lvl=\count267
\tag@help=\toks18
\row@=\count268
\column@=\count269
\maxfields@=\count270
\andhelp@=\toks19
\eqnshift@=\dimen143
\alignsep@=\dimen144
\tagshift@=\dimen145
\tagwidth@=\dimen146
\totwidth@=\dimen147
\lineht@=\dimen148
\@envbody=\toks20
\multlinegap=\skip50
\multlinetaggap=\skip51
\mathdisplay@stack=\toks21
LaTeX Info: Redefining \[ on input line 2923.
LaTeX Info: Redefining \] on input line 2924.
)
(C:\Users\alang\AppData\Local\Programs\MiKTeX\tex/latex/base\inputenc.sty
Package: inputenc 2021/02/14 v1.3d Input encoding file
\inpenc@prehook=\toks22
\inpenc@posthook=\toks23

(C:\Users\alang\AppData\Local\Programs\MiKTeX\tex/latex/base\latin1.def
File: latin1.def 2021/02/14 v1.3d Input encoding file
))
(C:\Users\alang\AppData\Local\Programs\MiKTeX\tex/latex/graphics\graphicx.sty
Package: graphicx 2020/12/05 v1.2c Enhanced LaTeX Graphics (DPC,SPQR)

(C:\Users\alang\AppData\Local\Programs\MiKTeX\tex/latex/graphics\keyval.sty
Package: keyval 2014/10/28 v1.15 key=value parser (DPC)
\KV@toks@=\toks24
)
(C:\Users\alang\AppData\Local\Programs\MiKTeX\tex/latex/graphics\graphics.sty
Package: graphics 2021/03/04 v1.4d Standard LaTeX Graphics (DPC,SPQR)

(C:\Users\alang\AppData\Local\Programs\MiKTeX\tex/latex/graphics\trig.sty
Package: trig 2016/01/03 v1.10 sin cos tan (DPC)
)
(C:\Users\alang\AppData\Local\Programs\MiKTeX\tex/latex/graphics-cfg\graphics.c
fg
File: graphics.cfg 2016/06/04 v1.11 sample graphics configuration
)
Package graphics Info: Driver file: pdftex.def on input line 107.

(C:\Users\alang\AppData\Local\Programs\MiKTeX\tex/latex/graphics-def\pdftex.def
File: pdftex.def 2020/10/05 v1.2a Graphics/color driver for pdftex
))
\Gin@req@height=\dimen149
\Gin@req@width=\dimen150
)
(C:\Users\alang\AppData\Local\Programs\MiKTeX\tex/latex/amsfonts\amssymb.sty
Package: amssymb 2013/01/14 v3.01 AMS font symbols

(C:\Users\alang\AppData\Local\Programs\MiKTeX\tex/latex/amsfonts\amsfonts.sty
Package: amsfonts 2013/01/14 v3.01 Basic AMSFonts support
\symAMSa=\mathgroup4
\symAMSb=\mathgroup5
LaTeX Font Info:    Redeclaring math symbol \hbar on input line 98.
LaTeX Font Info:    Overwriting math alphabet `\mathfrak' in version `bold'
(Font)                  U/euf/m/n --> U/euf/b/n on input line 106.
)) (C:\Users\alang\AppData\Local\Programs\MiKTeX\tex/latex/anysize\anysize.sty
Package: anysize 1994/08/13 setting margin sizes

document style option `anysize' loaded
Michael Salzenberg, Thomas Esser, Dirk Hillbrecht
Version 1.0, Aug 13, 1994
\@Leftmargin=\dimen151
\@Rightmargin=\dimen152
\@Topmargin=\dimen153
\@Bottommargin=\dimen154
) (C:\Users\alang\AppData\Local\Programs\MiKTeX\tex/latex/tools\array.sty
Package: array 2021/04/20 v2.5e Tabular extension package (FMi)
\col@sep=\dimen155
\ar@mcellbox=\box52
\extrarowheight=\dimen156
\NC@list=\toks25
\extratabsurround=\skip52
\backup@length=\skip53
\ar@cellbox=\box53
)
(C:\Users\alang\AppData\Local\Programs\MiKTeX\tex/latex/lm\lmodern.sty
Package: lmodern 2009/10/30 v1.6 Latin Modern Fonts
LaTeX Font Info:    Overwriting symbol font `operators' in version `normal'
(Font)                  OT1/cmr/m/n --> OT1/lmr/m/n on input line 22.
LaTeX Font Info:    Overwriting symbol font `letters' in version `normal'
(Font)                  OML/cmm/m/it --> OML/lmm/m/it on input line 23.
LaTeX Font Info:    Overwriting symbol font `symbols' in version `normal'
(Font)                  OMS/cmsy/m/n --> OMS/lmsy/m/n on input line 24.
LaTeX Font Info:    Overwriting symbol font `largesymbols' in version `normal'
(Font)                  OMX/cmex/m/n --> OMX/lmex/m/n on input line 25.
LaTeX Font Info:    Overwriting symbol font `operators' in version `bold'
(Font)                  OT1/cmr/bx/n --> OT1/lmr/bx/n on input line 26.
LaTeX Font Info:    Overwriting symbol font `letters' in version `bold'
(Font)                  OML/cmm/b/it --> OML/lmm/b/it on input line 27.
LaTeX Font Info:    Overwriting symbol font `symbols' in version `bold'
(Font)                  OMS/cmsy/b/n --> OMS/lmsy/b/n on input line 28.
LaTeX Font Info:    Overwriting symbol font `largesymbols' in version `bold'
(Font)                  OMX/cmex/m/n --> OMX/lmex/m/n on input line 29.
LaTeX Font Info:    Overwriting math alphabet `\mathbf' in version `normal'
(Font)                  OT1/cmr/bx/n --> OT1/lmr/bx/n on input line 31.
LaTeX Font Info:    Overwriting math alphabet `\mathsf' in version `normal'
(Font)                  OT1/cmss/m/n --> OT1/lmss/m/n on input line 32.
LaTeX Font Info:    Overwriting math alphabet `\mathit' in version `normal'
(Font)                  OT1/cmr/m/it --> OT1/lmr/m/it on input line 33.
LaTeX Font Info:    Overwriting math alphabet `\mathtt' in version `normal'
(Font)                  OT1/cmtt/m/n --> OT1/lmtt/m/n on input line 34.
LaTeX Font Info:    Overwriting math alphabet `\mathbf' in version `bold'
(Font)                  OT1/cmr/bx/n --> OT1/lmr/bx/n on input line 35.
LaTeX Font Info:    Overwriting math alphabet `\mathsf' in version `bold'
(Font)                  OT1/cmss/bx/n --> OT1/lmss/bx/n on input line 36.
LaTeX Font Info:    Overwriting math alphabet `\mathit' in version `bold'
(Font)                  OT1/cmr/bx/it --> OT1/lmr/bx/it on input line 37.
LaTeX Font Info:    Overwriting math alphabet `\mathtt' in version `bold'
(Font)                  OT1/cmtt/m/n --> OT1/lmtt/m/n on input line 38.
)
(C:\Users\alang\AppData\Local\Programs\MiKTeX\tex/latex/adjustbox\adjustbox.sty
Package: adjustbox 2020/08/19 v1.3 Adjusting TeX boxes (trim, clip, ...)
(C:\Users\alang\AppData\Local\Programs\MiKTeX\tex/latex/xkeyval\xkeyval.sty
Package: xkeyval 2020/11/20 v2.8 package option processing (HA)

(C:\Users\alang\AppData\Local\Programs\MiKTeX\tex/generic/xkeyval\xkeyval.tex
(C:\Users\alang\AppData\Local\Programs\MiKTeX\tex/generic/xkeyval\xkvutils.tex
\XKV@toks=\toks26
\XKV@tempa@toks=\toks27
)
\XKV@depth=\count271
File: xkeyval.tex 2014/12/03 v2.7a key=value parser (HA)
))
(C:\Users\alang\AppData\Local\Programs\MiKTeX\tex/latex/adjustbox\adjcalc.sty
Package: adjcalc 2012/05/16 v1.1 Provides advanced setlength with multiple back
-ends (calc, etex, pgfmath)
)
(C:\Users\alang\AppData\Local\Programs\MiKTeX\tex/latex/adjustbox\trimclip.sty
Package: trimclip 2020/08/19 v1.2 Trim and clip general TeX material

(C:\Users\alang\AppData\Local\Programs\MiKTeX\tex/latex/collectbox\collectbox.s
ty
Package: collectbox 2012/05/17 v0.4b Collect macro arguments as boxes
\collectedbox=\box54
)
\tc@llx=\dimen157
\tc@lly=\dimen158
\tc@urx=\dimen159
\tc@ury=\dimen160
Package trimclip Info: Using driver 'tc-pdftex.def'.

(C:\Users\alang\AppData\Local\Programs\MiKTeX\tex/latex/adjustbox\tc-pdftex.def
File: tc-pdftex.def 2019/01/04 v2.2 Clipping driver for pdftex
))
\adjbox@Width=\dimen161
\adjbox@Height=\dimen162
\adjbox@Depth=\dimen163
\adjbox@Totalheight=\dimen164
\adjbox@pwidth=\dimen165
\adjbox@pheight=\dimen166
\adjbox@pdepth=\dimen167
\adjbox@ptotalheight=\dimen168

(C:\Users\alang\AppData\Local\Programs\MiKTeX\tex/latex/ifoddpage\ifoddpage.sty
Package: ifoddpage 2016/04/23 v1.1 Conditionals for odd/even page detection
\c@checkoddpage=\count272
) (C:\Users\alang\AppData\Local\Programs\MiKTeX\tex/latex/varwidth\varwidth.sty
Package: varwidth 2009/03/30 ver 0.92;  Variable-width minipages
\@vwid@box=\box55
\sift@deathcycles=\count273
\@vwid@loff=\dimen169
\@vwid@roff=\dimen170
))
(C:\Users\alang\AppData\Local\Programs\MiKTeX\tex/latex/titlesec\titlesec.sty
Package: titlesec 2021/07/05 v2.14 Sectioning titles
\ttl@box=\box56
\beforetitleunit=\skip54
\aftertitleunit=\skip55
\ttl@plus=\dimen171
\ttl@minus=\dimen172
\ttl@toksa=\toks28
\titlewidth=\dimen173
\titlewidthlast=\dimen174
\titlewidthfirst=\dimen175
)
(C:\Users\alang\AppData\Local\Programs\MiKTeX\tex/latex/fancyhdr\fancyhdr.sty
Package: fancyhdr 2022/05/18 v4.0.3 Extensive control of page headers and foote
rs
\f@nch@headwidth=\skip56
\f@nch@O@elh=\skip57
\f@nch@O@erh=\skip58
\f@nch@O@olh=\skip59
\f@nch@O@orh=\skip60
\f@nch@O@elf=\skip61
\f@nch@O@erf=\skip62
\f@nch@O@olf=\skip63
\f@nch@O@orf=\skip64
)
(C:\Users\alang\AppData\Local\Programs\MiKTeX\tex/latex/capt-of\capt-of.sty
Package: capt-of 2009/12/29 v0.2 standard captions outside of floats
)
(C:\Users\alang\AppData\Local\Programs\MiKTeX\tex/latex/hyperref\hyperref.sty
Package: hyperref 2021-06-07 v7.00m Hypertext links for LaTeX

(C:\Users\alang\AppData\Local\Programs\MiKTeX\tex/generic/ltxcmds\ltxcmds.sty
Package: ltxcmds 2020-05-10 v1.25 LaTeX kernel commands for general use (HO)
)
(C:\Users\alang\AppData\Local\Programs\MiKTeX\tex/generic/iftex\iftex.sty
Package: iftex 2020/03/06 v1.0d TeX engine tests
)
(C:\Users\alang\AppData\Local\Programs\MiKTeX\tex/generic/pdftexcmds\pdftexcmds
.sty
Package: pdftexcmds 2020-06-27 v0.33 Utility functions of pdfTeX for LuaTeX (HO
)

(C:\Users\alang\AppData\Local\Programs\MiKTeX\tex/generic/infwarerr\infwarerr.s
ty
Package: infwarerr 2019/12/03 v1.5 Providing info/warning/error messages (HO)
)
Package pdftexcmds Info: \pdf@primitive is available.
Package pdftexcmds Info: \pdf@ifprimitive is available.
Package pdftexcmds Info: \pdfdraftmode found.
)
(C:\Users\alang\AppData\Local\Programs\MiKTeX\tex/generic/kvsetkeys\kvsetkeys.s
ty
Package: kvsetkeys 2019/12/15 v1.18 Key value parser (HO)
)
(C:\Users\alang\AppData\Local\Programs\MiKTeX\tex/generic/kvdefinekeys\kvdefine
keys.sty
Package: kvdefinekeys 2019-12-19 v1.6 Define keys (HO)
)
(C:\Users\alang\AppData\Local\Programs\MiKTeX\tex/generic/pdfescape\pdfescape.s
ty
Package: pdfescape 2019/12/09 v1.15 Implements pdfTeX's escape features (HO)
) (C:\Users\alang\AppData\Local\Programs\MiKTeX\tex/latex/hycolor\hycolor.sty
Package: hycolor 2020-01-27 v1.10 Color options for hyperref/bookmark (HO)
)
(C:\Users\alang\AppData\Local\Programs\MiKTeX\tex/latex/letltxmacro\letltxmacro
.sty
Package: letltxmacro 2019/12/03 v1.6 Let assignment for LaTeX macros (HO)
)
(C:\Users\alang\AppData\Local\Programs\MiKTeX\tex/latex/auxhook\auxhook.sty
Package: auxhook 2019-12-17 v1.6 Hooks for auxiliary files (HO)
)
(C:\Users\alang\AppData\Local\Programs\MiKTeX\tex/latex/kvoptions\kvoptions.sty
Package: kvoptions 2020-10-07 v3.14 Key value format for package options (HO)
)
\@linkdim=\dimen176
\Hy@linkcounter=\count274
\Hy@pagecounter=\count275
 (C:\Users\alang\AppData\Local\Programs\MiKTeX\tex/latex/hyperref\pd1enc.def
File: pd1enc.def 2021-06-07 v7.00m Hyperref: PDFDocEncoding definition (HO)
Now handling font encoding PD1 ...
... no UTF-8 mapping file for font encoding PD1
)
(C:\Users\alang\AppData\Local\Programs\MiKTeX\tex/latex/hyperref\hyperref-langp
atches.def
File: hyperref-langpatches.def 2021-06-07 v7.00m Hyperref: patches for babel la
nguages
)
(C:\Users\alang\AppData\Local\Programs\MiKTeX\tex/generic/intcalc\intcalc.sty
Package: intcalc 2019/12/15 v1.3 Expandable calculations with integers (HO)
)
(C:\Users\alang\AppData\Local\Programs\MiKTeX\tex/generic/etexcmds\etexcmds.sty
Package: etexcmds 2019/12/15 v1.7 Avoid name clashes with e-TeX commands (HO)
)
\Hy@SavedSpaceFactor=\count276
 (C:\Users\alang\AppData\Local\Programs\MiKTeX\tex/latex/hyperref\puenc.def
File: puenc.def 2021-06-07 v7.00m Hyperref: PDF Unicode definition (HO)
Now handling font encoding PU ...
... no UTF-8 mapping file for font encoding PU
)

Package hyperref Warning: Unexpected value for option `pdftex'
(hyperref)                is ignored on input line 4073.

Package hyperref Info: Option `colorlinks' set `true' on input line 4073.
Package hyperref Info: Option `plainpages' set `true' on input line 4073.
Package hyperref Info: Hyper figures OFF on input line 4192.
Package hyperref Info: Link nesting OFF on input line 4197.
Package hyperref Info: Hyper index ON on input line 4200.
Package hyperref Info: Plain pages ON on input line 4205.
Package hyperref Info: Backreferencing OFF on input line 4212.
Package hyperref Info: Implicit mode ON; LaTeX internals redefined.
Package hyperref Info: Bookmarks ON on input line 4445.
\c@Hy@tempcnt=\count277
(C:\Users\alang\AppData\Local\Programs\MiKTeX\tex/latex/url\url.sty
\Urlmuskip=\muskip17
Package: url 2013/09/16  ver 3.4  Verb mode for urls, etc.
)
LaTeX Info: Redefining \url on input line 4804.
\XeTeXLinkMargin=\dimen177

(C:\Users\alang\AppData\Local\Programs\MiKTeX\tex/generic/bitset\bitset.sty
Package: bitset 2019/12/09 v1.3 Handle bit-vector datatype (HO)

(C:\Users\alang\AppData\Local\Programs\MiKTeX\tex/generic/bigintcalc\bigintcalc
.sty
Package: bigintcalc 2019/12/15 v1.5 Expandable calculations on big integers (HO
)
))
\Fld@menulength=\count278
\Field@Width=\dimen178
\Fld@charsize=\dimen179
Package hyperref Info: Hyper figures OFF on input line 6076.
Package hyperref Info: Link nesting OFF on input line 6081.
Package hyperref Info: Hyper index ON on input line 6084.
Package hyperref Info: backreferencing OFF on input line 6091.
Package hyperref Info: Link coloring ON on input line 6094.
Package hyperref Info: Link coloring with OCG OFF on input line 6101.
Package hyperref Info: PDF/A mode OFF on input line 6106.
LaTeX Info: Redefining \ref on input line 6146.
LaTeX Info: Redefining \pageref on input line 6150.

(C:\Users\alang\AppData\Local\Programs\MiKTeX\tex/latex/base\atbegshi-ltx.sty
Package: atbegshi-ltx 2021/01/10 v1.0c Emulation of the original atbegshi
package with kernel methods
)
\Hy@abspage=\count279
\c@Item=\count280
\c@Hfootnote=\count281
)
Package hyperref Info: Driver: hpdftex.
(C:\Users\alang\AppData\Local\Programs\MiKTeX\tex/latex/hyperref\hpdftex.def
File: hpdftex.def 2021-06-07 v7.00m Hyperref driver for pdfTeX

(C:\Users\alang\AppData\Local\Programs\MiKTeX\tex/latex/base\atveryend-ltx.sty
Package: atveryend-ltx 2020/08/19 v1.0a Emulation of the original atvery packag
e
with kernel methods
)
\Fld@listcount=\count282
\c@bookmark@seq@number=\count283

(C:\Users\alang\AppData\Local\Programs\MiKTeX\tex/latex/rerunfilecheck\rerunfil
echeck.sty
Package: rerunfilecheck 2019/12/05 v1.9 Rerun checks for auxiliary files (HO)

(C:\Users\alang\AppData\Local\Programs\MiKTeX\tex/generic/uniquecounter\uniquec
ounter.sty
Package: uniquecounter 2019/12/15 v1.4 Provide unlimited unique counter (HO)
)
Package uniquecounter Info: New unique counter `rerunfilecheck' on input line 2
86.
)
\Hy@SectionHShift=\skip65
)
(C:\Users\alang\AppData\Local\Programs\MiKTeX\tex/latex/graphics\color.sty
Package: color 2020/02/24 v1.2b Standard LaTeX Color (DPC)

(C:\Users\alang\AppData\Local\Programs\MiKTeX\tex/latex/graphics-cfg\color.cfg
File: color.cfg 2016/01/02 v1.6 sample color configuration
)
Package color Info: Driver file: pdftex.def on input line 149.
) (C:\Users\alang\AppData\Local\Programs\MiKTeX\tex/latex/pdfpages\pdfpages.sty
Package: pdfpages 2022/05/22 v0.5v Insert pages of external PDF documents (AM)
(C:\Users\alang\AppData\Local\Programs\MiKTeX\tex/latex/base\ifthen.sty
Package: ifthen 2020/11/24 v1.1c Standard LaTeX ifthen package (DPC)
)
(C:\Users\alang\AppData\Local\Programs\MiKTeX\tex/latex/tools\calc.sty
Package: calc 2017/05/25 v4.3 Infix arithmetic (KKT,FJ)
\calc@Acount=\count284
\calc@Bcount=\count285
\calc@Adimen=\dimen180
\calc@Bdimen=\dimen181
\calc@Askip=\skip66
\calc@Bskip=\skip67
LaTeX Info: Redefining \setlength on input line 80.
LaTeX Info: Redefining \addtolength on input line 81.
\calc@Ccount=\count286
\calc@Cskip=\skip68
)
(C:\Users\alang\AppData\Local\Programs\MiKTeX\tex/latex/eso-pic\eso-pic.sty
Package: eso-pic 2020/10/14 v3.0a eso-pic (RN)
\ESO@tempdima=\dimen182
\ESO@tempdimb=\dimen183
)
\AM@pagewidth=\dimen184
\AM@pageheight=\dimen185
\AM@fboxrule=\dimen186

(C:\Users\alang\AppData\Local\Programs\MiKTeX\tex/latex/pdfpages\pppdftex.def
File: pppdftex.def 2022/05/22 v0.5v Pdfpages driver for pdfTeX (AM)
)
\pdfpages@includegraphics@status=\count287
\AM@pagebox=\box57
\AM@global@opts=\toks29
\AM@pagecnt=\count288
\AM@toc@title=\toks30
\c@AM@survey=\count289
\AM@templatesizebox=\box58
) (C:\Users\alang\AppData\Local\Programs\MiKTeX\tex/latex/float\float.sty
Package: float 2001/11/08 v1.3d Float enhancements (AL)
\c@float@type=\count290
\float@exts=\toks31
\float@box=\box59
\@float@everytoks=\toks32
\@floatcapt=\box60
)
(C:\Users\alang\AppData\Local\Programs\MiKTeX\tex/latex/shapepar\shapepar.sty
\cutoutsep=\skip69
Package: shapepar 2013/03/26 v 2.2x, Shaped paragraphs
\SH@scale=\dimen187
\SH@boxb=\box61
\SH@ntries=\count291
\spec@bot=\dimen188
\sqrtcount=\count292
)
LaTeX Font Info:    Trying to load font information for OT1+lmr on input line 3
2.

(C:\Users\alang\AppData\Local\Programs\MiKTeX\tex/latex/lm\ot1lmr.fd
File: ot1lmr.fd 2009/10/30 v1.6 Font defs for Latin Modern
)
(C:\Users\alang\AppData\Local\Programs\MiKTeX\tex/latex/l3backend\l3backend-pdf
tex.def
File: l3backend-pdftex.def 2021-08-04 L3 backend support: PDF output (pdfTeX)
\l__color_backend_stack_int=\count293
\l__pdf_internal_box=\box62
) (TT1.aux
LaTeX Info: Redefining \. on input line 26.
LaTeX Info: Redefining \% on input line 26.


LaTeX Warning: Label `fig:casosusomc' multiply defined.


LaTeX Warning: Label `fig:landmark' multiply defined.


LaTeX Warning: Label `fig:boost' multiply defined.


LaTeX Warning: Label `fig:scaraindust' multiply defined.


LaTeX Warning: Label `fig:scaraindust' multiply defined.


LaTeX Warning: Label `fig:scaraindust' multiply defined.


LaTeX Warning: Label `fig:scaraindust' multiply defined.


LaTeX Warning: Label `fig:scaraindust' multiply defined.


LaTeX Warning: Label `fig:scaraindust' multiply defined.


LaTeX Warning: Label `fig:scaraindust' multiply defined.


LaTeX Warning: Label `fig:scaraindust' multiply defined.


LaTeX Warning: Label `fig:landmark' multiply defined.


LaTeX Warning: Label `fig:scaraindust' multiply defined.


LaTeX Warning: Label `fig:scaraindust' multiply defined.


LaTeX Warning: Label `fig:scaraindust' multiply defined.


LaTeX Warning: Label `fig:scaraindust' multiply defined.


LaTeX Warning: Label `fig:scaraindust' multiply defined.


LaTeX Warning: Label `fig:scaraindust' multiply defined.


LaTeX Warning: Label `fig:scaraindust' multiply defined.


LaTeX Warning: Label `fig:scaraindust' multiply defined.


LaTeX Warning: Label `fig:scaraindust' multiply defined.


LaTeX Warning: Label `fig:landmark' multiply defined.


LaTeX Warning: Label `tab:landmakrs' multiply defined.


LaTeX Warning: Label `fig:landmark' multiply defined.

)
\openout1 = `TT1.aux'.

LaTeX Font Info:    Checking defaults for OML/cmm/m/it on input line 32.
LaTeX Font Info:    ... okay on input line 32.
LaTeX Font Info:    Checking defaults for OMS/cmsy/m/n on input line 32.
LaTeX Font Info:    ... okay on input line 32.
LaTeX Font Info:    Checking defaults for OT1/cmr/m/n on input line 32.
LaTeX Font Info:    ... okay on input line 32.
LaTeX Font Info:    Checking defaults for T1/cmr/m/n on input line 32.
LaTeX Font Info:    ... okay on input line 32.
LaTeX Font Info:    Checking defaults for TS1/cmr/m/n on input line 32.
LaTeX Font Info:    ... okay on input line 32.
LaTeX Font Info:    Checking defaults for OMX/cmex/m/n on input line 32.
LaTeX Font Info:    ... okay on input line 32.
LaTeX Font Info:    Checking defaults for U/cmr/m/n on input line 32.
LaTeX Font Info:    ... okay on input line 32.
LaTeX Font Info:    Checking defaults for PD1/pdf/m/n on input line 32.
LaTeX Font Info:    ... okay on input line 32.
LaTeX Font Info:    Checking defaults for PU/pdf/m/n on input line 32.
LaTeX Font Info:    ... okay on input line 32.
LaTeX Info: Redefining \. on input line 32.
LaTeX Info: Redefining \% on input line 32.

(C:\Users\alang\AppData\Local\Programs\MiKTeX\tex/context/base/mkii\supp-pdf.mk
ii
[Loading MPS to PDF converter (version 2006.09.02).]
\scratchcounter=\count294
\scratchdimen=\dimen189
\scratchbox=\box63
\nofMPsegments=\count295
\nofMParguments=\count296
\everyMPshowfont=\toks33
\MPscratchCnt=\count297
\MPscratchDim=\dimen190
\MPnumerator=\count298
\makeMPintoPDFobject=\count299
\everyMPtoPDFconversion=\toks34
)
(C:\Users\alang\AppData\Local\Programs\MiKTeX\tex/latex/epstopdf-pkg\epstopdf-b
ase.sty
Package: epstopdf-base 2020-01-24 v2.11 Base part for package epstopdf
Package epstopdf-base Info: Redefining graphics rule for `.eps' on input line 4
85.

(C:\Users\alang\AppData\Local\Programs\MiKTeX\tex/latex/00miktex\epstopdf-sys.c
fg
File: epstopdf-sys.cfg 2021/03/18 v2.0 Configuration of epstopdf for MiKTeX
))
Package hyperref Info: Link coloring ON on input line 32.

(C:\Users\alang\AppData\Local\Programs\MiKTeX\tex/latex/hyperref\nameref.sty
Package: nameref 2021-04-02 v2.47 Cross-referencing by name of section

(C:\Users\alang\AppData\Local\Programs\MiKTeX\tex/latex/refcount\refcount.sty
Package: refcount 2019/12/15 v3.6 Data extraction from label references (HO)
)
(C:\Users\alang\AppData\Local\Programs\MiKTeX\tex/generic/gettitlestring\gettit
lestring.sty
Package: gettitlestring 2019/12/15 v1.6 Cleanup title references (HO)
)
\c@section@level=\count300
)
LaTeX Info: Redefining \ref on input line 32.
LaTeX Info: Redefining \pageref on input line 32.
LaTeX Info: Redefining \nameref on input line 32.
 (TT1.out) (TT1.out)
\@outlinefile=\write3
\openout3 = `TT1.out'.


(C:\Users\alang\AppData\Local\Programs\MiKTeX\tex/latex/pdflscape\pdflscape.sty
Package: pdflscape 2019/12/05 v0.12 Display of landscape pages in PDF (HO)
(C:\Users\alang\AppData\Local\Programs\MiKTeX\tex/latex/graphics\lscape.sty
Package: lscape 2020/05/28 v3.02 Landscape Pages (DPC)
)
Package pdflscape Info: Auto-detected driver: pdftex on input line 81.
)
<imagenes/ipn.jpg, id=131, 180.675pt x 232.87pt>
File: imagenes/ipn.jpg Graphic file (type jpg)
<use imagenes/ipn.jpg>
Package pdftex.def Info: imagenes/ipn.jpg  used on input line 40.
(pdftex.def)             Requested size: 81.303pt x 104.79051pt.
<imagenes/upiita.png, id=132, 722.7pt x 568.1225pt>
File: imagenes/upiita.png Graphic file (type png)
<use imagenes/upiita.png>
Package pdftex.def Info: imagenes/upiita.png  used on input line 42.
(pdftex.def)             Requested size: 108.40031pt x 85.21469pt.

Underfull \hbox (badness 10000) in paragraph at lines 40--44

 []

LaTeX Font Info:    Trying to load font information for OML+lmm on input line 6
9.
(C:\Users\alang\AppData\Local\Programs\MiKTeX\tex/latex/lm\omllmm.fd
File: omllmm.fd 2009/10/30 v1.6 Font defs for Latin Modern
)
LaTeX Font Info:    Trying to load font information for OMS+lmsy on input line 
69.

(C:\Users\alang\AppData\Local\Programs\MiKTeX\tex/latex/lm\omslmsy.fd
File: omslmsy.fd 2009/10/30 v1.6 Font defs for Latin Modern
)
LaTeX Font Info:    Trying to load font information for OMX+lmex on input line 
69.

(C:\Users\alang\AppData\Local\Programs\MiKTeX\tex/latex/lm\omxlmex.fd
File: omxlmex.fd 2009/10/30 v1.6 Font defs for Latin Modern
)
LaTeX Font Info:    External font `lmex10' loaded for size
(Font)              <12> on input line 69.
LaTeX Font Info:    External font `lmex10' loaded for size
(Font)              <8> on input line 69.
LaTeX Font Info:    External font `lmex10' loaded for size
(Font)              <6> on input line 69.
LaTeX Font Info:    Trying to load font information for U+msa on input line 69.


(C:\Users\alang\AppData\Local\Programs\MiKTeX\tex/latex/amsfonts\umsa.fd
File: umsa.fd 2013/01/14 v3.01 AMS symbols A
)
LaTeX Font Info:    Trying to load font information for U+msb on input line 69.


(C:\Users\alang\AppData\Local\Programs\MiKTeX\tex/latex/amsfonts\umsb.fd
File: umsb.fd 2013/01/14 v3.01 AMS symbols B
)
[1

{C:/Users/alang/AppData/Local/MiKTeX/pdftex/config/pdftex.map} <./imagenes/ipn.
jpg> <./imagenes/upiita.png>] (TT1.toc
LaTeX Info: Redefining \. on input line 1.
LaTeX Info: Redefining \% on input line 1.
)
\tf@toc=\write4
\openout4 = `TT1.toc'.

pdfTeX warning (ext4): destination with the same identifier (name{page.1}) has 
been already used, duplicate ignored
<to be read again> 
                   \relax 
l.89 \newpage
              [1] (TT1.lof
LaTeX Info: Redefining \. on input line 1.
LaTeX Info: Redefining \% on input line 1.
)
\tf@lof=\write5
\openout5 = `TT1.lof'.

 [2] (TT1.lot
LaTeX Info: Redefining \. on input line 1.
LaTeX Info: Redefining \% on input line 1.
)
\tf@lot=\write6
\openout6 = `TT1.lot'.

 [3]
Underfull \hbox (badness 10000) in paragraph at lines 105--106

 []


Underfull \hbox (badness 10000) in paragraph at lines 107--108

 []


Underfull \hbox (badness 10000) in paragraph at lines 120--121

 []


Underfull \hbox (badness 10000) in paragraph at lines 125--126

 []

[4]
Underfull \hbox (badness 10000) in paragraph at lines 131--132

 []


Underfull \hbox (badness 10000) in paragraph at lines 140--144

 []


LaTeX Warning: `h' float specifier changed to `ht'.

[5] [6pdfTeX warning (ext4): destination with the same identifier (name{table.1
}) has been already used, duplicate ignored
<argument> ...shipout:D \box_use:N \l_shipout_box 
                                                  \__shipout_drop_firstpage_...
l.171 \newpage
              ]
<imagenes/modularidad.png, id=285, 350.81062pt x 225.84375pt>
File: imagenes/modularidad.png Graphic file (type png)
<use imagenes/modularidad.png>
Package pdftex.def Info: imagenes/modularidad.png  used on input line 177.
(pdftex.def)             Requested size: 210.48799pt x 135.50728pt.
<imagenes/diagrama_casosusomc.png, id=286, 671.50874pt x 589.20125pt>
File: imagenes/diagrama_casosusomc.png Graphic file (type png)
<use imagenes/diagrama_casosusomc.png>
Package pdftex.def Info: imagenes/diagrama_casosusomc.png  used on input line 1
91.
(pdftex.def)             Requested size: 402.90836pt x 353.52347pt.
 [7pdfTeX warning (ext4): destination with the same identifier (name{figure.1})
 has been already used, duplicate ignored
<argument> ...shipout:D \box_use:N \l_shipout_box 
                                                  \__shipout_drop_firstpage_...
l.192 ...de Uso - Módulo Central de Procesamiento}
                                                   <./imagenes/modularidad.png>
]
<imagenes/diagrama_activiadesmc.png, id=293, 1176.395pt x 1065.9825pt>
File: imagenes/diagrama_activiadesmc.png Graphic file (type png)
<use imagenes/diagrama_activiadesmc.png>
Package pdftex.def Info: imagenes/diagrama_activiadesmc.png  used on input line
 202.
(pdftex.def)             Requested size: 470.54967pt x 426.38545pt.
 [8pdfTeX warning (ext4): destination with the same identifier (name{figure.2})
 has been already used, duplicate ignored
<argument> ...shipout:D \box_use:N \l_shipout_box 
                                                  \__shipout_drop_firstpage_...
l.203 ...idades - Módulo Central de Procesamiento}
                                                   <./imagenes/diagrama_casosus
omc.png>]
Underfull \hbox (badness 10000) in paragraph at lines 208--213

 []


Underfull \hbox (badness 10000) in paragraph at lines 208--213

 []


Underfull \hbox (badness 10000) in paragraph at lines 208--213

 []

[9pdfTeX warning (ext4): destination with the same identifier (name{figure.3}) 
has been already used, duplicate ignored
<argument> ...shipout:D \box_use:N \l_shipout_box 
                                                  \__shipout_drop_firstpage_...
l.213 
       <./imagenes/diagrama_activiadesmc.png>]
<imagenes/diagrama_secuenciamc.png, id=304, 964.60374pt x 583.17876pt>
File: imagenes/diagrama_secuenciamc.png Graphic file (type png)
<use imagenes/diagrama_secuenciamc.png>
Package pdftex.def Info: imagenes/diagrama_secuenciamc.png  used on input line 
215.
(pdftex.def)             Requested size: 482.30069pt x 291.58867pt.
 [10pdfTeX warning (ext4): destination with the same identifier (name{figure.4}
) has been already used, duplicate ignored
<argument> ...shipout:D \box_use:N \l_shipout_box 
                                                  \__shipout_drop_firstpage_...
l.224 \newpage
               <./imagenes/diagrama_secuenciamc.png>]
<imagenes/casosdeusospi.png, id=312, 745.78625pt x 727.71875pt>
File: imagenes/casosdeusospi.png Graphic file (type png)
<use imagenes/casosdeusospi.png>
Package pdftex.def Info: imagenes/casosdeusospi.png  used on input line 246.
(pdftex.def)             Requested size: 462.3827pt x 451.18095pt.
 [11 <./imagenes/casosdeusospi.png>]
<imagenes/Diagramadeactividadspi.png, id=319, 884.30376pt x 1386.17876pt>
File: imagenes/Diagramadeactividadspi.png Graphic file (type png)
<use imagenes/Diagramadeactividadspi.png>
Package pdftex.def Info: imagenes/Diagramadeactividadspi.png  used on input lin
e 254.
(pdftex.def)             Requested size: 353.71524pt x 554.46169pt.

Underfull \hbox (badness 10000) in paragraph at lines 258--259

 []

[12pdfTeX warning (ext4): destination with the same identifier (name{figure.5})
 has been already used, duplicate ignored
<argument> ...shipout:D \box_use:N \l_shipout_box 
                                                  \__shipout_drop_firstpage_...
l.259 
      pdfTeX warning (ext4): destination with the same identifier (name{figure.
6}) has been already used, duplicate ignored
<argument> ...shipout:D \box_use:N \l_shipout_box 
                                                  \__shipout_drop_firstpage_...
l.259 
       <./imagenes/Diagramadeactividadspi.png>]
Underfull \hbox (badness 10000) in paragraph at lines 260--261

 []


Underfull \hbox (badness 10000) in paragraph at lines 262--264

 []


Underfull \hbox (badness 10000) in paragraph at lines 265--266

 []


Underfull \hbox (badness 10000) in paragraph at lines 267--268

 []

[13]
<imagenes/landmark.png, id=330, 415.5525pt x 395.4775pt>
File: imagenes/landmark.png Graphic file (type png)
<use imagenes/landmark.png>
Package pdftex.def Info: imagenes/landmark.png  used on input line 276.
(pdftex.def)             Requested size: 174.53085pt x 166.09941pt.
 [14pdfTeX warning (ext4): destination with the same identifier (name{figure.7}
) has been already used, duplicate ignored
<argument> ...shipout:D \box_use:N \l_shipout_box 
                                                  \__shipout_drop_firstpage_...
l.300 \newpage
              pdfTeX warning (ext4): destination with the same identifier (name
{table.2}) has been already used, duplicate ignored
<argument> ...shipout:D \box_use:N \l_shipout_box 
                                                  \__shipout_drop_firstpage_...
l.300 \newpage
               <./imagenes/landmark.png (PNG copy)>]
<imagenes/MOR.png, id=335, 209.28188pt x 164.86594pt>
File: imagenes/MOR.png Graphic file (type png)
<use imagenes/MOR.png>
Package pdftex.def Info: imagenes/MOR.png  used on input line 309.
(pdftex.def)             Requested size: 104.64067pt x 82.43275pt.
<imagenes/diagramadesecuenciaspi.png, id=336, 893.3375pt x 1325.95375pt>
File: imagenes/diagramadesecuenciaspi.png Graphic file (type png)
<use imagenes/diagramadesecuenciaspi.png>
Package pdftex.def Info: imagenes/diagramadesecuenciaspi.png  used on input lin
e 327.
(pdftex.def)             Requested size: 375.19919pt x 556.89679pt.
 [15pdfTeX warning (ext4): destination with the same identifier (name{figure.8}
) has been already used, duplicate ignored
<argument> ...shipout:D \box_use:N \l_shipout_box 
                                                  \__shipout_drop_firstpage_...
l.328 ...- Submódulo de Procesamiento de Imágenes}
                                                   <./imagenes/MOR.png>]
[16pdfTeX warning (ext4): destination with the same identifier (name{figure.9})
 has been already used, duplicate ignored
<argument> ...shipout:D \box_use:N \l_shipout_box 
                                                  \__shipout_drop_firstpage_...
l.331 \newpage
              	 <./imagenes/diagramadesecuenciaspi.png>] [17] [18]
Underfull \hbox (badness 10000) in paragraph at lines 351--352

 []


Underfull \hbox (badness 10000) in paragraph at lines 357--358

 []

LaTeX Font Info:    Trying to load font information for TS1+lmr on input line 3
65.
(C:\Users\alang\AppData\Local\Programs\MiKTeX\tex/latex/lm\ts1lmr.fd
File: ts1lmr.fd 2009/10/30 v1.6 Font defs for Latin Modern
)
Underfull \hbox (badness 10000) in paragraph at lines 365--367

 []


Underfull \hbox (badness 10000) in paragraph at lines 368--370

 []


Underfull \hbox (badness 10000) in paragraph at lines 371--373

 []


Underfull \hbox (badness 10000) in paragraph at lines 374--376

 []


Underfull \hbox (badness 10000) in paragraph at lines 377--380

 []

[19]
Underfull \hbox (badness 10000) in paragraph at lines 382--383

 []


Underfull \hbox (badness 10000) in paragraph at lines 384--387

 []


LaTeX Warning: No positions in optional float specifier.
               Default added (so using `tbp') on input line 397.


Underfull \hbox (badness 3407) in paragraph at lines 405--406
[]|\OT1/lmr/m/n/12 Amplia co-ber-tu-ra. Ofre-cen
 []


Underfull \hbox (badness 10000) in paragraph at lines 407--409
[]|\OT1/lmr/m/n/12 Aplicaciones de ciu-da-des
 []


Underfull \hbox (badness 10000) in paragraph at lines 407--409
\OT1/lmr/m/n/12 in-te-li-gen-tes. -Medidores
 []


Underfull \hbox (badness 10000) in paragraph at lines 407--409
\OT1/lmr/m/n/12 de agua in-te-li-gen-tes -
 []


Underfull \hbox (badness 1859) in paragraph at lines 413--414
[]|\OT1/lmr/m/n/12 Conectividad no cons-tan-te.
 []

[20pdfTeX warning (ext4): destination with the same identifier (name{table.3}) 
has been already used, duplicate ignored
<argument> ...shipout:D \box_use:N \l_shipout_box 
                                                  \__shipout_drop_firstpage_...
l.419 \newpage
              ]
<imagenes/redes.jpg, id=370, 443.40656pt x 374.90062pt>
File: imagenes/redes.jpg Graphic file (type jpg)
<use imagenes/redes.jpg>
Package pdftex.def Info: imagenes/redes.jpg  used on input line 423.
(pdftex.def)             Requested size: 443.40547pt x 374.8997pt.
<imagenes/cdmx.png, id=371, 543.02875pt x 735.74875pt>
File: imagenes/cdmx.png Graphic file (type png)
<use imagenes/cdmx.png>
Package pdftex.def Info: imagenes/cdmx.png  used on input line 431.
(pdftex.def)             Requested size: 108.60382pt x 147.14714pt.
LaTeX Font Info:    Trying to load font information for OML+lmr on input line 4
43.

(C:\Users\alang\AppData\Local\Programs\MiKTeX\tex/latex/lm\omllmr.fd
File: omllmr.fd 2009/10/30 v1.6 Font defs for Latin Modern
)
LaTeX Font Info:    Font shape `OML/lmr/m/n' in size <12> not available
(Font)              Font shape `OML/lmm/m/it' tried instead on input line 443.
 [21pdfTeX warning (ext4): destination with the same identifier (name{figure.10
}) has been already used, duplicate ignored
<argument> ...shipout:D \box_use:N \l_shipout_box 
                                                  \__shipout_drop_firstpage_...
l.448 \end{table}
                 pdfTeX warning (ext4): destination with the same identifier (n
ame{figure.11}) has been already used, duplicate ignored
<argument> ...shipout:D \box_use:N \l_shipout_box 
                                                  \__shipout_drop_firstpage_...
l.448 \end{table}
                  <./imagenes/redes.jpg> <./imagenes/cdmx.png>] [22pdfTeX warni
ng (ext4): destination with the same identifier (name{table.4}) has been alread
y used, duplicate ignored
<argument> ...shipout:D \box_use:N \l_shipout_box 
                                                  \__shipout_drop_firstpage_...
l.454 \newpage
              ]
Underfull \hbox (badness 10000) in paragraph at lines 457--459

 []


Underfull \hbox (badness 10000) in paragraph at lines 460--461

 []

[23]
Underfull \hbox (badness 10000) in paragraph at lines 498--499

 []


Underfull \hbox (badness 10000) in paragraph at lines 500--501

 []


Underfull \hbox (badness 10000) in paragraph at lines 502--503

 []


Underfull \hbox (badness 10000) in paragraph at lines 510--511

 []

[24] [25]
<imagenes/neurona.png, id=394, 490.83376pt x 212.29312pt>
File: imagenes/neurona.png Graphic file (type png)
<use imagenes/neurona.png>
Package pdftex.def Info: imagenes/neurona.png  used on input line 545.
(pdftex.def)             Requested size: 245.41628pt x 106.1463pt.
 [26pdfTeX warning (ext4): destination with the same identifier (name{figure.12
}) has been already used, duplicate ignored
<argument> ...shipout:D \box_use:N \l_shipout_box 
                                                  \__shipout_drop_firstpage_...
l.573 \
        <./imagenes/neurona.png>]
Underfull \hbox (badness 10000) in paragraph at lines 604--605

 []

[27]
<imagenes/cnn.png, id=417, 437.38406pt x 216.05719pt>
File: imagenes/cnn.png Graphic file (type png)
<use imagenes/cnn.png>
Package pdftex.def Info: imagenes/cnn.png  used on input line 627.
(pdftex.def)             Requested size: 218.69148pt x 108.02832pt.
 [28pdfTeX warning (ext4): destination with the same identifier (name{figure.13
}) has been already used, duplicate ignored
<argument> ...shipout:D \box_use:N \l_shipout_box 
                                                  \__shipout_drop_firstpage_...
l.659 
       <./imagenes/cnn.png>]
Underfull \hbox (badness 10000) in paragraph at lines 663--664

 []


Package amsfonts Warning: Obsolete command \bold; \mathbf should be used instea
d on input line 670.

<imagenes/clasificadores.png, id=423, 994.46532pt x 234.1247pt>
File: imagenes/clasificadores.png Graphic file (type png)
<use imagenes/clasificadores.png>
Package pdftex.def Info: imagenes/clasificadores.png  used on input line 685.
(pdftex.def)             Requested size: 497.23145pt x 117.06206pt.
[29pdfTeX warning (ext4): destination with the same identifier (name{figure.14}
) has been already used, duplicate ignored
<argument> ...shipout:D \box_use:N \l_shipout_box 
                                                  \__shipout_drop_firstpage_...
l.692 \newpage
               <./imagenes/clasificadores.png>] [30] [31] [32] [33] [34]
[35]
<imagenes/Espeificaciones fisicas Raspberry Pi.jpg, id=458, 923.70094pt x 576.6
5437pt>
File: imagenes/Espeificaciones fisicas Raspberry Pi.jpg Graphic file (type jpg)

<use imagenes/Espeificaciones fisicas Raspberry Pi.jpg>
Package pdftex.def Info: imagenes/Espeificaciones fisicas Raspberry Pi.jpg  use
d on input line 748.
(pdftex.def)             Requested size: 369.47383pt x 230.65765pt.
<imagenes/KY-006.jpg, id=459, 803.0pt x 803.0pt>
File: imagenes/KY-006.jpg Graphic file (type jpg)
<use imagenes/KY-006.jpg>
Package pdftex.def Info: imagenes/KY-006.jpg  used on input line 756.
(pdftex.def)             Requested size: 160.59715pt x 160.59715pt.
 [36pdfTeX warning (ext4): destination with the same identifier (name{table.5})
 has been already used, duplicate ignored
<argument> ...shipout:D \box_use:N \l_shipout_box 
                                                  \__shipout_drop_firstpage_...
l.757 \captionof{figure}{Zumbador Pasivo KY-006}
                                                pdfTeX warning (ext4): destinat
ion with the same identifier (name{figure.15}) has been already used, duplicate
 ignored
<argument> ...shipout:D \box_use:N \l_shipout_box 
                                                  \__shipout_drop_firstpage_...
l.757 \captionof{figure}{Zumbador Pasivo KY-006}
                                                 <./imagenes/Espeificaciones fi
sicas Raspberry Pi.jpg>]
<imagenes/camara.jpg, id=465, 368.37625pt x 351.3125pt>
File: imagenes/camara.jpg Graphic file (type jpg)
<use imagenes/camara.jpg>
Package pdftex.def Info: imagenes/camara.jpg  used on input line 765.
(pdftex.def)             Requested size: 147.34789pt x 140.5225pt.

Underfull \hbox (badness 10000) in paragraph at lines 771--772

 []

<imagenes/Jumpers.jpg, id=466, 570.13pt x 503.8825pt>
File: imagenes/Jumpers.jpg Graphic file (type jpg)
<use imagenes/Jumpers.jpg>
Package pdftex.def Info: imagenes/Jumpers.jpg  used on input line 774.
(pdftex.def)             Requested size: 228.04796pt x 201.54942pt.
[37pdfTeX warning (ext4): destination with the same identifier (name{figure.16}
) has been already used, duplicate ignored
<argument> ...shipout:D \box_use:N \l_shipout_box 
                                                  \__shipout_drop_firstpage_...
l.775 \captionof{figure}{Jumpers}
                                 pdfTeX warning (ext4): destination with the sa
me identifier (name{figure.17}) has been already used, duplicate ignored
<argument> ...shipout:D \box_use:N \l_shipout_box 
                                                  \__shipout_drop_firstpage_...
l.775 \captionof{figure}{Jumpers}
                                  <./imagenes/KY-006.jpg> <./imagenes/camara.jp
g> <./imagenes/Jumpers.jpg>]
<imagenes/MicroSD.png, id=471, 220.825pt x 91.34125pt>
File: imagenes/MicroSD.png Graphic file (type png)
<use imagenes/MicroSD.png>
Package pdftex.def Info: imagenes/MicroSD.png  used on input line 786.
(pdftex.def)             Requested size: 110.41222pt x 45.6705pt.
 [38pdfTeX warning (ext4): destination with the same identifier (name{figure.18
}) has been already used, duplicate ignored
<argument> ...shipout:D \box_use:N \l_shipout_box 
                                                  \__shipout_drop_firstpage_...
l.790 \newpage
              pdfTeX warning (ext4): destination with the same identifier (name
{figure.19}) has been already used, duplicate ignored
<argument> ...shipout:D \box_use:N \l_shipout_box 
                                                  \__shipout_drop_firstpage_...
l.790 \newpage
               <./imagenes/MicroSD.png>]
<imagenes/sixfabhat.png, id=477, 353.82187pt x 319.94531pt>
File: imagenes/sixfabhat.png Graphic file (type png)
<use imagenes/sixfabhat.png>
Package pdftex.def Info: imagenes/sixfabhat.png  used on input line 794.
(pdftex.def)             Requested size: 141.52623pt x 127.97585pt.
<imagenes/LE910.png, id=478, 258.9675pt x 280.79906pt>
File: imagenes/LE910.png Graphic file (type png)
<use imagenes/LE910.png>
Package pdftex.def Info: imagenes/LE910.png  used on input line 804.
(pdftex.def)             Requested size: 181.27599pt x 196.558pt.
 [39pdfTeX warning (ext4): destination with the same identifier (name{figure.20
}) has been already used, duplicate ignored
<argument> ...shipout:D \box_use:N \l_shipout_box 
                                                  \__shipout_drop_firstpage_...
l.814 \newpage
              pdfTeX warning (ext4): destination with the same identifier (name
{figure.21}) has been already used, duplicate ignored
<argument> ...shipout:D \box_use:N \l_shipout_box 
                                                  \__shipout_drop_firstpage_...
l.814 \newpage
               <./imagenes/sixfabhat.png> <./imagenes/LE910.png>]
<imagenes/lteantena.png, id=485, 411.03563pt x 415.5525pt>
File: imagenes/lteantena.png Graphic file (type png)
<use imagenes/lteantena.png>
Package pdftex.def Info: imagenes/lteantena.png  used on input line 818.
(pdftex.def)             Requested size: 164.41133pt x 166.21805pt.
 [40pdfTeX warning (ext4): destination with the same identifier (name{figure.22
}) has been already used, duplicate ignored
<argument> ...shipout:D \box_use:N \l_shipout_box 
                                                  \__shipout_drop_firstpage_...
l.828 \newpage
               <./imagenes/lteantena.png>]
<imagenes/unidadcontenedora.png, id=491, 1627.07875pt x 1569.865pt>
File: imagenes/unidadcontenedora.png Graphic file (type png)
<use imagenes/unidadcontenedora.png>
Package pdftex.def Info: imagenes/unidadcontenedora.png  used on input line 833
.
(pdftex.def)             Requested size: 488.1274pt x 470.96313pt.
 [41pdfTeX warning (ext4): destination with the same identifier (name{figure.23
}) has been already used, duplicate ignored
<argument> ...shipout:D \box_use:N \l_shipout_box 
                                                  \__shipout_drop_firstpage_...
l.838 \newpage
               <./imagenes/unidadcontenedora.png>]
<imagenes/topdowngeneral.png, id=497, 1145.27875pt x 300.12125pt>
File: imagenes/topdowngeneral.png Graphic file (type png)
<use imagenes/topdowngeneral.png>
Package pdftex.def Info: imagenes/topdowngeneral.png  used on input line 845.
(pdftex.def)             Requested size: 492.46027pt x 129.04962pt.
 [42pdfTeX warning (ext4): destination with the same identifier (name{figure.24
}) has been already used, duplicate ignored
<argument> ...shipout:D \box_use:N \l_shipout_box 
                                                  \__shipout_drop_firstpage_...
l.850 \newpage
               <./imagenes/topdowngeneral.png>]
File: imagenes/Espeificaciones fisicas Raspberry Pi.jpg Graphic file (type jpg)

<use imagenes/Espeificaciones fisicas Raspberry Pi.jpg>
Package pdftex.def Info: imagenes/Espeificaciones fisicas Raspberry Pi.jpg  use
d on input line 863.
(pdftex.def)             Requested size: 369.47383pt x 230.65765pt.
File: imagenes/KY-006.jpg Graphic file (type jpg)
<use imagenes/KY-006.jpg>
Package pdftex.def Info: imagenes/KY-006.jpg  used on input line 871.
(pdftex.def)             Requested size: 160.59715pt x 160.59715pt.
 [43pdfTeX warning (ext4): destination with the same identifier (name{figure.25
}) has been already used, duplicate ignored
<argument> ...shipout:D \box_use:N \l_shipout_box 
                                                  \__shipout_drop_firstpage_...
l.878 
      pdfTeX warning (ext4): destination with the same identifier (name{figure.
26}) has been already used, duplicate ignored
<argument> ...shipout:D \box_use:N \l_shipout_box 
                                                  \__shipout_drop_firstpage_...
l.878 
      ]
File: imagenes/camara.jpg Graphic file (type jpg)
<use imagenes/camara.jpg>
Package pdftex.def Info: imagenes/camara.jpg  used on input line 880.
(pdftex.def)             Requested size: 147.34789pt x 140.5225pt.

Underfull \hbox (badness 10000) in paragraph at lines 886--887

 []

File: imagenes/Jumpers.jpg Graphic file (type jpg)
<use imagenes/Jumpers.jpg>
Package pdftex.def Info: imagenes/Jumpers.jpg  used on input line 889.
(pdftex.def)             Requested size: 228.04796pt x 201.54942pt.
File: imagenes/MicroSD.png Graphic file (type png)
<use imagenes/MicroSD.png>
Package pdftex.def Info: imagenes/MicroSD.png  used on input line 901.
(pdftex.def)             Requested size: 110.41222pt x 45.6705pt.
[44pdfTeX warning (ext4): destination with the same identifier (name{figure.27}
) has been already used, duplicate ignored
<argument> ...shipout:D \box_use:N \l_shipout_box 
                                                  \__shipout_drop_firstpage_...
l.905 \newpage
              pdfTeX warning (ext4): destination with the same identifier (name
{figure.28}) has been already used, duplicate ignored
<argument> ...shipout:D \box_use:N \l_shipout_box 
                                                  \__shipout_drop_firstpage_...
l.905 \newpage
              pdfTeX warning (ext4): destination with the same identifier (name
{figure.29}) has been already used, duplicate ignored
<argument> ...shipout:D \box_use:N \l_shipout_box 
                                                  \__shipout_drop_firstpage_...
l.905 \newpage
              ]
File: imagenes/sixfabhat.png Graphic file (type png)
<use imagenes/sixfabhat.png>
Package pdftex.def Info: imagenes/sixfabhat.png  used on input line 909.
(pdftex.def)             Requested size: 141.52623pt x 127.97585pt.
File: imagenes/LE910.png Graphic file (type png)
<use imagenes/LE910.png>
Package pdftex.def Info: imagenes/LE910.png  used on input line 919.
(pdftex.def)             Requested size: 181.27599pt x 196.558pt.
 [45pdfTeX warning (ext4): destination with the same identifier (name{figure.30
}) has been already used, duplicate ignored
<argument> ...shipout:D \box_use:N \l_shipout_box 
                                                  \__shipout_drop_firstpage_...
l.929 \newpage
              pdfTeX warning (ext4): destination with the same identifier (name
{figure.31}) has been already used, duplicate ignored
<argument> ...shipout:D \box_use:N \l_shipout_box 
                                                  \__shipout_drop_firstpage_...
l.929 \newpage
              ]
File: imagenes/lteantena.png Graphic file (type png)
<use imagenes/lteantena.png>
Package pdftex.def Info: imagenes/lteantena.png  used on input line 933.
(pdftex.def)             Requested size: 164.41133pt x 166.21805pt.
 [46pdfTeX warning (ext4): destination with the same identifier (name{figure.32
}) has been already used, duplicate ignored
<argument> ...shipout:D \box_use:N \l_shipout_box 
                                                  \__shipout_drop_firstpage_...
l.943 \newpage
              ]
File: imagenes/unidadcontenedora.png Graphic file (type png)
<use imagenes/unidadcontenedora.png>
Package pdftex.def Info: imagenes/unidadcontenedora.png  used on input line 948
.
(pdftex.def)             Requested size: 488.1274pt x 470.96313pt.
 [47pdfTeX warning (ext4): destination with the same identifier (name{figure.33
}) has been already used, duplicate ignored
<argument> ...shipout:D \box_use:N \l_shipout_box 
                                                  \__shipout_drop_firstpage_...
l.954 \newpage
              ] [48]
File: imagenes/landmark.png Graphic file (type png)
<use imagenes/landmark.png>
Package pdftex.def Info: imagenes/landmark.png  used on input line 967.
(pdftex.def)             Requested size: 174.53085pt x 166.09941pt.
File: imagenes/MOR.png Graphic file (type png)
<use imagenes/MOR.png>
Package pdftex.def Info: imagenes/MOR.png  used on input line 998.
(pdftex.def)             Requested size: 104.64067pt x 82.43275pt.
 [49pdfTeX warning (ext4): destination with the same identifier (name{figure.34
}) has been already used, duplicate ignored
<argument> ...shipout:D \box_use:N \l_shipout_box 
                                                  \__shipout_drop_firstpage_...
l.1001 \end{center}
                   pdfTeX warning (ext4): destination with the same identifier 
(name{table.6}) has been already used, duplicate ignored
<argument> ...shipout:D \box_use:N \l_shipout_box 
                                                  \__shipout_drop_firstpage_...
l.1001 \end{center}
                   ] [50pdfTeX warning (ext4): destination with the same identi
fier (name{figure.35}) has been already used, duplicate ignored
<argument> ...shipout:D \box_use:N \l_shipout_box 
                                                  \__shipout_drop_firstpage_...
l.1018 \newpage
               ] [51] [52] [53] [54] [55] [56] [57] [58] [59pdfTeX warning (ext
4): destination with the same identifier (name{table.7}) has been already used,
 duplicate ignored
<argument> ...shipout:D \box_use:N \l_shipout_box 
                                                  \__shipout_drop_firstpage_...
l.1064 \newpage
               ]
Underfull \hbox (badness 10000) in paragraph at lines 1066--1067

 []


Underfull \hbox (badness 10000) in paragraph at lines 1068--1069

 []

[60]
Underfull \hbox (badness 2213) in paragraph at lines 1083--1086
[]\OT1/lmr/m/n/12 M. Paez y Emi-lio Abar-ca. \OT1/lmr/m/it/12 Re-su-men Bo-le-t
i-nes\OT1/lmr/m/n/12 , Ins-ti-tu-to Me-xi-cano del Trans-por-te.
 []

[61] (TT1.aux
LaTeX Info: Redefining \. on input line 26.
LaTeX Info: Redefining \% on input line 26.
)

LaTeX Warning: There were multiply-defined labels.


Package rerunfilecheck Warning: File `TT1.out' has changed.
(rerunfilecheck)                Rerun to get outlines right
(rerunfilecheck)                or use package `bookmark'.

Package rerunfilecheck Info: Checksums for `TT1.out':
(rerunfilecheck)             Before: 5F091E3015F16B105DDE2953C4C4E241;6092
(rerunfilecheck)             After:  653DC385F4243173D10E9EAB187BD5F2;6549.
 ) 
Here is how much of TeX's memory you used:
 13663 strings out of 478927
 210820 string characters out of 2852536
 534688 words of memory out of 3000000
 31069 multiletter control sequences out of 15000+600000
 464004 words of font info for 60 fonts, out of 8000000 for 9000
 1141 hyphenation exceptions out of 8191
 60i,17n,66p,777b,572s stack positions out of 5000i,500n,10000p,200000b,80000s
{C:/Users/alang/AppData/Local/Programs/MiKTeX/fonts/enc/dvips/lm/lm-rm.enc}{C
:/Users/alang/AppData/Local/Programs/MiKTeX/fonts/enc/dvips/lm/lm-mathsy.enc}{C
:/Users/alang/AppData/Local/Programs/MiKTeX/fonts/enc/dvips/lm/lm-mathex.enc}{C
:/Users/alang/AppData/Local/Programs/MiKTeX/fonts/enc/dvips/lm/lm-mathit.enc}{C
:/Users/alang/AppData/Local/Programs/MiKTeX/fonts/enc/dvips/lm/lm-ts1.enc}{C:/U
sers/alang/AppData/Local/Programs/MiKTeX/fonts/enc/dvips/lm/lm-rmsc.enc}<C:/Use
rs/alang/AppData/Local/Programs/MiKTeX/fonts/type1/public/lm/lmbx12.pfb><C:/Use
rs/alang/AppData/Local/Programs/MiKTeX/fonts/type1/public/lm/lmbxi10.pfb><C:/Us
ers/alang/AppData/Local/Programs/MiKTeX/fonts/type1/public/lm/lmcsc10.pfb><C:/U
sers/alang/AppData/Local/Programs/MiKTeX/fonts/type1/public/lm/lmex10.pfb><C:/U
sers/alang/AppData/Local/Programs/MiKTeX/fonts/type1/public/lm/lmmi12.pfb><C:/U
sers/alang/AppData/Local/Programs/MiKTeX/fonts/type1/public/lm/lmmi8.pfb><C:/Us
ers/alang/AppData/Local/Programs/MiKTeX/fonts/type1/public/lm/lmr10.pfb><C:/Use
rs/alang/AppData/Local/Programs/MiKTeX/fonts/type1/public/lm/lmr12.pfb><C:/User
s/alang/AppData/Local/Programs/MiKTeX/fonts/type1/public/lm/lmr6.pfb><C:/Users/
alang/AppData/Local/Programs/MiKTeX/fonts/type1/public/lm/lmr8.pfb><C:/Users/al
ang/AppData/Local/Programs/MiKTeX/fonts/type1/public/lm/lmri12.pfb><C:/Users/al
ang/AppData/Local/Programs/MiKTeX/fonts/type1/public/lm/lmsy10.pfb><C:/Users/al
ang/AppData/Local/Programs/MiKTeX/fonts/type1/public/lm/lmsy8.pfb>
Output written on TT1.pdf (62 pages, 2114735 bytes).
PDF statistics:
 693 PDF objects out of 1000 (max. 8388607)
 162 named destinations out of 1000 (max. 500000)
 387 words of extra memory for PDF output out of 10000 (max. 10000000)

