This is pdfTeX, Version 3.141592653-2.6-1.40.23 (MiKTeX 21.8) (preloaded format=pdflatex 2021.9.8)  3 SEP 2022 12:39
entering extended mode
**./portada.tex
(portada.tex
LaTeX2e <2021-06-01> patch level 1
L3 programming layer <2021-08-27>

! LaTeX Error: Environment titlepage undefined.

See the LaTeX manual or LaTeX Companion for explanation.
Type  H <return>  for immediate help.
 ...                                              
                                                  
l.1 \begin{titlepage}
                     
Your command was ignored.
Type  I <command> <return>  to replace it with another command,
or  <return>  to continue without it.

! Undefined control sequence.
l.7 \includegraphics
                    [scale=0.45]{imagenes/upiita}
The control sequence at the end of the top line
of your error message was never \def'ed. If you have
misspelled it (e.g., `\hobx'), type `I' and the correct
spelling (e.g., `I\hbox'). Otherwise just continue,
and I'll forget about whatever was undefined.


! LaTeX Error: Missing \begin{document}.

See the LaTeX manual or LaTeX Companion for explanation.
Type  H <return>  for immediate help.
 ...                                              
                                                  
l.7 \includegraphics[
                     scale=0.45]{imagenes/upiita}
You're in trouble here.  Try typing  <return>  to proceed.
If that doesn't work, type  X <return>  to quit.

Missing character: There is no [ in font nullfont!
Missing character: There is no s in font nullfont!
Missing character: There is no c in font nullfont!
Missing character: There is no a in font nullfont!
Missing character: There is no l in font nullfont!
Missing character: There is no e in font nullfont!
Missing character: There is no = in font nullfont!
Missing character: There is no 0 in font nullfont!
Missing character: There is no . in font nullfont!
Missing character: There is no 4 in font nullfont!
Missing character: There is no 5 in font nullfont!
Missing character: There is no ] in font nullfont!
Missing character: There is no i in font nullfont!
Missing character: There is no m in font nullfont!
Missing character: There is no a in font nullfont!
Missing character: There is no g in font nullfont!
Missing character: There is no e in font nullfont!
Missing character: There is no n in font nullfont!
Missing character: There is no e in font nullfont!
Missing character: There is no s in font nullfont!
Missing character: There is no / in font nullfont!
Missing character: There is no u in font nullfont!
Missing character: There is no p in font nullfont!
Missing character: There is no i in font nullfont!
Missing character: There is no i in font nullfont!
Missing character: There is no t in font nullfont!
Missing character: There is no a in font nullfont!
! Undefined control sequence.
l.9 \includegraphics
                    [scale=0.45]{imagenes/ipn}
The control sequence at the end of the top line
of your error message was never \def'ed. If you have
misspelled it (e.g., `\hobx'), type `I' and the correct
spelling (e.g., `I\hbox'). Otherwise just continue,
and I'll forget about whatever was undefined.

Missing character: There is no [ in font nullfont!
Missing character: There is no s in font nullfont!
Missing character: There is no c in font nullfont!
Missing character: There is no a in font nullfont!
Missing character: There is no l in font nullfont!
Missing character: There is no e in font nullfont!
Missing character: There is no = in font nullfont!
Missing character: There is no 0 in font nullfont!
Missing character: There is no . in font nullfont!
Missing character: There is no 4 in font nullfont!
Missing character: There is no 5 in font nullfont!
Missing character: There is no ] in font nullfont!
Missing character: There is no i in font nullfont!
Missing character: There is no m in font nullfont!
Missing character: There is no a in font nullfont!
Missing character: There is no g in font nullfont!
Missing character: There is no e in font nullfont!
Missing character: There is no n in font nullfont!
Missing character: There is no e in font nullfont!
Missing character: There is no s in font nullfont!
Missing character: There is no / in font nullfont!
Missing character: There is no i in font nullfont!
Missing character: There is no p in font nullfont!
Missing character: There is no n in font nullfont!

Overfull \hbox (20.0pt too wide) in paragraph at lines 7--10
[]
 []

! Undefined control sequence.
<recently read> \LARGE 
                       
l.11 ...ria en Ingeniería y Tecnologías Avanzadas}
                                                  \\[1.5cm]
The control sequence at the end of the top line
of your error message was never \def'ed. If you have
misspelled it (e.g., `\hobx'), type `I' and the correct
spelling (e.g., `I\hbox'). Otherwise just continue,
and I'll forget about whatever was undefined.


! Package inputenc Error: Invalid UTF-8 byte sequence.

See the inputenc package documentation for explanation.
Type  H <return>  for immediate help.
 ...                                              
                                                  
l.11 ...ria en Ingeniería y Tecnologías Avanzadas}
                                                  \\[1.5cm]
The document does not appear to be in UTF-8 encoding.
Try adding \UseRawInputEncoding as the first line of the file
or specify an encoding such as \usepackage [latin1]{inputenc}
in the document preamble.
Alternatively, save the file in UTF-8 using your editor or another tool


! Package inputenc Error: Invalid UTF-8 byte sequence.

See the inputenc package documentation for explanation.
Type  H <return>  for immediate help.
 ...                                              
                                                  
l.11 ...ria en Ingeniería y Tecnologías Avanzadas}
                                                  \\[1.5cm]
The document does not appear to be in UTF-8 encoding.
Try adding \UseRawInputEncoding as the first line of the file
or specify an encoding such as \usepackage [latin1]{inputenc}
in the document preamble.
Alternatively, save the file in UTF-8 using your editor or another tool


Overfull \hbox (35.69427pt too wide) in paragraph at lines 11--11
 \OT1/cmr/m/sc/10 Unidad 
 []


Overfull \hbox (23.34982pt too wide) in paragraph at lines 11--11
 \OT1/cmr/m/sc/10 Pro- 
 []


Overfull \hbox (14.71103pt too wide) in paragraph at lines 11--11
 \OT1/cmr/m/sc/10 fe- 
 []


Overfull \hbox (31.35542pt too wide) in paragraph at lines 11--11
 \OT1/cmr/m/sc/10 sional 
 []


Overfull \hbox (13.96655pt too wide) in paragraph at lines 11--11
 \OT1/cmr/m/sc/10 In- 
 []


Overfull \hbox (21.28876pt too wide) in paragraph at lines 11--11
 \OT1/cmr/m/sc/10 ter- 
 []


Overfull \hbox (17.62213pt too wide) in paragraph at lines 11--11
 \OT1/cmr/m/sc/10 dis- 
 []


Overfull \hbox (12.71101pt too wide) in paragraph at lines 11--11
 \OT1/cmr/m/sc/10 ci- 
 []


Overfull \hbox (41.1776pt too wide) in paragraph at lines 11--11
 \OT1/cmr/m/sc/10 plinaria 
 []


Overfull \hbox (11.71106pt too wide) in paragraph at lines 11--11
 \OT1/cmr/m/sc/10 en 
 []


Overfull \hbox (13.96655pt too wide) in paragraph at lines 11--11
 \OT1/cmr/m/sc/10 In- 
 []


Overfull \hbox (15.76656pt too wide) in paragraph at lines 11--11
 \OT1/cmr/m/sc/10 ge- 
 []


Overfull \hbox (20.75546pt too wide) in paragraph at lines 11--11
 \OT1/cmr/m/sc/10 nier 
 []


Overfull \hbox (23.1276pt too wide) in paragraph at lines 11--11
 \OT1/cmr/m/sc/10 Tec- 
 []


Overfull \hbox (30.38875pt too wide) in paragraph at lines 11--11
 \OT1/cmr/m/sc/10 nolog 
 []


Overfull \hbox (28.26094pt too wide) in paragraph at lines 11--11
 \OT1/cmr/m/sc/10 Avan- 
 []


Overfull \hbox (27.8888pt too wide) in paragraph at lines 11--11
 \OT1/cmr/m/sc/10 zadas 
 []

! Undefined control sequence.
<recently read> \Large 
                       
l.13 ...unicación inalámbrica y geolocalización''}
                                                  \\[0.5cm]
The control sequence at the end of the top line
of your error message was never \def'ed. If you have
misspelled it (e.g., `\hobx'), type `I' and the correct
spelling (e.g., `I\hbox'). Otherwise just continue,
and I'll forget about whatever was undefined.


! Package inputenc Error: Invalid UTF-8 byte sequence.

See the inputenc package documentation for explanation.
Type  H <return>  for immediate help.
 ...                                              
                                                  
l.13 ...unicación inalámbrica y geolocalización''}
                                                  \\[0.5cm]
The document does not appear to be in UTF-8 encoding.
Try adding \UseRawInputEncoding as the first line of the file
or specify an encoding such as \usepackage [latin1]{inputenc}
in the document preamble.
Alternatively, save the file in UTF-8 using your editor or another tool


! Package inputenc Error: Invalid UTF-8 byte sequence.

See the inputenc package documentation for explanation.
Type  H <return>  for immediate help.
 ...                                              
                                                  
l.13 ...unicación inalámbrica y geolocalización''}
                                                  \\[0.5cm]
The document does not appear to be in UTF-8 encoding.
Try adding \UseRawInputEncoding as the first line of the file
or specify an encoding such as \usepackage [latin1]{inputenc}
in the document preamble.
Alternatively, save the file in UTF-8 using your editor or another tool


! Package inputenc Error: Invalid UTF-8 byte sequence.

See the inputenc package documentation for explanation.
Type  H <return>  for immediate help.
 ...                                              
                                                  
l.13 ...unicación inalámbrica y geolocalización''}
                                                  \\[0.5cm]
The document does not appear to be in UTF-8 encoding.
Try adding \UseRawInputEncoding as the first line of the file
or specify an encoding such as \usepackage [latin1]{inputenc}
in the document preamble.
Alternatively, save the file in UTF-8 using your editor or another tool


! Package inputenc Error: Invalid UTF-8 byte sequence.

See the inputenc package documentation for explanation.
Type  H <return>  for immediate help.
 ...                                              
                                                  
l.13 ...unicación inalámbrica y geolocalización''}
                                                  \\[0.5cm]
The document does not appear to be in UTF-8 encoding.
Try adding \UseRawInputEncoding as the first line of the file
or specify an encoding such as \usepackage [latin1]{inputenc}
in the document preamble.
Alternatively, save the file in UTF-8 using your editor or another tool


! Package inputenc Error: Invalid UTF-8 byte sequence.

See the inputenc package documentation for explanation.
Type  H <return>  for immediate help.
 ...                                              
                                                  
l.13 ...unicación inalámbrica y geolocalización''}
                                                  \\[0.5cm]
The document does not appear to be in UTF-8 encoding.
Try adding \UseRawInputEncoding as the first line of the file
or specify an encoding such as \usepackage [latin1]{inputenc}
in the document preamble.
Alternatively, save the file in UTF-8 using your editor or another tool


Overfull \hbox (44.32748pt too wide) in paragraph at lines 13--13
 []\OT1/cmr/m/sc/10 ``Sistema 
 []


Overfull \hbox (23.19989pt too wide) in paragraph at lines 13--13
 \OT1/cmr/m/sc/10 para 
 []


Overfull \hbox (10.71104pt too wide) in paragraph at lines 13--13
 \OT1/cmr/m/sc/10 el 
 []


Overfull \hbox (23.73322pt too wide) in paragraph at lines 13--13
 \OT1/cmr/m/sc/10 mon- 
 []


Overfull \hbox (6.79994pt too wide) in paragraph at lines 13--13
 \OT1/cmr/m/sc/10 i- 
 []


Overfull \hbox (33.41647pt too wide) in paragraph at lines 13--13
 \OT1/cmr/m/sc/10 toreo, 
 []


Overfull \hbox (15.59991pt too wide) in paragraph at lines 13--13
 \OT1/cmr/m/sc/10 de- 
 []


Overfull \hbox (21.17763pt too wide) in paragraph at lines 13--13
 \OT1/cmr/m/sc/10 tec- 
 []


Overfull \hbox (17.84431pt too wide) in paragraph at lines 13--13
 \OT1/cmr/m/sc/10 cil- 
 []


Overfull \hbox (22.31096pt too wide) in paragraph at lines 13--13
 \OT1/cmr/m/sc/10 erta 
 []


Overfull \hbox (11.82217pt too wide) in paragraph at lines 13--13
 \OT1/cmr/m/sc/10 de 
 []


Overfull \hbox (22.17766pt too wide) in paragraph at lines 13--13
 \OT1/cmr/m/sc/10 som- 
 []


Overfull \hbox (16.26659pt too wide) in paragraph at lines 13--13
 \OT1/cmr/m/sc/10 no- 
 []


Overfull \hbox (20.6221pt too wide) in paragraph at lines 13--13
 \OT1/cmr/m/sc/10 len- 
 []


Overfull \hbox (15.06659pt too wide) in paragraph at lines 13--13
 \OT1/cmr/m/sc/10 cia 
 []


Overfull \hbox (16.95547pt too wide) in paragraph at lines 13--13
 \OT1/cmr/m/sc/10 del 
 []


Overfull \hbox (22.17766pt too wide) in paragraph at lines 13--13
 \OT1/cmr/m/sc/10 con- 
 []


Overfull \hbox (22.06656pt too wide) in paragraph at lines 13--13
 \OT1/cmr/m/sc/10 duc- 
 []


Overfull \hbox (18.2888pt too wide) in paragraph at lines 13--13
 \OT1/cmr/m/sc/10 tor 
 []


Overfull \hbox (16.82211pt too wide) in paragraph at lines 13--13
 \OT1/cmr/m/sc/10 me- 
 []


Overfull \hbox (13.04437pt too wide) in paragraph at lines 13--13
 \OT1/cmr/m/sc/10 di- 
 []


Overfull \hbox (23.75545pt too wide) in paragraph at lines 13--13
 \OT1/cmr/m/sc/10 ante 
 []


Overfull \hbox (20.53322pt too wide) in paragraph at lines 13--13
 \OT1/cmr/m/sc/10 visi- 
 []


Overfull \hbox (15.73322pt too wide) in paragraph at lines 13--13
 \OT1/cmr/m/sc/10 iti- 
 []


Overfull \hbox (12.15549pt too wide) in paragraph at lines 13--13
 \OT1/cmr/m/sc/10 fi- 
 []


Overfull \hbox (23.39429pt too wide) in paragraph at lines 13--13
 \OT1/cmr/m/sc/10 cial, 
 []


Overfull \hbox (16.04434pt too wide) in paragraph at lines 13--13
 \OT1/cmr/m/sc/10 co- 
 []


Overfull \hbox (17.37769pt too wide) in paragraph at lines 13--13
 \OT1/cmr/m/sc/10 mu- 
 []


Overfull \hbox (12.93326pt too wide) in paragraph at lines 13--13
 \OT1/cmr/m/sc/10 ni- 
 []


Overfull \hbox (15.82213pt too wide) in paragraph at lines 13--13
 \OT1/cmr/m/sc/10 ca- 
 []


Overfull \hbox (23.97763pt too wide) in paragraph at lines 13--13
 \OT1/cmr/m/sc/10 cial- 
 []


Overfull \hbox (21.08879pt too wide) in paragraph at lines 13--13
 \OT1/cmr/m/sc/10 rica 
 []


Overfull \hbox (6.13332pt too wide) in paragraph at lines 13--13
 \OT1/cmr/m/sc/10 y 
 []


Overfull \hbox (15.76656pt too wide) in paragraph at lines 13--13
 \OT1/cmr/m/sc/10 ge- 
 []


Overfull \hbox (21.6221pt too wide) in paragraph at lines 13--13
 \OT1/cmr/m/sc/10 olo- 
 []


Overfull \hbox (20.95543pt too wide) in paragraph at lines 13--13
 \OT1/cmr/m/sc/10 cal- 
 []


Overfull \hbox (22.88876pt too wide) in paragraph at lines 13--13
 \OT1/cmr/m/sc/10 izaci 
 []

! Undefined control sequence.
l.18 { \huge
             \bfseries Trabajo Terminal 1}\\[0.4cm]
The control sequence at the end of the top line
of your error message was never \def'ed. If you have
misspelled it (e.g., `\hobx'), type `I' and the correct
spelling (e.g., `I\hbox'). Otherwise just continue,
and I'll forget about whatever was undefined.


Overfull \hbox (39.24976pt too wide) in paragraph at lines 18--18
 []\OT1/cmr/bx/n/10 Trabajo 
 []


Overfull \hbox (20.88185pt too wide) in paragraph at lines 18--18
 \OT1/cmr/bx/n/10 Ter- 
 []


Overfull \hbox (16.61102pt too wide) in paragraph at lines 18--18
 \OT1/cmr/bx/n/10 mi- 
 []


Overfull \hbox (15.17351pt too wide) in paragraph at lines 18--18
 \OT1/cmr/bx/n/10 nal 
 []


Overfull \hbox (5.74997pt too wide) in paragraph at lines 18--18
 \OT1/cmr/bx/n/10 1 
 []

! Undefined control sequence.
l.24 \begin{flushleft} \large
                             
The control sequence at the end of the top line
of your error message was never \def'ed. If you have
misspelled it (e.g., `\hobx'), type `I' and the correct
spelling (e.g., `I\hbox'). Otherwise just continue,
and I'll forget about whatever was undefined.

Missing character: There is no C in font nullfont!

! Package inputenc Error: Invalid UTF-8 byte sequence.

See the inputenc package documentation for explanation.
Type  H <return>  for immediate help.
 ...                                              
                                                  
l.26 Césa
         r Ernesto López Pérez\\
The document does not appear to be in UTF-8 encoding.
Try adding \UseRawInputEncoding as the first line of the file
or specify an encoding such as \usepackage [latin1]{inputenc}
in the document preamble.
Alternatively, save the file in UTF-8 using your editor or another tool

Missing character: There is no r in font nullfont!
Missing character: There is no E in font nullfont!
Missing character: There is no r in font nullfont!
Missing character: There is no n in font nullfont!
Missing character: There is no e in font nullfont!
Missing character: There is no s in font nullfont!
Missing character: There is no t in font nullfont!
Missing character: There is no o in font nullfont!
Missing character: There is no L in font nullfont!

! Package inputenc Error: Invalid UTF-8 byte sequence.

See the inputenc package documentation for explanation.
Type  H <return>  for immediate help.
 ...                                              
                                                  
l.26 César Ernesto López
                         Pérez\\
The document does not appear to be in UTF-8 encoding.
Try adding \UseRawInputEncoding as the first line of the file
or specify an encoding such as \usepackage [latin1]{inputenc}
in the document preamble.
Alternatively, save the file in UTF-8 using your editor or another tool

Missing character: There is no P in font nullfont!

! Package inputenc Error: Invalid UTF-8 byte sequence.

See the inputenc package documentation for explanation.
Type  H <return>  for immediate help.
 ...                                              
                                                  
l.26 César Ernesto López Pére
                             z\\
The document does not appear to be in UTF-8 encoding.
Try adding \UseRawInputEncoding as the first line of the file
or specify an encoding such as \usepackage [latin1]{inputenc}
in the document preamble.
Alternatively, save the file in UTF-8 using your editor or another tool

Missing character: There is no z in font nullfont!
Missing character: There is no M in font nullfont!
Missing character: There is no a in font nullfont!
Missing character: There is no x in font nullfont!
Missing character: There is no i in font nullfont!
Missing character: There is no x in font nullfont!
Missing character: There is no c in font nullfont!
Missing character: There is no a in font nullfont!
Missing character: There is no t in font nullfont!
Missing character: There is no z in font nullfont!
Missing character: There is no i in font nullfont!
Missing character: There is no n in font nullfont!
Missing character: There is no O in font nullfont!
Missing character: There is no r in font nullfont!
Missing character: There is no i in font nullfont!
Missing character: There is no z in font nullfont!
Missing character: There is no a in font nullfont!
Missing character: There is no g in font nullfont!
Missing character: There is no a in font nullfont!
Missing character: There is no R in font nullfont!
Missing character: There is no a in font nullfont!
Missing character: There is no m in font nullfont!

! Package inputenc Error: Invalid UTF-8 byte sequence.

See the inputenc package documentation for explanation.
Type  H <return>  for immediate help.
 ...                                              
                                                  
l.27 Maxixcatzin Orizaga Ramíre
                               z\\
The document does not appear to be in UTF-8 encoding.
Try adding \UseRawInputEncoding as the first line of the file
or specify an encoding such as \usepackage [latin1]{inputenc}
in the document preamble.
Alternatively, save the file in UTF-8 using your editor or another tool

Missing character: There is no z in font nullfont!
Missing character: There is no C in font nullfont!
Missing character: There is no a in font nullfont!
Missing character: There is no r in font nullfont!
Missing character: There is no l in font nullfont!
Missing character: There is no o in font nullfont!
Missing character: There is no s in font nullfont!
Missing character: There is no E in font nullfont!
Missing character: There is no m in font nullfont!
Missing character: There is no m in font nullfont!
Missing character: There is no a in font nullfont!
Missing character: There is no n in font nullfont!
Missing character: There is no u in font nullfont!
Missing character: There is no e in font nullfont!
Missing character: There is no l in font nullfont!
Missing character: There is no B in font nullfont!
Missing character: There is no a in font nullfont!
Missing character: There is no l in font nullfont!
Missing character: There is no t in font nullfont!
Missing character: There is no a in font nullfont!
Missing character: There is no z in font nullfont!
Missing character: There is no a in font nullfont!
Missing character: There is no r in font nullfont!
Missing character: There is no A in font nullfont!
Missing character: There is no r in font nullfont!
Missing character: There is no z in font nullfont!
Missing character: There is no a in font nullfont!
Missing character: There is no t in font nullfont!
Missing character: There is no e in font nullfont!
LaTeX Font Info:    External font `cmex10' loaded for size
(Font)              <7> on input line 32.
LaTeX Font Info:    External font `cmex10' loaded for size
(Font)              <5> on input line 32.
! Undefined control sequence.
l.34 \begin{flushright} \large
                              
The control sequence at the end of the top line
of your error message was never \def'ed. If you have
misspelled it (e.g., `\hobx'), type `I' and the correct
spelling (e.g., `I\hbox'). Otherwise just continue,
and I'll forget about whatever was undefined.

Missing character: There is no M in font nullfont!
Missing character: There is no . in font nullfont!
Missing character: There is no C in font nullfont!
Missing character: There is no G in font nullfont!
Missing character: There is no u in font nullfont!
Missing character: There is no i in font nullfont!
Missing character: There is no l in font nullfont!
Missing character: There is no l in font nullfont!
Missing character: There is no e in font nullfont!
Missing character: There is no r in font nullfont!
Missing character: There is no m in font nullfont!
Missing character: There is no o in font nullfont!
Missing character: There is no P in font nullfont!
Missing character: There is no u in font nullfont!
Missing character: There is no r in font nullfont!
Missing character: There is no i in font nullfont!
Missing character: There is no e in font nullfont!
Missing character: There is no l in font nullfont!
Missing character: There is no G in font nullfont!
Missing character: There is no i in font nullfont!
Missing character: There is no l in font nullfont!
Missing character: There is no D in font nullfont!
Missing character: There is no r in font nullfont!
Missing character: There is no . in font nullfont!
Missing character: There is no J in font nullfont!
Missing character: There is no o in font nullfont!
Missing character: There is no s in font nullfont!

! Package inputenc Error: Invalid UTF-8 byte sequence.

See the inputenc package documentation for explanation.
Type  H <return>  for immediate help.
 ...                                              
                                                  
l.37 Dr. José de
                 Jesus Silva Lomelí\\
The document does not appear to be in UTF-8 encoding.
Try adding \UseRawInputEncoding as the first line of the file
or specify an encoding such as \usepackage [latin1]{inputenc}
in the document preamble.
Alternatively, save the file in UTF-8 using your editor or another tool

Missing character: There is no J in font nullfont!
Missing character: There is no e in font nullfont!
Missing character: There is no s in font nullfont!
Missing character: There is no u in font nullfont!
Missing character: There is no s in font nullfont!
Missing character: There is no S in font nullfont!
Missing character: There is no i in font nullfont!
Missing character: There is no l in font nullfont!
Missing character: There is no v in font nullfont!
Missing character: There is no a in font nullfont!
Missing character: There is no L in font nullfont!
Missing character: There is no o in font nullfont!
Missing character: There is no m in font nullfont!
Missing character: There is no e in font nullfont!
Missing character: There is no l in font nullfont!

! Package inputenc Error: Invalid UTF-8 byte sequence.

See the inputenc package documentation for explanation.
Type  H <return>  for immediate help.
 ...                                              
                                                  
l.38 
     
The document does not appear to be in UTF-8 encoding.
Try adding \UseRawInputEncoding as the first line of the file
or specify an encoding such as \usepackage [latin1]{inputenc}
in the document preamble.
Alternatively, save the file in UTF-8 using your editor or another tool


Overfull \hbox (3276.74998pt too wide) in paragraph at lines 23--41
 []$[]$ 
 []


Overfull \hbox (4095.99998pt too wide) in paragraph at lines 23--41
 []$ 
 []

! Undefined control sequence.
l.44 {\large
             \today}
The control sequence at the end of the top line
of your error message was never \def'ed. If you have
misspelled it (e.g., `\hobx'), type `I' and the correct
spelling (e.g., `I\hbox'). Otherwise just continue,
and I'll forget about whatever was undefined.

! Undefined control sequence.
l.44 {\large \today
                   }
The control sequence at the end of the top line
of your error message was never \def'ed. If you have
misspelled it (e.g., `\hobx'), type `I' and the correct
spelling (e.g., `I\hbox'). Otherwise just continue,
and I'll forget about whatever was undefined.


! LaTeX Error: \begin{document} ended by \end{titlepage}.

See the LaTeX manual or LaTeX Companion for explanation.
Type  H <return>  for immediate help.
 ...                                              
                                                  
l.48 \end{titlepage}
                    
Your command was ignored.
Type  I <command> <return>  to replace it with another command,
or  <return>  to continue without it.

)
! Emergency stop.
<*> ./portada.tex
                 
*** (job aborted, no legal \end found)

 
Here is how much of TeX's memory you used:
 43 strings out of 478927
 623 string characters out of 2852536
 292175 words of memory out of 3000000
 18000 multiletter control sequences out of 15000+600000
 404385 words of font info for 30 fonts, out of 8000000 for 9000
 1141 hyphenation exceptions out of 8191
 20i,3n,18p,221b,232s stack positions out of 5000i,500n,10000p,200000b,80000s
!  ==> Fatal error occurred, no output PDF file produced!
